[0.256s] Invoking command in '/home/ryo/ros2_ws/build/person_msgs': CMAKE_PREFIX_PATH=${CMAKE_PREFIX_PATH}:/home/ryo/ros2_ws/install/mypkg:/opt/ros/humble /usr/bin/cmake --build /home/ryo/ros2_ws/build/person_msgs -- -j8 -l8
[0.321s] [  3%] Built target person_msgs__cpp
[0.324s] [ 12%] Built target person_msgs__rosidl_generator_c
[0.356s] [ 12%] Built target ament_cmake_python_copy_person_msgs
[0.371s] [ 22%] Built target person_msgs__rosidl_typesupport_cpp
[0.380s] [ 32%] Built target person_msgs__rosidl_typesupport_fastrtps_cpp
[0.386s] [ 41%] Built target person_msgs__rosidl_typesupport_c
[0.389s] [ 51%] Built target person_msgs__rosidl_typesupport_fastrtps_c
[0.395s] [ 61%] Built target person_msgs__rosidl_typesupport_introspection_cpp
[0.411s] [ 70%] Built target person_msgs__rosidl_typesupport_introspection_c
[0.442s] [ 70%] Built target person_msgs
[0.472s] [ 74%] Built target person_msgs__py
[0.500s] [ 80%] Built target person_msgs__rosidl_generator_py
[0.543s] [ 87%] Built target person_msgs__rosidl_typesupport_introspection_c__pyext
[0.546s] [ 93%] Built target person_msgs__rosidl_typesupport_fastrtps_c__pyext
[0.558s] [100%] Built target person_msgs__rosidl_typesupport_c__pyext
[0.823s] running egg_info
[0.824s] writing person_msgs.egg-info/PKG-INFO
[0.825s] writing dependency_links to person_msgs.egg-info/dependency_links.txt
[0.825s] writing top-level names to person_msgs.egg-info/top_level.txt
[0.830s] reading manifest file 'person_msgs.egg-info/SOURCES.txt'
[0.831s] writing manifest file 'person_msgs.egg-info/SOURCES.txt'
[0.869s] [100%] Built target ament_cmake_python_build_person_msgs_egg
[0.887s] Invoked command in '/home/ryo/ros2_ws/build/person_msgs' returned '0': CMAKE_PREFIX_PATH=${CMAKE_PREFIX_PATH}:/home/ryo/ros2_ws/install/mypkg:/opt/ros/humble /usr/bin/cmake --build /home/ryo/ros2_ws/build/person_msgs -- -j8 -l8
[0.988s] Invoking command in '/home/ryo/ros2_ws/build/person_msgs': CMAKE_PREFIX_PATH=${CMAKE_PREFIX_PATH}:/home/ryo/ros2_ws/install/mypkg:/opt/ros/humble /usr/bin/cmake --install /home/ryo/ros2_ws/build/person_msgs
[0.994s] -- Install configuration: ""
[0.995s] -- Up-to-date: /home/ryo/ros2_ws/install/person_msgs/share/ament_index/resource_index/rosidl_interfaces/person_msgs
[0.995s] -- Up-to-date: /home/ryo/ros2_ws/install/person_msgs/include/person_msgs/person_msgs
[0.996s] -- Up-to-date: /home/ryo/ros2_ws/install/person_msgs/include/person_msgs/person_msgs/msg
[0.996s] -- Up-to-date: /home/ryo/ros2_ws/install/person_msgs/include/person_msgs/person_msgs/msg/person.h
[0.996s] -- Up-to-date: /home/ryo/ros2_ws/install/person_msgs/include/person_msgs/person_msgs/msg/rosidl_generator_c__visibility_control.h
[0.997s] -- Up-to-date: /home/ryo/ros2_ws/install/person_msgs/include/person_msgs/person_msgs/msg/detail
[0.997s] -- Up-to-date: /home/ryo/ros2_ws/install/person_msgs/include/person_msgs/person_msgs/msg/detail/person__functions.c
[0.997s] -- Up-to-date: /home/ryo/ros2_ws/install/person_msgs/include/person_msgs/person_msgs/msg/detail/person__type_support.h
[0.998s] -- Up-to-date: /home/ryo/ros2_ws/install/person_msgs/include/person_msgs/person_msgs/msg/detail/person__functions.h
[0.998s] -- Up-to-date: /home/ryo/ros2_ws/install/person_msgs/include/person_msgs/person_msgs/msg/detail/person__struct.h
[0.998s] -- Up-to-date: /home/ryo/ros2_ws/install/person_msgs/share/person_msgs/environment/library_path.sh
[0.999s] -- Up-to-date: /home/ryo/ros2_ws/install/person_msgs/share/person_msgs/environment/library_path.dsv
[0.999s] -- Up-to-date: /home/ryo/ros2_ws/install/person_msgs/lib/libperson_msgs__rosidl_generator_c.so
[0.999s] -- Up-to-date: /home/ryo/ros2_ws/install/person_msgs/include/person_msgs/person_msgs
[0.999s] -- Up-to-date: /home/ryo/ros2_ws/install/person_msgs/include/person_msgs/person_msgs/msg
[0.999s] -- Up-to-date: /home/ryo/ros2_ws/install/person_msgs/include/person_msgs/person_msgs/msg/rosidl_typesupport_fastrtps_c__visibility_control.h
[1.000s] -- Up-to-date: /home/ryo/ros2_ws/install/person_msgs/include/person_msgs/person_msgs/msg/detail
[1.000s] -- Up-to-date: /home/ryo/ros2_ws/install/person_msgs/include/person_msgs/person_msgs/msg/detail/person__rosidl_typesupport_fastrtps_c.h
[1.000s] -- Up-to-date: /home/ryo/ros2_ws/install/person_msgs/lib/libperson_msgs__rosidl_typesupport_fastrtps_c.so
[1.000s] -- Up-to-date: /home/ryo/ros2_ws/install/person_msgs/include/person_msgs/person_msgs
[1.000s] -- Up-to-date: /home/ryo/ros2_ws/install/person_msgs/include/person_msgs/person_msgs/msg
[1.001s] -- Up-to-date: /home/ryo/ros2_ws/install/person_msgs/include/person_msgs/person_msgs/msg/rosidl_typesupport_introspection_c__visibility_control.h
[1.001s] -- Up-to-date: /home/ryo/ros2_ws/install/person_msgs/include/person_msgs/person_msgs/msg/detail
[1.001s] -- Up-to-date: /home/ryo/ros2_ws/install/person_msgs/include/person_msgs/person_msgs/msg/detail/person__type_support.c
[1.001s] -- Up-to-date: /home/ryo/ros2_ws/install/person_msgs/include/person_msgs/person_msgs/msg/detail/person__rosidl_typesupport_introspection_c.h
[1.002s] -- Up-to-date: /home/ryo/ros2_ws/install/person_msgs/lib/libperson_msgs__rosidl_typesupport_introspection_c.so
[1.002s] -- Up-to-date: /home/ryo/ros2_ws/install/person_msgs/lib/libperson_msgs__rosidl_typesupport_c.so
[1.002s] -- Up-to-date: /home/ryo/ros2_ws/install/person_msgs/include/person_msgs/person_msgs
[1.002s] -- Up-to-date: /home/ryo/ros2_ws/install/person_msgs/include/person_msgs/person_msgs/msg
[1.002s] -- Up-to-date: /home/ryo/ros2_ws/install/person_msgs/include/person_msgs/person_msgs/msg/person.hpp
[1.002s] -- Up-to-date: /home/ryo/ros2_ws/install/person_msgs/include/person_msgs/person_msgs/msg/detail
[1.003s] -- Up-to-date: /home/ryo/ros2_ws/install/person_msgs/include/person_msgs/person_msgs/msg/detail/person__builder.hpp
[1.003s] -- Up-to-date: /home/ryo/ros2_ws/install/person_msgs/include/person_msgs/person_msgs/msg/detail/person__traits.hpp
[1.003s] -- Up-to-date: /home/ryo/ros2_ws/install/person_msgs/include/person_msgs/person_msgs/msg/detail/person__struct.hpp
[1.003s] -- Up-to-date: /home/ryo/ros2_ws/install/person_msgs/include/person_msgs/person_msgs
[1.003s] -- Up-to-date: /home/ryo/ros2_ws/install/person_msgs/include/person_msgs/person_msgs/msg
[1.004s] -- Up-to-date: /home/ryo/ros2_ws/install/person_msgs/include/person_msgs/person_msgs/msg/rosidl_typesupport_fastrtps_cpp__visibility_control.h
[1.004s] -- Up-to-date: /home/ryo/ros2_ws/install/person_msgs/include/person_msgs/person_msgs/msg/detail
[1.004s] -- Up-to-date: /home/ryo/ros2_ws/install/person_msgs/include/person_msgs/person_msgs/msg/detail/dds_fastrtps
[1.004s] -- Up-to-date: /home/ryo/ros2_ws/install/person_msgs/include/person_msgs/person_msgs/msg/detail/person__rosidl_typesupport_fastrtps_cpp.hpp
[1.005s] -- Up-to-date: /home/ryo/ros2_ws/install/person_msgs/lib/libperson_msgs__rosidl_typesupport_fastrtps_cpp.so
[1.005s] -- Up-to-date: /home/ryo/ros2_ws/install/person_msgs/include/person_msgs/person_msgs
[1.005s] -- Up-to-date: /home/ryo/ros2_ws/install/person_msgs/include/person_msgs/person_msgs/msg
[1.005s] -- Up-to-date: /home/ryo/ros2_ws/install/person_msgs/include/person_msgs/person_msgs/msg/detail
[1.005s] -- Up-to-date: /home/ryo/ros2_ws/install/person_msgs/include/person_msgs/person_msgs/msg/detail/person__rosidl_typesupport_introspection_cpp.hpp
[1.005s] -- Up-to-date: /home/ryo/ros2_ws/install/person_msgs/include/person_msgs/person_msgs/msg/detail/person__type_support.cpp
[1.005s] -- Up-to-date: /home/ryo/ros2_ws/install/person_msgs/lib/libperson_msgs__rosidl_typesupport_introspection_cpp.so
[1.005s] -- Up-to-date: /home/ryo/ros2_ws/install/person_msgs/lib/libperson_msgs__rosidl_typesupport_cpp.so
[1.005s] -- Up-to-date: /home/ryo/ros2_ws/install/person_msgs/share/person_msgs/environment/pythonpath.sh
[1.005s] -- Up-to-date: /home/ryo/ros2_ws/install/person_msgs/share/person_msgs/environment/pythonpath.dsv
[1.005s] -- Up-to-date: /home/ryo/ros2_ws/install/person_msgs/local/lib/python3.10/dist-packages/person_msgs-0.0.0-py3.10.egg-info
[1.005s] -- Installing: /home/ryo/ros2_ws/install/person_msgs/local/lib/python3.10/dist-packages/person_msgs-0.0.0-py3.10.egg-info/top_level.txt
[1.005s] -- Installing: /home/ryo/ros2_ws/install/person_msgs/local/lib/python3.10/dist-packages/person_msgs-0.0.0-py3.10.egg-info/dependency_links.txt
[1.006s] -- Installing: /home/ryo/ros2_ws/install/person_msgs/local/lib/python3.10/dist-packages/person_msgs-0.0.0-py3.10.egg-info/SOURCES.txt
[1.006s] -- Installing: /home/ryo/ros2_ws/install/person_msgs/local/lib/python3.10/dist-packages/person_msgs-0.0.0-py3.10.egg-info/PKG-INFO
[1.006s] -- Up-to-date: /home/ryo/ros2_ws/install/person_msgs/local/lib/python3.10/dist-packages/person_msgs
[1.006s] -- Up-to-date: /home/ryo/ros2_ws/install/person_msgs/local/lib/python3.10/dist-packages/person_msgs/libperson_msgs__rosidl_generator_py.so
[1.006s] -- Up-to-date: /home/ryo/ros2_ws/install/person_msgs/local/lib/python3.10/dist-packages/person_msgs/_person_msgs_s.ep.rosidl_typesupport_introspection_c.c
[1.006s] -- Up-to-date: /home/ryo/ros2_ws/install/person_msgs/local/lib/python3.10/dist-packages/person_msgs/_person_msgs_s.ep.rosidl_typesupport_c.c
[1.006s] -- Up-to-date: /home/ryo/ros2_ws/install/person_msgs/local/lib/python3.10/dist-packages/person_msgs/person_msgs_s__rosidl_typesupport_fastrtps_c.cpython-310-x86_64-linux-gnu.so
[1.006s] -- Up-to-date: /home/ryo/ros2_ws/install/person_msgs/local/lib/python3.10/dist-packages/person_msgs/msg
[1.006s] -- Up-to-date: /home/ryo/ros2_ws/install/person_msgs/local/lib/python3.10/dist-packages/person_msgs/msg/_person.py
[1.006s] -- Up-to-date: /home/ryo/ros2_ws/install/person_msgs/local/lib/python3.10/dist-packages/person_msgs/msg/_person_s.c
[1.006s] -- Up-to-date: /home/ryo/ros2_ws/install/person_msgs/local/lib/python3.10/dist-packages/person_msgs/msg/__init__.py
[1.006s] -- Up-to-date: /home/ryo/ros2_ws/install/person_msgs/local/lib/python3.10/dist-packages/person_msgs/person_msgs_s__rosidl_typesupport_introspection_c.cpython-310-x86_64-linux-gnu.so
[1.007s] -- Up-to-date: /home/ryo/ros2_ws/install/person_msgs/local/lib/python3.10/dist-packages/person_msgs/person_msgs_s__rosidl_typesupport_c.cpython-310-x86_64-linux-gnu.so
[1.007s] -- Up-to-date: /home/ryo/ros2_ws/install/person_msgs/local/lib/python3.10/dist-packages/person_msgs/_person_msgs_s.ep.rosidl_typesupport_fastrtps_c.c
[1.007s] -- Up-to-date: /home/ryo/ros2_ws/install/person_msgs/local/lib/python3.10/dist-packages/person_msgs/__init__.py
[1.052s] Listing '/home/ryo/ros2_ws/install/person_msgs/local/lib/python3.10/dist-packages/person_msgs'...
[1.052s] Listing '/home/ryo/ros2_ws/install/person_msgs/local/lib/python3.10/dist-packages/person_msgs/msg'...
[1.054s] -- Up-to-date: /home/ryo/ros2_ws/install/person_msgs/local/lib/python3.10/dist-packages/person_msgs/person_msgs_s__rosidl_typesupport_fastrtps_c.cpython-310-x86_64-linux-gnu.so
[1.055s] -- Up-to-date: /home/ryo/ros2_ws/install/person_msgs/local/lib/python3.10/dist-packages/person_msgs/person_msgs_s__rosidl_typesupport_introspection_c.cpython-310-x86_64-linux-gnu.so
[1.055s] -- Up-to-date: /home/ryo/ros2_ws/install/person_msgs/local/lib/python3.10/dist-packages/person_msgs/person_msgs_s__rosidl_typesupport_c.cpython-310-x86_64-linux-gnu.so
[1.056s] -- Up-to-date: /home/ryo/ros2_ws/install/person_msgs/lib/libperson_msgs__rosidl_generator_py.so
[1.056s] -- Up-to-date: /home/ryo/ros2_ws/install/person_msgs/share/person_msgs/msg/Person.idl
[1.057s] -- Up-to-date: /home/ryo/ros2_ws/install/person_msgs/share/person_msgs/msg/Person.msg
[1.058s] -- Up-to-date: /home/ryo/ros2_ws/install/person_msgs/share/ament_index/resource_index/package_run_dependencies/person_msgs
[1.058s] -- Up-to-date: /home/ryo/ros2_ws/install/person_msgs/share/ament_index/resource_index/parent_prefix_path/person_msgs
[1.059s] -- Up-to-date: /home/ryo/ros2_ws/install/person_msgs/share/person_msgs/environment/ament_prefix_path.sh
[1.059s] -- Up-to-date: /home/ryo/ros2_ws/install/person_msgs/share/person_msgs/environment/ament_prefix_path.dsv
[1.059s] -- Up-to-date: /home/ryo/ros2_ws/install/person_msgs/share/person_msgs/environment/path.sh
[1.060s] -- Up-to-date: /home/ryo/ros2_ws/install/person_msgs/share/person_msgs/environment/path.dsv
[1.060s] -- Up-to-date: /home/ryo/ros2_ws/install/person_msgs/share/person_msgs/local_setup.bash
[1.061s] -- Up-to-date: /home/ryo/ros2_ws/install/person_msgs/share/person_msgs/local_setup.sh
[1.062s] -- Up-to-date: /home/ryo/ros2_ws/install/person_msgs/share/person_msgs/local_setup.zsh
[1.062s] -- Up-to-date: /home/ryo/ros2_ws/install/person_msgs/share/person_msgs/local_setup.dsv
[1.065s] -- Installing: /home/ryo/ros2_ws/install/person_msgs/share/person_msgs/package.dsv
[1.065s] -- Up-to-date: /home/ryo/ros2_ws/install/person_msgs/share/ament_index/resource_index/packages/person_msgs
[1.065s] -- Up-to-date: /home/ryo/ros2_ws/install/person_msgs/share/person_msgs/cmake/export_person_msgs__rosidl_generator_cExport.cmake
[1.065s] -- Up-to-date: /home/ryo/ros2_ws/install/person_msgs/share/person_msgs/cmake/export_person_msgs__rosidl_generator_cExport-noconfig.cmake
[1.065s] -- Up-to-date: /home/ryo/ros2_ws/install/person_msgs/share/person_msgs/cmake/export_person_msgs__rosidl_typesupport_fastrtps_cExport.cmake
[1.066s] -- Up-to-date: /home/ryo/ros2_ws/install/person_msgs/share/person_msgs/cmake/export_person_msgs__rosidl_typesupport_fastrtps_cExport-noconfig.cmake
[1.066s] -- Up-to-date: /home/ryo/ros2_ws/install/person_msgs/share/person_msgs/cmake/person_msgs__rosidl_typesupport_introspection_cExport.cmake
[1.066s] -- Up-to-date: /home/ryo/ros2_ws/install/person_msgs/share/person_msgs/cmake/person_msgs__rosidl_typesupport_introspection_cExport-noconfig.cmake
[1.066s] -- Up-to-date: /home/ryo/ros2_ws/install/person_msgs/share/person_msgs/cmake/person_msgs__rosidl_typesupport_cExport.cmake
[1.066s] -- Up-to-date: /home/ryo/ros2_ws/install/person_msgs/share/person_msgs/cmake/person_msgs__rosidl_typesupport_cExport-noconfig.cmake
[1.066s] -- Up-to-date: /home/ryo/ros2_ws/install/person_msgs/share/person_msgs/cmake/export_person_msgs__rosidl_generator_cppExport.cmake
[1.067s] -- Up-to-date: /home/ryo/ros2_ws/install/person_msgs/share/person_msgs/cmake/export_person_msgs__rosidl_typesupport_fastrtps_cppExport.cmake
[1.067s] -- Up-to-date: /home/ryo/ros2_ws/install/person_msgs/share/person_msgs/cmake/export_person_msgs__rosidl_typesupport_fastrtps_cppExport-noconfig.cmake
[1.067s] -- Up-to-date: /home/ryo/ros2_ws/install/person_msgs/share/person_msgs/cmake/person_msgs__rosidl_typesupport_introspection_cppExport.cmake
[1.067s] -- Up-to-date: /home/ryo/ros2_ws/install/person_msgs/share/person_msgs/cmake/person_msgs__rosidl_typesupport_introspection_cppExport-noconfig.cmake
[1.068s] -- Up-to-date: /home/ryo/ros2_ws/install/person_msgs/share/person_msgs/cmake/person_msgs__rosidl_typesupport_cppExport.cmake
[1.068s] -- Up-to-date: /home/ryo/ros2_ws/install/person_msgs/share/person_msgs/cmake/person_msgs__rosidl_typesupport_cppExport-noconfig.cmake
[1.068s] -- Up-to-date: /home/ryo/ros2_ws/install/person_msgs/share/person_msgs/cmake/export_person_msgs__rosidl_generator_pyExport.cmake
[1.068s] -- Up-to-date: /home/ryo/ros2_ws/install/person_msgs/share/person_msgs/cmake/export_person_msgs__rosidl_generator_pyExport-noconfig.cmake
[1.069s] -- Up-to-date: /home/ryo/ros2_ws/install/person_msgs/share/person_msgs/cmake/rosidl_cmake-extras.cmake
[1.069s] -- Up-to-date: /home/ryo/ros2_ws/install/person_msgs/share/person_msgs/cmake/ament_cmake_export_include_directories-extras.cmake
[1.069s] -- Up-to-date: /home/ryo/ros2_ws/install/person_msgs/share/person_msgs/cmake/ament_cmake_export_libraries-extras.cmake
[1.070s] -- Up-to-date: /home/ryo/ros2_ws/install/person_msgs/share/person_msgs/cmake/ament_cmake_export_targets-extras.cmake
[1.070s] -- Up-to-date: /home/ryo/ros2_ws/install/person_msgs/share/person_msgs/cmake/rosidl_cmake_export_typesupport_targets-extras.cmake
[1.070s] -- Up-to-date: /home/ryo/ros2_ws/install/person_msgs/share/person_msgs/cmake/ament_cmake_export_dependencies-extras.cmake
[1.070s] -- Up-to-date: /home/ryo/ros2_ws/install/person_msgs/share/person_msgs/cmake/rosidl_cmake_export_typesupport_libraries-extras.cmake
[1.071s] -- Up-to-date: /home/ryo/ros2_ws/install/person_msgs/share/person_msgs/cmake/person_msgsConfig.cmake
[1.071s] -- Up-to-date: /home/ryo/ros2_ws/install/person_msgs/share/person_msgs/cmake/person_msgsConfig-version.cmake
[1.071s] -- Up-to-date: /home/ryo/ros2_ws/install/person_msgs/share/person_msgs/package.xml
[1.091s] Invoked command in '/home/ryo/ros2_ws/build/person_msgs' returned '0': CMAKE_PREFIX_PATH=${CMAKE_PREFIX_PATH}:/home/ryo/ros2_ws/install/mypkg:/opt/ros/humble /usr/bin/cmake --install /home/ryo/ros2_ws/build/person_msgs
