[1.301s] Invoking command in '/home/ryo/ros2_ws/src/mypkg': PYTHONPATH=/home/ryo/ros2_ws/install/mypkg/lib/python3.10/site-packages:${PYTHONPATH} /usr/bin/python3 setup.py egg_info --egg-base ../../build/mypkg build --build-base /home/ryo/ros2_ws/build/mypkg/build install --prefix /home/ryo/ros2_ws/install/mypkg --record /home/ryo/ros2_ws/build/mypkg/install.log --single-version-externally-managed
[1.812s] running egg_info
[1.816s] writing ../../build/mypkg/mypkg.egg-info/PKG-INFO
[1.817s] writing dependency_links to ../../build/mypkg/mypkg.egg-info/dependency_links.txt
[1.817s] writing entry points to ../../build/mypkg/mypkg.egg-info/entry_points.txt
[1.818s] writing requirements to ../../build/mypkg/mypkg.egg-info/requires.txt
[1.818s] writing top-level names to ../../build/mypkg/mypkg.egg-info/top_level.txt
[1.820s] reading manifest file '../../build/mypkg/mypkg.egg-info/SOURCES.txt'
[1.822s] writing manifest file '../../build/mypkg/mypkg.egg-info/SOURCES.txt'
[1.822s] running build
[1.823s] running build_py
[1.825s] /usr/lib/python3/dist-packages/setuptools/command/install.py:34: SetuptoolsDeprecationWarning: setup.py install is deprecated. Use build and pip and other standards-based tools.
[1.826s]   warnings.warn(
[1.828s] copying mypkg/listener.py -> /home/ryo/ros2_ws/build/mypkg/build/lib/mypkg
[1.832s] running install
[1.833s] running install_lib
[1.834s] copying /home/ryo/ros2_ws/build/mypkg/build/lib/mypkg/listener.py -> /home/ryo/ros2_ws/install/mypkg/lib/python3.10/site-packages/mypkg
[1.834s] byte-compiling /home/ryo/ros2_ws/install/mypkg/lib/python3.10/site-packages/mypkg/listener.py to listener.cpython-310.pyc
[1.834s] running install_data
[1.835s] running install_egg_info
[1.836s] removing '/home/ryo/ros2_ws/install/mypkg/lib/python3.10/site-packages/mypkg-0.0.0-py3.10.egg-info' (and everything under it)
[1.838s] Copying ../../build/mypkg/mypkg.egg-info to /home/ryo/ros2_ws/install/mypkg/lib/python3.10/site-packages/mypkg-0.0.0-py3.10.egg-info
[1.840s] running install_scripts
[1.880s] Installing listener script to /home/ryo/ros2_ws/install/mypkg/lib/mypkg
[1.880s] Installing talker script to /home/ryo/ros2_ws/install/mypkg/lib/mypkg
[1.882s] writing list of installed files to '/home/ryo/ros2_ws/build/mypkg/install.log'
[1.938s] Invoked command in '/home/ryo/ros2_ws/src/mypkg' returned '0': PYTHONPATH=/home/ryo/ros2_ws/install/mypkg/lib/python3.10/site-packages:${PYTHONPATH} /usr/bin/python3 setup.py egg_info --egg-base ../../build/mypkg build --build-base /home/ryo/ros2_ws/build/mypkg/build install --prefix /home/ryo/ros2_ws/install/mypkg --record /home/ryo/ros2_ws/build/mypkg/install.log --single-version-externally-managed
