[0.626s] Invoking command in '/home/ryo/ros2_ws/src/mypkg': PYTHONPATH=/home/ryo/ros2_ws/install/mypkg/lib/python3.10/site-packages:${PYTHONPATH} /usr/bin/python3 setup.py egg_info --egg-base ../../build/mypkg build --build-base /home/ryo/ros2_ws/build/mypkg/build install --prefix /home/ryo/ros2_ws/install/mypkg --record /home/ryo/ros2_ws/build/mypkg/install.log --single-version-externally-managed
[0.885s] running egg_info
[0.886s] writing ../../build/mypkg/mypkg.egg-info/PKG-INFO
[0.886s] writing dependency_links to ../../build/mypkg/mypkg.egg-info/dependency_links.txt
[0.887s] writing entry points to ../../build/mypkg/mypkg.egg-info/entry_points.txt
[0.887s] writing requirements to ../../build/mypkg/mypkg.egg-info/requires.txt
[0.887s] writing top-level names to ../../build/mypkg/mypkg.egg-info/top_level.txt
[0.889s] reading manifest file '../../build/mypkg/mypkg.egg-info/SOURCES.txt'
[0.890s] writing manifest file '../../build/mypkg/mypkg.egg-info/SOURCES.txt'
[0.891s] running build
[0.891s] running build_py
[0.891s] copying mypkg/talker.py -> /home/ryo/ros2_ws/build/mypkg/build/lib/mypkg
[0.891s] running install
[0.892s] /usr/lib/python3/dist-packages/setuptools/command/install.py:34: SetuptoolsDeprecationWarning: setup.py install is deprecated. Use build and pip and other standards-based tools.
[0.892s]   warnings.warn(
[0.892s] running install_lib
[0.892s] copying /home/ryo/ros2_ws/build/mypkg/build/lib/mypkg/talker.py -> /home/ryo/ros2_ws/install/mypkg/lib/python3.10/site-packages/mypkg
[0.893s] byte-compiling /home/ryo/ros2_ws/install/mypkg/lib/python3.10/site-packages/mypkg/talker.py to talker.cpython-310.pyc
[0.894s] running install_data
[0.895s] running install_egg_info
[0.896s] removing '/home/ryo/ros2_ws/install/mypkg/lib/python3.10/site-packages/mypkg-0.0.0-py3.10.egg-info' (and everything under it)
[0.897s] Copying ../../build/mypkg/mypkg.egg-info to /home/ryo/ros2_ws/install/mypkg/lib/python3.10/site-packages/mypkg-0.0.0-py3.10.egg-info
[0.898s] running install_scripts
[0.923s] Installing listener script to /home/ryo/ros2_ws/install/mypkg/lib/mypkg
[0.923s] Installing talker script to /home/ryo/ros2_ws/install/mypkg/lib/mypkg
[0.924s] writing list of installed files to '/home/ryo/ros2_ws/build/mypkg/install.log'
[0.956s] Invoked command in '/home/ryo/ros2_ws/src/mypkg' returned '0': PYTHONPATH=/home/ryo/ros2_ws/install/mypkg/lib/python3.10/site-packages:${PYTHONPATH} /usr/bin/python3 setup.py egg_info --egg-base ../../build/mypkg build --build-base /home/ryo/ros2_ws/build/mypkg/build install --prefix /home/ryo/ros2_ws/install/mypkg --record /home/ryo/ros2_ws/build/mypkg/install.log --single-version-externally-managed
