[0.249s] Invoking command in '/home/ryo/ros2_ws/build/person_msgs': CMAKE_PREFIX_PATH=${CMAKE_PREFIX_PATH}:/opt/ros/humble /usr/bin/cmake --build /home/ryo/ros2_ws/build/person_msgs -- -j8 -l8
[0.263s] -- Found ament_cmake: 1.3.2 (/opt/ros/humble/share/ament_cmake/cmake)
[0.408s] -- Found rosidl_default_generators: 1.2.0 (/opt/ros/humble/share/rosidl_default_generators/cmake)
[0.410s] -- Using all available rosidl_typesupport_c: rosidl_typesupport_fastrtps_c;rosidl_typesupport_introspection_c
[0.414s] -- Found rosidl_adapter: 3.1.3 (/opt/ros/humble/share/rosidl_adapter/cmake)
[0.442s] -- Using all available rosidl_typesupport_cpp: rosidl_typesupport_fastrtps_cpp;rosidl_typesupport_introspection_cpp
[0.735s] -- Found ament_cmake_ros: 0.10.0 (/opt/ros/humble/share/ament_cmake_ros/cmake)
[0.919s] -- Using all available rosidl_typesupport_c: rosidl_typesupport_fastrtps_c;rosidl_typesupport_introspection_c
[1.270s] -- Using all available rosidl_typesupport_cpp: rosidl_typesupport_fastrtps_cpp;rosidl_typesupport_introspection_cpp
[1.303s] -- Found python_cmake_module: 0.10.0 (/opt/ros/humble/share/python_cmake_module/cmake)
[1.335s] -- Using PYTHON_EXECUTABLE: /usr/bin/python3
[1.335s] -- Using PYTHON_INCLUDE_DIRS: /usr/include/python3.10
[1.335s] -- Using PYTHON_LIBRARIES: /usr/lib/x86_64-linux-gnu/libpython3.10.so
[1.348s] -- Found ament_lint_auto: 0.12.4 (/opt/ros/humble/share/ament_lint_auto/cmake)
[1.356s] -- Added test 'lint_cmake' to check CMake code style
[1.356s] -- Added test 'xmllint' to check XML markup files
[1.358s] -- Configuring done
[1.380s] -- Generating done
[1.384s] -- Build files have been written to: /home/ryo/ros2_ws/build/person_msgs
[1.408s] [35m[1mConsolidate compiler generated dependencies of target person_msgs__rosidl_generator_c[0m
[1.416s] [  3%] Built target person_msgs__cpp
[1.418s] [ 12%] Built target person_msgs__rosidl_generator_c
[1.428s] [35m[1mConsolidate compiler generated dependencies of target person_msgs__rosidl_typesupport_cpp[0m
[1.428s] [35m[1mConsolidate compiler generated dependencies of target person_msgs__rosidl_typesupport_c[0m
[1.429s] [35m[1mConsolidate compiler generated dependencies of target person_msgs__rosidl_typesupport_fastrtps_cpp[0m
[1.430s] [35m[1mConsolidate compiler generated dependencies of target person_msgs__rosidl_typesupport_introspection_cpp[0m
[1.431s] [35m[1mConsolidate compiler generated dependencies of target person_msgs__rosidl_typesupport_introspection_c[0m
[1.431s] [35m[1mConsolidate compiler generated dependencies of target person_msgs__rosidl_typesupport_fastrtps_c[0m
[1.433s] [ 12%] Built target ament_cmake_python_copy_person_msgs
[1.440s] [ 22%] Built target person_msgs__rosidl_typesupport_c
[1.443s] [ 38%] Built target person_msgs__rosidl_typesupport_cpp
[1.443s] [ 41%] Built target person_msgs__rosidl_typesupport_fastrtps_cpp
[1.445s] [ 51%] Built target person_msgs__rosidl_typesupport_introspection_cpp
[1.445s] [ 61%] Built target person_msgs__rosidl_typesupport_introspection_c
[1.451s] [ 70%] Built target person_msgs__rosidl_typesupport_fastrtps_c
[1.476s] [ 70%] Built target person_msgs
[1.505s] [ 74%] Built target person_msgs__py
[1.513s] [35m[1mConsolidate compiler generated dependencies of target person_msgs__rosidl_generator_py[0m
[1.525s] [ 77%] [32mBuilding C object CMakeFiles/person_msgs__rosidl_generator_py.dir/rosidl_generator_py/person_msgs/msg/_person_s.c.o[0m
[1.635s] [ 80%] [32m[1mLinking C shared library rosidl_generator_py/person_msgs/libperson_msgs__rosidl_generator_py.so[0m
[1.680s] [ 80%] Built target person_msgs__rosidl_generator_py
[1.695s] [35m[1mConsolidate compiler generated dependencies of target person_msgs__rosidl_typesupport_c__pyext[0m
[1.695s] [35m[1mConsolidate compiler generated dependencies of target person_msgs__rosidl_typesupport_introspection_c__pyext[0m
[1.695s] [35m[1mConsolidate compiler generated dependencies of target person_msgs__rosidl_typesupport_fastrtps_c__pyext[0m
[1.711s] [ 90%] [32mBuilding C object CMakeFiles/person_msgs__rosidl_typesupport_fastrtps_c__pyext.dir/rosidl_generator_py/person_msgs/_person_msgs_s.ep.rosidl_typesupport_fastrtps_c.c.o[0m
[1.711s] [ 90%] [32mBuilding C object CMakeFiles/person_msgs__rosidl_typesupport_c__pyext.dir/rosidl_generator_py/person_msgs/_person_msgs_s.ep.rosidl_typesupport_c.c.o[0m
[1.712s] [ 90%] [32mBuilding C object CMakeFiles/person_msgs__rosidl_typesupport_introspection_c__pyext.dir/rosidl_generator_py/person_msgs/_person_msgs_s.ep.rosidl_typesupport_introspection_c.c.o[0m
[1.712s] running egg_info
[1.713s] writing person_msgs.egg-info/PKG-INFO
[1.713s] writing dependency_links to person_msgs.egg-info/dependency_links.txt
[1.714s] writing top-level names to person_msgs.egg-info/top_level.txt
[1.717s] reading manifest file 'person_msgs.egg-info/SOURCES.txt'
[1.718s] writing manifest file 'person_msgs.egg-info/SOURCES.txt'
[1.751s] [ 90%] Built target ament_cmake_python_build_person_msgs_egg
[1.808s] [ 96%] [32m[1mLinking C shared library rosidl_generator_py/person_msgs/person_msgs_s__rosidl_typesupport_c.cpython-310-x86_64-linux-gnu.so[0m
[1.809s] [ 96%] [32m[1mLinking C shared library rosidl_generator_py/person_msgs/person_msgs_s__rosidl_typesupport_introspection_c.cpython-310-x86_64-linux-gnu.so[0m
[1.815s] [100%] [32m[1mLinking C shared library rosidl_generator_py/person_msgs/person_msgs_s__rosidl_typesupport_fastrtps_c.cpython-310-x86_64-linux-gnu.so[0m
[1.836s] [100%] Built target person_msgs__rosidl_typesupport_c__pyext
[1.837s] [100%] Built target person_msgs__rosidl_typesupport_introspection_c__pyext
[1.846s] [100%] Built target person_msgs__rosidl_typesupport_fastrtps_c__pyext
[1.865s] Invoked command in '/home/ryo/ros2_ws/build/person_msgs' returned '0': CMAKE_PREFIX_PATH=${CMAKE_PREFIX_PATH}:/opt/ros/humble /usr/bin/cmake --build /home/ryo/ros2_ws/build/person_msgs -- -j8 -l8
[1.960s] Invoking command in '/home/ryo/ros2_ws/build/person_msgs': CMAKE_PREFIX_PATH=${CMAKE_PREFIX_PATH}:/opt/ros/humble /usr/bin/cmake --install /home/ryo/ros2_ws/build/person_msgs
[1.975s] -- Install configuration: ""
[1.977s] -- Up-to-date: /home/ryo/ros2_ws/install/person_msgs/share/ament_index/resource_index/rosidl_interfaces/person_msgs
[1.978s] -- Up-to-date: /home/ryo/ros2_ws/install/person_msgs/include/person_msgs/person_msgs
[1.978s] -- Up-to-date: /home/ryo/ros2_ws/install/person_msgs/include/person_msgs/person_msgs/msg
[1.978s] -- Up-to-date: /home/ryo/ros2_ws/install/person_msgs/include/person_msgs/person_msgs/msg/person.h
[1.979s] -- Up-to-date: /home/ryo/ros2_ws/install/person_msgs/include/person_msgs/person_msgs/msg/rosidl_generator_c__visibility_control.h
[1.980s] -- Up-to-date: /home/ryo/ros2_ws/install/person_msgs/include/person_msgs/person_msgs/msg/detail
[1.981s] -- Up-to-date: /home/ryo/ros2_ws/install/person_msgs/include/person_msgs/person_msgs/msg/detail/person__functions.c
[1.982s] -- Up-to-date: /home/ryo/ros2_ws/install/person_msgs/include/person_msgs/person_msgs/msg/detail/person__type_support.h
[1.983s] -- Up-to-date: /home/ryo/ros2_ws/install/person_msgs/include/person_msgs/person_msgs/msg/detail/person__functions.h
[1.984s] -- Up-to-date: /home/ryo/ros2_ws/install/person_msgs/include/person_msgs/person_msgs/msg/detail/person__struct.h
[1.984s] -- Up-to-date: /home/ryo/ros2_ws/install/person_msgs/share/person_msgs/environment/library_path.sh
[1.985s] -- Installing: /home/ryo/ros2_ws/install/person_msgs/share/person_msgs/environment/library_path.dsv
[1.985s] -- Up-to-date: /home/ryo/ros2_ws/install/person_msgs/lib/libperson_msgs__rosidl_generator_c.so
[1.986s] -- Up-to-date: /home/ryo/ros2_ws/install/person_msgs/include/person_msgs/person_msgs
[1.986s] -- Up-to-date: /home/ryo/ros2_ws/install/person_msgs/include/person_msgs/person_msgs/msg
[1.987s] -- Up-to-date: /home/ryo/ros2_ws/install/person_msgs/include/person_msgs/person_msgs/msg/rosidl_typesupport_fastrtps_c__visibility_control.h
[1.988s] -- Up-to-date: /home/ryo/ros2_ws/install/person_msgs/include/person_msgs/person_msgs/msg/detail
[1.988s] -- Up-to-date: /home/ryo/ros2_ws/install/person_msgs/include/person_msgs/person_msgs/msg/detail/person__rosidl_typesupport_fastrtps_c.h
[1.988s] -- Up-to-date: /home/ryo/ros2_ws/install/person_msgs/lib/libperson_msgs__rosidl_typesupport_fastrtps_c.so
[1.988s] -- Up-to-date: /home/ryo/ros2_ws/install/person_msgs/include/person_msgs/person_msgs
[1.988s] -- Up-to-date: /home/ryo/ros2_ws/install/person_msgs/include/person_msgs/person_msgs/msg
[1.988s] -- Up-to-date: /home/ryo/ros2_ws/install/person_msgs/include/person_msgs/person_msgs/msg/rosidl_typesupport_introspection_c__visibility_control.h
[1.988s] -- Up-to-date: /home/ryo/ros2_ws/install/person_msgs/include/person_msgs/person_msgs/msg/detail
[1.989s] -- Up-to-date: /home/ryo/ros2_ws/install/person_msgs/include/person_msgs/person_msgs/msg/detail/person__type_support.c
[1.989s] -- Up-to-date: /home/ryo/ros2_ws/install/person_msgs/include/person_msgs/person_msgs/msg/detail/person__rosidl_typesupport_introspection_c.h
[1.989s] -- Up-to-date: /home/ryo/ros2_ws/install/person_msgs/lib/libperson_msgs__rosidl_typesupport_introspection_c.so
[1.989s] -- Up-to-date: /home/ryo/ros2_ws/install/person_msgs/lib/libperson_msgs__rosidl_typesupport_c.so
[1.989s] -- Up-to-date: /home/ryo/ros2_ws/install/person_msgs/include/person_msgs/person_msgs
[1.990s] -- Up-to-date: /home/ryo/ros2_ws/install/person_msgs/include/person_msgs/person_msgs/msg
[1.990s] -- Up-to-date: /home/ryo/ros2_ws/install/person_msgs/include/person_msgs/person_msgs/msg/person.hpp
[1.990s] -- Up-to-date: /home/ryo/ros2_ws/install/person_msgs/include/person_msgs/person_msgs/msg/detail
[1.990s] -- Up-to-date: /home/ryo/ros2_ws/install/person_msgs/include/person_msgs/person_msgs/msg/detail/person__builder.hpp
[1.990s] -- Up-to-date: /home/ryo/ros2_ws/install/person_msgs/include/person_msgs/person_msgs/msg/detail/person__traits.hpp
[1.991s] -- Up-to-date: /home/ryo/ros2_ws/install/person_msgs/include/person_msgs/person_msgs/msg/detail/person__struct.hpp
[1.991s] -- Up-to-date: /home/ryo/ros2_ws/install/person_msgs/include/person_msgs/person_msgs
[1.991s] -- Up-to-date: /home/ryo/ros2_ws/install/person_msgs/include/person_msgs/person_msgs/msg
[1.992s] -- Up-to-date: /home/ryo/ros2_ws/install/person_msgs/include/person_msgs/person_msgs/msg/rosidl_typesupport_fastrtps_cpp__visibility_control.h
[1.992s] -- Up-to-date: /home/ryo/ros2_ws/install/person_msgs/include/person_msgs/person_msgs/msg/detail
[1.993s] -- Up-to-date: /home/ryo/ros2_ws/install/person_msgs/include/person_msgs/person_msgs/msg/detail/dds_fastrtps
[1.993s] -- Up-to-date: /home/ryo/ros2_ws/install/person_msgs/include/person_msgs/person_msgs/msg/detail/person__rosidl_typesupport_fastrtps_cpp.hpp
[1.994s] -- Up-to-date: /home/ryo/ros2_ws/install/person_msgs/lib/libperson_msgs__rosidl_typesupport_fastrtps_cpp.so
[1.994s] -- Up-to-date: /home/ryo/ros2_ws/install/person_msgs/include/person_msgs/person_msgs
[1.994s] -- Up-to-date: /home/ryo/ros2_ws/install/person_msgs/include/person_msgs/person_msgs/msg
[1.994s] -- Up-to-date: /home/ryo/ros2_ws/install/person_msgs/include/person_msgs/person_msgs/msg/detail
[1.994s] -- Up-to-date: /home/ryo/ros2_ws/install/person_msgs/include/person_msgs/person_msgs/msg/detail/person__rosidl_typesupport_introspection_cpp.hpp
[1.995s] -- Up-to-date: /home/ryo/ros2_ws/install/person_msgs/include/person_msgs/person_msgs/msg/detail/person__type_support.cpp
[1.995s] -- Up-to-date: /home/ryo/ros2_ws/install/person_msgs/lib/libperson_msgs__rosidl_typesupport_introspection_cpp.so
[1.995s] -- Up-to-date: /home/ryo/ros2_ws/install/person_msgs/lib/libperson_msgs__rosidl_typesupport_cpp.so
[1.995s] -- Up-to-date: /home/ryo/ros2_ws/install/person_msgs/share/person_msgs/environment/pythonpath.sh
[1.996s] -- Installing: /home/ryo/ros2_ws/install/person_msgs/share/person_msgs/environment/pythonpath.dsv
[1.996s] -- Up-to-date: /home/ryo/ros2_ws/install/person_msgs/local/lib/python3.10/dist-packages/person_msgs-0.0.0-py3.10.egg-info
[1.997s] -- Installing: /home/ryo/ros2_ws/install/person_msgs/local/lib/python3.10/dist-packages/person_msgs-0.0.0-py3.10.egg-info/top_level.txt
[1.997s] -- Installing: /home/ryo/ros2_ws/install/person_msgs/local/lib/python3.10/dist-packages/person_msgs-0.0.0-py3.10.egg-info/dependency_links.txt
[1.998s] -- Installing: /home/ryo/ros2_ws/install/person_msgs/local/lib/python3.10/dist-packages/person_msgs-0.0.0-py3.10.egg-info/SOURCES.txt
[1.998s] -- Installing: /home/ryo/ros2_ws/install/person_msgs/local/lib/python3.10/dist-packages/person_msgs-0.0.0-py3.10.egg-info/PKG-INFO
[1.998s] -- Up-to-date: /home/ryo/ros2_ws/install/person_msgs/local/lib/python3.10/dist-packages/person_msgs
[1.999s] -- Installing: /home/ryo/ros2_ws/install/person_msgs/local/lib/python3.10/dist-packages/person_msgs/libperson_msgs__rosidl_generator_py.so
[2.000s] -- Up-to-date: /home/ryo/ros2_ws/install/person_msgs/local/lib/python3.10/dist-packages/person_msgs/_person_msgs_s.ep.rosidl_typesupport_introspection_c.c
[2.000s] -- Up-to-date: /home/ryo/ros2_ws/install/person_msgs/local/lib/python3.10/dist-packages/person_msgs/_person_msgs_s.ep.rosidl_typesupport_c.c
[2.000s] -- Installing: /home/ryo/ros2_ws/install/person_msgs/local/lib/python3.10/dist-packages/person_msgs/person_msgs_s__rosidl_typesupport_fastrtps_c.cpython-310-x86_64-linux-gnu.so
[2.000s] -- Up-to-date: /home/ryo/ros2_ws/install/person_msgs/local/lib/python3.10/dist-packages/person_msgs/msg
[2.000s] -- Installing: /home/ryo/ros2_ws/install/person_msgs/local/lib/python3.10/dist-packages/person_msgs/msg/_person.py
[2.000s] -- Installing: /home/ryo/ros2_ws/install/person_msgs/local/lib/python3.10/dist-packages/person_msgs/msg/_person_s.c
[2.000s] -- Installing: /home/ryo/ros2_ws/install/person_msgs/local/lib/python3.10/dist-packages/person_msgs/msg/__init__.py
[2.000s] -- Installing: /home/ryo/ros2_ws/install/person_msgs/local/lib/python3.10/dist-packages/person_msgs/person_msgs_s__rosidl_typesupport_introspection_c.cpython-310-x86_64-linux-gnu.so
[2.001s] -- Installing: /home/ryo/ros2_ws/install/person_msgs/local/lib/python3.10/dist-packages/person_msgs/person_msgs_s__rosidl_typesupport_c.cpython-310-x86_64-linux-gnu.so
[2.001s] -- Up-to-date: /home/ryo/ros2_ws/install/person_msgs/local/lib/python3.10/dist-packages/person_msgs/_person_msgs_s.ep.rosidl_typesupport_fastrtps_c.c
[2.002s] -- Installing: /home/ryo/ros2_ws/install/person_msgs/local/lib/python3.10/dist-packages/person_msgs/__init__.py
[2.048s] Listing '/home/ryo/ros2_ws/install/person_msgs/local/lib/python3.10/dist-packages/person_msgs'...
[2.048s] Compiling '/home/ryo/ros2_ws/install/person_msgs/local/lib/python3.10/dist-packages/person_msgs/__init__.py'...
[2.049s] Listing '/home/ryo/ros2_ws/install/person_msgs/local/lib/python3.10/dist-packages/person_msgs/msg'...
[2.049s] Compiling '/home/ryo/ros2_ws/install/person_msgs/local/lib/python3.10/dist-packages/person_msgs/msg/__init__.py'...
[2.050s] Compiling '/home/ryo/ros2_ws/install/person_msgs/local/lib/python3.10/dist-packages/person_msgs/msg/_person.py'...
[2.056s] -- Installing: /home/ryo/ros2_ws/install/person_msgs/local/lib/python3.10/dist-packages/person_msgs/person_msgs_s__rosidl_typesupport_fastrtps_c.cpython-310-x86_64-linux-gnu.so
[2.056s] -- Set runtime path of "/home/ryo/ros2_ws/install/person_msgs/local/lib/python3.10/dist-packages/person_msgs/person_msgs_s__rosidl_typesupport_fastrtps_c.cpython-310-x86_64-linux-gnu.so" to ""
[2.057s] -- Installing: /home/ryo/ros2_ws/install/person_msgs/local/lib/python3.10/dist-packages/person_msgs/person_msgs_s__rosidl_typesupport_introspection_c.cpython-310-x86_64-linux-gnu.so
[2.058s] -- Set runtime path of "/home/ryo/ros2_ws/install/person_msgs/local/lib/python3.10/dist-packages/person_msgs/person_msgs_s__rosidl_typesupport_introspection_c.cpython-310-x86_64-linux-gnu.so" to ""
[2.059s] -- Installing: /home/ryo/ros2_ws/install/person_msgs/local/lib/python3.10/dist-packages/person_msgs/person_msgs_s__rosidl_typesupport_c.cpython-310-x86_64-linux-gnu.so
[2.059s] -- Set runtime path of "/home/ryo/ros2_ws/install/person_msgs/local/lib/python3.10/dist-packages/person_msgs/person_msgs_s__rosidl_typesupport_c.cpython-310-x86_64-linux-gnu.so" to ""
[2.060s] -- Installing: /home/ryo/ros2_ws/install/person_msgs/lib/libperson_msgs__rosidl_generator_py.so
[2.060s] -- Set runtime path of "/home/ryo/ros2_ws/install/person_msgs/lib/libperson_msgs__rosidl_generator_py.so" to ""
[2.062s] -- Up-to-date: /home/ryo/ros2_ws/install/person_msgs/share/person_msgs/msg/Person.idl
[2.063s] -- Up-to-date: /home/ryo/ros2_ws/install/person_msgs/share/person_msgs/msg/Person.msg
[2.065s] -- Up-to-date: /home/ryo/ros2_ws/install/person_msgs/share/ament_index/resource_index/package_run_dependencies/person_msgs
[2.065s] -- Installing: /home/ryo/ros2_ws/install/person_msgs/share/ament_index/resource_index/parent_prefix_path/person_msgs
[2.066s] -- Up-to-date: /home/ryo/ros2_ws/install/person_msgs/share/person_msgs/environment/ament_prefix_path.sh
[2.066s] -- Installing: /home/ryo/ros2_ws/install/person_msgs/share/person_msgs/environment/ament_prefix_path.dsv
[2.066s] -- Up-to-date: /home/ryo/ros2_ws/install/person_msgs/share/person_msgs/environment/path.sh
[2.073s] -- Installing: /home/ryo/ros2_ws/install/person_msgs/share/person_msgs/environment/path.dsv
[2.074s] -- Up-to-date: /home/ryo/ros2_ws/install/person_msgs/share/person_msgs/local_setup.bash
[2.074s] -- Up-to-date: /home/ryo/ros2_ws/install/person_msgs/share/person_msgs/local_setup.sh
[2.074s] -- Up-to-date: /home/ryo/ros2_ws/install/person_msgs/share/person_msgs/local_setup.zsh
[2.074s] -- Installing: /home/ryo/ros2_ws/install/person_msgs/share/person_msgs/local_setup.dsv
[2.075s] -- Installing: /home/ryo/ros2_ws/install/person_msgs/share/person_msgs/package.dsv
[2.075s] -- Up-to-date: /home/ryo/ros2_ws/install/person_msgs/share/ament_index/resource_index/packages/person_msgs
[2.075s] -- Up-to-date: /home/ryo/ros2_ws/install/person_msgs/share/person_msgs/cmake/export_person_msgs__rosidl_generator_cExport.cmake
[2.076s] -- Up-to-date: /home/ryo/ros2_ws/install/person_msgs/share/person_msgs/cmake/export_person_msgs__rosidl_generator_cExport-noconfig.cmake
[2.076s] -- Up-to-date: /home/ryo/ros2_ws/install/person_msgs/share/person_msgs/cmake/export_person_msgs__rosidl_typesupport_fastrtps_cExport.cmake
[2.077s] -- Up-to-date: /home/ryo/ros2_ws/install/person_msgs/share/person_msgs/cmake/export_person_msgs__rosidl_typesupport_fastrtps_cExport-noconfig.cmake
[2.077s] -- Up-to-date: /home/ryo/ros2_ws/install/person_msgs/share/person_msgs/cmake/person_msgs__rosidl_typesupport_introspection_cExport.cmake
[2.078s] -- Up-to-date: /home/ryo/ros2_ws/install/person_msgs/share/person_msgs/cmake/person_msgs__rosidl_typesupport_introspection_cExport-noconfig.cmake
[2.078s] -- Up-to-date: /home/ryo/ros2_ws/install/person_msgs/share/person_msgs/cmake/person_msgs__rosidl_typesupport_cExport.cmake
[2.078s] -- Up-to-date: /home/ryo/ros2_ws/install/person_msgs/share/person_msgs/cmake/person_msgs__rosidl_typesupport_cExport-noconfig.cmake
[2.079s] -- Up-to-date: /home/ryo/ros2_ws/install/person_msgs/share/person_msgs/cmake/export_person_msgs__rosidl_generator_cppExport.cmake
[2.079s] -- Up-to-date: /home/ryo/ros2_ws/install/person_msgs/share/person_msgs/cmake/export_person_msgs__rosidl_typesupport_fastrtps_cppExport.cmake
[2.079s] -- Up-to-date: /home/ryo/ros2_ws/install/person_msgs/share/person_msgs/cmake/export_person_msgs__rosidl_typesupport_fastrtps_cppExport-noconfig.cmake
[2.080s] -- Up-to-date: /home/ryo/ros2_ws/install/person_msgs/share/person_msgs/cmake/person_msgs__rosidl_typesupport_introspection_cppExport.cmake
[2.080s] -- Up-to-date: /home/ryo/ros2_ws/install/person_msgs/share/person_msgs/cmake/person_msgs__rosidl_typesupport_introspection_cppExport-noconfig.cmake
[2.080s] -- Up-to-date: /home/ryo/ros2_ws/install/person_msgs/share/person_msgs/cmake/person_msgs__rosidl_typesupport_cppExport.cmake
[2.081s] -- Up-to-date: /home/ryo/ros2_ws/install/person_msgs/share/person_msgs/cmake/person_msgs__rosidl_typesupport_cppExport-noconfig.cmake
[2.081s] -- Up-to-date: /home/ryo/ros2_ws/install/person_msgs/share/person_msgs/cmake/export_person_msgs__rosidl_generator_pyExport.cmake
[2.081s] -- Up-to-date: /home/ryo/ros2_ws/install/person_msgs/share/person_msgs/cmake/export_person_msgs__rosidl_generator_pyExport-noconfig.cmake
[2.082s] -- Up-to-date: /home/ryo/ros2_ws/install/person_msgs/share/person_msgs/cmake/rosidl_cmake-extras.cmake
[2.082s] -- Up-to-date: /home/ryo/ros2_ws/install/person_msgs/share/person_msgs/cmake/ament_cmake_export_include_directories-extras.cmake
[2.082s] -- Up-to-date: /home/ryo/ros2_ws/install/person_msgs/share/person_msgs/cmake/ament_cmake_export_libraries-extras.cmake
[2.083s] -- Up-to-date: /home/ryo/ros2_ws/install/person_msgs/share/person_msgs/cmake/ament_cmake_export_targets-extras.cmake
[2.083s] -- Up-to-date: /home/ryo/ros2_ws/install/person_msgs/share/person_msgs/cmake/rosidl_cmake_export_typesupport_targets-extras.cmake
[2.083s] -- Up-to-date: /home/ryo/ros2_ws/install/person_msgs/share/person_msgs/cmake/ament_cmake_export_dependencies-extras.cmake
[2.084s] -- Up-to-date: /home/ryo/ros2_ws/install/person_msgs/share/person_msgs/cmake/rosidl_cmake_export_typesupport_libraries-extras.cmake
[2.084s] -- Up-to-date: /home/ryo/ros2_ws/install/person_msgs/share/person_msgs/cmake/person_msgsConfig.cmake
[2.084s] -- Up-to-date: /home/ryo/ros2_ws/install/person_msgs/share/person_msgs/cmake/person_msgsConfig-version.cmake
[2.084s] -- Up-to-date: /home/ryo/ros2_ws/install/person_msgs/share/person_msgs/package.xml
[2.109s] Invoked command in '/home/ryo/ros2_ws/build/person_msgs' returned '0': CMAKE_PREFIX_PATH=${CMAKE_PREFIX_PATH}:/opt/ros/humble /usr/bin/cmake --install /home/ryo/ros2_ws/build/person_msgs
