[0.254s] Invoking command in '/home/ryo/ros2_ws/build/person_msg': CMAKE_PREFIX_PATH=${CMAKE_PREFIX_PATH}:/home/ryo/ros2_ws/install/mypkg:/opt/ros/humble /usr/bin/cmake --build /home/ryo/ros2_ws/build/person_msg -- -j8 -l8
[0.323s] [  3%] Built target person_msg__cpp
[0.325s] [ 12%] Built target person_msg__rosidl_generator_c
[0.340s] [ 12%] Built target ament_cmake_python_copy_person_msg
[0.389s] [ 22%] Built target person_msg__rosidl_typesupport_introspection_cpp
[0.406s] [ 32%] Built target person_msg__rosidl_typesupport_fastrtps_cpp
[0.408s] [ 41%] Built target person_msg__rosidl_typesupport_introspection_c
[0.408s] [ 51%] Built target person_msg__rosidl_typesupport_cpp
[0.411s] [ 61%] Built target person_msg__rosidl_typesupport_c
[0.421s] [ 70%] Built target person_msg__rosidl_typesupport_fastrtps_c
[0.455s] [ 70%] Built target person_msg
[0.481s] [ 74%] Built target person_msg__py
[0.508s] [ 80%] Built target person_msg__rosidl_generator_py
[0.549s] [ 87%] Built target person_msg__rosidl_typesupport_introspection_c__pyext
[0.550s] [ 93%] Built target person_msg__rosidl_typesupport_c__pyext
[0.558s] [100%] Built target person_msg__rosidl_typesupport_fastrtps_c__pyext
[0.799s] running egg_info
[0.801s] writing person_msg.egg-info/PKG-INFO
[0.801s] writing dependency_links to person_msg.egg-info/dependency_links.txt
[0.802s] writing top-level names to person_msg.egg-info/top_level.txt
[0.805s] reading manifest file 'person_msg.egg-info/SOURCES.txt'
[0.806s] writing manifest file 'person_msg.egg-info/SOURCES.txt'
[0.847s] [100%] Built target ament_cmake_python_build_person_msg_egg
[0.862s] Invoked command in '/home/ryo/ros2_ws/build/person_msg' returned '0': CMAKE_PREFIX_PATH=${CMAKE_PREFIX_PATH}:/home/ryo/ros2_ws/install/mypkg:/opt/ros/humble /usr/bin/cmake --build /home/ryo/ros2_ws/build/person_msg -- -j8 -l8
[0.954s] Invoking command in '/home/ryo/ros2_ws/build/person_msg': CMAKE_PREFIX_PATH=${CMAKE_PREFIX_PATH}:/home/ryo/ros2_ws/install/mypkg:/opt/ros/humble /usr/bin/cmake --install /home/ryo/ros2_ws/build/person_msg
[0.967s] -- Install configuration: ""
[0.967s] -- Up-to-date: /home/ryo/ros2_ws/install/person_msg/share/ament_index/resource_index/rosidl_interfaces/person_msg
[0.968s] -- Up-to-date: /home/ryo/ros2_ws/install/person_msg/include/person_msg/person_msg
[0.969s] -- Up-to-date: /home/ryo/ros2_ws/install/person_msg/include/person_msg/person_msg/msg
[0.969s] -- Up-to-date: /home/ryo/ros2_ws/install/person_msg/include/person_msg/person_msg/msg/person.h
[0.969s] -- Up-to-date: /home/ryo/ros2_ws/install/person_msg/include/person_msg/person_msg/msg/rosidl_generator_c__visibility_control.h
[0.971s] -- Up-to-date: /home/ryo/ros2_ws/install/person_msg/include/person_msg/person_msg/msg/detail
[0.971s] -- Up-to-date: /home/ryo/ros2_ws/install/person_msg/include/person_msg/person_msg/msg/detail/person__functions.c
[0.972s] -- Up-to-date: /home/ryo/ros2_ws/install/person_msg/include/person_msg/person_msg/msg/detail/person__type_support.h
[0.972s] -- Up-to-date: /home/ryo/ros2_ws/install/person_msg/include/person_msg/person_msg/msg/detail/person__functions.h
[0.972s] -- Up-to-date: /home/ryo/ros2_ws/install/person_msg/include/person_msg/person_msg/msg/detail/person__struct.h
[0.973s] -- Up-to-date: /home/ryo/ros2_ws/install/person_msg/share/person_msg/environment/library_path.sh
[0.973s] -- Up-to-date: /home/ryo/ros2_ws/install/person_msg/share/person_msg/environment/library_path.dsv
[0.974s] -- Up-to-date: /home/ryo/ros2_ws/install/person_msg/lib/libperson_msg__rosidl_generator_c.so
[0.974s] -- Up-to-date: /home/ryo/ros2_ws/install/person_msg/include/person_msg/person_msg
[0.975s] -- Up-to-date: /home/ryo/ros2_ws/install/person_msg/include/person_msg/person_msg/msg
[0.975s] -- Up-to-date: /home/ryo/ros2_ws/install/person_msg/include/person_msg/person_msg/msg/rosidl_typesupport_fastrtps_c__visibility_control.h
[0.975s] -- Up-to-date: /home/ryo/ros2_ws/install/person_msg/include/person_msg/person_msg/msg/detail
[0.976s] -- Up-to-date: /home/ryo/ros2_ws/install/person_msg/include/person_msg/person_msg/msg/detail/person__rosidl_typesupport_fastrtps_c.h
[0.977s] -- Up-to-date: /home/ryo/ros2_ws/install/person_msg/lib/libperson_msg__rosidl_typesupport_fastrtps_c.so
[0.977s] -- Up-to-date: /home/ryo/ros2_ws/install/person_msg/include/person_msg/person_msg
[0.977s] -- Up-to-date: /home/ryo/ros2_ws/install/person_msg/include/person_msg/person_msg/msg
[0.978s] -- Up-to-date: /home/ryo/ros2_ws/install/person_msg/include/person_msg/person_msg/msg/rosidl_typesupport_introspection_c__visibility_control.h
[0.978s] -- Up-to-date: /home/ryo/ros2_ws/install/person_msg/include/person_msg/person_msg/msg/detail
[0.978s] -- Up-to-date: /home/ryo/ros2_ws/install/person_msg/include/person_msg/person_msg/msg/detail/person__type_support.c
[0.979s] -- Up-to-date: /home/ryo/ros2_ws/install/person_msg/include/person_msg/person_msg/msg/detail/person__rosidl_typesupport_introspection_c.h
[0.979s] -- Up-to-date: /home/ryo/ros2_ws/install/person_msg/lib/libperson_msg__rosidl_typesupport_introspection_c.so
[0.979s] -- Up-to-date: /home/ryo/ros2_ws/install/person_msg/lib/libperson_msg__rosidl_typesupport_c.so
[0.980s] -- Up-to-date: /home/ryo/ros2_ws/install/person_msg/include/person_msg/person_msg
[0.980s] -- Up-to-date: /home/ryo/ros2_ws/install/person_msg/include/person_msg/person_msg/msg
[0.981s] -- Up-to-date: /home/ryo/ros2_ws/install/person_msg/include/person_msg/person_msg/msg/person.hpp
[0.981s] -- Up-to-date: /home/ryo/ros2_ws/install/person_msg/include/person_msg/person_msg/msg/detail
[0.981s] -- Up-to-date: /home/ryo/ros2_ws/install/person_msg/include/person_msg/person_msg/msg/detail/person__builder.hpp
[0.982s] -- Up-to-date: /home/ryo/ros2_ws/install/person_msg/include/person_msg/person_msg/msg/detail/person__traits.hpp
[0.982s] -- Up-to-date: /home/ryo/ros2_ws/install/person_msg/include/person_msg/person_msg/msg/detail/person__struct.hpp
[0.982s] -- Up-to-date: /home/ryo/ros2_ws/install/person_msg/include/person_msg/person_msg
[0.983s] -- Up-to-date: /home/ryo/ros2_ws/install/person_msg/include/person_msg/person_msg/msg
[0.983s] -- Up-to-date: /home/ryo/ros2_ws/install/person_msg/include/person_msg/person_msg/msg/rosidl_typesupport_fastrtps_cpp__visibility_control.h
[0.983s] -- Up-to-date: /home/ryo/ros2_ws/install/person_msg/include/person_msg/person_msg/msg/detail
[0.984s] -- Up-to-date: /home/ryo/ros2_ws/install/person_msg/include/person_msg/person_msg/msg/detail/dds_fastrtps
[0.984s] -- Up-to-date: /home/ryo/ros2_ws/install/person_msg/include/person_msg/person_msg/msg/detail/person__rosidl_typesupport_fastrtps_cpp.hpp
[0.984s] -- Up-to-date: /home/ryo/ros2_ws/install/person_msg/lib/libperson_msg__rosidl_typesupport_fastrtps_cpp.so
[0.985s] -- Up-to-date: /home/ryo/ros2_ws/install/person_msg/include/person_msg/person_msg
[0.985s] -- Up-to-date: /home/ryo/ros2_ws/install/person_msg/include/person_msg/person_msg/msg
[0.985s] -- Up-to-date: /home/ryo/ros2_ws/install/person_msg/include/person_msg/person_msg/msg/detail
[0.986s] -- Up-to-date: /home/ryo/ros2_ws/install/person_msg/include/person_msg/person_msg/msg/detail/person__rosidl_typesupport_introspection_cpp.hpp
[0.986s] -- Up-to-date: /home/ryo/ros2_ws/install/person_msg/include/person_msg/person_msg/msg/detail/person__type_support.cpp
[0.986s] -- Up-to-date: /home/ryo/ros2_ws/install/person_msg/lib/libperson_msg__rosidl_typesupport_introspection_cpp.so
[0.987s] -- Up-to-date: /home/ryo/ros2_ws/install/person_msg/lib/libperson_msg__rosidl_typesupport_cpp.so
[0.987s] -- Up-to-date: /home/ryo/ros2_ws/install/person_msg/share/person_msg/environment/pythonpath.sh
[0.987s] -- Up-to-date: /home/ryo/ros2_ws/install/person_msg/share/person_msg/environment/pythonpath.dsv
[0.988s] -- Up-to-date: /home/ryo/ros2_ws/install/person_msg/local/lib/python3.10/dist-packages/person_msg-0.0.0-py3.10.egg-info
[0.988s] -- Installing: /home/ryo/ros2_ws/install/person_msg/local/lib/python3.10/dist-packages/person_msg-0.0.0-py3.10.egg-info/top_level.txt
[0.989s] -- Installing: /home/ryo/ros2_ws/install/person_msg/local/lib/python3.10/dist-packages/person_msg-0.0.0-py3.10.egg-info/dependency_links.txt
[0.991s] -- Installing: /home/ryo/ros2_ws/install/person_msg/local/lib/python3.10/dist-packages/person_msg-0.0.0-py3.10.egg-info/SOURCES.txt
[0.992s] -- Installing: /home/ryo/ros2_ws/install/person_msg/local/lib/python3.10/dist-packages/person_msg-0.0.0-py3.10.egg-info/PKG-INFO
[0.992s] -- Up-to-date: /home/ryo/ros2_ws/install/person_msg/local/lib/python3.10/dist-packages/person_msg
[0.993s] -- Up-to-date: /home/ryo/ros2_ws/install/person_msg/local/lib/python3.10/dist-packages/person_msg/_person_msg_s.ep.rosidl_typesupport_fastrtps_c.c
[0.993s] -- Up-to-date: /home/ryo/ros2_ws/install/person_msg/local/lib/python3.10/dist-packages/person_msg/_person_msg_s.ep.rosidl_typesupport_introspection_c.c
[0.993s] -- Up-to-date: /home/ryo/ros2_ws/install/person_msg/local/lib/python3.10/dist-packages/person_msg/_person_msg_s.ep.rosidl_typesupport_c.c
[0.994s] -- Up-to-date: /home/ryo/ros2_ws/install/person_msg/local/lib/python3.10/dist-packages/person_msg/msg
[0.994s] -- Up-to-date: /home/ryo/ros2_ws/install/person_msg/local/lib/python3.10/dist-packages/person_msg/msg/_person.py
[0.994s] -- Up-to-date: /home/ryo/ros2_ws/install/person_msg/local/lib/python3.10/dist-packages/person_msg/msg/_person_s.c
[0.995s] -- Up-to-date: /home/ryo/ros2_ws/install/person_msg/local/lib/python3.10/dist-packages/person_msg/msg/__init__.py
[0.995s] -- Up-to-date: /home/ryo/ros2_ws/install/person_msg/local/lib/python3.10/dist-packages/person_msg/person_msg_s__rosidl_typesupport_c.cpython-310-x86_64-linux-gnu.so
[0.995s] -- Up-to-date: /home/ryo/ros2_ws/install/person_msg/local/lib/python3.10/dist-packages/person_msg/person_msg_s__rosidl_typesupport_introspection_c.cpython-310-x86_64-linux-gnu.so
[0.996s] -- Up-to-date: /home/ryo/ros2_ws/install/person_msg/local/lib/python3.10/dist-packages/person_msg/person_msg_s__rosidl_typesupport_fastrtps_c.cpython-310-x86_64-linux-gnu.so
[0.996s] -- Up-to-date: /home/ryo/ros2_ws/install/person_msg/local/lib/python3.10/dist-packages/person_msg/libperson_msg__rosidl_generator_py.so
[0.996s] -- Up-to-date: /home/ryo/ros2_ws/install/person_msg/local/lib/python3.10/dist-packages/person_msg/__init__.py
[1.033s] Listing '/home/ryo/ros2_ws/install/person_msg/local/lib/python3.10/dist-packages/person_msg'...
[1.033s] Listing '/home/ryo/ros2_ws/install/person_msg/local/lib/python3.10/dist-packages/person_msg/msg'...
[1.041s] -- Up-to-date: /home/ryo/ros2_ws/install/person_msg/local/lib/python3.10/dist-packages/person_msg/person_msg_s__rosidl_typesupport_fastrtps_c.cpython-310-x86_64-linux-gnu.so
[1.041s] -- Up-to-date: /home/ryo/ros2_ws/install/person_msg/local/lib/python3.10/dist-packages/person_msg/person_msg_s__rosidl_typesupport_introspection_c.cpython-310-x86_64-linux-gnu.so
[1.042s] -- Up-to-date: /home/ryo/ros2_ws/install/person_msg/local/lib/python3.10/dist-packages/person_msg/person_msg_s__rosidl_typesupport_c.cpython-310-x86_64-linux-gnu.so
[1.042s] -- Up-to-date: /home/ryo/ros2_ws/install/person_msg/lib/libperson_msg__rosidl_generator_py.so
[1.043s] -- Up-to-date: /home/ryo/ros2_ws/install/person_msg/share/person_msg/msg/Person.idl
[1.043s] -- Up-to-date: /home/ryo/ros2_ws/install/person_msg/share/person_msg/msg/Person.msg
[1.043s] -- Up-to-date: /home/ryo/ros2_ws/install/person_msg/share/ament_index/resource_index/package_run_dependencies/person_msg
[1.044s] -- Up-to-date: /home/ryo/ros2_ws/install/person_msg/share/ament_index/resource_index/parent_prefix_path/person_msg
[1.044s] -- Up-to-date: /home/ryo/ros2_ws/install/person_msg/share/person_msg/environment/ament_prefix_path.sh
[1.045s] -- Up-to-date: /home/ryo/ros2_ws/install/person_msg/share/person_msg/environment/ament_prefix_path.dsv
[1.045s] -- Up-to-date: /home/ryo/ros2_ws/install/person_msg/share/person_msg/environment/path.sh
[1.045s] -- Up-to-date: /home/ryo/ros2_ws/install/person_msg/share/person_msg/environment/path.dsv
[1.046s] -- Up-to-date: /home/ryo/ros2_ws/install/person_msg/share/person_msg/local_setup.bash
[1.046s] -- Up-to-date: /home/ryo/ros2_ws/install/person_msg/share/person_msg/local_setup.sh
[1.046s] -- Up-to-date: /home/ryo/ros2_ws/install/person_msg/share/person_msg/local_setup.zsh
[1.047s] -- Up-to-date: /home/ryo/ros2_ws/install/person_msg/share/person_msg/local_setup.dsv
[1.047s] -- Installing: /home/ryo/ros2_ws/install/person_msg/share/person_msg/package.dsv
[1.048s] -- Up-to-date: /home/ryo/ros2_ws/install/person_msg/share/ament_index/resource_index/packages/person_msg
[1.048s] -- Up-to-date: /home/ryo/ros2_ws/install/person_msg/share/person_msg/cmake/export_person_msg__rosidl_generator_cExport.cmake
[1.048s] -- Up-to-date: /home/ryo/ros2_ws/install/person_msg/share/person_msg/cmake/export_person_msg__rosidl_generator_cExport-noconfig.cmake
[1.049s] -- Up-to-date: /home/ryo/ros2_ws/install/person_msg/share/person_msg/cmake/export_person_msg__rosidl_typesupport_fastrtps_cExport.cmake
[1.049s] -- Up-to-date: /home/ryo/ros2_ws/install/person_msg/share/person_msg/cmake/export_person_msg__rosidl_typesupport_fastrtps_cExport-noconfig.cmake
[1.049s] -- Up-to-date: /home/ryo/ros2_ws/install/person_msg/share/person_msg/cmake/person_msg__rosidl_typesupport_introspection_cExport.cmake
[1.049s] -- Up-to-date: /home/ryo/ros2_ws/install/person_msg/share/person_msg/cmake/person_msg__rosidl_typesupport_introspection_cExport-noconfig.cmake
[1.049s] -- Up-to-date: /home/ryo/ros2_ws/install/person_msg/share/person_msg/cmake/person_msg__rosidl_typesupport_cExport.cmake
[1.049s] -- Up-to-date: /home/ryo/ros2_ws/install/person_msg/share/person_msg/cmake/person_msg__rosidl_typesupport_cExport-noconfig.cmake
[1.049s] -- Up-to-date: /home/ryo/ros2_ws/install/person_msg/share/person_msg/cmake/export_person_msg__rosidl_generator_cppExport.cmake
[1.050s] -- Up-to-date: /home/ryo/ros2_ws/install/person_msg/share/person_msg/cmake/export_person_msg__rosidl_typesupport_fastrtps_cppExport.cmake
[1.050s] -- Up-to-date: /home/ryo/ros2_ws/install/person_msg/share/person_msg/cmake/export_person_msg__rosidl_typesupport_fastrtps_cppExport-noconfig.cmake
[1.050s] -- Up-to-date: /home/ryo/ros2_ws/install/person_msg/share/person_msg/cmake/person_msg__rosidl_typesupport_introspection_cppExport.cmake
[1.050s] -- Up-to-date: /home/ryo/ros2_ws/install/person_msg/share/person_msg/cmake/person_msg__rosidl_typesupport_introspection_cppExport-noconfig.cmake
[1.050s] -- Up-to-date: /home/ryo/ros2_ws/install/person_msg/share/person_msg/cmake/person_msg__rosidl_typesupport_cppExport.cmake
[1.050s] -- Up-to-date: /home/ryo/ros2_ws/install/person_msg/share/person_msg/cmake/person_msg__rosidl_typesupport_cppExport-noconfig.cmake
[1.050s] -- Up-to-date: /home/ryo/ros2_ws/install/person_msg/share/person_msg/cmake/export_person_msg__rosidl_generator_pyExport.cmake
[1.050s] -- Up-to-date: /home/ryo/ros2_ws/install/person_msg/share/person_msg/cmake/export_person_msg__rosidl_generator_pyExport-noconfig.cmake
[1.051s] -- Up-to-date: /home/ryo/ros2_ws/install/person_msg/share/person_msg/cmake/rosidl_cmake-extras.cmake
[1.051s] -- Up-to-date: /home/ryo/ros2_ws/install/person_msg/share/person_msg/cmake/ament_cmake_export_include_directories-extras.cmake
[1.051s] -- Up-to-date: /home/ryo/ros2_ws/install/person_msg/share/person_msg/cmake/ament_cmake_export_libraries-extras.cmake
[1.051s] -- Up-to-date: /home/ryo/ros2_ws/install/person_msg/share/person_msg/cmake/ament_cmake_export_targets-extras.cmake
[1.051s] -- Up-to-date: /home/ryo/ros2_ws/install/person_msg/share/person_msg/cmake/rosidl_cmake_export_typesupport_targets-extras.cmake
[1.052s] -- Up-to-date: /home/ryo/ros2_ws/install/person_msg/share/person_msg/cmake/ament_cmake_export_dependencies-extras.cmake
[1.052s] -- Up-to-date: /home/ryo/ros2_ws/install/person_msg/share/person_msg/cmake/rosidl_cmake_export_typesupport_libraries-extras.cmake
[1.052s] -- Up-to-date: /home/ryo/ros2_ws/install/person_msg/share/person_msg/cmake/person_msgConfig.cmake
[1.053s] -- Up-to-date: /home/ryo/ros2_ws/install/person_msg/share/person_msg/cmake/person_msgConfig-version.cmake
[1.053s] -- Up-to-date: /home/ryo/ros2_ws/install/person_msg/share/person_msg/package.xml
[1.060s] Invoked command in '/home/ryo/ros2_ws/build/person_msg' returned '0': CMAKE_PREFIX_PATH=${CMAKE_PREFIX_PATH}:/home/ryo/ros2_ws/install/mypkg:/opt/ros/humble /usr/bin/cmake --install /home/ryo/ros2_ws/build/person_msg
