[0.665s] Invoking command in '/home/ryo/ros2_ws/src/mypkg': PYTHONPATH=/home/ryo/ros2_ws/install/mypkg/lib/python3.10/site-packages:${PYTHONPATH} /usr/bin/python3 setup.py egg_info --egg-base ../../build/mypkg build --build-base /home/ryo/ros2_ws/build/mypkg/build install --prefix /home/ryo/ros2_ws/install/mypkg --record /home/ryo/ros2_ws/build/mypkg/install.log --single-version-externally-managed
[0.935s] running egg_info
[0.935s] creating ../../build/mypkg/mypkg.egg-info
[0.936s] writing ../../build/mypkg/mypkg.egg-info/PKG-INFO
[0.936s] writing dependency_links to ../../build/mypkg/mypkg.egg-info/dependency_links.txt
[0.936s] writing entry points to ../../build/mypkg/mypkg.egg-info/entry_points.txt
[0.936s] writing requirements to ../../build/mypkg/mypkg.egg-info/requires.txt
[0.936s] writing top-level names to ../../build/mypkg/mypkg.egg-info/top_level.txt
[0.937s] writing manifest file '../../build/mypkg/mypkg.egg-info/SOURCES.txt'
[0.938s] reading manifest file '../../build/mypkg/mypkg.egg-info/SOURCES.txt'
[0.939s] writing manifest file '../../build/mypkg/mypkg.egg-info/SOURCES.txt'
[0.939s] running build
[0.939s] running build_py
[0.958s] creating /home/ryo/ros2_ws/build/mypkg/build
[0.959s] creating /home/ryo/ros2_ws/build/mypkg/build/lib
[0.960s] creating /home/ryo/ros2_ws/build/mypkg/build/lib/mypkg
[0.960s] copying mypkg/__init__.py -> /home/ryo/ros2_ws/build/mypkg/build/lib/mypkg
[0.960s] running install
[0.960s] /usr/lib/python3/dist-packages/setuptools/command/install.py:34: SetuptoolsDeprecationWarning: setup.py install is deprecated. Use build and pip and other standards-based tools.
[0.961s]   warnings.warn(
[0.961s] running install_lib
[0.963s] creating /home/ryo/ros2_ws/install/mypkg/lib/python3.10/site-packages/mypkg
[0.963s] copying /home/ryo/ros2_ws/build/mypkg/build/lib/mypkg/__init__.py -> /home/ryo/ros2_ws/install/mypkg/lib/python3.10/site-packages/mypkg
[0.964s] byte-compiling /home/ryo/ros2_ws/install/mypkg/lib/python3.10/site-packages/mypkg/__init__.py to __init__.cpython-310.pyc
[0.965s] running install_data
[0.966s] creating /home/ryo/ros2_ws/install/mypkg/share/ament_index
[0.967s] creating /home/ryo/ros2_ws/install/mypkg/share/ament_index/resource_index
[0.967s] creating /home/ryo/ros2_ws/install/mypkg/share/ament_index/resource_index/packages
[0.967s] copying resource/mypkg -> /home/ryo/ros2_ws/install/mypkg/share/ament_index/resource_index/packages
[0.968s] copying package.xml -> /home/ryo/ros2_ws/install/mypkg/share/mypkg
[0.968s] running install_egg_info
[0.971s] Copying ../../build/mypkg/mypkg.egg-info to /home/ryo/ros2_ws/install/mypkg/lib/python3.10/site-packages/mypkg-0.0.0-py3.10.egg-info
[0.973s] running install_scripts
[1.007s] writing list of installed files to '/home/ryo/ros2_ws/build/mypkg/install.log'
[1.044s] Invoked command in '/home/ryo/ros2_ws/src/mypkg' returned '0': PYTHONPATH=/home/ryo/ros2_ws/install/mypkg/lib/python3.10/site-packages:${PYTHONPATH} /usr/bin/python3 setup.py egg_info --egg-base ../../build/mypkg build --build-base /home/ryo/ros2_ws/build/mypkg/build install --prefix /home/ryo/ros2_ws/install/mypkg --record /home/ryo/ros2_ws/build/mypkg/install.log --single-version-externally-managed
