[0.752s] Invoking command in '/home/ryo/ros2_ws/src/mypkg': PYTHONPATH=/home/ryo/ros2_ws/src/mypkg/install/mypkg/lib/python3.10/site-packages:${PYTHONPATH} /usr/bin/python3 setup.py egg_info --egg-base build/mypkg build --build-base /home/ryo/ros2_ws/src/mypkg/build/mypkg/build install --prefix /home/ryo/ros2_ws/src/mypkg/install/mypkg --record /home/ryo/ros2_ws/src/mypkg/build/mypkg/install.log --single-version-externally-managed
[1.025s] running egg_info
[1.025s] writing build/mypkg/mypkg.egg-info/PKG-INFO
[1.025s] writing dependency_links to build/mypkg/mypkg.egg-info/dependency_links.txt
[1.026s] writing entry points to build/mypkg/mypkg.egg-info/entry_points.txt
[1.026s] writing requirements to build/mypkg/mypkg.egg-info/requires.txt
[1.026s] writing top-level names to build/mypkg/mypkg.egg-info/top_level.txt
[1.028s] reading manifest file 'build/mypkg/mypkg.egg-info/SOURCES.txt'
[1.029s] writing manifest file 'build/mypkg/mypkg.egg-info/SOURCES.txt'
[1.029s] running build
[1.030s] running build_py
[1.030s] copying mypkg/talker.py -> /home/ryo/ros2_ws/src/mypkg/build/mypkg/build/lib/mypkg
[1.030s] running install
[1.031s] /usr/lib/python3/dist-packages/setuptools/command/install.py:34: SetuptoolsDeprecationWarning: setup.py install is deprecated. Use build and pip and other standards-based tools.
[1.031s]   warnings.warn(
[1.031s] running install_lib
[1.031s] copying /home/ryo/ros2_ws/src/mypkg/build/mypkg/build/lib/mypkg/talker.py -> /home/ryo/ros2_ws/src/mypkg/install/mypkg/lib/python3.10/site-packages/mypkg
[1.032s] byte-compiling /home/ryo/ros2_ws/src/mypkg/install/mypkg/lib/python3.10/site-packages/mypkg/talker.py to talker.cpython-310.pyc
[1.032s] running install_data
[1.033s] copying package.xml -> /home/ryo/ros2_ws/src/mypkg/install/mypkg/share/mypkg
[1.033s] running install_egg_info
[1.036s] removing '/home/ryo/ros2_ws/src/mypkg/install/mypkg/lib/python3.10/site-packages/mypkg-0.0.0-py3.10.egg-info' (and everything under it)
[1.037s] Copying build/mypkg/mypkg.egg-info to /home/ryo/ros2_ws/src/mypkg/install/mypkg/lib/python3.10/site-packages/mypkg-0.0.0-py3.10.egg-info
[1.037s] running install_scripts
[1.060s] Installing talker script to /home/ryo/ros2_ws/src/mypkg/install/mypkg/lib/mypkg
[1.060s] writing list of installed files to '/home/ryo/ros2_ws/src/mypkg/build/mypkg/install.log'
[1.086s] Invoked command in '/home/ryo/ros2_ws/src/mypkg' returned '0': PYTHONPATH=/home/ryo/ros2_ws/src/mypkg/install/mypkg/lib/python3.10/site-packages:${PYTHONPATH} /usr/bin/python3 setup.py egg_info --egg-base build/mypkg build --build-base /home/ryo/ros2_ws/src/mypkg/build/mypkg/build install --prefix /home/ryo/ros2_ws/src/mypkg/install/mypkg --record /home/ryo/ros2_ws/src/mypkg/build/mypkg/install.log --single-version-externally-managed
