[0.902s] Invoking command in '/home/ryo/ros2_ws/src/mypkg': PYTHONPATH=/home/ryo/ros2_ws/install/mypkg/lib/python3.10/site-packages:${PYTHONPATH} /usr/bin/python3 setup.py egg_info --egg-base ../../build/mypkg build --build-base /home/ryo/ros2_ws/build/mypkg/build install --prefix /home/ryo/ros2_ws/install/mypkg --record /home/ryo/ros2_ws/build/mypkg/install.log --single-version-externally-managed
[1.194s] running egg_info
[1.195s] writing ../../build/mypkg/mypkg.egg-info/PKG-INFO
[1.196s] writing dependency_links to ../../build/mypkg/mypkg.egg-info/dependency_links.txt
[1.196s] writing entry points to ../../build/mypkg/mypkg.egg-info/entry_points.txt
[1.197s] writing requirements to ../../build/mypkg/mypkg.egg-info/requires.txt
[1.197s] writing top-level names to ../../build/mypkg/mypkg.egg-info/top_level.txt
[1.200s] reading manifest file '../../build/mypkg/mypkg.egg-info/SOURCES.txt'
[1.201s] writing manifest file '../../build/mypkg/mypkg.egg-info/SOURCES.txt'
[1.201s] running build
[1.202s] running build_py
[1.202s] running install
[1.202s] /usr/lib/python3/dist-packages/setuptools/command/install.py:34: SetuptoolsDeprecationWarning: setup.py install is deprecated. Use build and pip and other standards-based tools.
[1.203s]   warnings.warn(
[1.203s] running install_lib
[1.204s] running install_data
[1.205s] running install_egg_info
[1.207s] removing '/home/ryo/ros2_ws/install/mypkg/lib/python3.10/site-packages/mypkg-0.0.0-py3.10.egg-info' (and everything under it)
[1.208s] Copying ../../build/mypkg/mypkg.egg-info to /home/ryo/ros2_ws/install/mypkg/lib/python3.10/site-packages/mypkg-0.0.0-py3.10.egg-info
[1.210s] running install_scripts
[1.236s] Installing listener script to /home/ryo/ros2_ws/install/mypkg/lib/mypkg
[1.236s] Installing talker script to /home/ryo/ros2_ws/install/mypkg/lib/mypkg
[1.237s] writing list of installed files to '/home/ryo/ros2_ws/build/mypkg/install.log'
[1.272s] Invoked command in '/home/ryo/ros2_ws/src/mypkg' returned '0': PYTHONPATH=/home/ryo/ros2_ws/install/mypkg/lib/python3.10/site-packages:${PYTHONPATH} /usr/bin/python3 setup.py egg_info --egg-base ../../build/mypkg build --build-base /home/ryo/ros2_ws/build/mypkg/build install --prefix /home/ryo/ros2_ws/install/mypkg --record /home/ryo/ros2_ws/build/mypkg/install.log --single-version-externally-managed
