[0.844s] Invoking command in '/home/ryo/ros2_ws/src/mypkg': PYTHONPATH=/home/ryo/ros2_ws/install/mypkg/lib/python3.10/site-packages:${PYTHONPATH} /usr/bin/python3 setup.py egg_info --egg-base ../../build/mypkg build --build-base /home/ryo/ros2_ws/build/mypkg/build install --prefix /home/ryo/ros2_ws/install/mypkg --record /home/ryo/ros2_ws/build/mypkg/install.log --single-version-externally-managed
[1.152s] running egg_info
[1.154s] writing ../../build/mypkg/mypkg.egg-info/PKG-INFO
[1.154s] writing dependency_links to ../../build/mypkg/mypkg.egg-info/dependency_links.txt
[1.154s] writing entry points to ../../build/mypkg/mypkg.egg-info/entry_points.txt
[1.154s] writing requirements to ../../build/mypkg/mypkg.egg-info/requires.txt
[1.155s] writing top-level names to ../../build/mypkg/mypkg.egg-info/top_level.txt
[1.155s] reading manifest file '../../build/mypkg/mypkg.egg-info/SOURCES.txt'
[1.157s] writing manifest file '../../build/mypkg/mypkg.egg-info/SOURCES.txt'
[1.158s] running build
[1.159s] running build_py
[1.161s] copying mypkg/listener.py -> /home/ryo/ros2_ws/build/mypkg/build/lib/mypkg
[1.161s] running install
[1.161s] running install_lib
[1.161s] /usr/lib/python3/dist-packages/setuptools/command/install.py:34: SetuptoolsDeprecationWarning: setup.py install is deprecated. Use build and pip and other standards-based tools.
[1.162s]   warnings.warn(
[1.162s] copying /home/ryo/ros2_ws/build/mypkg/build/lib/mypkg/listener.py -> /home/ryo/ros2_ws/install/mypkg/lib/python3.10/site-packages/mypkg
[1.162s] byte-compiling /home/ryo/ros2_ws/install/mypkg/lib/python3.10/site-packages/mypkg/listener.py to listener.cpython-310.pyc
[1.164s] running install_data
[1.165s] running install_egg_info
[1.165s] removing '/home/ryo/ros2_ws/install/mypkg/lib/python3.10/site-packages/mypkg-0.0.0-py3.10.egg-info' (and everything under it)
[1.166s] Copying ../../build/mypkg/mypkg.egg-info to /home/ryo/ros2_ws/install/mypkg/lib/python3.10/site-packages/mypkg-0.0.0-py3.10.egg-info
[1.166s] running install_scripts
[1.192s] Installing listener script to /home/ryo/ros2_ws/install/mypkg/lib/mypkg
[1.193s] Installing talker script to /home/ryo/ros2_ws/install/mypkg/lib/mypkg
[1.193s] writing list of installed files to '/home/ryo/ros2_ws/build/mypkg/install.log'
[1.232s] Invoked command in '/home/ryo/ros2_ws/src/mypkg' returned '0': PYTHONPATH=/home/ryo/ros2_ws/install/mypkg/lib/python3.10/site-packages:${PYTHONPATH} /usr/bin/python3 setup.py egg_info --egg-base ../../build/mypkg build --build-base /home/ryo/ros2_ws/build/mypkg/build install --prefix /home/ryo/ros2_ws/install/mypkg --record /home/ryo/ros2_ws/build/mypkg/install.log --single-version-externally-managed
