[1.932s] Invoking command in '/home/ryo/ros2_ws/src/mypkg': PYTHONPATH=/home/ryo/ros2_ws/install/mypkg/lib/python3.10/site-packages:${PYTHONPATH} /usr/bin/python3 setup.py egg_info --egg-base ../../build/mypkg build --build-base /home/ryo/ros2_ws/build/mypkg/build install --prefix /home/ryo/ros2_ws/install/mypkg --record /home/ryo/ros2_ws/build/mypkg/install.log --single-version-externally-managed
[2.594s] running egg_info
[2.596s] writing ../../build/mypkg/mypkg.egg-info/PKG-INFO
[2.598s] writing dependency_links to ../../build/mypkg/mypkg.egg-info/dependency_links.txt
[2.603s] writing entry points to ../../build/mypkg/mypkg.egg-info/entry_points.txt
[2.603s] writing requirements to ../../build/mypkg/mypkg.egg-info/requires.txt
[2.603s] writing top-level names to ../../build/mypkg/mypkg.egg-info/top_level.txt
[2.607s] reading manifest file '../../build/mypkg/mypkg.egg-info/SOURCES.txt'
[2.613s] writing manifest file '../../build/mypkg/mypkg.egg-info/SOURCES.txt'
[2.614s] running build
[2.615s] running build_py
[2.616s] running install
[2.617s] /usr/lib/python3/dist-packages/setuptools/command/install.py:34: SetuptoolsDeprecationWarning: setup.py install is deprecated. Use build and pip and other standards-based tools.
[2.619s]   warnings.warn(
[2.620s] running install_lib
[2.621s] running install_data
[2.623s] copying package.xml -> /home/ryo/ros2_ws/install/mypkg/share/mypkg
[2.624s] running install_egg_info
[2.626s] removing '/home/ryo/ros2_ws/install/mypkg/lib/python3.10/site-packages/mypkg-0.0.0-py3.10.egg-info' (and everything under it)
[2.626s] Copying ../../build/mypkg/mypkg.egg-info to /home/ryo/ros2_ws/install/mypkg/lib/python3.10/site-packages/mypkg-0.0.0-py3.10.egg-info
[2.628s] running install_scripts
[2.700s] Installing listener script to /home/ryo/ros2_ws/install/mypkg/lib/mypkg
[2.701s] Installing talker script to /home/ryo/ros2_ws/install/mypkg/lib/mypkg
[2.703s] writing list of installed files to '/home/ryo/ros2_ws/build/mypkg/install.log'
[2.789s] Invoked command in '/home/ryo/ros2_ws/src/mypkg' returned '0': PYTHONPATH=/home/ryo/ros2_ws/install/mypkg/lib/python3.10/site-packages:${PYTHONPATH} /usr/bin/python3 setup.py egg_info --egg-base ../../build/mypkg build --build-base /home/ryo/ros2_ws/build/mypkg/build install --prefix /home/ryo/ros2_ws/install/mypkg --record /home/ryo/ros2_ws/build/mypkg/install.log --single-version-externally-managed
