[0.282s] DEBUG:colcon:Command line arguments: ['/usr/bin/colcon', 'build']
[0.282s] DEBUG:colcon:Parsed command line arguments: Namespace(log_base=None, log_level=None, verb_name='build', build_base='build', install_base='install', merge_install=False, symlink_install=False, test_result_base=None, continue_on_error=False, executor='parallel', parallel_workers=8, event_handlers=None, ignore_user_meta=False, metas=['./colcon.meta'], base_paths=['.'], packages_ignore=None, packages_ignore_regex=None, paths=None, packages_up_to=None, packages_up_to_regex=None, packages_above=None, packages_above_and_dependencies=None, packages_above_depth=None, packages_select_by_dep=None, packages_skip_by_dep=None, packages_skip_up_to=None, packages_select_build_failed=False, packages_skip_build_finished=False, packages_select_test_failures=False, packages_skip_test_passed=False, packages_select=None, packages_skip=None, packages_select_regex=None, packages_skip_regex=None, packages_start=None, packages_end=None, allow_overriding=[], cmake_args=None, cmake_target=None, cmake_target_skip_unavailable=False, cmake_clean_cache=False, cmake_clean_first=False, cmake_force_configure=False, ament_cmake_args=None, catkin_cmake_args=None, catkin_skip_building_tests=False, verb_parser=<colcon_defaults.argument_parser.defaults.DefaultArgumentsDecorator object at 0x7f36f2525360>, verb_extension=<colcon_core.verb.build.BuildVerb object at 0x7f36f2e44a60>, main=<bound method BuildVerb.main of <colcon_core.verb.build.BuildVerb object at 0x7f36f2e44a60>>)
[0.310s] Level 1:colcon.colcon_core.package_discovery:discover_packages(colcon_meta) check parameters
[0.310s] Level 1:colcon.colcon_core.package_discovery:discover_packages(recursive) check parameters
[0.310s] Level 1:colcon.colcon_core.package_discovery:discover_packages(ignore) check parameters
[0.310s] Level 1:colcon.colcon_core.package_discovery:discover_packages(path) check parameters
[0.310s] Level 1:colcon.colcon_core.package_discovery:discover_packages(colcon_meta) discover
[0.311s] Level 1:colcon.colcon_core.package_discovery:discover_packages(recursive) discover
[0.311s] INFO:colcon.colcon_core.package_discovery:Crawling recursively for packages in '/home/ryo/ros2_ws'
[0.311s] Level 1:colcon.colcon_core.package_identification:_identify(.) by extensions ['ignore', 'ignore_ament_install']
[0.311s] Level 1:colcon.colcon_core.package_identification:_identify(.) by extension 'ignore'
[0.311s] Level 1:colcon.colcon_core.package_identification:_identify(.) by extension 'ignore_ament_install'
[0.311s] Level 1:colcon.colcon_core.package_identification:_identify(.) by extensions ['colcon_pkg']
[0.311s] Level 1:colcon.colcon_core.package_identification:_identify(.) by extension 'colcon_pkg'
[0.311s] Level 1:colcon.colcon_core.package_identification:_identify(.) by extensions ['colcon_meta']
[0.311s] Level 1:colcon.colcon_core.package_identification:_identify(.) by extension 'colcon_meta'
[0.311s] Level 1:colcon.colcon_core.package_identification:_identify(.) by extensions ['ros']
[0.311s] Level 1:colcon.colcon_core.package_identification:_identify(.) by extension 'ros'
[0.331s] Level 1:colcon.colcon_core.package_identification:_identify(.) by extensions ['cmake', 'python']
[0.331s] Level 1:colcon.colcon_core.package_identification:_identify(.) by extension 'cmake'
[0.331s] Level 1:colcon.colcon_core.package_identification:_identify(.) by extension 'python'
[0.331s] Level 1:colcon.colcon_core.package_identification:_identify(.) by extensions ['python_setup_py']
[0.331s] Level 1:colcon.colcon_core.package_identification:_identify(.) by extension 'python_setup_py'
[0.331s] Level 1:colcon.colcon_core.package_identification:_identify(build) by extensions ['ignore', 'ignore_ament_install']
[0.331s] Level 1:colcon.colcon_core.package_identification:_identify(build) by extension 'ignore'
[0.331s] Level 1:colcon.colcon_core.package_identification:_identify(build) ignored
[0.331s] Level 1:colcon.colcon_core.package_identification:_identify(install) by extensions ['ignore', 'ignore_ament_install']
[0.331s] Level 1:colcon.colcon_core.package_identification:_identify(install) by extension 'ignore'
[0.331s] Level 1:colcon.colcon_core.package_identification:_identify(install) ignored
[0.331s] Level 1:colcon.colcon_core.package_identification:_identify(log) by extensions ['ignore', 'ignore_ament_install']
[0.331s] Level 1:colcon.colcon_core.package_identification:_identify(log) by extension 'ignore'
[0.331s] Level 1:colcon.colcon_core.package_identification:_identify(log) ignored
[0.331s] Level 1:colcon.colcon_core.package_identification:_identify(src) by extensions ['ignore', 'ignore_ament_install']
[0.332s] Level 1:colcon.colcon_core.package_identification:_identify(src) by extension 'ignore'
[0.332s] Level 1:colcon.colcon_core.package_identification:_identify(src) by extension 'ignore_ament_install'
[0.332s] Level 1:colcon.colcon_core.package_identification:_identify(src) by extensions ['colcon_pkg']
[0.332s] Level 1:colcon.colcon_core.package_identification:_identify(src) by extension 'colcon_pkg'
[0.332s] Level 1:colcon.colcon_core.package_identification:_identify(src) by extensions ['colcon_meta']
[0.332s] Level 1:colcon.colcon_core.package_identification:_identify(src) by extension 'colcon_meta'
[0.332s] Level 1:colcon.colcon_core.package_identification:_identify(src) by extensions ['ros']
[0.332s] Level 1:colcon.colcon_core.package_identification:_identify(src) by extension 'ros'
[0.332s] Level 1:colcon.colcon_core.package_identification:_identify(src) by extensions ['cmake', 'python']
[0.332s] Level 1:colcon.colcon_core.package_identification:_identify(src) by extension 'cmake'
[0.332s] Level 1:colcon.colcon_core.package_identification:_identify(src) by extension 'python'
[0.332s] Level 1:colcon.colcon_core.package_identification:_identify(src) by extensions ['python_setup_py']
[0.332s] Level 1:colcon.colcon_core.package_identification:_identify(src) by extension 'python_setup_py'
[0.332s] Level 1:colcon.colcon_core.package_identification:_identify(src/build) by extensions ['ignore', 'ignore_ament_install']
[0.332s] Level 1:colcon.colcon_core.package_identification:_identify(src/build) by extension 'ignore'
[0.332s] Level 1:colcon.colcon_core.package_identification:_identify(src/build) ignored
[0.332s] Level 1:colcon.colcon_core.package_identification:_identify(src/install) by extensions ['ignore', 'ignore_ament_install']
[0.332s] Level 1:colcon.colcon_core.package_identification:_identify(src/install) by extension 'ignore'
[0.332s] Level 1:colcon.colcon_core.package_identification:_identify(src/install) ignored
[0.333s] Level 1:colcon.colcon_core.package_identification:_identify(src/log) by extensions ['ignore', 'ignore_ament_install']
[0.333s] Level 1:colcon.colcon_core.package_identification:_identify(src/log) by extension 'ignore'
[0.333s] Level 1:colcon.colcon_core.package_identification:_identify(src/log) ignored
[0.333s] Level 1:colcon.colcon_core.package_identification:_identify(src/mypkg) by extensions ['ignore', 'ignore_ament_install']
[0.333s] Level 1:colcon.colcon_core.package_identification:_identify(src/mypkg) by extension 'ignore'
[0.333s] Level 1:colcon.colcon_core.package_identification:_identify(src/mypkg) by extension 'ignore_ament_install'
[0.333s] Level 1:colcon.colcon_core.package_identification:_identify(src/mypkg) by extensions ['colcon_pkg']
[0.333s] Level 1:colcon.colcon_core.package_identification:_identify(src/mypkg) by extension 'colcon_pkg'
[0.333s] Level 1:colcon.colcon_core.package_identification:_identify(src/mypkg) by extensions ['colcon_meta']
[0.333s] Level 1:colcon.colcon_core.package_identification:_identify(src/mypkg) by extension 'colcon_meta'
[0.333s] Level 1:colcon.colcon_core.package_identification:_identify(src/mypkg) by extensions ['ros']
[0.333s] Level 1:colcon.colcon_core.package_identification:_identify(src/mypkg) by extension 'ros'
[0.334s] DEBUG:colcon.colcon_core.package_identification:Failed to parse potential ROS package manifest in'src/mypkg': Error(s) in package 'src/mypkg/package.xml':
The manifest contains invalid XML:
mismatched tag: line 11, column 27
[0.334s] Level 1:colcon.colcon_core.package_identification:_identify(src/mypkg) by extensions ['cmake', 'python']
[0.334s] Level 1:colcon.colcon_core.package_identification:_identify(src/mypkg) by extension 'cmake'
[0.334s] Level 1:colcon.colcon_core.package_identification:_identify(src/mypkg) by extension 'python'
[0.334s] DEBUG:colcon.colcon_core.package_identification:Python package in 'src/mypkg' passes arguments to the setup() function which requires a different identification extension than 'python'
[0.334s] Level 1:colcon.colcon_core.package_identification:_identify(src/mypkg) by extensions ['python_setup_py']
[0.334s] Level 1:colcon.colcon_core.package_identification:_identify(src/mypkg) by extension 'python_setup_py'
[0.576s] DEBUG:colcon.colcon_core.package_identification:Package 'src/mypkg' with type 'python' and name 'mypkg'
[0.576s] Level 1:colcon.colcon_core.package_identification:_identify(src/person_msg) by extensions ['ignore', 'ignore_ament_install']
[0.576s] Level 1:colcon.colcon_core.package_identification:_identify(src/person_msg) by extension 'ignore'
[0.576s] Level 1:colcon.colcon_core.package_identification:_identify(src/person_msg) by extension 'ignore_ament_install'
[0.576s] Level 1:colcon.colcon_core.package_identification:_identify(src/person_msg) by extensions ['colcon_pkg']
[0.576s] Level 1:colcon.colcon_core.package_identification:_identify(src/person_msg) by extension 'colcon_pkg'
[0.577s] Level 1:colcon.colcon_core.package_identification:_identify(src/person_msg) by extensions ['colcon_meta']
[0.577s] Level 1:colcon.colcon_core.package_identification:_identify(src/person_msg) by extension 'colcon_meta'
[0.577s] Level 1:colcon.colcon_core.package_identification:_identify(src/person_msg) by extensions ['ros']
[0.577s] Level 1:colcon.colcon_core.package_identification:_identify(src/person_msg) by extension 'ros'
[0.579s] DEBUG:colcon.colcon_core.package_identification:Package 'src/person_msg' with type 'ros.ament_cmake' and name 'person_msg'
[0.580s] Level 1:colcon.colcon_core.package_identification:_identify(src/person_msgs) by extensions ['ignore', 'ignore_ament_install']
[0.580s] Level 1:colcon.colcon_core.package_identification:_identify(src/person_msgs) by extension 'ignore'
[0.580s] Level 1:colcon.colcon_core.package_identification:_identify(src/person_msgs) by extension 'ignore_ament_install'
[0.580s] Level 1:colcon.colcon_core.package_identification:_identify(src/person_msgs) by extensions ['colcon_pkg']
[0.580s] Level 1:colcon.colcon_core.package_identification:_identify(src/person_msgs) by extension 'colcon_pkg'
[0.580s] Level 1:colcon.colcon_core.package_identification:_identify(src/person_msgs) by extensions ['colcon_meta']
[0.580s] Level 1:colcon.colcon_core.package_identification:_identify(src/person_msgs) by extension 'colcon_meta'
[0.580s] Level 1:colcon.colcon_core.package_identification:_identify(src/person_msgs) by extensions ['ros']
[0.580s] Level 1:colcon.colcon_core.package_identification:_identify(src/person_msgs) by extension 'ros'
[0.581s] DEBUG:colcon.colcon_core.package_identification:Package 'src/person_msgs' with type 'ros.ament_cmake' and name 'person_msgs'
[0.581s] Level 1:colcon.colcon_core.package_discovery:discover_packages(recursive) using defaults
[0.581s] Level 1:colcon.colcon_core.package_discovery:discover_packages(ignore) discover
[0.582s] Level 1:colcon.colcon_core.package_discovery:discover_packages(ignore) using defaults
[0.582s] Level 1:colcon.colcon_core.package_discovery:discover_packages(path) discover
[0.582s] Level 1:colcon.colcon_core.package_discovery:discover_packages(path) using defaults
[0.628s] Level 1:colcon.colcon_core.package_discovery:discover_packages(prefix_path) check parameters
[0.628s] Level 1:colcon.colcon_core.package_discovery:discover_packages(prefix_path) discover
[0.630s] DEBUG:colcon.colcon_installed_package_information.package_discovery:Found 3 installed packages in /home/ryo/ros2_ws/install
[0.632s] DEBUG:colcon.colcon_installed_package_information.package_discovery:Found 270 installed packages in /opt/ros/humble
[0.633s] Level 1:colcon.colcon_core.package_discovery:discover_packages(prefix_path) using defaults
[0.703s] Level 5:colcon.colcon_core.verb:set package 'mypkg' build argument 'cmake_args' from command line to 'None'
[0.703s] Level 5:colcon.colcon_core.verb:set package 'mypkg' build argument 'cmake_target' from command line to 'None'
[0.703s] Level 5:colcon.colcon_core.verb:set package 'mypkg' build argument 'cmake_target_skip_unavailable' from command line to 'False'
[0.703s] Level 5:colcon.colcon_core.verb:set package 'mypkg' build argument 'cmake_clean_cache' from command line to 'False'
[0.703s] Level 5:colcon.colcon_core.verb:set package 'mypkg' build argument 'cmake_clean_first' from command line to 'False'
[0.703s] Level 5:colcon.colcon_core.verb:set package 'mypkg' build argument 'cmake_force_configure' from command line to 'False'
[0.703s] Level 5:colcon.colcon_core.verb:set package 'mypkg' build argument 'ament_cmake_args' from command line to 'None'
[0.703s] Level 5:colcon.colcon_core.verb:set package 'mypkg' build argument 'catkin_cmake_args' from command line to 'None'
[0.703s] Level 5:colcon.colcon_core.verb:set package 'mypkg' build argument 'catkin_skip_building_tests' from command line to 'False'
[0.703s] DEBUG:colcon.colcon_core.verb:Building package 'mypkg' with the following arguments: {'ament_cmake_args': None, 'build_base': '/home/ryo/ros2_ws/build/mypkg', 'catkin_cmake_args': None, 'catkin_skip_building_tests': False, 'cmake_args': None, 'cmake_clean_cache': False, 'cmake_clean_first': False, 'cmake_force_configure': False, 'cmake_target': None, 'cmake_target_skip_unavailable': False, 'install_base': '/home/ryo/ros2_ws/install/mypkg', 'merge_install': False, 'path': '/home/ryo/ros2_ws/src/mypkg', 'symlink_install': False, 'test_result_base': None}
[0.704s] Level 5:colcon.colcon_core.verb:set package 'person_msg' build argument 'cmake_args' from command line to 'None'
[0.704s] Level 5:colcon.colcon_core.verb:set package 'person_msg' build argument 'cmake_target' from command line to 'None'
[0.704s] Level 5:colcon.colcon_core.verb:set package 'person_msg' build argument 'cmake_target_skip_unavailable' from command line to 'False'
[0.704s] Level 5:colcon.colcon_core.verb:set package 'person_msg' build argument 'cmake_clean_cache' from command line to 'False'
[0.704s] Level 5:colcon.colcon_core.verb:set package 'person_msg' build argument 'cmake_clean_first' from command line to 'False'
[0.704s] Level 5:colcon.colcon_core.verb:set package 'person_msg' build argument 'cmake_force_configure' from command line to 'False'
[0.704s] Level 5:colcon.colcon_core.verb:set package 'person_msg' build argument 'ament_cmake_args' from command line to 'None'
[0.704s] Level 5:colcon.colcon_core.verb:set package 'person_msg' build argument 'catkin_cmake_args' from command line to 'None'
[0.704s] Level 5:colcon.colcon_core.verb:set package 'person_msg' build argument 'catkin_skip_building_tests' from command line to 'False'
[0.704s] DEBUG:colcon.colcon_core.verb:Building package 'person_msg' with the following arguments: {'ament_cmake_args': None, 'build_base': '/home/ryo/ros2_ws/build/person_msg', 'catkin_cmake_args': None, 'catkin_skip_building_tests': False, 'cmake_args': None, 'cmake_clean_cache': False, 'cmake_clean_first': False, 'cmake_force_configure': False, 'cmake_target': None, 'cmake_target_skip_unavailable': False, 'install_base': '/home/ryo/ros2_ws/install/person_msg', 'merge_install': False, 'path': '/home/ryo/ros2_ws/src/person_msg', 'symlink_install': False, 'test_result_base': None}
[0.705s] Level 5:colcon.colcon_core.verb:set package 'person_msgs' build argument 'cmake_args' from command line to 'None'
[0.705s] Level 5:colcon.colcon_core.verb:set package 'person_msgs' build argument 'cmake_target' from command line to 'None'
[0.705s] Level 5:colcon.colcon_core.verb:set package 'person_msgs' build argument 'cmake_target_skip_unavailable' from command line to 'False'
[0.705s] Level 5:colcon.colcon_core.verb:set package 'person_msgs' build argument 'cmake_clean_cache' from command line to 'False'
[0.705s] Level 5:colcon.colcon_core.verb:set package 'person_msgs' build argument 'cmake_clean_first' from command line to 'False'
[0.705s] Level 5:colcon.colcon_core.verb:set package 'person_msgs' build argument 'cmake_force_configure' from command line to 'False'
[0.705s] Level 5:colcon.colcon_core.verb:set package 'person_msgs' build argument 'ament_cmake_args' from command line to 'None'
[0.705s] Level 5:colcon.colcon_core.verb:set package 'person_msgs' build argument 'catkin_cmake_args' from command line to 'None'
[0.705s] Level 5:colcon.colcon_core.verb:set package 'person_msgs' build argument 'catkin_skip_building_tests' from command line to 'False'
[0.705s] DEBUG:colcon.colcon_core.verb:Building package 'person_msgs' with the following arguments: {'ament_cmake_args': None, 'build_base': '/home/ryo/ros2_ws/build/person_msgs', 'catkin_cmake_args': None, 'catkin_skip_building_tests': False, 'cmake_args': None, 'cmake_clean_cache': False, 'cmake_clean_first': False, 'cmake_force_configure': False, 'cmake_target': None, 'cmake_target_skip_unavailable': False, 'install_base': '/home/ryo/ros2_ws/install/person_msgs', 'merge_install': False, 'path': '/home/ryo/ros2_ws/src/person_msgs', 'symlink_install': False, 'test_result_base': None}
[0.706s] INFO:colcon.colcon_core.executor:Executing jobs using 'parallel' executor
[0.710s] DEBUG:colcon.colcon_parallel_executor.executor.parallel:run_until_complete
[0.711s] INFO:colcon.colcon_core.task.python.build:Building Python package in '/home/ryo/ros2_ws/src/mypkg'
[0.716s] INFO:colcon.colcon_core.plugin_system:Skipping extension 'colcon_core.shell.bat': Not used on non-Windows systems
[0.716s] INFO:colcon.colcon_core.shell:Skip shell extension 'powershell' for command environment: Not usable outside of PowerShell
[0.716s] DEBUG:colcon.colcon_core.shell:Skip shell extension 'dsv' for command environment
[0.721s] INFO:colcon.colcon_ros.task.ament_cmake.build:Building ROS package in '/home/ryo/ros2_ws/src/person_msg' with build type 'ament_cmake'
[0.722s] INFO:colcon.colcon_cmake.task.cmake.build:Building CMake package in '/home/ryo/ros2_ws/src/person_msg'
[0.724s] INFO:colcon.colcon_core.shell:Skip shell extension 'powershell' for command environment: Not usable outside of PowerShell
[0.724s] DEBUG:colcon.colcon_core.shell:Skip shell extension 'dsv' for command environment
[0.734s] INFO:colcon.colcon_ros.task.ament_cmake.build:Building ROS package in '/home/ryo/ros2_ws/src/person_msgs' with build type 'ament_cmake'
[0.734s] INFO:colcon.colcon_cmake.task.cmake.build:Building CMake package in '/home/ryo/ros2_ws/src/person_msgs'
[0.737s] INFO:colcon.colcon_core.shell:Skip shell extension 'powershell' for command environment: Not usable outside of PowerShell
[0.737s] DEBUG:colcon.colcon_core.shell:Skip shell extension 'dsv' for command environment
[1.011s] DEBUG:colcon.colcon_core.event_handler.log_command:Invoking command in '/home/ryo/ros2_ws/build/person_msg': CMAKE_PREFIX_PATH=${CMAKE_PREFIX_PATH}:/home/ryo/ros2_ws/install/mypkg:/opt/ros/humble /usr/bin/cmake --build /home/ryo/ros2_ws/build/person_msg -- -j8 -l8
[1.017s] DEBUG:colcon.colcon_core.event_handler.log_command:Invoking command in '/home/ryo/ros2_ws/build/person_msgs': CMAKE_PREFIX_PATH=${CMAKE_PREFIX_PATH}:/home/ryo/ros2_ws/install/mypkg:/opt/ros/humble /usr/bin/cmake --build /home/ryo/ros2_ws/build/person_msgs -- -j8 -l8
[1.556s] DEBUG:colcon.colcon_core.event_handler.log_command:Invoking command in '/home/ryo/ros2_ws/src/mypkg': PYTHONPATH=/home/ryo/ros2_ws/install/mypkg/lib/python3.10/site-packages:${PYTHONPATH} /usr/bin/python3 setup.py egg_info --egg-base ../../build/mypkg build --build-base /home/ryo/ros2_ws/build/mypkg/build install --prefix /home/ryo/ros2_ws/install/mypkg --record /home/ryo/ros2_ws/build/mypkg/install.log --single-version-externally-managed
[1.707s] DEBUG:colcon.colcon_core.event_handler.log_command:Invoked command in '/home/ryo/ros2_ws/build/person_msgs' returned '0': CMAKE_PREFIX_PATH=${CMAKE_PREFIX_PATH}:/home/ryo/ros2_ws/install/mypkg:/opt/ros/humble /usr/bin/cmake --build /home/ryo/ros2_ws/build/person_msgs -- -j8 -l8
[1.721s] DEBUG:colcon.colcon_core.event_handler.log_command:Invoked command in '/home/ryo/ros2_ws/build/person_msg' returned '0': CMAKE_PREFIX_PATH=${CMAKE_PREFIX_PATH}:/home/ryo/ros2_ws/install/mypkg:/opt/ros/humble /usr/bin/cmake --build /home/ryo/ros2_ws/build/person_msg -- -j8 -l8
[1.815s] DEBUG:colcon.colcon_core.event_handler.log_command:Invoking command in '/home/ryo/ros2_ws/build/person_msgs': CMAKE_PREFIX_PATH=${CMAKE_PREFIX_PATH}:/home/ryo/ros2_ws/install/mypkg:/opt/ros/humble /usr/bin/cmake --install /home/ryo/ros2_ws/build/person_msgs
[1.821s] DEBUG:colcon.colcon_core.event_handler.log_command:Invoking command in '/home/ryo/ros2_ws/build/person_msg': CMAKE_PREFIX_PATH=${CMAKE_PREFIX_PATH}:/home/ryo/ros2_ws/install/mypkg:/opt/ros/humble /usr/bin/cmake --install /home/ryo/ros2_ws/build/person_msg
[1.904s] Level 1:colcon.colcon_core.environment:create_environment_scripts_only(person_msgs)
[1.945s] Level 1:colcon.colcon_core.environment:checking '/home/ryo/ros2_ws/install/person_msgs' for CMake module files
[1.953s] DEBUG:colcon.colcon_core.event_handler.log_command:Invoked command in '/home/ryo/ros2_ws/build/person_msgs' returned '0': CMAKE_PREFIX_PATH=${CMAKE_PREFIX_PATH}:/home/ryo/ros2_ws/install/mypkg:/opt/ros/humble /usr/bin/cmake --install /home/ryo/ros2_ws/build/person_msgs
[1.955s] Level 1:colcon.colcon_core.environment:checking '/home/ryo/ros2_ws/install/person_msgs' for CMake config files
[1.955s] Level 1:colcon.colcon_core.shell:create_environment_hook('person_msgs', 'cmake_prefix_path')
[1.957s] INFO:colcon.colcon_core.shell:Creating environment hook '/home/ryo/ros2_ws/install/person_msgs/share/person_msgs/hook/cmake_prefix_path.ps1'
[1.958s] INFO:colcon.colcon_core.shell:Creating environment descriptor '/home/ryo/ros2_ws/install/person_msgs/share/person_msgs/hook/cmake_prefix_path.dsv'
[1.959s] INFO:colcon.colcon_core.shell:Creating environment hook '/home/ryo/ros2_ws/install/person_msgs/share/person_msgs/hook/cmake_prefix_path.sh'
[1.961s] Level 1:colcon.colcon_core.environment:checking '/home/ryo/ros2_ws/install/person_msgs/lib'
[1.961s] Level 1:colcon.colcon_core.shell:create_environment_hook('person_msgs', 'ld_library_path_lib')
[1.963s] INFO:colcon.colcon_core.shell:Creating environment hook '/home/ryo/ros2_ws/install/person_msgs/share/person_msgs/hook/ld_library_path_lib.ps1'
[1.963s] INFO:colcon.colcon_core.shell:Creating environment descriptor '/home/ryo/ros2_ws/install/person_msgs/share/person_msgs/hook/ld_library_path_lib.dsv'
[1.964s] INFO:colcon.colcon_core.shell:Creating environment hook '/home/ryo/ros2_ws/install/person_msgs/share/person_msgs/hook/ld_library_path_lib.sh'
[1.964s] Level 1:colcon.colcon_core.environment:checking '/home/ryo/ros2_ws/install/person_msgs/bin'
[1.964s] Level 1:colcon.colcon_core.environment:checking '/home/ryo/ros2_ws/install/person_msgs/lib/pkgconfig/person_msgs.pc'
[1.964s] Level 1:colcon.colcon_core.environment:checking '/home/ryo/ros2_ws/install/person_msgs/lib/python3.10/site-packages'
[1.965s] Level 1:colcon.colcon_core.environment:checking '/home/ryo/ros2_ws/install/person_msgs/bin'
[1.967s] INFO:colcon.colcon_core.shell:Creating package script '/home/ryo/ros2_ws/install/person_msgs/share/person_msgs/package.ps1'
[1.968s] INFO:colcon.colcon_core.shell:Creating package descriptor '/home/ryo/ros2_ws/install/person_msgs/share/person_msgs/package.dsv'
[1.968s] INFO:colcon.colcon_core.shell:Creating package script '/home/ryo/ros2_ws/install/person_msgs/share/person_msgs/package.sh'
[1.969s] INFO:colcon.colcon_core.shell:Creating package script '/home/ryo/ros2_ws/install/person_msgs/share/person_msgs/package.bash'
[1.970s] INFO:colcon.colcon_core.shell:Creating package script '/home/ryo/ros2_ws/install/person_msgs/share/person_msgs/package.zsh'
[1.971s] Level 1:colcon.colcon_core.environment:create_file_with_runtime_dependencies(/home/ryo/ros2_ws/install/person_msgs/share/colcon-core/packages/person_msgs)
[1.973s] Level 1:colcon.colcon_core.environment:create_environment_scripts_only(person_msg)
[1.976s] Level 1:colcon.colcon_core.environment:checking '/home/ryo/ros2_ws/install/person_msg' for CMake module files
[1.978s] DEBUG:colcon.colcon_core.event_handler.log_command:Invoked command in '/home/ryo/ros2_ws/build/person_msg' returned '0': CMAKE_PREFIX_PATH=${CMAKE_PREFIX_PATH}:/home/ryo/ros2_ws/install/mypkg:/opt/ros/humble /usr/bin/cmake --install /home/ryo/ros2_ws/build/person_msg
[1.978s] Level 1:colcon.colcon_core.environment:checking '/home/ryo/ros2_ws/install/person_msg' for CMake config files
[1.979s] Level 1:colcon.colcon_core.shell:create_environment_hook('person_msg', 'cmake_prefix_path')
[1.980s] INFO:colcon.colcon_core.shell:Creating environment hook '/home/ryo/ros2_ws/install/person_msg/share/person_msg/hook/cmake_prefix_path.ps1'
[1.981s] INFO:colcon.colcon_core.shell:Creating environment descriptor '/home/ryo/ros2_ws/install/person_msg/share/person_msg/hook/cmake_prefix_path.dsv'
[1.981s] INFO:colcon.colcon_core.shell:Creating environment hook '/home/ryo/ros2_ws/install/person_msg/share/person_msg/hook/cmake_prefix_path.sh'
[1.982s] Level 1:colcon.colcon_core.environment:checking '/home/ryo/ros2_ws/install/person_msg/lib'
[1.982s] Level 1:colcon.colcon_core.shell:create_environment_hook('person_msg', 'ld_library_path_lib')
[1.985s] INFO:colcon.colcon_core.shell:Creating environment hook '/home/ryo/ros2_ws/install/person_msg/share/person_msg/hook/ld_library_path_lib.ps1'
[1.986s] INFO:colcon.colcon_core.shell:Creating environment descriptor '/home/ryo/ros2_ws/install/person_msg/share/person_msg/hook/ld_library_path_lib.dsv'
[1.986s] INFO:colcon.colcon_core.shell:Creating environment hook '/home/ryo/ros2_ws/install/person_msg/share/person_msg/hook/ld_library_path_lib.sh'
[1.987s] Level 1:colcon.colcon_core.environment:checking '/home/ryo/ros2_ws/install/person_msg/bin'
[1.987s] Level 1:colcon.colcon_core.environment:checking '/home/ryo/ros2_ws/install/person_msg/lib/pkgconfig/person_msg.pc'
[1.987s] Level 1:colcon.colcon_core.environment:checking '/home/ryo/ros2_ws/install/person_msg/lib/python3.10/site-packages'
[1.987s] Level 1:colcon.colcon_core.environment:checking '/home/ryo/ros2_ws/install/person_msg/bin'
[1.990s] INFO:colcon.colcon_core.shell:Creating package script '/home/ryo/ros2_ws/install/person_msg/share/person_msg/package.ps1'
[1.991s] INFO:colcon.colcon_core.shell:Creating package descriptor '/home/ryo/ros2_ws/install/person_msg/share/person_msg/package.dsv'
[1.992s] INFO:colcon.colcon_core.shell:Creating package script '/home/ryo/ros2_ws/install/person_msg/share/person_msg/package.sh'
[1.992s] INFO:colcon.colcon_core.shell:Creating package script '/home/ryo/ros2_ws/install/person_msg/share/person_msg/package.bash'
[1.993s] INFO:colcon.colcon_core.shell:Creating package script '/home/ryo/ros2_ws/install/person_msg/share/person_msg/package.zsh'
[1.993s] Level 1:colcon.colcon_core.environment:create_file_with_runtime_dependencies(/home/ryo/ros2_ws/install/person_msg/share/colcon-core/packages/person_msg)
[2.003s] Level 1:colcon.colcon_core.environment:checking '/home/ryo/ros2_ws/install/mypkg' for CMake module files
[2.005s] DEBUG:colcon.colcon_core.event_handler.log_command:Invoked command in '/home/ryo/ros2_ws/src/mypkg' returned '0': PYTHONPATH=/home/ryo/ros2_ws/install/mypkg/lib/python3.10/site-packages:${PYTHONPATH} /usr/bin/python3 setup.py egg_info --egg-base ../../build/mypkg build --build-base /home/ryo/ros2_ws/build/mypkg/build install --prefix /home/ryo/ros2_ws/install/mypkg --record /home/ryo/ros2_ws/build/mypkg/install.log --single-version-externally-managed
[2.006s] Level 1:colcon.colcon_core.environment:checking '/home/ryo/ros2_ws/install/mypkg' for CMake config files
[2.007s] Level 1:colcon.colcon_core.environment:checking '/home/ryo/ros2_ws/install/mypkg/lib'
[2.008s] Level 1:colcon.colcon_core.environment:checking '/home/ryo/ros2_ws/install/mypkg/bin'
[2.008s] Level 1:colcon.colcon_core.environment:checking '/home/ryo/ros2_ws/install/mypkg/lib/pkgconfig/mypkg.pc'
[2.008s] Level 1:colcon.colcon_core.environment:checking '/home/ryo/ros2_ws/install/mypkg/lib/python3.10/site-packages'
[2.009s] Level 1:colcon.colcon_core.shell:create_environment_hook('mypkg', 'pythonpath')
[2.013s] INFO:colcon.colcon_core.shell:Creating environment hook '/home/ryo/ros2_ws/install/mypkg/share/mypkg/hook/pythonpath.ps1'
[2.016s] INFO:colcon.colcon_core.shell:Creating environment descriptor '/home/ryo/ros2_ws/install/mypkg/share/mypkg/hook/pythonpath.dsv'
[2.017s] INFO:colcon.colcon_core.shell:Creating environment hook '/home/ryo/ros2_ws/install/mypkg/share/mypkg/hook/pythonpath.sh'
[2.018s] Level 1:colcon.colcon_core.environment:checking '/home/ryo/ros2_ws/install/mypkg/bin'
[2.018s] Level 1:colcon.colcon_core.environment:create_environment_scripts_only(mypkg)
[2.022s] INFO:colcon.colcon_core.shell:Creating package script '/home/ryo/ros2_ws/install/mypkg/share/mypkg/package.ps1'
[2.023s] INFO:colcon.colcon_core.shell:Creating package descriptor '/home/ryo/ros2_ws/install/mypkg/share/mypkg/package.dsv'
[2.024s] INFO:colcon.colcon_core.shell:Creating package script '/home/ryo/ros2_ws/install/mypkg/share/mypkg/package.sh'
[2.025s] INFO:colcon.colcon_core.shell:Creating package script '/home/ryo/ros2_ws/install/mypkg/share/mypkg/package.bash'
[2.026s] INFO:colcon.colcon_core.shell:Creating package script '/home/ryo/ros2_ws/install/mypkg/share/mypkg/package.zsh'
[2.027s] Level 1:colcon.colcon_core.environment:create_file_with_runtime_dependencies(/home/ryo/ros2_ws/install/mypkg/share/colcon-core/packages/mypkg)
[2.086s] Level 1:colcon.colcon_core.environment:create_environment_scripts_only(person_msgs)
[2.089s] Level 1:colcon.colcon_core.environment:checking '/home/ryo/ros2_ws/install/person_msgs' for CMake module files
[2.090s] Level 1:colcon.colcon_core.environment:checking '/home/ryo/ros2_ws/install/person_msgs' for CMake config files
[2.090s] Level 1:colcon.colcon_core.shell:create_environment_hook('person_msgs', 'cmake_prefix_path')
[2.092s] INFO:colcon.colcon_core.shell:Creating environment hook '/home/ryo/ros2_ws/install/person_msgs/share/person_msgs/hook/cmake_prefix_path.ps1'
[2.093s] INFO:colcon.colcon_core.shell:Creating environment descriptor '/home/ryo/ros2_ws/install/person_msgs/share/person_msgs/hook/cmake_prefix_path.dsv'
[2.093s] INFO:colcon.colcon_core.shell:Creating environment hook '/home/ryo/ros2_ws/install/person_msgs/share/person_msgs/hook/cmake_prefix_path.sh'
[2.094s] Level 1:colcon.colcon_core.environment:checking '/home/ryo/ros2_ws/install/person_msgs/lib'
[2.094s] Level 1:colcon.colcon_core.shell:create_environment_hook('person_msgs', 'ld_library_path_lib')
[2.096s] INFO:colcon.colcon_core.shell:Creating environment hook '/home/ryo/ros2_ws/install/person_msgs/share/person_msgs/hook/ld_library_path_lib.ps1'
[2.097s] INFO:colcon.colcon_core.shell:Creating environment descriptor '/home/ryo/ros2_ws/install/person_msgs/share/person_msgs/hook/ld_library_path_lib.dsv'
[2.097s] INFO:colcon.colcon_core.shell:Creating environment hook '/home/ryo/ros2_ws/install/person_msgs/share/person_msgs/hook/ld_library_path_lib.sh'
[2.098s] Level 1:colcon.colcon_core.environment:checking '/home/ryo/ros2_ws/install/person_msgs/bin'
[2.098s] Level 1:colcon.colcon_core.environment:checking '/home/ryo/ros2_ws/install/person_msgs/lib/pkgconfig/person_msgs.pc'
[2.098s] Level 1:colcon.colcon_core.environment:checking '/home/ryo/ros2_ws/install/person_msgs/lib/python3.10/site-packages'
[2.098s] Level 1:colcon.colcon_core.environment:checking '/home/ryo/ros2_ws/install/person_msgs/bin'
[2.100s] INFO:colcon.colcon_core.shell:Creating package script '/home/ryo/ros2_ws/install/person_msgs/share/person_msgs/package.ps1'
[2.101s] INFO:colcon.colcon_core.shell:Creating package descriptor '/home/ryo/ros2_ws/install/person_msgs/share/person_msgs/package.dsv'
[2.101s] INFO:colcon.colcon_core.shell:Creating package script '/home/ryo/ros2_ws/install/person_msgs/share/person_msgs/package.sh'
[2.102s] INFO:colcon.colcon_core.shell:Creating package script '/home/ryo/ros2_ws/install/person_msgs/share/person_msgs/package.bash'
[2.102s] INFO:colcon.colcon_core.shell:Creating package script '/home/ryo/ros2_ws/install/person_msgs/share/person_msgs/package.zsh'
[2.103s] Level 1:colcon.colcon_core.environment:create_file_with_runtime_dependencies(/home/ryo/ros2_ws/install/person_msgs/share/colcon-core/packages/person_msgs)
[2.107s] Level 1:colcon.colcon_core.environment:create_environment_scripts_only(person_msg)
[2.110s] Level 1:colcon.colcon_core.environment:checking '/home/ryo/ros2_ws/install/person_msg' for CMake module files
[2.110s] Level 1:colcon.colcon_core.environment:checking '/home/ryo/ros2_ws/install/person_msg' for CMake config files
[2.111s] Level 1:colcon.colcon_core.shell:create_environment_hook('person_msg', 'cmake_prefix_path')
[2.113s] INFO:colcon.colcon_core.shell:Creating environment hook '/home/ryo/ros2_ws/install/person_msg/share/person_msg/hook/cmake_prefix_path.ps1'
[2.113s] INFO:colcon.colcon_core.shell:Creating environment descriptor '/home/ryo/ros2_ws/install/person_msg/share/person_msg/hook/cmake_prefix_path.dsv'
[2.113s] INFO:colcon.colcon_core.shell:Creating environment hook '/home/ryo/ros2_ws/install/person_msg/share/person_msg/hook/cmake_prefix_path.sh'
[2.114s] Level 1:colcon.colcon_core.environment:checking '/home/ryo/ros2_ws/install/person_msg/lib'
[2.114s] Level 1:colcon.colcon_core.shell:create_environment_hook('person_msg', 'ld_library_path_lib')
[2.116s] INFO:colcon.colcon_core.shell:Creating environment hook '/home/ryo/ros2_ws/install/person_msg/share/person_msg/hook/ld_library_path_lib.ps1'
[2.117s] INFO:colcon.colcon_core.shell:Creating environment descriptor '/home/ryo/ros2_ws/install/person_msg/share/person_msg/hook/ld_library_path_lib.dsv'
[2.117s] INFO:colcon.colcon_core.shell:Creating environment hook '/home/ryo/ros2_ws/install/person_msg/share/person_msg/hook/ld_library_path_lib.sh'
[2.118s] Level 1:colcon.colcon_core.environment:checking '/home/ryo/ros2_ws/install/person_msg/bin'
[2.118s] Level 1:colcon.colcon_core.environment:checking '/home/ryo/ros2_ws/install/person_msg/lib/pkgconfig/person_msg.pc'
[2.118s] Level 1:colcon.colcon_core.environment:checking '/home/ryo/ros2_ws/install/person_msg/lib/python3.10/site-packages'
[2.119s] Level 1:colcon.colcon_core.environment:checking '/home/ryo/ros2_ws/install/person_msg/bin'
[2.121s] INFO:colcon.colcon_core.shell:Creating package script '/home/ryo/ros2_ws/install/person_msg/share/person_msg/package.ps1'
[2.122s] INFO:colcon.colcon_core.shell:Creating package descriptor '/home/ryo/ros2_ws/install/person_msg/share/person_msg/package.dsv'
[2.122s] INFO:colcon.colcon_core.shell:Creating package script '/home/ryo/ros2_ws/install/person_msg/share/person_msg/package.sh'
[2.123s] INFO:colcon.colcon_core.shell:Creating package script '/home/ryo/ros2_ws/install/person_msg/share/person_msg/package.bash'
[2.124s] INFO:colcon.colcon_core.shell:Creating package script '/home/ryo/ros2_ws/install/person_msg/share/person_msg/package.zsh'
[2.124s] Level 1:colcon.colcon_core.environment:create_file_with_runtime_dependencies(/home/ryo/ros2_ws/install/person_msg/share/colcon-core/packages/person_msg)
[2.125s] DEBUG:colcon.colcon_parallel_executor.executor.parallel:closing loop
[2.126s] DEBUG:colcon.colcon_parallel_executor.executor.parallel:loop closed
[2.126s] DEBUG:colcon.colcon_parallel_executor.executor.parallel:run_until_complete finished with '0'
[2.126s] DEBUG:colcon.colcon_core.event_reactor:joining thread
[2.138s] INFO:colcon.colcon_core.plugin_system:Skipping extension 'colcon_notification.desktop_notification.notify_send': Could not find 'notify-send'
[2.139s] INFO:colcon.colcon_core.plugin_system:Skipping extension 'colcon_notification.desktop_notification.terminal_notifier': Not used on non-Darwin systems
[2.139s] INFO:colcon.colcon_core.plugin_system:Skipping extension 'colcon_notification.desktop_notification.win32': Not used on non-Windows systems
[2.139s] INFO:colcon.colcon_notification.desktop_notification:Sending desktop notification using 'notify2'
[2.139s] DEBUG:colcon.colcon_notification.desktop_notification.notify2:Failed to initialize notify2: org.freedesktop.DBus.Error.NotSupported: Unable to autolaunch a dbus-daemon without a $DISPLAY for X11
[2.139s] DEBUG:colcon.colcon_core.event_reactor:joined thread
[2.142s] INFO:colcon.colcon_core.shell:Creating prefix script '/home/ryo/ros2_ws/install/local_setup.ps1'
[2.143s] INFO:colcon.colcon_core.shell:Creating prefix util module '/home/ryo/ros2_ws/install/_local_setup_util_ps1.py'
[2.145s] INFO:colcon.colcon_core.shell:Creating prefix chain script '/home/ryo/ros2_ws/install/setup.ps1'
[2.147s] INFO:colcon.colcon_core.shell:Creating prefix script '/home/ryo/ros2_ws/install/local_setup.sh'
[2.148s] INFO:colcon.colcon_core.shell:Creating prefix util module '/home/ryo/ros2_ws/install/_local_setup_util_sh.py'
[2.148s] INFO:colcon.colcon_core.shell:Creating prefix chain script '/home/ryo/ros2_ws/install/setup.sh'
[2.150s] INFO:colcon.colcon_core.shell:Creating prefix script '/home/ryo/ros2_ws/install/local_setup.bash'
[2.151s] INFO:colcon.colcon_core.shell:Creating prefix chain script '/home/ryo/ros2_ws/install/setup.bash'
[2.153s] INFO:colcon.colcon_core.shell:Creating prefix script '/home/ryo/ros2_ws/install/local_setup.zsh'
[2.153s] INFO:colcon.colcon_core.shell:Creating prefix chain script '/home/ryo/ros2_ws/install/setup.zsh'
