[0.278s] Invoking command in '/home/ryo/ros2_ws/build/person_msgs': CMAKE_PREFIX_PATH=${CMAKE_PREFIX_PATH}:/home/ryo/ros2_ws/install/mypkg:/opt/ros/humble /usr/bin/cmake --build /home/ryo/ros2_ws/build/person_msgs -- -j8 -l8
[0.331s] [35m[1mConsolidate compiler generated dependencies of target person_msgs__rosidl_generator_c[0m
[0.351s] [  9%] Built target person_msgs__rosidl_generator_c
[0.352s] [ 12%] Built target person_msgs__cpp
[0.366s] [ 12%] Built target ament_cmake_python_copy_person_msgs
[0.374s] [35m[1mConsolidate compiler generated dependencies of target person_msgs__rosidl_typesupport_introspection_c[0m
[0.379s] [35m[1mConsolidate compiler generated dependencies of target person_msgs__rosidl_typesupport_fastrtps_c[0m
[0.386s] [35m[1mConsolidate compiler generated dependencies of target person_msgs__rosidl_typesupport_introspection_cpp[0m
[0.386s] [35m[1mConsolidate compiler generated dependencies of target person_msgs__rosidl_typesupport_fastrtps_cpp[0m
[0.399s] [35m[1mConsolidate compiler generated dependencies of target person_msgs__rosidl_typesupport_c[0m
[0.404s] [35m[1mConsolidate compiler generated dependencies of target person_msgs__rosidl_typesupport_cpp[0m
[0.422s] [ 32%] Built target person_msgs__rosidl_typesupport_introspection_c
[0.423s] [ 32%] Built target person_msgs__rosidl_typesupport_fastrtps_c
[0.424s] [ 41%] Built target person_msgs__rosidl_typesupport_fastrtps_cpp
[0.430s] [ 51%] Built target person_msgs__rosidl_typesupport_introspection_cpp
[0.436s] [ 70%] Built target person_msgs__rosidl_typesupport_cpp
[0.436s] [ 70%] Built target person_msgs__rosidl_typesupport_c
[0.467s] [ 70%] Built target person_msgs
[0.497s] [ 74%] Built target person_msgs__py
[0.513s] [35m[1mConsolidate compiler generated dependencies of target person_msgs__rosidl_generator_py[0m
[0.535s] [ 80%] Built target person_msgs__rosidl_generator_py
[0.557s] [35m[1mConsolidate compiler generated dependencies of target person_msgs__rosidl_typesupport_introspection_c__pyext[0m
[0.560s] [35m[1mConsolidate compiler generated dependencies of target person_msgs__rosidl_typesupport_fastrtps_c__pyext[0m
[0.560s] [35m[1mConsolidate compiler generated dependencies of target person_msgs__rosidl_typesupport_c__pyext[0m
[0.586s] [ 87%] Built target person_msgs__rosidl_typesupport_introspection_c__pyext
[0.587s] [100%] Built target person_msgs__rosidl_typesupport_fastrtps_c__pyext
[0.588s] [100%] Built target person_msgs__rosidl_typesupport_c__pyext
[0.896s] running egg_info
[0.898s] writing person_msgs.egg-info/PKG-INFO
[0.898s] writing dependency_links to person_msgs.egg-info/dependency_links.txt
[0.898s] writing top-level names to person_msgs.egg-info/top_level.txt
[0.903s] reading manifest file 'person_msgs.egg-info/SOURCES.txt'
[0.904s] writing manifest file 'person_msgs.egg-info/SOURCES.txt'
[0.950s] [100%] Built target ament_cmake_python_build_person_msgs_egg
[0.968s] Invoked command in '/home/ryo/ros2_ws/build/person_msgs' returned '0': CMAKE_PREFIX_PATH=${CMAKE_PREFIX_PATH}:/home/ryo/ros2_ws/install/mypkg:/opt/ros/humble /usr/bin/cmake --build /home/ryo/ros2_ws/build/person_msgs -- -j8 -l8
[1.076s] Invoking command in '/home/ryo/ros2_ws/build/person_msgs': CMAKE_PREFIX_PATH=${CMAKE_PREFIX_PATH}:/home/ryo/ros2_ws/install/mypkg:/opt/ros/humble /usr/bin/cmake --install /home/ryo/ros2_ws/build/person_msgs
[1.087s] -- Install configuration: ""
[1.087s] -- Up-to-date: /home/ryo/ros2_ws/install/person_msgs/share/ament_index/resource_index/rosidl_interfaces/person_msgs
[1.087s] -- Up-to-date: /home/ryo/ros2_ws/install/person_msgs/include/person_msgs/person_msgs
[1.088s] -- Up-to-date: /home/ryo/ros2_ws/install/person_msgs/include/person_msgs/person_msgs/msg
[1.088s] -- Up-to-date: /home/ryo/ros2_ws/install/person_msgs/include/person_msgs/person_msgs/msg/person.h
[1.089s] -- Up-to-date: /home/ryo/ros2_ws/install/person_msgs/include/person_msgs/person_msgs/msg/rosidl_generator_c__visibility_control.h
[1.089s] -- Up-to-date: /home/ryo/ros2_ws/install/person_msgs/include/person_msgs/person_msgs/msg/detail
[1.089s] -- Up-to-date: /home/ryo/ros2_ws/install/person_msgs/include/person_msgs/person_msgs/msg/detail/person__functions.c
[1.090s] -- Up-to-date: /home/ryo/ros2_ws/install/person_msgs/include/person_msgs/person_msgs/msg/detail/person__type_support.h
[1.090s] -- Up-to-date: /home/ryo/ros2_ws/install/person_msgs/include/person_msgs/person_msgs/msg/detail/person__functions.h
[1.090s] -- Up-to-date: /home/ryo/ros2_ws/install/person_msgs/include/person_msgs/person_msgs/msg/detail/person__struct.h
[1.091s] -- Up-to-date: /home/ryo/ros2_ws/install/person_msgs/share/person_msgs/environment/library_path.sh
[1.091s] -- Up-to-date: /home/ryo/ros2_ws/install/person_msgs/share/person_msgs/environment/library_path.dsv
[1.092s] -- Up-to-date: /home/ryo/ros2_ws/install/person_msgs/lib/libperson_msgs__rosidl_generator_c.so
[1.094s] -- Up-to-date: /home/ryo/ros2_ws/install/person_msgs/include/person_msgs/person_msgs
[1.094s] -- Up-to-date: /home/ryo/ros2_ws/install/person_msgs/include/person_msgs/person_msgs/msg
[1.095s] -- Up-to-date: /home/ryo/ros2_ws/install/person_msgs/include/person_msgs/person_msgs/msg/rosidl_typesupport_fastrtps_c__visibility_control.h
[1.096s] -- Up-to-date: /home/ryo/ros2_ws/install/person_msgs/include/person_msgs/person_msgs/msg/detail
[1.097s] -- Up-to-date: /home/ryo/ros2_ws/install/person_msgs/include/person_msgs/person_msgs/msg/detail/person__rosidl_typesupport_fastrtps_c.h
[1.097s] -- Up-to-date: /home/ryo/ros2_ws/install/person_msgs/lib/libperson_msgs__rosidl_typesupport_fastrtps_c.so
[1.097s] -- Up-to-date: /home/ryo/ros2_ws/install/person_msgs/include/person_msgs/person_msgs
[1.098s] -- Up-to-date: /home/ryo/ros2_ws/install/person_msgs/include/person_msgs/person_msgs/msg
[1.098s] -- Up-to-date: /home/ryo/ros2_ws/install/person_msgs/include/person_msgs/person_msgs/msg/rosidl_typesupport_introspection_c__visibility_control.h
[1.098s] -- Up-to-date: /home/ryo/ros2_ws/install/person_msgs/include/person_msgs/person_msgs/msg/detail
[1.099s] -- Up-to-date: /home/ryo/ros2_ws/install/person_msgs/include/person_msgs/person_msgs/msg/detail/person__type_support.c
[1.099s] -- Up-to-date: /home/ryo/ros2_ws/install/person_msgs/include/person_msgs/person_msgs/msg/detail/person__rosidl_typesupport_introspection_c.h
[1.099s] -- Up-to-date: /home/ryo/ros2_ws/install/person_msgs/lib/libperson_msgs__rosidl_typesupport_introspection_c.so
[1.100s] -- Up-to-date: /home/ryo/ros2_ws/install/person_msgs/lib/libperson_msgs__rosidl_typesupport_c.so
[1.100s] -- Up-to-date: /home/ryo/ros2_ws/install/person_msgs/include/person_msgs/person_msgs
[1.101s] -- Up-to-date: /home/ryo/ros2_ws/install/person_msgs/include/person_msgs/person_msgs/msg
[1.101s] -- Up-to-date: /home/ryo/ros2_ws/install/person_msgs/include/person_msgs/person_msgs/msg/person.hpp
[1.101s] -- Up-to-date: /home/ryo/ros2_ws/install/person_msgs/include/person_msgs/person_msgs/msg/detail
[1.101s] -- Up-to-date: /home/ryo/ros2_ws/install/person_msgs/include/person_msgs/person_msgs/msg/detail/person__builder.hpp
[1.102s] -- Up-to-date: /home/ryo/ros2_ws/install/person_msgs/include/person_msgs/person_msgs/msg/detail/person__traits.hpp
[1.102s] -- Up-to-date: /home/ryo/ros2_ws/install/person_msgs/include/person_msgs/person_msgs/msg/detail/person__struct.hpp
[1.102s] -- Up-to-date: /home/ryo/ros2_ws/install/person_msgs/include/person_msgs/person_msgs
[1.102s] -- Up-to-date: /home/ryo/ros2_ws/install/person_msgs/include/person_msgs/person_msgs/msg
[1.102s] -- Up-to-date: /home/ryo/ros2_ws/install/person_msgs/include/person_msgs/person_msgs/msg/rosidl_typesupport_fastrtps_cpp__visibility_control.h
[1.102s] -- Up-to-date: /home/ryo/ros2_ws/install/person_msgs/include/person_msgs/person_msgs/msg/detail
[1.103s] -- Up-to-date: /home/ryo/ros2_ws/install/person_msgs/include/person_msgs/person_msgs/msg/detail/dds_fastrtps
[1.104s] -- Up-to-date: /home/ryo/ros2_ws/install/person_msgs/include/person_msgs/person_msgs/msg/detail/person__rosidl_typesupport_fastrtps_cpp.hpp
[1.105s] -- Up-to-date: /home/ryo/ros2_ws/install/person_msgs/lib/libperson_msgs__rosidl_typesupport_fastrtps_cpp.so
[1.106s] -- Up-to-date: /home/ryo/ros2_ws/install/person_msgs/include/person_msgs/person_msgs
[1.106s] -- Up-to-date: /home/ryo/ros2_ws/install/person_msgs/include/person_msgs/person_msgs/msg
[1.106s] -- Up-to-date: /home/ryo/ros2_ws/install/person_msgs/include/person_msgs/person_msgs/msg/detail
[1.106s] -- Up-to-date: /home/ryo/ros2_ws/install/person_msgs/include/person_msgs/person_msgs/msg/detail/person__rosidl_typesupport_introspection_cpp.hpp
[1.106s] -- Up-to-date: /home/ryo/ros2_ws/install/person_msgs/include/person_msgs/person_msgs/msg/detail/person__type_support.cpp
[1.106s] -- Up-to-date: /home/ryo/ros2_ws/install/person_msgs/lib/libperson_msgs__rosidl_typesupport_introspection_cpp.so
[1.107s] -- Up-to-date: /home/ryo/ros2_ws/install/person_msgs/lib/libperson_msgs__rosidl_typesupport_cpp.so
[1.108s] -- Up-to-date: /home/ryo/ros2_ws/install/person_msgs/share/person_msgs/environment/pythonpath.sh
[1.108s] -- Up-to-date: /home/ryo/ros2_ws/install/person_msgs/share/person_msgs/environment/pythonpath.dsv
[1.108s] -- Up-to-date: /home/ryo/ros2_ws/install/person_msgs/local/lib/python3.10/dist-packages/person_msgs-0.0.0-py3.10.egg-info
[1.108s] -- Installing: /home/ryo/ros2_ws/install/person_msgs/local/lib/python3.10/dist-packages/person_msgs-0.0.0-py3.10.egg-info/top_level.txt
[1.108s] -- Installing: /home/ryo/ros2_ws/install/person_msgs/local/lib/python3.10/dist-packages/person_msgs-0.0.0-py3.10.egg-info/dependency_links.txt
[1.108s] -- Installing: /home/ryo/ros2_ws/install/person_msgs/local/lib/python3.10/dist-packages/person_msgs-0.0.0-py3.10.egg-info/SOURCES.txt
[1.110s] -- Installing: /home/ryo/ros2_ws/install/person_msgs/local/lib/python3.10/dist-packages/person_msgs-0.0.0-py3.10.egg-info/PKG-INFO
[1.111s] -- Up-to-date: /home/ryo/ros2_ws/install/person_msgs/local/lib/python3.10/dist-packages/person_msgs
[1.111s] -- Up-to-date: /home/ryo/ros2_ws/install/person_msgs/local/lib/python3.10/dist-packages/person_msgs/libperson_msgs__rosidl_generator_py.so
[1.111s] -- Up-to-date: /home/ryo/ros2_ws/install/person_msgs/local/lib/python3.10/dist-packages/person_msgs/_person_msgs_s.ep.rosidl_typesupport_introspection_c.c
[1.111s] -- Up-to-date: /home/ryo/ros2_ws/install/person_msgs/local/lib/python3.10/dist-packages/person_msgs/_person_msgs_s.ep.rosidl_typesupport_c.c
[1.111s] -- Up-to-date: /home/ryo/ros2_ws/install/person_msgs/local/lib/python3.10/dist-packages/person_msgs/person_msgs_s__rosidl_typesupport_fastrtps_c.cpython-310-x86_64-linux-gnu.so
[1.111s] -- Up-to-date: /home/ryo/ros2_ws/install/person_msgs/local/lib/python3.10/dist-packages/person_msgs/msg
[1.112s] -- Up-to-date: /home/ryo/ros2_ws/install/person_msgs/local/lib/python3.10/dist-packages/person_msgs/msg/_person.py
[1.112s] -- Up-to-date: /home/ryo/ros2_ws/install/person_msgs/local/lib/python3.10/dist-packages/person_msgs/msg/_person_s.c
[1.112s] -- Up-to-date: /home/ryo/ros2_ws/install/person_msgs/local/lib/python3.10/dist-packages/person_msgs/msg/__init__.py
[1.112s] -- Up-to-date: /home/ryo/ros2_ws/install/person_msgs/local/lib/python3.10/dist-packages/person_msgs/person_msgs_s__rosidl_typesupport_introspection_c.cpython-310-x86_64-linux-gnu.so
[1.112s] -- Up-to-date: /home/ryo/ros2_ws/install/person_msgs/local/lib/python3.10/dist-packages/person_msgs/person_msgs_s__rosidl_typesupport_c.cpython-310-x86_64-linux-gnu.so
[1.112s] -- Up-to-date: /home/ryo/ros2_ws/install/person_msgs/local/lib/python3.10/dist-packages/person_msgs/_person_msgs_s.ep.rosidl_typesupport_fastrtps_c.c
[1.112s] -- Up-to-date: /home/ryo/ros2_ws/install/person_msgs/local/lib/python3.10/dist-packages/person_msgs/__init__.py
[1.141s] Listing '/home/ryo/ros2_ws/install/person_msgs/local/lib/python3.10/dist-packages/person_msgs'...
[1.141s] Listing '/home/ryo/ros2_ws/install/person_msgs/local/lib/python3.10/dist-packages/person_msgs/msg'...
[1.148s] -- Up-to-date: /home/ryo/ros2_ws/install/person_msgs/local/lib/python3.10/dist-packages/person_msgs/person_msgs_s__rosidl_typesupport_fastrtps_c.cpython-310-x86_64-linux-gnu.so
[1.150s] -- Up-to-date: /home/ryo/ros2_ws/install/person_msgs/local/lib/python3.10/dist-packages/person_msgs/person_msgs_s__rosidl_typesupport_introspection_c.cpython-310-x86_64-linux-gnu.so
[1.150s] -- Up-to-date: /home/ryo/ros2_ws/install/person_msgs/local/lib/python3.10/dist-packages/person_msgs/person_msgs_s__rosidl_typesupport_c.cpython-310-x86_64-linux-gnu.so
[1.151s] -- Up-to-date: /home/ryo/ros2_ws/install/person_msgs/lib/libperson_msgs__rosidl_generator_py.so
[1.154s] -- Up-to-date: /home/ryo/ros2_ws/install/person_msgs/share/person_msgs/msg/Person.idl
[1.154s] -- Up-to-date: /home/ryo/ros2_ws/install/person_msgs/share/person_msgs/msg/Person.msg
[1.154s] -- Up-to-date: /home/ryo/ros2_ws/install/person_msgs/share/ament_index/resource_index/package_run_dependencies/person_msgs
[1.155s] -- Up-to-date: /home/ryo/ros2_ws/install/person_msgs/share/ament_index/resource_index/parent_prefix_path/person_msgs
[1.155s] -- Up-to-date: /home/ryo/ros2_ws/install/person_msgs/share/person_msgs/environment/ament_prefix_path.sh
[1.156s] -- Up-to-date: /home/ryo/ros2_ws/install/person_msgs/share/person_msgs/environment/ament_prefix_path.dsv
[1.156s] -- Up-to-date: /home/ryo/ros2_ws/install/person_msgs/share/person_msgs/environment/path.sh
[1.157s] -- Up-to-date: /home/ryo/ros2_ws/install/person_msgs/share/person_msgs/environment/path.dsv
[1.158s] -- Up-to-date: /home/ryo/ros2_ws/install/person_msgs/share/person_msgs/local_setup.bash
[1.159s] -- Up-to-date: /home/ryo/ros2_ws/install/person_msgs/share/person_msgs/local_setup.sh
[1.160s] -- Up-to-date: /home/ryo/ros2_ws/install/person_msgs/share/person_msgs/local_setup.zsh
[1.160s] -- Up-to-date: /home/ryo/ros2_ws/install/person_msgs/share/person_msgs/local_setup.dsv
[1.163s] -- Installing: /home/ryo/ros2_ws/install/person_msgs/share/person_msgs/package.dsv
[1.167s] -- Up-to-date: /home/ryo/ros2_ws/install/person_msgs/share/ament_index/resource_index/packages/person_msgs
[1.168s] -- Up-to-date: /home/ryo/ros2_ws/install/person_msgs/share/person_msgs/cmake/export_person_msgs__rosidl_generator_cExport.cmake
[1.170s] -- Up-to-date: /home/ryo/ros2_ws/install/person_msgs/share/person_msgs/cmake/export_person_msgs__rosidl_generator_cExport-noconfig.cmake
[1.170s] -- Up-to-date: /home/ryo/ros2_ws/install/person_msgs/share/person_msgs/cmake/export_person_msgs__rosidl_typesupport_fastrtps_cExport.cmake
[1.170s] -- Up-to-date: /home/ryo/ros2_ws/install/person_msgs/share/person_msgs/cmake/export_person_msgs__rosidl_typesupport_fastrtps_cExport-noconfig.cmake
[1.170s] -- Up-to-date: /home/ryo/ros2_ws/install/person_msgs/share/person_msgs/cmake/person_msgs__rosidl_typesupport_introspection_cExport.cmake
[1.171s] -- Up-to-date: /home/ryo/ros2_ws/install/person_msgs/share/person_msgs/cmake/person_msgs__rosidl_typesupport_introspection_cExport-noconfig.cmake
[1.174s] -- Up-to-date: /home/ryo/ros2_ws/install/person_msgs/share/person_msgs/cmake/person_msgs__rosidl_typesupport_cExport.cmake
[1.175s] -- Up-to-date: /home/ryo/ros2_ws/install/person_msgs/share/person_msgs/cmake/person_msgs__rosidl_typesupport_cExport-noconfig.cmake
[1.176s] -- Up-to-date: /home/ryo/ros2_ws/install/person_msgs/share/person_msgs/cmake/export_person_msgs__rosidl_generator_cppExport.cmake
[1.176s] -- Up-to-date: /home/ryo/ros2_ws/install/person_msgs/share/person_msgs/cmake/export_person_msgs__rosidl_typesupport_fastrtps_cppExport.cmake
[1.176s] -- Up-to-date: /home/ryo/ros2_ws/install/person_msgs/share/person_msgs/cmake/export_person_msgs__rosidl_typesupport_fastrtps_cppExport-noconfig.cmake
[1.177s] -- Up-to-date: /home/ryo/ros2_ws/install/person_msgs/share/person_msgs/cmake/person_msgs__rosidl_typesupport_introspection_cppExport.cmake
[1.177s] -- Up-to-date: /home/ryo/ros2_ws/install/person_msgs/share/person_msgs/cmake/person_msgs__rosidl_typesupport_introspection_cppExport-noconfig.cmake
[1.178s] -- Up-to-date: /home/ryo/ros2_ws/install/person_msgs/share/person_msgs/cmake/person_msgs__rosidl_typesupport_cppExport.cmake
[1.178s] -- Up-to-date: /home/ryo/ros2_ws/install/person_msgs/share/person_msgs/cmake/person_msgs__rosidl_typesupport_cppExport-noconfig.cmake
[1.179s] -- Up-to-date: /home/ryo/ros2_ws/install/person_msgs/share/person_msgs/cmake/export_person_msgs__rosidl_generator_pyExport.cmake
[1.179s] -- Up-to-date: /home/ryo/ros2_ws/install/person_msgs/share/person_msgs/cmake/export_person_msgs__rosidl_generator_pyExport-noconfig.cmake
[1.180s] -- Up-to-date: /home/ryo/ros2_ws/install/person_msgs/share/person_msgs/cmake/rosidl_cmake-extras.cmake
[1.180s] -- Up-to-date: /home/ryo/ros2_ws/install/person_msgs/share/person_msgs/cmake/ament_cmake_export_include_directories-extras.cmake
[1.181s] -- Up-to-date: /home/ryo/ros2_ws/install/person_msgs/share/person_msgs/cmake/ament_cmake_export_libraries-extras.cmake
[1.181s] -- Up-to-date: /home/ryo/ros2_ws/install/person_msgs/share/person_msgs/cmake/ament_cmake_export_targets-extras.cmake
[1.184s] -- Up-to-date: /home/ryo/ros2_ws/install/person_msgs/share/person_msgs/cmake/rosidl_cmake_export_typesupport_targets-extras.cmake
[1.185s] -- Up-to-date: /home/ryo/ros2_ws/install/person_msgs/share/person_msgs/cmake/ament_cmake_export_dependencies-extras.cmake
[1.185s] -- Up-to-date: /home/ryo/ros2_ws/install/person_msgs/share/person_msgs/cmake/rosidl_cmake_export_typesupport_libraries-extras.cmake
[1.185s] -- Up-to-date: /home/ryo/ros2_ws/install/person_msgs/share/person_msgs/cmake/person_msgsConfig.cmake
[1.186s] -- Up-to-date: /home/ryo/ros2_ws/install/person_msgs/share/person_msgs/cmake/person_msgsConfig-version.cmake
[1.186s] -- Up-to-date: /home/ryo/ros2_ws/install/person_msgs/share/person_msgs/package.xml
[1.214s] Invoked command in '/home/ryo/ros2_ws/build/person_msgs' returned '0': CMAKE_PREFIX_PATH=${CMAKE_PREFIX_PATH}:/home/ryo/ros2_ws/install/mypkg:/opt/ros/humble /usr/bin/cmake --install /home/ryo/ros2_ws/build/person_msgs
