[1.380s] Invoking command in '/home/ryo/ros2_ws/src/mypkg': PYTHONPATH=/home/ryo/ros2_ws/install/mypkg/lib/python3.10/site-packages:${PYTHONPATH} /usr/bin/python3 setup.py egg_info --egg-base ../../build/mypkg build --build-base /home/ryo/ros2_ws/build/mypkg/build install --prefix /home/ryo/ros2_ws/install/mypkg --record /home/ryo/ros2_ws/build/mypkg/install.log --single-version-externally-managed
[1.984s] running egg_info
[1.987s] writing ../../build/mypkg/mypkg.egg-info/PKG-INFO
[1.988s] writing dependency_links to ../../build/mypkg/mypkg.egg-info/dependency_links.txt
[1.990s] writing entry points to ../../build/mypkg/mypkg.egg-info/entry_points.txt
[1.990s] writing requirements to ../../build/mypkg/mypkg.egg-info/requires.txt
[1.991s] writing top-level names to ../../build/mypkg/mypkg.egg-info/top_level.txt
[1.995s] reading manifest file '../../build/mypkg/mypkg.egg-info/SOURCES.txt'
[1.998s] writing manifest file '../../build/mypkg/mypkg.egg-info/SOURCES.txt'
[1.999s] running build
[2.000s] running build_py
[2.001s] copying mypkg/talker.py -> /home/ryo/ros2_ws/build/mypkg/build/lib/mypkg
[2.002s] running install
[2.002s] running install_lib
[2.002s] /usr/lib/python3/dist-packages/setuptools/command/install.py:34: SetuptoolsDeprecationWarning: setup.py install is deprecated. Use build and pip and other standards-based tools.
[2.002s]   warnings.warn(
[2.003s] copying /home/ryo/ros2_ws/build/mypkg/build/lib/mypkg/talker.py -> /home/ryo/ros2_ws/install/mypkg/lib/python3.10/site-packages/mypkg
[2.004s] byte-compiling /home/ryo/ros2_ws/install/mypkg/lib/python3.10/site-packages/mypkg/talker.py to talker.cpython-310.pyc
[2.006s] running install_data
[2.008s] copying package.xml -> /home/ryo/ros2_ws/install/mypkg/share/mypkg
[2.008s] running install_egg_info
[2.012s] removing '/home/ryo/ros2_ws/install/mypkg/lib/python3.10/site-packages/mypkg-0.0.0-py3.10.egg-info' (and everything under it)
[2.013s] Copying ../../build/mypkg/mypkg.egg-info to /home/ryo/ros2_ws/install/mypkg/lib/python3.10/site-packages/mypkg-0.0.0-py3.10.egg-info
[2.015s] running install_scripts
[2.066s] Installing talker script to /home/ryo/ros2_ws/install/mypkg/lib/mypkg
[2.067s] writing list of installed files to '/home/ryo/ros2_ws/build/mypkg/install.log'
[2.128s] Invoked command in '/home/ryo/ros2_ws/src/mypkg' returned '0': PYTHONPATH=/home/ryo/ros2_ws/install/mypkg/lib/python3.10/site-packages:${PYTHONPATH} /usr/bin/python3 setup.py egg_info --egg-base ../../build/mypkg build --build-base /home/ryo/ros2_ws/build/mypkg/build install --prefix /home/ryo/ros2_ws/install/mypkg --record /home/ryo/ros2_ws/build/mypkg/install.log --single-version-externally-managed
