[0.284s] Invoking command in '/home/ryo/ros2_ws/build/person_msg': CMAKE_PREFIX_PATH=${CMAKE_PREFIX_PATH}:/home/ryo/ros2_ws/install/mypkg:/opt/ros/humble /usr/bin/cmake --build /home/ryo/ros2_ws/build/person_msg -- -j8 -l8
[0.335s] [35m[1mConsolidate compiler generated dependencies of target person_msg__rosidl_generator_c[0m
[0.354s] [  3%] Built target person_msg__cpp
[0.356s] [ 12%] Built target person_msg__rosidl_generator_c
[0.370s] [ 12%] Built target ament_cmake_python_copy_person_msg
[0.375s] [35m[1mConsolidate compiler generated dependencies of target person_msg__rosidl_typesupport_introspection_cpp[0m
[0.380s] [35m[1mConsolidate compiler generated dependencies of target person_msg__rosidl_typesupport_cpp[0m
[0.384s] [35m[1mConsolidate compiler generated dependencies of target person_msg__rosidl_typesupport_fastrtps_cpp[0m
[0.398s] [35m[1mConsolidate compiler generated dependencies of target person_msg__rosidl_typesupport_introspection_c[0m
[0.398s] [35m[1mConsolidate compiler generated dependencies of target person_msg__rosidl_typesupport_fastrtps_c[0m
[0.410s] [35m[1mConsolidate compiler generated dependencies of target person_msg__rosidl_typesupport_c[0m
[0.420s] [ 22%] Built target person_msg__rosidl_typesupport_introspection_cpp
[0.420s] [ 32%] Built target person_msg__rosidl_typesupport_fastrtps_cpp
[0.427s] [ 41%] Built target person_msg__rosidl_typesupport_cpp
[0.427s] [ 51%] Built target person_msg__rosidl_typesupport_introspection_c
[0.437s] [ 61%] Built target person_msg__rosidl_typesupport_fastrtps_c
[0.443s] [ 70%] Built target person_msg__rosidl_typesupport_c
[0.472s] [ 70%] Built target person_msg
[0.501s] [ 74%] Built target person_msg__py
[0.516s] [35m[1mConsolidate compiler generated dependencies of target person_msg__rosidl_generator_py[0m
[0.536s] [ 80%] Built target person_msg__rosidl_generator_py
[0.555s] [35m[1mConsolidate compiler generated dependencies of target person_msg__rosidl_typesupport_c__pyext[0m
[0.555s] [35m[1mConsolidate compiler generated dependencies of target person_msg__rosidl_typesupport_fastrtps_c__pyext[0m
[0.555s] [35m[1mConsolidate compiler generated dependencies of target person_msg__rosidl_typesupport_introspection_c__pyext[0m
[0.583s] [ 87%] Built target person_msg__rosidl_typesupport_fastrtps_c__pyext
[0.584s] [ 93%] Built target person_msg__rosidl_typesupport_c__pyext
[0.593s] [100%] Built target person_msg__rosidl_typesupport_introspection_c__pyext
[0.920s] running egg_info
[0.921s] writing person_msg.egg-info/PKG-INFO
[0.922s] writing dependency_links to person_msg.egg-info/dependency_links.txt
[0.922s] writing top-level names to person_msg.egg-info/top_level.txt
[0.927s] reading manifest file 'person_msg.egg-info/SOURCES.txt'
[0.929s] writing manifest file 'person_msg.egg-info/SOURCES.txt'
[0.971s] [100%] Built target ament_cmake_python_build_person_msg_egg
[0.995s] Invoked command in '/home/ryo/ros2_ws/build/person_msg' returned '0': CMAKE_PREFIX_PATH=${CMAKE_PREFIX_PATH}:/home/ryo/ros2_ws/install/mypkg:/opt/ros/humble /usr/bin/cmake --build /home/ryo/ros2_ws/build/person_msg -- -j8 -l8
[1.095s] Invoking command in '/home/ryo/ros2_ws/build/person_msg': CMAKE_PREFIX_PATH=${CMAKE_PREFIX_PATH}:/home/ryo/ros2_ws/install/mypkg:/opt/ros/humble /usr/bin/cmake --install /home/ryo/ros2_ws/build/person_msg
[1.116s] -- Install configuration: ""
[1.116s] -- Up-to-date: /home/ryo/ros2_ws/install/person_msg/share/ament_index/resource_index/rosidl_interfaces/person_msg
[1.116s] -- Up-to-date: /home/ryo/ros2_ws/install/person_msg/include/person_msg/person_msg
[1.117s] -- Up-to-date: /home/ryo/ros2_ws/install/person_msg/include/person_msg/person_msg/msg
[1.117s] -- Up-to-date: /home/ryo/ros2_ws/install/person_msg/include/person_msg/person_msg/msg/person.h
[1.117s] -- Up-to-date: /home/ryo/ros2_ws/install/person_msg/include/person_msg/person_msg/msg/rosidl_generator_c__visibility_control.h
[1.117s] -- Up-to-date: /home/ryo/ros2_ws/install/person_msg/include/person_msg/person_msg/msg/detail
[1.117s] -- Up-to-date: /home/ryo/ros2_ws/install/person_msg/include/person_msg/person_msg/msg/detail/person__functions.c
[1.117s] -- Up-to-date: /home/ryo/ros2_ws/install/person_msg/include/person_msg/person_msg/msg/detail/person__type_support.h
[1.117s] -- Up-to-date: /home/ryo/ros2_ws/install/person_msg/include/person_msg/person_msg/msg/detail/person__functions.h
[1.117s] -- Up-to-date: /home/ryo/ros2_ws/install/person_msg/include/person_msg/person_msg/msg/detail/person__struct.h
[1.118s] -- Up-to-date: /home/ryo/ros2_ws/install/person_msg/share/person_msg/environment/library_path.sh
[1.118s] -- Up-to-date: /home/ryo/ros2_ws/install/person_msg/share/person_msg/environment/library_path.dsv
[1.118s] -- Up-to-date: /home/ryo/ros2_ws/install/person_msg/lib/libperson_msg__rosidl_generator_c.so
[1.118s] -- Up-to-date: /home/ryo/ros2_ws/install/person_msg/include/person_msg/person_msg
[1.118s] -- Up-to-date: /home/ryo/ros2_ws/install/person_msg/include/person_msg/person_msg/msg
[1.118s] -- Up-to-date: /home/ryo/ros2_ws/install/person_msg/include/person_msg/person_msg/msg/rosidl_typesupport_fastrtps_c__visibility_control.h
[1.119s] -- Up-to-date: /home/ryo/ros2_ws/install/person_msg/include/person_msg/person_msg/msg/detail
[1.119s] -- Up-to-date: /home/ryo/ros2_ws/install/person_msg/include/person_msg/person_msg/msg/detail/person__rosidl_typesupport_fastrtps_c.h
[1.120s] -- Up-to-date: /home/ryo/ros2_ws/install/person_msg/lib/libperson_msg__rosidl_typesupport_fastrtps_c.so
[1.120s] -- Up-to-date: /home/ryo/ros2_ws/install/person_msg/include/person_msg/person_msg
[1.120s] -- Up-to-date: /home/ryo/ros2_ws/install/person_msg/include/person_msg/person_msg/msg
[1.120s] -- Up-to-date: /home/ryo/ros2_ws/install/person_msg/include/person_msg/person_msg/msg/rosidl_typesupport_introspection_c__visibility_control.h
[1.120s] -- Up-to-date: /home/ryo/ros2_ws/install/person_msg/include/person_msg/person_msg/msg/detail
[1.120s] -- Up-to-date: /home/ryo/ros2_ws/install/person_msg/include/person_msg/person_msg/msg/detail/person__type_support.c
[1.121s] -- Up-to-date: /home/ryo/ros2_ws/install/person_msg/include/person_msg/person_msg/msg/detail/person__rosidl_typesupport_introspection_c.h
[1.121s] -- Up-to-date: /home/ryo/ros2_ws/install/person_msg/lib/libperson_msg__rosidl_typesupport_introspection_c.so
[1.122s] -- Up-to-date: /home/ryo/ros2_ws/install/person_msg/lib/libperson_msg__rosidl_typesupport_c.so
[1.122s] -- Up-to-date: /home/ryo/ros2_ws/install/person_msg/include/person_msg/person_msg
[1.122s] -- Up-to-date: /home/ryo/ros2_ws/install/person_msg/include/person_msg/person_msg/msg
[1.122s] -- Up-to-date: /home/ryo/ros2_ws/install/person_msg/include/person_msg/person_msg/msg/person.hpp
[1.122s] -- Up-to-date: /home/ryo/ros2_ws/install/person_msg/include/person_msg/person_msg/msg/detail
[1.122s] -- Up-to-date: /home/ryo/ros2_ws/install/person_msg/include/person_msg/person_msg/msg/detail/person__builder.hpp
[1.123s] -- Up-to-date: /home/ryo/ros2_ws/install/person_msg/include/person_msg/person_msg/msg/detail/person__traits.hpp
[1.123s] -- Up-to-date: /home/ryo/ros2_ws/install/person_msg/include/person_msg/person_msg/msg/detail/person__struct.hpp
[1.123s] -- Up-to-date: /home/ryo/ros2_ws/install/person_msg/include/person_msg/person_msg
[1.123s] -- Up-to-date: /home/ryo/ros2_ws/install/person_msg/include/person_msg/person_msg/msg
[1.123s] -- Up-to-date: /home/ryo/ros2_ws/install/person_msg/include/person_msg/person_msg/msg/rosidl_typesupport_fastrtps_cpp__visibility_control.h
[1.123s] -- Up-to-date: /home/ryo/ros2_ws/install/person_msg/include/person_msg/person_msg/msg/detail
[1.123s] -- Up-to-date: /home/ryo/ros2_ws/install/person_msg/include/person_msg/person_msg/msg/detail/dds_fastrtps
[1.124s] -- Up-to-date: /home/ryo/ros2_ws/install/person_msg/include/person_msg/person_msg/msg/detail/person__rosidl_typesupport_fastrtps_cpp.hpp
[1.124s] -- Up-to-date: /home/ryo/ros2_ws/install/person_msg/lib/libperson_msg__rosidl_typesupport_fastrtps_cpp.so
[1.126s] -- Up-to-date: /home/ryo/ros2_ws/install/person_msg/include/person_msg/person_msg
[1.126s] -- Up-to-date: /home/ryo/ros2_ws/install/person_msg/include/person_msg/person_msg/msg
[1.126s] -- Up-to-date: /home/ryo/ros2_ws/install/person_msg/include/person_msg/person_msg/msg/detail
[1.126s] -- Up-to-date: /home/ryo/ros2_ws/install/person_msg/include/person_msg/person_msg/msg/detail/person__rosidl_typesupport_introspection_cpp.hpp
[1.126s] -- Up-to-date: /home/ryo/ros2_ws/install/person_msg/include/person_msg/person_msg/msg/detail/person__type_support.cpp
[1.126s] -- Up-to-date: /home/ryo/ros2_ws/install/person_msg/lib/libperson_msg__rosidl_typesupport_introspection_cpp.so
[1.126s] -- Up-to-date: /home/ryo/ros2_ws/install/person_msg/lib/libperson_msg__rosidl_typesupport_cpp.so
[1.126s] -- Up-to-date: /home/ryo/ros2_ws/install/person_msg/share/person_msg/environment/pythonpath.sh
[1.126s] -- Up-to-date: /home/ryo/ros2_ws/install/person_msg/share/person_msg/environment/pythonpath.dsv
[1.126s] -- Up-to-date: /home/ryo/ros2_ws/install/person_msg/local/lib/python3.10/dist-packages/person_msg-0.0.0-py3.10.egg-info
[1.127s] -- Installing: /home/ryo/ros2_ws/install/person_msg/local/lib/python3.10/dist-packages/person_msg-0.0.0-py3.10.egg-info/top_level.txt
[1.127s] -- Installing: /home/ryo/ros2_ws/install/person_msg/local/lib/python3.10/dist-packages/person_msg-0.0.0-py3.10.egg-info/dependency_links.txt
[1.127s] -- Installing: /home/ryo/ros2_ws/install/person_msg/local/lib/python3.10/dist-packages/person_msg-0.0.0-py3.10.egg-info/SOURCES.txt
[1.127s] -- Installing: /home/ryo/ros2_ws/install/person_msg/local/lib/python3.10/dist-packages/person_msg-0.0.0-py3.10.egg-info/PKG-INFO
[1.127s] -- Up-to-date: /home/ryo/ros2_ws/install/person_msg/local/lib/python3.10/dist-packages/person_msg
[1.127s] -- Up-to-date: /home/ryo/ros2_ws/install/person_msg/local/lib/python3.10/dist-packages/person_msg/_person_msg_s.ep.rosidl_typesupport_fastrtps_c.c
[1.127s] -- Up-to-date: /home/ryo/ros2_ws/install/person_msg/local/lib/python3.10/dist-packages/person_msg/_person_msg_s.ep.rosidl_typesupport_introspection_c.c
[1.127s] -- Up-to-date: /home/ryo/ros2_ws/install/person_msg/local/lib/python3.10/dist-packages/person_msg/_person_msg_s.ep.rosidl_typesupport_c.c
[1.127s] -- Up-to-date: /home/ryo/ros2_ws/install/person_msg/local/lib/python3.10/dist-packages/person_msg/msg
[1.127s] -- Up-to-date: /home/ryo/ros2_ws/install/person_msg/local/lib/python3.10/dist-packages/person_msg/msg/_person.py
[1.127s] -- Up-to-date: /home/ryo/ros2_ws/install/person_msg/local/lib/python3.10/dist-packages/person_msg/msg/_person_s.c
[1.127s] -- Up-to-date: /home/ryo/ros2_ws/install/person_msg/local/lib/python3.10/dist-packages/person_msg/msg/__init__.py
[1.127s] -- Up-to-date: /home/ryo/ros2_ws/install/person_msg/local/lib/python3.10/dist-packages/person_msg/person_msg_s__rosidl_typesupport_c.cpython-310-x86_64-linux-gnu.so
[1.128s] -- Up-to-date: /home/ryo/ros2_ws/install/person_msg/local/lib/python3.10/dist-packages/person_msg/person_msg_s__rosidl_typesupport_introspection_c.cpython-310-x86_64-linux-gnu.so
[1.128s] -- Up-to-date: /home/ryo/ros2_ws/install/person_msg/local/lib/python3.10/dist-packages/person_msg/person_msg_s__rosidl_typesupport_fastrtps_c.cpython-310-x86_64-linux-gnu.so
[1.128s] -- Up-to-date: /home/ryo/ros2_ws/install/person_msg/local/lib/python3.10/dist-packages/person_msg/libperson_msg__rosidl_generator_py.so
[1.128s] -- Up-to-date: /home/ryo/ros2_ws/install/person_msg/local/lib/python3.10/dist-packages/person_msg/__init__.py
[1.160s] Listing '/home/ryo/ros2_ws/install/person_msg/local/lib/python3.10/dist-packages/person_msg'...
[1.161s] Listing '/home/ryo/ros2_ws/install/person_msg/local/lib/python3.10/dist-packages/person_msg/msg'...
[1.200s] -- Up-to-date: /home/ryo/ros2_ws/install/person_msg/local/lib/python3.10/dist-packages/person_msg/person_msg_s__rosidl_typesupport_fastrtps_c.cpython-310-x86_64-linux-gnu.so
[1.204s] -- Up-to-date: /home/ryo/ros2_ws/install/person_msg/local/lib/python3.10/dist-packages/person_msg/person_msg_s__rosidl_typesupport_introspection_c.cpython-310-x86_64-linux-gnu.so
[1.204s] -- Up-to-date: /home/ryo/ros2_ws/install/person_msg/local/lib/python3.10/dist-packages/person_msg/person_msg_s__rosidl_typesupport_c.cpython-310-x86_64-linux-gnu.so
[1.208s] -- Up-to-date: /home/ryo/ros2_ws/install/person_msg/lib/libperson_msg__rosidl_generator_py.so
[1.208s] -- Up-to-date: /home/ryo/ros2_ws/install/person_msg/share/person_msg/msg/Person.idl
[1.209s] -- Up-to-date: /home/ryo/ros2_ws/install/person_msg/share/person_msg/msg/Person.msg
[1.209s] -- Up-to-date: /home/ryo/ros2_ws/install/person_msg/share/ament_index/resource_index/package_run_dependencies/person_msg
[1.210s] -- Up-to-date: /home/ryo/ros2_ws/install/person_msg/share/ament_index/resource_index/parent_prefix_path/person_msg
[1.210s] -- Up-to-date: /home/ryo/ros2_ws/install/person_msg/share/person_msg/environment/ament_prefix_path.sh
[1.210s] -- Up-to-date: /home/ryo/ros2_ws/install/person_msg/share/person_msg/environment/ament_prefix_path.dsv
[1.211s] -- Up-to-date: /home/ryo/ros2_ws/install/person_msg/share/person_msg/environment/path.sh
[1.211s] -- Up-to-date: /home/ryo/ros2_ws/install/person_msg/share/person_msg/environment/path.dsv
[1.212s] -- Up-to-date: /home/ryo/ros2_ws/install/person_msg/share/person_msg/local_setup.bash
[1.212s] -- Up-to-date: /home/ryo/ros2_ws/install/person_msg/share/person_msg/local_setup.sh
[1.215s] -- Up-to-date: /home/ryo/ros2_ws/install/person_msg/share/person_msg/local_setup.zsh
[1.215s] -- Up-to-date: /home/ryo/ros2_ws/install/person_msg/share/person_msg/local_setup.dsv
[1.215s] -- Installing: /home/ryo/ros2_ws/install/person_msg/share/person_msg/package.dsv
[1.216s] -- Up-to-date: /home/ryo/ros2_ws/install/person_msg/share/ament_index/resource_index/packages/person_msg
[1.216s] -- Up-to-date: /home/ryo/ros2_ws/install/person_msg/share/person_msg/cmake/export_person_msg__rosidl_generator_cExport.cmake
[1.217s] -- Up-to-date: /home/ryo/ros2_ws/install/person_msg/share/person_msg/cmake/export_person_msg__rosidl_generator_cExport-noconfig.cmake
[1.217s] -- Up-to-date: /home/ryo/ros2_ws/install/person_msg/share/person_msg/cmake/export_person_msg__rosidl_typesupport_fastrtps_cExport.cmake
[1.217s] -- Up-to-date: /home/ryo/ros2_ws/install/person_msg/share/person_msg/cmake/export_person_msg__rosidl_typesupport_fastrtps_cExport-noconfig.cmake
[1.218s] -- Up-to-date: /home/ryo/ros2_ws/install/person_msg/share/person_msg/cmake/person_msg__rosidl_typesupport_introspection_cExport.cmake
[1.218s] -- Up-to-date: /home/ryo/ros2_ws/install/person_msg/share/person_msg/cmake/person_msg__rosidl_typesupport_introspection_cExport-noconfig.cmake
[1.218s] -- Up-to-date: /home/ryo/ros2_ws/install/person_msg/share/person_msg/cmake/person_msg__rosidl_typesupport_cExport.cmake
[1.219s] -- Up-to-date: /home/ryo/ros2_ws/install/person_msg/share/person_msg/cmake/person_msg__rosidl_typesupport_cExport-noconfig.cmake
[1.220s] -- Up-to-date: /home/ryo/ros2_ws/install/person_msg/share/person_msg/cmake/export_person_msg__rosidl_generator_cppExport.cmake
[1.220s] -- Up-to-date: /home/ryo/ros2_ws/install/person_msg/share/person_msg/cmake/export_person_msg__rosidl_typesupport_fastrtps_cppExport.cmake
[1.221s] -- Up-to-date: /home/ryo/ros2_ws/install/person_msg/share/person_msg/cmake/export_person_msg__rosidl_typesupport_fastrtps_cppExport-noconfig.cmake
[1.221s] -- Up-to-date: /home/ryo/ros2_ws/install/person_msg/share/person_msg/cmake/person_msg__rosidl_typesupport_introspection_cppExport.cmake
[1.221s] -- Up-to-date: /home/ryo/ros2_ws/install/person_msg/share/person_msg/cmake/person_msg__rosidl_typesupport_introspection_cppExport-noconfig.cmake
[1.222s] -- Up-to-date: /home/ryo/ros2_ws/install/person_msg/share/person_msg/cmake/person_msg__rosidl_typesupport_cppExport.cmake
[1.222s] -- Up-to-date: /home/ryo/ros2_ws/install/person_msg/share/person_msg/cmake/person_msg__rosidl_typesupport_cppExport-noconfig.cmake
[1.222s] -- Up-to-date: /home/ryo/ros2_ws/install/person_msg/share/person_msg/cmake/export_person_msg__rosidl_generator_pyExport.cmake
[1.223s] -- Up-to-date: /home/ryo/ros2_ws/install/person_msg/share/person_msg/cmake/export_person_msg__rosidl_generator_pyExport-noconfig.cmake
[1.224s] -- Up-to-date: /home/ryo/ros2_ws/install/person_msg/share/person_msg/cmake/rosidl_cmake-extras.cmake
[1.224s] -- Up-to-date: /home/ryo/ros2_ws/install/person_msg/share/person_msg/cmake/ament_cmake_export_include_directories-extras.cmake
[1.225s] -- Up-to-date: /home/ryo/ros2_ws/install/person_msg/share/person_msg/cmake/ament_cmake_export_libraries-extras.cmake
[1.225s] -- Up-to-date: /home/ryo/ros2_ws/install/person_msg/share/person_msg/cmake/ament_cmake_export_targets-extras.cmake
[1.226s] -- Up-to-date: /home/ryo/ros2_ws/install/person_msg/share/person_msg/cmake/rosidl_cmake_export_typesupport_targets-extras.cmake
[1.226s] -- Up-to-date: /home/ryo/ros2_ws/install/person_msg/share/person_msg/cmake/ament_cmake_export_dependencies-extras.cmake
[1.227s] -- Up-to-date: /home/ryo/ros2_ws/install/person_msg/share/person_msg/cmake/rosidl_cmake_export_typesupport_libraries-extras.cmake
[1.227s] -- Up-to-date: /home/ryo/ros2_ws/install/person_msg/share/person_msg/cmake/person_msgConfig.cmake
[1.227s] -- Up-to-date: /home/ryo/ros2_ws/install/person_msg/share/person_msg/cmake/person_msgConfig-version.cmake
[1.227s] -- Up-to-date: /home/ryo/ros2_ws/install/person_msg/share/person_msg/package.xml
[1.252s] Invoked command in '/home/ryo/ros2_ws/build/person_msg' returned '0': CMAKE_PREFIX_PATH=${CMAKE_PREFIX_PATH}:/home/ryo/ros2_ws/install/mypkg:/opt/ros/humble /usr/bin/cmake --install /home/ryo/ros2_ws/build/person_msg
