[0.758s] Invoking command in '/home/ryo/ros2_ws/src/mypkg': PYTHONPATH=/home/ryo/ros2_ws/install/mypkg/lib/python3.10/site-packages:${PYTHONPATH} /usr/bin/python3 setup.py egg_info --egg-base ../../build/mypkg build --build-base /home/ryo/ros2_ws/build/mypkg/build install --prefix /home/ryo/ros2_ws/install/mypkg --record /home/ryo/ros2_ws/build/mypkg/install.log --single-version-externally-managed
[1.084s] running egg_info
[1.086s] writing ../../build/mypkg/mypkg.egg-info/PKG-INFO
[1.086s] writing dependency_links to ../../build/mypkg/mypkg.egg-info/dependency_links.txt
[1.087s] writing entry points to ../../build/mypkg/mypkg.egg-info/entry_points.txt
[1.087s] writing requirements to ../../build/mypkg/mypkg.egg-info/requires.txt
[1.087s] writing top-level names to ../../build/mypkg/mypkg.egg-info/top_level.txt
[1.091s] reading manifest file '../../build/mypkg/mypkg.egg-info/SOURCES.txt'
[1.092s] writing manifest file '../../build/mypkg/mypkg.egg-info/SOURCES.txt'
[1.092s] running build
[1.092s] running build_py
[1.093s] running install
[1.093s] /usr/lib/python3/dist-packages/setuptools/command/install.py:34: SetuptoolsDeprecationWarning: setup.py install is deprecated. Use build and pip and other standards-based tools.
[1.093s]   warnings.warn(
[1.094s] running install_lib
[1.095s] running install_data
[1.096s] running install_egg_info
[1.097s] removing '/home/ryo/ros2_ws/install/mypkg/lib/python3.10/site-packages/mypkg-0.0.0-py3.10.egg-info' (and everything under it)
[1.098s] Copying ../../build/mypkg/mypkg.egg-info to /home/ryo/ros2_ws/install/mypkg/lib/python3.10/site-packages/mypkg-0.0.0-py3.10.egg-info
[1.099s] running install_scripts
[1.124s] Installing listener script to /home/ryo/ros2_ws/install/mypkg/lib/mypkg
[1.124s] Installing talker script to /home/ryo/ros2_ws/install/mypkg/lib/mypkg
[1.124s] writing list of installed files to '/home/ryo/ros2_ws/build/mypkg/install.log'
