[0.282s] Invoking command in '/home/ryo/ros2_ws/build/person_msgs': CMAKE_PREFIX_PATH=${CMAKE_PREFIX_PATH}:/home/ryo/ros2_ws/install/mypkg:/opt/ros/humble /usr/bin/cmake --build /home/ryo/ros2_ws/build/person_msgs -- -j8 -l8
[0.306s] -- Found ament_cmake: 1.3.2 (/opt/ros/humble/share/ament_cmake/cmake)
[0.580s] -- Found rosidl_default_generators: 1.2.0 (/opt/ros/humble/share/rosidl_default_generators/cmake)
[0.581s] -- Using all available rosidl_typesupport_c: rosidl_typesupport_fastrtps_c;rosidl_typesupport_introspection_c
[0.586s] -- Found rosidl_adapter: 3.1.3 (/opt/ros/humble/share/rosidl_adapter/cmake)
[0.629s] -- Using all available rosidl_typesupport_cpp: rosidl_typesupport_fastrtps_cpp;rosidl_typesupport_introspection_cpp
[1.034s] -- Found ament_cmake_ros: 0.10.0 (/opt/ros/humble/share/ament_cmake_ros/cmake)
[1.280s] -- Using all available rosidl_typesupport_c: rosidl_typesupport_fastrtps_c;rosidl_typesupport_introspection_c
[1.632s] -- Using all available rosidl_typesupport_cpp: rosidl_typesupport_fastrtps_cpp;rosidl_typesupport_introspection_cpp
[1.653s] -- Found python_cmake_module: 0.10.0 (/opt/ros/humble/share/python_cmake_module/cmake)
[1.675s] -- Using PYTHON_EXECUTABLE: /usr/bin/python3
[1.675s] -- Using PYTHON_INCLUDE_DIRS: /usr/include/python3.10
[1.675s] -- Using PYTHON_LIBRARIES: /usr/lib/x86_64-linux-gnu/libpython3.10.so
[1.688s] -- Found ament_lint_auto: 0.12.4 (/opt/ros/humble/share/ament_lint_auto/cmake)
[1.700s] -- Added test 'lint_cmake' to check CMake code style
[1.701s] -- Added test 'xmllint' to check XML markup files
[1.703s] -- Configuring done
[1.734s] -- Generating done
[1.738s] -- Build files have been written to: /home/ryo/ros2_ws/build/person_msgs
[1.770s] [35m[1mConsolidate compiler generated dependencies of target person_msgs__rosidl_generator_c[0m
[1.777s] [  3%] Built target person_msgs__cpp
[1.782s] [ 12%] Built target person_msgs__rosidl_generator_c
[1.792s] [35m[1mConsolidate compiler generated dependencies of target person_msgs__rosidl_typesupport_cpp[0m
[1.792s] [35m[1mConsolidate compiler generated dependencies of target person_msgs__rosidl_typesupport_fastrtps_cpp[0m
[1.793s] [35m[1mConsolidate compiler generated dependencies of target person_msgs__rosidl_typesupport_introspection_cpp[0m
[1.794s] [ 12%] Built target ament_cmake_python_copy_person_msgs
[1.800s] [35m[1mConsolidate compiler generated dependencies of target person_msgs__rosidl_typesupport_fastrtps_c[0m
[1.801s] [35m[1mConsolidate compiler generated dependencies of target person_msgs__rosidl_typesupport_introspection_c[0m
[1.804s] [35m[1mConsolidate compiler generated dependencies of target person_msgs__rosidl_typesupport_c[0m
[1.814s] [ 22%] Built target person_msgs__rosidl_typesupport_cpp
[1.815s] [ 32%] Built target person_msgs__rosidl_typesupport_fastrtps_cpp
[1.816s] [ 41%] Built target person_msgs__rosidl_typesupport_introspection_cpp
[1.820s] [ 51%] Built target person_msgs__rosidl_typesupport_introspection_c
[1.821s] [ 61%] Built target person_msgs__rosidl_typesupport_fastrtps_c
[1.824s] [ 70%] Built target person_msgs__rosidl_typesupport_c
[1.844s] [ 70%] Built target person_msgs
[1.864s] [ 74%] Built target person_msgs__py
[1.874s] [35m[1mConsolidate compiler generated dependencies of target person_msgs__rosidl_generator_py[0m
[1.886s] [ 80%] Built target person_msgs__rosidl_generator_py
[1.900s] [35m[1mConsolidate compiler generated dependencies of target person_msgs__rosidl_typesupport_fastrtps_c__pyext[0m
[1.900s] [35m[1mConsolidate compiler generated dependencies of target person_msgs__rosidl_typesupport_introspection_c__pyext[0m
[1.901s] [35m[1mConsolidate compiler generated dependencies of target person_msgs__rosidl_typesupport_c__pyext[0m
[1.919s] [ 87%] Built target person_msgs__rosidl_typesupport_c__pyext
[1.920s] [100%] Built target person_msgs__rosidl_typesupport_introspection_c__pyext
[1.920s] [100%] Built target person_msgs__rosidl_typesupport_fastrtps_c__pyext
[2.053s] running egg_info
[2.054s] writing person_msgs.egg-info/PKG-INFO
[2.054s] writing dependency_links to person_msgs.egg-info/dependency_links.txt
[2.055s] writing top-level names to person_msgs.egg-info/top_level.txt
[2.056s] reading manifest file 'person_msgs.egg-info/SOURCES.txt'
[2.057s] writing manifest file 'person_msgs.egg-info/SOURCES.txt'
[2.082s] [100%] Built target ament_cmake_python_build_person_msgs_egg
[2.094s] Invoked command in '/home/ryo/ros2_ws/build/person_msgs' returned '0': CMAKE_PREFIX_PATH=${CMAKE_PREFIX_PATH}:/home/ryo/ros2_ws/install/mypkg:/opt/ros/humble /usr/bin/cmake --build /home/ryo/ros2_ws/build/person_msgs -- -j8 -l8
[2.185s] Invoking command in '/home/ryo/ros2_ws/build/person_msgs': CMAKE_PREFIX_PATH=${CMAKE_PREFIX_PATH}:/home/ryo/ros2_ws/install/mypkg:/opt/ros/humble /usr/bin/cmake --install /home/ryo/ros2_ws/build/person_msgs
[2.192s] -- Install configuration: ""
[2.193s] -- Up-to-date: /home/ryo/ros2_ws/install/person_msgs/share/ament_index/resource_index/rosidl_interfaces/person_msgs
[2.193s] -- Up-to-date: /home/ryo/ros2_ws/install/person_msgs/include/person_msgs/person_msgs
[2.193s] -- Up-to-date: /home/ryo/ros2_ws/install/person_msgs/include/person_msgs/person_msgs/msg
[2.193s] -- Up-to-date: /home/ryo/ros2_ws/install/person_msgs/include/person_msgs/person_msgs/msg/person.h
[2.193s] -- Up-to-date: /home/ryo/ros2_ws/install/person_msgs/include/person_msgs/person_msgs/msg/rosidl_generator_c__visibility_control.h
[2.194s] -- Up-to-date: /home/ryo/ros2_ws/install/person_msgs/include/person_msgs/person_msgs/msg/detail
[2.194s] -- Up-to-date: /home/ryo/ros2_ws/install/person_msgs/include/person_msgs/person_msgs/msg/detail/person__functions.c
[2.194s] -- Up-to-date: /home/ryo/ros2_ws/install/person_msgs/include/person_msgs/person_msgs/msg/detail/person__type_support.h
[2.194s] -- Up-to-date: /home/ryo/ros2_ws/install/person_msgs/include/person_msgs/person_msgs/msg/detail/person__functions.h
[2.195s] -- Up-to-date: /home/ryo/ros2_ws/install/person_msgs/include/person_msgs/person_msgs/msg/detail/person__struct.h
[2.195s] -- Up-to-date: /home/ryo/ros2_ws/install/person_msgs/share/person_msgs/environment/library_path.sh
[2.195s] -- Installing: /home/ryo/ros2_ws/install/person_msgs/share/person_msgs/environment/library_path.dsv
[2.196s] -- Up-to-date: /home/ryo/ros2_ws/install/person_msgs/lib/libperson_msgs__rosidl_generator_c.so
[2.196s] -- Up-to-date: /home/ryo/ros2_ws/install/person_msgs/include/person_msgs/person_msgs
[2.197s] -- Up-to-date: /home/ryo/ros2_ws/install/person_msgs/include/person_msgs/person_msgs/msg
[2.197s] -- Up-to-date: /home/ryo/ros2_ws/install/person_msgs/include/person_msgs/person_msgs/msg/rosidl_typesupport_fastrtps_c__visibility_control.h
[2.197s] -- Up-to-date: /home/ryo/ros2_ws/install/person_msgs/include/person_msgs/person_msgs/msg/detail
[2.197s] -- Up-to-date: /home/ryo/ros2_ws/install/person_msgs/include/person_msgs/person_msgs/msg/detail/person__rosidl_typesupport_fastrtps_c.h
[2.198s] -- Up-to-date: /home/ryo/ros2_ws/install/person_msgs/lib/libperson_msgs__rosidl_typesupport_fastrtps_c.so
[2.198s] -- Up-to-date: /home/ryo/ros2_ws/install/person_msgs/include/person_msgs/person_msgs
[2.198s] -- Up-to-date: /home/ryo/ros2_ws/install/person_msgs/include/person_msgs/person_msgs/msg
[2.198s] -- Up-to-date: /home/ryo/ros2_ws/install/person_msgs/include/person_msgs/person_msgs/msg/rosidl_typesupport_introspection_c__visibility_control.h
[2.198s] -- Up-to-date: /home/ryo/ros2_ws/install/person_msgs/include/person_msgs/person_msgs/msg/detail
[2.199s] -- Up-to-date: /home/ryo/ros2_ws/install/person_msgs/include/person_msgs/person_msgs/msg/detail/person__type_support.c
[2.199s] -- Up-to-date: /home/ryo/ros2_ws/install/person_msgs/include/person_msgs/person_msgs/msg/detail/person__rosidl_typesupport_introspection_c.h
[2.199s] -- Up-to-date: /home/ryo/ros2_ws/install/person_msgs/lib/libperson_msgs__rosidl_typesupport_introspection_c.so
[2.199s] -- Up-to-date: /home/ryo/ros2_ws/install/person_msgs/lib/libperson_msgs__rosidl_typesupport_c.so
[2.199s] -- Up-to-date: /home/ryo/ros2_ws/install/person_msgs/include/person_msgs/person_msgs
[2.199s] -- Up-to-date: /home/ryo/ros2_ws/install/person_msgs/include/person_msgs/person_msgs/msg
[2.199s] -- Up-to-date: /home/ryo/ros2_ws/install/person_msgs/include/person_msgs/person_msgs/msg/person.hpp
[2.200s] -- Up-to-date: /home/ryo/ros2_ws/install/person_msgs/include/person_msgs/person_msgs/msg/detail
[2.200s] -- Up-to-date: /home/ryo/ros2_ws/install/person_msgs/include/person_msgs/person_msgs/msg/detail/person__builder.hpp
[2.200s] -- Up-to-date: /home/ryo/ros2_ws/install/person_msgs/include/person_msgs/person_msgs/msg/detail/person__traits.hpp
[2.200s] -- Up-to-date: /home/ryo/ros2_ws/install/person_msgs/include/person_msgs/person_msgs/msg/detail/person__struct.hpp
[2.200s] -- Up-to-date: /home/ryo/ros2_ws/install/person_msgs/include/person_msgs/person_msgs
[2.200s] -- Up-to-date: /home/ryo/ros2_ws/install/person_msgs/include/person_msgs/person_msgs/msg
[2.200s] -- Up-to-date: /home/ryo/ros2_ws/install/person_msgs/include/person_msgs/person_msgs/msg/rosidl_typesupport_fastrtps_cpp__visibility_control.h
[2.200s] -- Up-to-date: /home/ryo/ros2_ws/install/person_msgs/include/person_msgs/person_msgs/msg/detail
[2.200s] -- Up-to-date: /home/ryo/ros2_ws/install/person_msgs/include/person_msgs/person_msgs/msg/detail/dds_fastrtps
[2.201s] -- Up-to-date: /home/ryo/ros2_ws/install/person_msgs/include/person_msgs/person_msgs/msg/detail/person__rosidl_typesupport_fastrtps_cpp.hpp
[2.201s] -- Up-to-date: /home/ryo/ros2_ws/install/person_msgs/lib/libperson_msgs__rosidl_typesupport_fastrtps_cpp.so
[2.201s] -- Up-to-date: /home/ryo/ros2_ws/install/person_msgs/include/person_msgs/person_msgs
[2.201s] -- Up-to-date: /home/ryo/ros2_ws/install/person_msgs/include/person_msgs/person_msgs/msg
[2.201s] -- Up-to-date: /home/ryo/ros2_ws/install/person_msgs/include/person_msgs/person_msgs/msg/detail
[2.201s] -- Up-to-date: /home/ryo/ros2_ws/install/person_msgs/include/person_msgs/person_msgs/msg/detail/person__rosidl_typesupport_introspection_cpp.hpp
[2.201s] -- Up-to-date: /home/ryo/ros2_ws/install/person_msgs/include/person_msgs/person_msgs/msg/detail/person__type_support.cpp
[2.201s] -- Up-to-date: /home/ryo/ros2_ws/install/person_msgs/lib/libperson_msgs__rosidl_typesupport_introspection_cpp.so
[2.201s] -- Up-to-date: /home/ryo/ros2_ws/install/person_msgs/lib/libperson_msgs__rosidl_typesupport_cpp.so
[2.202s] -- Up-to-date: /home/ryo/ros2_ws/install/person_msgs/share/person_msgs/environment/pythonpath.sh
[2.202s] -- Installing: /home/ryo/ros2_ws/install/person_msgs/share/person_msgs/environment/pythonpath.dsv
[2.202s] -- Up-to-date: /home/ryo/ros2_ws/install/person_msgs/local/lib/python3.10/dist-packages/person_msgs-0.0.0-py3.10.egg-info
[2.202s] -- Installing: /home/ryo/ros2_ws/install/person_msgs/local/lib/python3.10/dist-packages/person_msgs-0.0.0-py3.10.egg-info/top_level.txt
[2.202s] -- Installing: /home/ryo/ros2_ws/install/person_msgs/local/lib/python3.10/dist-packages/person_msgs-0.0.0-py3.10.egg-info/dependency_links.txt
[2.202s] -- Installing: /home/ryo/ros2_ws/install/person_msgs/local/lib/python3.10/dist-packages/person_msgs-0.0.0-py3.10.egg-info/SOURCES.txt
[2.202s] -- Installing: /home/ryo/ros2_ws/install/person_msgs/local/lib/python3.10/dist-packages/person_msgs-0.0.0-py3.10.egg-info/PKG-INFO
[2.202s] -- Up-to-date: /home/ryo/ros2_ws/install/person_msgs/local/lib/python3.10/dist-packages/person_msgs
[2.202s] -- Up-to-date: /home/ryo/ros2_ws/install/person_msgs/local/lib/python3.10/dist-packages/person_msgs/libperson_msgs__rosidl_generator_py.so
[2.203s] -- Up-to-date: /home/ryo/ros2_ws/install/person_msgs/local/lib/python3.10/dist-packages/person_msgs/_person_msgs_s.ep.rosidl_typesupport_introspection_c.c
[2.203s] -- Up-to-date: /home/ryo/ros2_ws/install/person_msgs/local/lib/python3.10/dist-packages/person_msgs/_person_msgs_s.ep.rosidl_typesupport_c.c
[2.203s] -- Up-to-date: /home/ryo/ros2_ws/install/person_msgs/local/lib/python3.10/dist-packages/person_msgs/person_msgs_s__rosidl_typesupport_fastrtps_c.cpython-310-x86_64-linux-gnu.so
[2.203s] -- Up-to-date: /home/ryo/ros2_ws/install/person_msgs/local/lib/python3.10/dist-packages/person_msgs/msg
[2.203s] -- Up-to-date: /home/ryo/ros2_ws/install/person_msgs/local/lib/python3.10/dist-packages/person_msgs/msg/_person.py
[2.203s] -- Up-to-date: /home/ryo/ros2_ws/install/person_msgs/local/lib/python3.10/dist-packages/person_msgs/msg/_person_s.c
[2.203s] -- Up-to-date: /home/ryo/ros2_ws/install/person_msgs/local/lib/python3.10/dist-packages/person_msgs/msg/__init__.py
[2.203s] -- Up-to-date: /home/ryo/ros2_ws/install/person_msgs/local/lib/python3.10/dist-packages/person_msgs/person_msgs_s__rosidl_typesupport_introspection_c.cpython-310-x86_64-linux-gnu.so
[2.203s] -- Up-to-date: /home/ryo/ros2_ws/install/person_msgs/local/lib/python3.10/dist-packages/person_msgs/person_msgs_s__rosidl_typesupport_c.cpython-310-x86_64-linux-gnu.so
[2.204s] -- Up-to-date: /home/ryo/ros2_ws/install/person_msgs/local/lib/python3.10/dist-packages/person_msgs/_person_msgs_s.ep.rosidl_typesupport_fastrtps_c.c
[2.204s] -- Installing: /home/ryo/ros2_ws/install/person_msgs/local/lib/python3.10/dist-packages/person_msgs/__init__.py
[2.240s] Listing '/home/ryo/ros2_ws/install/person_msgs/local/lib/python3.10/dist-packages/person_msgs'...
[2.240s] Compiling '/home/ryo/ros2_ws/install/person_msgs/local/lib/python3.10/dist-packages/person_msgs/__init__.py'...
[2.240s] Listing '/home/ryo/ros2_ws/install/person_msgs/local/lib/python3.10/dist-packages/person_msgs/msg'...
[2.249s] -- Up-to-date: /home/ryo/ros2_ws/install/person_msgs/local/lib/python3.10/dist-packages/person_msgs/person_msgs_s__rosidl_typesupport_fastrtps_c.cpython-310-x86_64-linux-gnu.so
[2.249s] -- Up-to-date: /home/ryo/ros2_ws/install/person_msgs/local/lib/python3.10/dist-packages/person_msgs/person_msgs_s__rosidl_typesupport_introspection_c.cpython-310-x86_64-linux-gnu.so
[2.250s] -- Up-to-date: /home/ryo/ros2_ws/install/person_msgs/local/lib/python3.10/dist-packages/person_msgs/person_msgs_s__rosidl_typesupport_c.cpython-310-x86_64-linux-gnu.so
[2.250s] -- Up-to-date: /home/ryo/ros2_ws/install/person_msgs/lib/libperson_msgs__rosidl_generator_py.so
[2.251s] -- Up-to-date: /home/ryo/ros2_ws/install/person_msgs/share/person_msgs/msg/Person.idl
[2.251s] -- Installing: /home/ryo/ros2_ws/install/person_msgs/share/person_msgs/msg/Person.msg
[2.252s] -- Up-to-date: /home/ryo/ros2_ws/install/person_msgs/share/ament_index/resource_index/package_run_dependencies/person_msgs
[2.252s] -- Installing: /home/ryo/ros2_ws/install/person_msgs/share/ament_index/resource_index/parent_prefix_path/person_msgs
[2.253s] -- Up-to-date: /home/ryo/ros2_ws/install/person_msgs/share/person_msgs/environment/ament_prefix_path.sh
[2.253s] -- Installing: /home/ryo/ros2_ws/install/person_msgs/share/person_msgs/environment/ament_prefix_path.dsv
[2.254s] -- Up-to-date: /home/ryo/ros2_ws/install/person_msgs/share/person_msgs/environment/path.sh
[2.254s] -- Installing: /home/ryo/ros2_ws/install/person_msgs/share/person_msgs/environment/path.dsv
[2.255s] -- Up-to-date: /home/ryo/ros2_ws/install/person_msgs/share/person_msgs/local_setup.bash
[2.256s] -- Up-to-date: /home/ryo/ros2_ws/install/person_msgs/share/person_msgs/local_setup.sh
[2.256s] -- Up-to-date: /home/ryo/ros2_ws/install/person_msgs/share/person_msgs/local_setup.zsh
[2.257s] -- Installing: /home/ryo/ros2_ws/install/person_msgs/share/person_msgs/local_setup.dsv
[2.257s] -- Installing: /home/ryo/ros2_ws/install/person_msgs/share/person_msgs/package.dsv
[2.258s] -- Up-to-date: /home/ryo/ros2_ws/install/person_msgs/share/ament_index/resource_index/packages/person_msgs
[2.259s] -- Up-to-date: /home/ryo/ros2_ws/install/person_msgs/share/person_msgs/cmake/export_person_msgs__rosidl_generator_cExport.cmake
[2.259s] -- Up-to-date: /home/ryo/ros2_ws/install/person_msgs/share/person_msgs/cmake/export_person_msgs__rosidl_generator_cExport-noconfig.cmake
[2.259s] -- Up-to-date: /home/ryo/ros2_ws/install/person_msgs/share/person_msgs/cmake/export_person_msgs__rosidl_typesupport_fastrtps_cExport.cmake
[2.259s] -- Up-to-date: /home/ryo/ros2_ws/install/person_msgs/share/person_msgs/cmake/export_person_msgs__rosidl_typesupport_fastrtps_cExport-noconfig.cmake
[2.259s] -- Up-to-date: /home/ryo/ros2_ws/install/person_msgs/share/person_msgs/cmake/person_msgs__rosidl_typesupport_introspection_cExport.cmake
[2.260s] -- Up-to-date: /home/ryo/ros2_ws/install/person_msgs/share/person_msgs/cmake/person_msgs__rosidl_typesupport_introspection_cExport-noconfig.cmake
[2.260s] -- Up-to-date: /home/ryo/ros2_ws/install/person_msgs/share/person_msgs/cmake/person_msgs__rosidl_typesupport_cExport.cmake
[2.260s] -- Up-to-date: /home/ryo/ros2_ws/install/person_msgs/share/person_msgs/cmake/person_msgs__rosidl_typesupport_cExport-noconfig.cmake
[2.260s] -- Up-to-date: /home/ryo/ros2_ws/install/person_msgs/share/person_msgs/cmake/export_person_msgs__rosidl_generator_cppExport.cmake
[2.260s] -- Up-to-date: /home/ryo/ros2_ws/install/person_msgs/share/person_msgs/cmake/export_person_msgs__rosidl_typesupport_fastrtps_cppExport.cmake
[2.260s] -- Up-to-date: /home/ryo/ros2_ws/install/person_msgs/share/person_msgs/cmake/export_person_msgs__rosidl_typesupport_fastrtps_cppExport-noconfig.cmake
[2.260s] -- Up-to-date: /home/ryo/ros2_ws/install/person_msgs/share/person_msgs/cmake/person_msgs__rosidl_typesupport_introspection_cppExport.cmake
[2.260s] -- Up-to-date: /home/ryo/ros2_ws/install/person_msgs/share/person_msgs/cmake/person_msgs__rosidl_typesupport_introspection_cppExport-noconfig.cmake
[2.260s] -- Up-to-date: /home/ryo/ros2_ws/install/person_msgs/share/person_msgs/cmake/person_msgs__rosidl_typesupport_cppExport.cmake
[2.260s] -- Up-to-date: /home/ryo/ros2_ws/install/person_msgs/share/person_msgs/cmake/person_msgs__rosidl_typesupport_cppExport-noconfig.cmake
[2.261s] -- Up-to-date: /home/ryo/ros2_ws/install/person_msgs/share/person_msgs/cmake/export_person_msgs__rosidl_generator_pyExport.cmake
[2.261s] -- Up-to-date: /home/ryo/ros2_ws/install/person_msgs/share/person_msgs/cmake/export_person_msgs__rosidl_generator_pyExport-noconfig.cmake
[2.261s] -- Up-to-date: /home/ryo/ros2_ws/install/person_msgs/share/person_msgs/cmake/rosidl_cmake-extras.cmake
[2.261s] -- Up-to-date: /home/ryo/ros2_ws/install/person_msgs/share/person_msgs/cmake/ament_cmake_export_include_directories-extras.cmake
[2.262s] -- Up-to-date: /home/ryo/ros2_ws/install/person_msgs/share/person_msgs/cmake/ament_cmake_export_libraries-extras.cmake
[2.262s] -- Up-to-date: /home/ryo/ros2_ws/install/person_msgs/share/person_msgs/cmake/ament_cmake_export_targets-extras.cmake
[2.262s] -- Up-to-date: /home/ryo/ros2_ws/install/person_msgs/share/person_msgs/cmake/rosidl_cmake_export_typesupport_targets-extras.cmake
[2.263s] -- Up-to-date: /home/ryo/ros2_ws/install/person_msgs/share/person_msgs/cmake/ament_cmake_export_dependencies-extras.cmake
[2.263s] -- Up-to-date: /home/ryo/ros2_ws/install/person_msgs/share/person_msgs/cmake/rosidl_cmake_export_typesupport_libraries-extras.cmake
[2.264s] -- Up-to-date: /home/ryo/ros2_ws/install/person_msgs/share/person_msgs/cmake/person_msgsConfig.cmake
[2.265s] -- Up-to-date: /home/ryo/ros2_ws/install/person_msgs/share/person_msgs/cmake/person_msgsConfig-version.cmake
[2.266s] -- Up-to-date: /home/ryo/ros2_ws/install/person_msgs/share/person_msgs/package.xml
[2.270s] Invoked command in '/home/ryo/ros2_ws/build/person_msgs' returned '0': CMAKE_PREFIX_PATH=${CMAKE_PREFIX_PATH}:/home/ryo/ros2_ws/install/mypkg:/opt/ros/humble /usr/bin/cmake --install /home/ryo/ros2_ws/build/person_msgs
