[0.255s] Invoking command in '/home/ryo/ros2_ws/build/person_msgs': CMAKE_PREFIX_PATH=/home/ryo/ros2_ws/install/mypkg:/opt/ros/humble /usr/bin/cmake --build /home/ryo/ros2_ws/build/person_msgs -- -j8 -l8
[0.288s] -- Found ament_cmake: 1.3.2 (/opt/ros/humble/share/ament_cmake/cmake)
[0.518s] -- Found rosidl_default_generators: 1.2.0 (/opt/ros/humble/share/rosidl_default_generators/cmake)
[0.520s] -- Using all available rosidl_typesupport_c: rosidl_typesupport_fastrtps_c;rosidl_typesupport_introspection_c
[0.524s] -- Found rosidl_adapter: 3.1.3 (/opt/ros/humble/share/rosidl_adapter/cmake)
[0.558s] -- Using all available rosidl_typesupport_cpp: rosidl_typesupport_fastrtps_cpp;rosidl_typesupport_introspection_cpp
[0.856s] [31mCMake Error at /opt/ros/humble/share/rosidl_adapter/cmake/rosidl_adapt_interfaces.cmake:59 (message):
[0.856s]   execute_process(/usr/bin/python3.10 -m rosidl_adapter --package-name
[0.856s]   person_msgs --arguments-file
[0.856s]   /home/ryo/ros2_ws/build/person_msgs/rosidl_adapter__arguments__person_msgs.json
[0.856s]   --output-dir /home/ryo/ros2_ws/build/person_msgs/rosidl_adapter/person_msgs
[0.856s]   --output-file
[0.856s]   /home/ryo/ros2_ws/build/person_msgs/rosidl_adapter/person_msgs.idls)
[0.856s]   returned error code 1:
[0.856s] 
[0.856s]   Error processing 'unit8 age' of 'person_msgs/Person': ''unit8' is an
[0.856s]   invalid message name.  It should have the pattern '^[A-Z][A-Za-z0-9]*$''
[0.857s] 
[0.857s]   Traceback (most recent call last):
[0.857s] 
[0.857s]     File "/usr/lib/python3.10/runpy.py", line 196, in _run_module_as_main
[0.857s]       return _run_code(code, main_globals, None,
[0.857s]     File "/usr/lib/python3.10/runpy.py", line 86, in _run_code
[0.857s]       exec(code, run_globals)
[0.857s]     File "/opt/ros/humble/local/lib/python3.10/dist-packages/rosidl_adapter/__main__.py", line 19, in <module>
[0.857s]       sys.exit(main())
[0.857s]     File "/opt/ros/humble/local/lib/python3.10/dist-packages/rosidl_adapter/main.py", line 53, in main
[0.857s]       abs_idl_file = convert_to_idl(
[0.858s]     File "/opt/ros/humble/local/lib/python3.10/dist-packages/rosidl_adapter/__init__.py", line 19, in convert_to_idl
[0.858s]       return convert_msg_to_idl(
[0.858s]     File "/opt/ros/humble/local/lib/python3.10/dist-packages/rosidl_adapter/msg/__init__.py", line 28, in convert_msg_to_idl
[0.858s]       msg = parse_message_string(package_name, input_file.stem, content)
[0.858s]     File "/opt/ros/humble/local/lib/python3.10/dist-packages/rosidl_adapter/parser.py", line 520, in parse_message_string
[0.858s]       Type(type_string, context_package_name=pkg_name),
[0.858s]     File "/opt/ros/humble/local/lib/python3.10/dist-packages/rosidl_adapter/parser.py", line 277, in __init__
[0.858s]       super(Type, self).__init__(
[0.858s]     File "/opt/ros/humble/local/lib/python3.10/dist-packages/rosidl_adapter/parser.py", line 205, in __init__
[0.858s]       raise InvalidResourceName(
[0.858s] 
[0.858s]   rosidl_adapter.parser.InvalidResourceName: 'unit8' is an invalid message
[0.859s]   name.  It should have the pattern '^[A-Z][A-Za-z0-9]*$'
[0.859s] 
[0.859s] Call Stack (most recent call first):
[0.859s]   /opt/ros/humble/share/rosidl_cmake/cmake/rosidl_generate_interfaces.cmake:130 (rosidl_adapt_interfaces)
[0.859s]   CMakeLists.txt:11 (rosidl_generate_interfaces)
[0.859s] 
[0.859s] [0m
[0.859s] -- Configuring incomplete, errors occurred!
[0.859s] See also "/home/ryo/ros2_ws/build/person_msgs/CMakeFiles/CMakeOutput.log".
[0.861s] gmake: *** [Makefile:226: cmake_check_build_system] エラー 1
