[1.432s] Invoking command in '/home/ryo/ros2_ws/src/mypkg': PYTHONPATH=/home/ryo/ros2_ws/src/mypkg/install/mypkg/lib/python3.10/site-packages:${PYTHONPATH} /usr/bin/python3 setup.py egg_info --egg-base build/mypkg build --build-base /home/ryo/ros2_ws/src/mypkg/build/mypkg/build install --prefix /home/ryo/ros2_ws/src/mypkg/install/mypkg --record /home/ryo/ros2_ws/src/mypkg/build/mypkg/install.log --single-version-externally-managed
[1.941s] running egg_info
[1.944s] writing build/mypkg/mypkg.egg-info/PKG-INFO
[1.944s] writing dependency_links to build/mypkg/mypkg.egg-info/dependency_links.txt
[1.945s] writing entry points to build/mypkg/mypkg.egg-info/entry_points.txt
[1.945s] writing requirements to build/mypkg/mypkg.egg-info/requires.txt
[1.945s] writing top-level names to build/mypkg/mypkg.egg-info/top_level.txt
[1.949s] reading manifest file 'build/mypkg/mypkg.egg-info/SOURCES.txt'
[1.952s] writing manifest file 'build/mypkg/mypkg.egg-info/SOURCES.txt'
[1.952s] running build
[1.953s] running build_py
[1.955s] /usr/lib/python3/dist-packages/setuptools/command/install.py:34: SetuptoolsDeprecationWarning: setup.py install is deprecated. Use build and pip and other standards-based tools.
[1.955s]   warnings.warn(
[1.956s] copying mypkg/talker.py -> /home/ryo/ros2_ws/src/mypkg/build/mypkg/build/lib/mypkg
[1.957s] copying mypkg/listener.py -> /home/ryo/ros2_ws/src/mypkg/build/mypkg/build/lib/mypkg
[1.957s] running install
[1.957s] running install_lib
[1.958s] copying /home/ryo/ros2_ws/src/mypkg/build/mypkg/build/lib/mypkg/talker.py -> /home/ryo/ros2_ws/src/mypkg/install/mypkg/lib/python3.10/site-packages/mypkg
[1.958s] copying /home/ryo/ros2_ws/src/mypkg/build/mypkg/build/lib/mypkg/listener.py -> /home/ryo/ros2_ws/src/mypkg/install/mypkg/lib/python3.10/site-packages/mypkg
[1.959s] byte-compiling /home/ryo/ros2_ws/src/mypkg/install/mypkg/lib/python3.10/site-packages/mypkg/talker.py to talker.cpython-310.pyc
[1.960s] byte-compiling /home/ryo/ros2_ws/src/mypkg/install/mypkg/lib/python3.10/site-packages/mypkg/listener.py to listener.cpython-310.pyc
[1.960s] running install_data
[1.961s] copying package.xml -> /home/ryo/ros2_ws/src/mypkg/install/mypkg/share/mypkg
[1.962s] running install_egg_info
[1.967s] removing '/home/ryo/ros2_ws/src/mypkg/install/mypkg/lib/python3.10/site-packages/mypkg-0.0.0-py3.10.egg-info' (and everything under it)
[1.967s] Copying build/mypkg/mypkg.egg-info to /home/ryo/ros2_ws/src/mypkg/install/mypkg/lib/python3.10/site-packages/mypkg-0.0.0-py3.10.egg-info
[1.969s] running install_scripts
[2.019s] Installing listener script to /home/ryo/ros2_ws/src/mypkg/install/mypkg/lib/mypkg
[2.020s] Installing talker script to /home/ryo/ros2_ws/src/mypkg/install/mypkg/lib/mypkg
[2.021s] writing list of installed files to '/home/ryo/ros2_ws/src/mypkg/build/mypkg/install.log'
[2.072s] Invoked command in '/home/ryo/ros2_ws/src/mypkg' returned '0': PYTHONPATH=/home/ryo/ros2_ws/src/mypkg/install/mypkg/lib/python3.10/site-packages:${PYTHONPATH} /usr/bin/python3 setup.py egg_info --egg-base build/mypkg build --build-base /home/ryo/ros2_ws/src/mypkg/build/mypkg/build install --prefix /home/ryo/ros2_ws/src/mypkg/install/mypkg --record /home/ryo/ros2_ws/src/mypkg/build/mypkg/install.log --single-version-externally-managed
