[0.364s] Invoking command in '/home/ryo/ros2_ws/build/person_msgs': CMAKE_PREFIX_PATH=/home/ryo/ros2_ws/install/mypkg:/opt/ros/humble /usr/bin/cmake /home/ryo/ros2_ws/src/person_msgs -DCMAKE_INSTALL_PREFIX=/home/ryo/ros2_ws/install/person_msgs
[0.671s] -- The C compiler identification is GNU 11.3.0
[0.892s] -- The CXX compiler identification is GNU 11.3.0
[0.917s] -- Detecting C compiler ABI info
[1.030s] -- Detecting C compiler ABI info - done
[1.040s] -- Check for working C compiler: /usr/bin/cc - skipped
[1.041s] -- Detecting C compile features
[1.043s] -- Detecting C compile features - done
[1.050s] -- Detecting CXX compiler ABI info
[1.158s] -- Detecting CXX compiler ABI info - done
[1.169s] -- Check for working CXX compiler: /usr/bin/c++ - skipped
[1.169s] -- Detecting CXX compile features
[1.170s] -- Detecting CXX compile features - done
[1.187s] -- Found ament_cmake: 1.3.2 (/opt/ros/humble/share/ament_cmake/cmake)
[1.472s] -- Found Python3: /usr/bin/python3.10 (found version "3.10.6") found components: Interpreter 
[1.670s] -- Found ament_lint_auto: 0.12.4 (/opt/ros/humble/share/ament_lint_auto/cmake)
[1.786s] -- Added test 'lint_cmake' to check CMake code style
[1.788s] -- Added test 'xmllint' to check XML markup files
[1.792s] -- Configuring done
[1.798s] -- Generating done
[1.800s] -- Build files have been written to: /home/ryo/ros2_ws/build/person_msgs
[1.806s] Invoked command in '/home/ryo/ros2_ws/build/person_msgs' returned '0': CMAKE_PREFIX_PATH=/home/ryo/ros2_ws/install/mypkg:/opt/ros/humble /usr/bin/cmake /home/ryo/ros2_ws/src/person_msgs -DCMAKE_INSTALL_PREFIX=/home/ryo/ros2_ws/install/person_msgs
[1.808s] Invoking command in '/home/ryo/ros2_ws/build/person_msgs': CMAKE_PREFIX_PATH=/home/ryo/ros2_ws/install/mypkg:/opt/ros/humble /usr/bin/cmake --build /home/ryo/ros2_ws/build/person_msgs -- -j8 -l8
[1.845s] Invoked command in '/home/ryo/ros2_ws/build/person_msgs' returned '0': CMAKE_PREFIX_PATH=/home/ryo/ros2_ws/install/mypkg:/opt/ros/humble /usr/bin/cmake --build /home/ryo/ros2_ws/build/person_msgs -- -j8 -l8
[1.878s] Invoking command in '/home/ryo/ros2_ws/build/person_msgs': CMAKE_PREFIX_PATH=/home/ryo/ros2_ws/install/mypkg:/opt/ros/humble /usr/bin/cmake --install /home/ryo/ros2_ws/build/person_msgs
[1.884s] -- Install configuration: ""
[1.885s] -- Installing: /home/ryo/ros2_ws/install/person_msgs/share/ament_index/resource_index/package_run_dependencies/person_msgs
[1.886s] -- Installing: /home/ryo/ros2_ws/install/person_msgs/share/ament_index/resource_index/parent_prefix_path/person_msgs
[1.886s] -- Installing: /home/ryo/ros2_ws/install/person_msgs/share/person_msgs/environment/ament_prefix_path.sh
[1.887s] -- Installing: /home/ryo/ros2_ws/install/person_msgs/share/person_msgs/environment/ament_prefix_path.dsv
[1.887s] -- Installing: /home/ryo/ros2_ws/install/person_msgs/share/person_msgs/environment/path.sh
[1.887s] -- Installing: /home/ryo/ros2_ws/install/person_msgs/share/person_msgs/environment/path.dsv
[1.887s] -- Installing: /home/ryo/ros2_ws/install/person_msgs/share/person_msgs/local_setup.bash
[1.888s] -- Installing: /home/ryo/ros2_ws/install/person_msgs/share/person_msgs/local_setup.sh
[1.888s] -- Installing: /home/ryo/ros2_ws/install/person_msgs/share/person_msgs/local_setup.zsh
[1.888s] -- Installing: /home/ryo/ros2_ws/install/person_msgs/share/person_msgs/local_setup.dsv
[1.889s] -- Installing: /home/ryo/ros2_ws/install/person_msgs/share/person_msgs/package.dsv
[1.889s] -- Installing: /home/ryo/ros2_ws/install/person_msgs/share/ament_index/resource_index/packages/person_msgs
[1.890s] -- Installing: /home/ryo/ros2_ws/install/person_msgs/share/person_msgs/cmake/person_msgsConfig.cmake
[1.890s] -- Installing: /home/ryo/ros2_ws/install/person_msgs/share/person_msgs/cmake/person_msgsConfig-version.cmake
[1.890s] -- Installing: /home/ryo/ros2_ws/install/person_msgs/share/person_msgs/package.xml
[1.895s] Invoked command in '/home/ryo/ros2_ws/build/person_msgs' returned '0': CMAKE_PREFIX_PATH=/home/ryo/ros2_ws/install/mypkg:/opt/ros/humble /usr/bin/cmake --install /home/ryo/ros2_ws/build/person_msgs
