-- Found ament_cmake: 1.3.2 (/opt/ros/humble/share/ament_cmake/cmake)
-- Found rosidl_default_generators: 1.2.0 (/opt/ros/humble/share/rosidl_default_generators/cmake)
-- Using all available rosidl_typesupport_c: rosidl_typesupport_fastrtps_c;rosidl_typesupport_introspection_c
-- Found rosidl_adapter: 3.1.3 (/opt/ros/humble/share/rosidl_adapter/cmake)
-- Using all available rosidl_typesupport_cpp: rosidl_typesupport_fastrtps_cpp;rosidl_typesupport_introspection_cpp
-- Found ament_cmake_ros: 0.10.0 (/opt/ros/humble/share/ament_cmake_ros/cmake)
-- Using all available rosidl_typesupport_c: rosidl_typesupport_fastrtps_c;rosidl_typesupport_introspection_c
-- Using all available rosidl_typesupport_cpp: rosidl_typesupport_fastrtps_cpp;rosidl_typesupport_introspection_cpp
-- Found python_cmake_module: 0.10.0 (/opt/ros/humble/share/python_cmake_module/cmake)
-- Using PYTHON_EXECUTABLE: /usr/bin/python3
-- Using PYTHON_INCLUDE_DIRS: /usr/include/python3.10
-- Using PYTHON_LIBRARIES: /usr/lib/x86_64-linux-gnu/libpython3.10.so
-- Found ament_lint_auto: 0.12.4 (/opt/ros/humble/share/ament_lint_auto/cmake)
-- Added test 'lint_cmake' to check CMake code style
-- Added test 'xmllint' to check XML markup files
-- Configuring done
-- Generating done
-- Build files have been written to: /home/ryo/ros2_ws/build/person_msg
[35m[1mConsolidate compiler generated dependencies of target person_msg__rosidl_generator_c[0m
[  3%] Built target person_msg__cpp
[ 12%] Built target person_msg__rosidl_generator_c
[35m[1mConsolidate compiler generated dependencies of target person_msg__rosidl_typesupport_introspection_cpp[0m
[35m[1mConsolidate compiler generated dependencies of target person_msg__rosidl_typesupport_cpp[0m
[35m[1mConsolidate compiler generated dependencies of target person_msg__rosidl_typesupport_introspection_c[0m
[35m[1mConsolidate compiler generated dependencies of target person_msg__rosidl_typesupport_fastrtps_cpp[0m
[35m[1mConsolidate compiler generated dependencies of target person_msg__rosidl_typesupport_fastrtps_c[0m
[35m[1mConsolidate compiler generated dependencies of target person_msg__rosidl_typesupport_c[0m
[ 12%] Built target ament_cmake_python_copy_person_msg
[ 22%] Built target person_msg__rosidl_typesupport_introspection_cpp
[ 32%] Built target person_msg__rosidl_typesupport_cpp
[ 41%] Built target person_msg__rosidl_typesupport_fastrtps_cpp
[ 51%] Built target person_msg__rosidl_typesupport_introspection_c
[ 61%] Built target person_msg__rosidl_typesupport_fastrtps_c
[ 70%] Built target person_msg__rosidl_typesupport_c
[ 70%] Built target person_msg
[ 74%] Built target person_msg__py
[35m[1mConsolidate compiler generated dependencies of target person_msg__rosidl_generator_py[0m
[ 80%] Built target person_msg__rosidl_generator_py
[35m[1mConsolidate compiler generated dependencies of target person_msg__rosidl_typesupport_fastrtps_c__pyext[0m
[35m[1mConsolidate compiler generated dependencies of target person_msg__rosidl_typesupport_introspection_c__pyext[0m
[35m[1mConsolidate compiler generated dependencies of target person_msg__rosidl_typesupport_c__pyext[0m
[ 87%] Built target person_msg__rosidl_typesupport_fastrtps_c__pyext
[ 93%] Built target person_msg__rosidl_typesupport_introspection_c__pyext
[100%] Built target person_msg__rosidl_typesupport_c__pyext
running egg_info
writing person_msg.egg-info/PKG-INFO
writing dependency_links to person_msg.egg-info/dependency_links.txt
writing top-level names to person_msg.egg-info/top_level.txt
reading manifest file 'person_msg.egg-info/SOURCES.txt'
writing manifest file 'person_msg.egg-info/SOURCES.txt'
[100%] Built target ament_cmake_python_build_person_msg_egg
-- Install configuration: ""
-- Up-to-date: /home/ryo/ros2_ws/install/person_msg/share/ament_index/resource_index/rosidl_interfaces/person_msg
-- Up-to-date: /home/ryo/ros2_ws/install/person_msg/include/person_msg/person_msg
-- Up-to-date: /home/ryo/ros2_ws/install/person_msg/include/person_msg/person_msg/msg
-- Up-to-date: /home/ryo/ros2_ws/install/person_msg/include/person_msg/person_msg/msg/person.h
-- Up-to-date: /home/ryo/ros2_ws/install/person_msg/include/person_msg/person_msg/msg/rosidl_generator_c__visibility_control.h
-- Up-to-date: /home/ryo/ros2_ws/install/person_msg/include/person_msg/person_msg/msg/detail
-- Up-to-date: /home/ryo/ros2_ws/install/person_msg/include/person_msg/person_msg/msg/detail/person__functions.c
-- Up-to-date: /home/ryo/ros2_ws/install/person_msg/include/person_msg/person_msg/msg/detail/person__type_support.h
-- Up-to-date: /home/ryo/ros2_ws/install/person_msg/include/person_msg/person_msg/msg/detail/person__functions.h
-- Up-to-date: /home/ryo/ros2_ws/install/person_msg/include/person_msg/person_msg/msg/detail/person__struct.h
-- Up-to-date: /home/ryo/ros2_ws/install/person_msg/share/person_msg/environment/library_path.sh
-- Installing: /home/ryo/ros2_ws/install/person_msg/share/person_msg/environment/library_path.dsv
-- Up-to-date: /home/ryo/ros2_ws/install/person_msg/lib/libperson_msg__rosidl_generator_c.so
-- Up-to-date: /home/ryo/ros2_ws/install/person_msg/include/person_msg/person_msg
-- Up-to-date: /home/ryo/ros2_ws/install/person_msg/include/person_msg/person_msg/msg
-- Up-to-date: /home/ryo/ros2_ws/install/person_msg/include/person_msg/person_msg/msg/rosidl_typesupport_fastrtps_c__visibility_control.h
-- Up-to-date: /home/ryo/ros2_ws/install/person_msg/include/person_msg/person_msg/msg/detail
-- Up-to-date: /home/ryo/ros2_ws/install/person_msg/include/person_msg/person_msg/msg/detail/person__rosidl_typesupport_fastrtps_c.h
-- Up-to-date: /home/ryo/ros2_ws/install/person_msg/lib/libperson_msg__rosidl_typesupport_fastrtps_c.so
-- Up-to-date: /home/ryo/ros2_ws/install/person_msg/include/person_msg/person_msg
-- Up-to-date: /home/ryo/ros2_ws/install/person_msg/include/person_msg/person_msg/msg
-- Up-to-date: /home/ryo/ros2_ws/install/person_msg/include/person_msg/person_msg/msg/rosidl_typesupport_introspection_c__visibility_control.h
-- Up-to-date: /home/ryo/ros2_ws/install/person_msg/include/person_msg/person_msg/msg/detail
-- Up-to-date: /home/ryo/ros2_ws/install/person_msg/include/person_msg/person_msg/msg/detail/person__type_support.c
-- Up-to-date: /home/ryo/ros2_ws/install/person_msg/include/person_msg/person_msg/msg/detail/person__rosidl_typesupport_introspection_c.h
-- Up-to-date: /home/ryo/ros2_ws/install/person_msg/lib/libperson_msg__rosidl_typesupport_introspection_c.so
-- Up-to-date: /home/ryo/ros2_ws/install/person_msg/lib/libperson_msg__rosidl_typesupport_c.so
-- Up-to-date: /home/ryo/ros2_ws/install/person_msg/include/person_msg/person_msg
-- Up-to-date: /home/ryo/ros2_ws/install/person_msg/include/person_msg/person_msg/msg
-- Up-to-date: /home/ryo/ros2_ws/install/person_msg/include/person_msg/person_msg/msg/person.hpp
-- Up-to-date: /home/ryo/ros2_ws/install/person_msg/include/person_msg/person_msg/msg/detail
-- Up-to-date: /home/ryo/ros2_ws/install/person_msg/include/person_msg/person_msg/msg/detail/person__builder.hpp
-- Up-to-date: /home/ryo/ros2_ws/install/person_msg/include/person_msg/person_msg/msg/detail/person__traits.hpp
-- Up-to-date: /home/ryo/ros2_ws/install/person_msg/include/person_msg/person_msg/msg/detail/person__struct.hpp
-- Up-to-date: /home/ryo/ros2_ws/install/person_msg/include/person_msg/person_msg
-- Up-to-date: /home/ryo/ros2_ws/install/person_msg/include/person_msg/person_msg/msg
-- Up-to-date: /home/ryo/ros2_ws/install/person_msg/include/person_msg/person_msg/msg/rosidl_typesupport_fastrtps_cpp__visibility_control.h
-- Up-to-date: /home/ryo/ros2_ws/install/person_msg/include/person_msg/person_msg/msg/detail
-- Up-to-date: /home/ryo/ros2_ws/install/person_msg/include/person_msg/person_msg/msg/detail/dds_fastrtps
-- Up-to-date: /home/ryo/ros2_ws/install/person_msg/include/person_msg/person_msg/msg/detail/person__rosidl_typesupport_fastrtps_cpp.hpp
-- Up-to-date: /home/ryo/ros2_ws/install/person_msg/lib/libperson_msg__rosidl_typesupport_fastrtps_cpp.so
-- Up-to-date: /home/ryo/ros2_ws/install/person_msg/include/person_msg/person_msg
-- Up-to-date: /home/ryo/ros2_ws/install/person_msg/include/person_msg/person_msg/msg
-- Up-to-date: /home/ryo/ros2_ws/install/person_msg/include/person_msg/person_msg/msg/detail
-- Up-to-date: /home/ryo/ros2_ws/install/person_msg/include/person_msg/person_msg/msg/detail/person__rosidl_typesupport_introspection_cpp.hpp
-- Up-to-date: /home/ryo/ros2_ws/install/person_msg/include/person_msg/person_msg/msg/detail/person__type_support.cpp
-- Up-to-date: /home/ryo/ros2_ws/install/person_msg/lib/libperson_msg__rosidl_typesupport_introspection_cpp.so
-- Up-to-date: /home/ryo/ros2_ws/install/person_msg/lib/libperson_msg__rosidl_typesupport_cpp.so
-- Up-to-date: /home/ryo/ros2_ws/install/person_msg/share/person_msg/environment/pythonpath.sh
-- Installing: /home/ryo/ros2_ws/install/person_msg/share/person_msg/environment/pythonpath.dsv
-- Up-to-date: /home/ryo/ros2_ws/install/person_msg/local/lib/python3.10/dist-packages/person_msg-0.0.0-py3.10.egg-info
-- Installing: /home/ryo/ros2_ws/install/person_msg/local/lib/python3.10/dist-packages/person_msg-0.0.0-py3.10.egg-info/top_level.txt
-- Installing: /home/ryo/ros2_ws/install/person_msg/local/lib/python3.10/dist-packages/person_msg-0.0.0-py3.10.egg-info/dependency_links.txt
-- Installing: /home/ryo/ros2_ws/install/person_msg/local/lib/python3.10/dist-packages/person_msg-0.0.0-py3.10.egg-info/SOURCES.txt
-- Installing: /home/ryo/ros2_ws/install/person_msg/local/lib/python3.10/dist-packages/person_msg-0.0.0-py3.10.egg-info/PKG-INFO
-- Up-to-date: /home/ryo/ros2_ws/install/person_msg/local/lib/python3.10/dist-packages/person_msg
-- Up-to-date: /home/ryo/ros2_ws/install/person_msg/local/lib/python3.10/dist-packages/person_msg/_person_msg_s.ep.rosidl_typesupport_fastrtps_c.c
-- Up-to-date: /home/ryo/ros2_ws/install/person_msg/local/lib/python3.10/dist-packages/person_msg/_person_msg_s.ep.rosidl_typesupport_introspection_c.c
-- Up-to-date: /home/ryo/ros2_ws/install/person_msg/local/lib/python3.10/dist-packages/person_msg/_person_msg_s.ep.rosidl_typesupport_c.c
-- Up-to-date: /home/ryo/ros2_ws/install/person_msg/local/lib/python3.10/dist-packages/person_msg/msg
-- Up-to-date: /home/ryo/ros2_ws/install/person_msg/local/lib/python3.10/dist-packages/person_msg/msg/_person.py
-- Up-to-date: /home/ryo/ros2_ws/install/person_msg/local/lib/python3.10/dist-packages/person_msg/msg/_person_s.c
-- Up-to-date: /home/ryo/ros2_ws/install/person_msg/local/lib/python3.10/dist-packages/person_msg/msg/__init__.py
-- Up-to-date: /home/ryo/ros2_ws/install/person_msg/local/lib/python3.10/dist-packages/person_msg/person_msg_s__rosidl_typesupport_c.cpython-310-x86_64-linux-gnu.so
-- Up-to-date: /home/ryo/ros2_ws/install/person_msg/local/lib/python3.10/dist-packages/person_msg/person_msg_s__rosidl_typesupport_introspection_c.cpython-310-x86_64-linux-gnu.so
-- Up-to-date: /home/ryo/ros2_ws/install/person_msg/local/lib/python3.10/dist-packages/person_msg/person_msg_s__rosidl_typesupport_fastrtps_c.cpython-310-x86_64-linux-gnu.so
-- Up-to-date: /home/ryo/ros2_ws/install/person_msg/local/lib/python3.10/dist-packages/person_msg/libperson_msg__rosidl_generator_py.so
-- Installing: /home/ryo/ros2_ws/install/person_msg/local/lib/python3.10/dist-packages/person_msg/__init__.py
Listing '/home/ryo/ros2_ws/install/person_msg/local/lib/python3.10/dist-packages/person_msg'...
Compiling '/home/ryo/ros2_ws/install/person_msg/local/lib/python3.10/dist-packages/person_msg/__init__.py'...
Listing '/home/ryo/ros2_ws/install/person_msg/local/lib/python3.10/dist-packages/person_msg/msg'...
-- Up-to-date: /home/ryo/ros2_ws/install/person_msg/local/lib/python3.10/dist-packages/person_msg/person_msg_s__rosidl_typesupport_fastrtps_c.cpython-310-x86_64-linux-gnu.so
-- Up-to-date: /home/ryo/ros2_ws/install/person_msg/local/lib/python3.10/dist-packages/person_msg/person_msg_s__rosidl_typesupport_introspection_c.cpython-310-x86_64-linux-gnu.so
-- Up-to-date: /home/ryo/ros2_ws/install/person_msg/local/lib/python3.10/dist-packages/person_msg/person_msg_s__rosidl_typesupport_c.cpython-310-x86_64-linux-gnu.so
-- Up-to-date: /home/ryo/ros2_ws/install/person_msg/lib/libperson_msg__rosidl_generator_py.so
-- Up-to-date: /home/ryo/ros2_ws/install/person_msg/share/person_msg/msg/Person.idl
-- Installing: /home/ryo/ros2_ws/install/person_msg/share/person_msg/msg/Person.msg
-- Up-to-date: /home/ryo/ros2_ws/install/person_msg/share/ament_index/resource_index/package_run_dependencies/person_msg
-- Installing: /home/ryo/ros2_ws/install/person_msg/share/ament_index/resource_index/parent_prefix_path/person_msg
-- Up-to-date: /home/ryo/ros2_ws/install/person_msg/share/person_msg/environment/ament_prefix_path.sh
-- Installing: /home/ryo/ros2_ws/install/person_msg/share/person_msg/environment/ament_prefix_path.dsv
-- Up-to-date: /home/ryo/ros2_ws/install/person_msg/share/person_msg/environment/path.sh
-- Installing: /home/ryo/ros2_ws/install/person_msg/share/person_msg/environment/path.dsv
-- Up-to-date: /home/ryo/ros2_ws/install/person_msg/share/person_msg/local_setup.bash
-- Up-to-date: /home/ryo/ros2_ws/install/person_msg/share/person_msg/local_setup.sh
-- Up-to-date: /home/ryo/ros2_ws/install/person_msg/share/person_msg/local_setup.zsh
-- Installing: /home/ryo/ros2_ws/install/person_msg/share/person_msg/local_setup.dsv
-- Installing: /home/ryo/ros2_ws/install/person_msg/share/person_msg/package.dsv
-- Up-to-date: /home/ryo/ros2_ws/install/person_msg/share/ament_index/resource_index/packages/person_msg
-- Up-to-date: /home/ryo/ros2_ws/install/person_msg/share/person_msg/cmake/export_person_msg__rosidl_generator_cExport.cmake
-- Up-to-date: /home/ryo/ros2_ws/install/person_msg/share/person_msg/cmake/export_person_msg__rosidl_generator_cExport-noconfig.cmake
-- Up-to-date: /home/ryo/ros2_ws/install/person_msg/share/person_msg/cmake/export_person_msg__rosidl_typesupport_fastrtps_cExport.cmake
-- Up-to-date: /home/ryo/ros2_ws/install/person_msg/share/person_msg/cmake/export_person_msg__rosidl_typesupport_fastrtps_cExport-noconfig.cmake
-- Up-to-date: /home/ryo/ros2_ws/install/person_msg/share/person_msg/cmake/person_msg__rosidl_typesupport_introspection_cExport.cmake
-- Up-to-date: /home/ryo/ros2_ws/install/person_msg/share/person_msg/cmake/person_msg__rosidl_typesupport_introspection_cExport-noconfig.cmake
-- Up-to-date: /home/ryo/ros2_ws/install/person_msg/share/person_msg/cmake/person_msg__rosidl_typesupport_cExport.cmake
-- Up-to-date: /home/ryo/ros2_ws/install/person_msg/share/person_msg/cmake/person_msg__rosidl_typesupport_cExport-noconfig.cmake
-- Up-to-date: /home/ryo/ros2_ws/install/person_msg/share/person_msg/cmake/export_person_msg__rosidl_generator_cppExport.cmake
-- Up-to-date: /home/ryo/ros2_ws/install/person_msg/share/person_msg/cmake/export_person_msg__rosidl_typesupport_fastrtps_cppExport.cmake
-- Up-to-date: /home/ryo/ros2_ws/install/person_msg/share/person_msg/cmake/export_person_msg__rosidl_typesupport_fastrtps_cppExport-noconfig.cmake
-- Up-to-date: /home/ryo/ros2_ws/install/person_msg/share/person_msg/cmake/person_msg__rosidl_typesupport_introspection_cppExport.cmake
-- Up-to-date: /home/ryo/ros2_ws/install/person_msg/share/person_msg/cmake/person_msg__rosidl_typesupport_introspection_cppExport-noconfig.cmake
-- Up-to-date: /home/ryo/ros2_ws/install/person_msg/share/person_msg/cmake/person_msg__rosidl_typesupport_cppExport.cmake
-- Up-to-date: /home/ryo/ros2_ws/install/person_msg/share/person_msg/cmake/person_msg__rosidl_typesupport_cppExport-noconfig.cmake
-- Up-to-date: /home/ryo/ros2_ws/install/person_msg/share/person_msg/cmake/export_person_msg__rosidl_generator_pyExport.cmake
-- Up-to-date: /home/ryo/ros2_ws/install/person_msg/share/person_msg/cmake/export_person_msg__rosidl_generator_pyExport-noconfig.cmake
-- Up-to-date: /home/ryo/ros2_ws/install/person_msg/share/person_msg/cmake/rosidl_cmake-extras.cmake
-- Up-to-date: /home/ryo/ros2_ws/install/person_msg/share/person_msg/cmake/ament_cmake_export_include_directories-extras.cmake
-- Up-to-date: /home/ryo/ros2_ws/install/person_msg/share/person_msg/cmake/ament_cmake_export_libraries-extras.cmake
-- Up-to-date: /home/ryo/ros2_ws/install/person_msg/share/person_msg/cmake/ament_cmake_export_targets-extras.cmake
-- Up-to-date: /home/ryo/ros2_ws/install/person_msg/share/person_msg/cmake/rosidl_cmake_export_typesupport_targets-extras.cmake
-- Up-to-date: /home/ryo/ros2_ws/install/person_msg/share/person_msg/cmake/ament_cmake_export_dependencies-extras.cmake
-- Up-to-date: /home/ryo/ros2_ws/install/person_msg/share/person_msg/cmake/rosidl_cmake_export_typesupport_libraries-extras.cmake
-- Up-to-date: /home/ryo/ros2_ws/install/person_msg/share/person_msg/cmake/person_msgConfig.cmake
-- Up-to-date: /home/ryo/ros2_ws/install/person_msg/share/person_msg/cmake/person_msgConfig-version.cmake
-- Installing: /home/ryo/ros2_ws/install/person_msg/share/person_msg/package.xml
