[0.635s] Invoking command in '/home/ryo/ros2_ws/src/mypkg': PYTHONPATH=/home/ryo/ros2_ws/install/mypkg/lib/python3.10/site-packages:${PYTHONPATH} /usr/bin/python3 setup.py egg_info --egg-base ../../build/mypkg build --build-base /home/ryo/ros2_ws/build/mypkg/build install --prefix /home/ryo/ros2_ws/install/mypkg --record /home/ryo/ros2_ws/build/mypkg/install.log --single-version-externally-managed
[0.925s] running egg_info
[0.926s] writing ../../build/mypkg/mypkg.egg-info/PKG-INFO
[0.926s] writing dependency_links to ../../build/mypkg/mypkg.egg-info/dependency_links.txt
[0.927s] writing entry points to ../../build/mypkg/mypkg.egg-info/entry_points.txt
[0.927s] writing requirements to ../../build/mypkg/mypkg.egg-info/requires.txt
[0.927s] writing top-level names to ../../build/mypkg/mypkg.egg-info/top_level.txt
[0.929s] reading manifest file '../../build/mypkg/mypkg.egg-info/SOURCES.txt'
[0.929s] writing manifest file '../../build/mypkg/mypkg.egg-info/SOURCES.txt'
[0.930s] running build
[0.930s] running build_py
[0.930s] /usr/lib/python3/dist-packages/setuptools/command/install.py:34: SetuptoolsDeprecationWarning: setup.py install is deprecated. Use build and pip and other standards-based tools.
[0.930s]   warnings.warn(
[0.930s] running install
[0.931s] running install_lib
[0.932s] byte-compiling /home/ryo/ros2_ws/install/mypkg/lib/python3.10/site-packages/mypkg/talker.py to talker.cpython-310.pyc
[0.932s] Sorry: IndentationError: unexpected indent (talker.py, line 2)
[0.932s] running install_data
[0.932s] running install_egg_info
[0.934s] removing '/home/ryo/ros2_ws/install/mypkg/lib/python3.10/site-packages/mypkg-0.0.0-py3.10.egg-info' (and everything under it)
[0.934s] Copying ../../build/mypkg/mypkg.egg-info to /home/ryo/ros2_ws/install/mypkg/lib/python3.10/site-packages/mypkg-0.0.0-py3.10.egg-info
[0.935s] running install_scripts
[0.955s] Installing talker script to /home/ryo/ros2_ws/install/mypkg/lib/mypkg
[0.956s] writing list of installed files to '/home/ryo/ros2_ws/build/mypkg/install.log'
[0.982s] Invoked command in '/home/ryo/ros2_ws/src/mypkg' returned '0': PYTHONPATH=/home/ryo/ros2_ws/install/mypkg/lib/python3.10/site-packages:${PYTHONPATH} /usr/bin/python3 setup.py egg_info --egg-base ../../build/mypkg build --build-base /home/ryo/ros2_ws/build/mypkg/build install --prefix /home/ryo/ros2_ws/install/mypkg --record /home/ryo/ros2_ws/build/mypkg/install.log --single-version-externally-managed
