[  3%] [34m[1mGenerating C code for ROS interfaces[0m
[  6%] [34m[1mGenerating C++ code for ROS interfaces[0m
[  6%] Built target ament_cmake_python_copy_person_msg
running egg_info
creating person_msg.egg-info
writing person_msg.egg-info/PKG-INFO
writing dependency_links to person_msg.egg-info/dependency_links.txt
writing top-level names to person_msg.egg-info/top_level.txt
writing manifest file 'person_msg.egg-info/SOURCES.txt'
reading manifest file 'person_msg.egg-info/SOURCES.txt'
writing manifest file 'person_msg.egg-info/SOURCES.txt'
[  9%] [32mBuilding C object CMakeFiles/person_msg__rosidl_generator_c.dir/rosidl_generator_c/person_msg/msg/detail/person__functions.c.o[0m
[  9%] Built target ament_cmake_python_build_person_msg_egg
[  9%] Built target person_msg__cpp
[ 12%] [34m[1mGenerating C++ type support dispatch for ROS interfaces[0m
[ 16%] [34m[1mGenerating C++ type support for eProsima Fast-RTPS[0m
[ 22%] [32m[1mLinking C shared library libperson_msg__rosidl_generator_c.so[0m
[ 22%] [34m[1mGenerating C++ introspection for ROS interfaces[0m
[ 22%] Built target person_msg__rosidl_generator_c
[ 29%] [34m[1mGenerating C introspection for ROS interfaces[0m
[ 29%] [34m[1mGenerating C type support for eProsima Fast-RTPS[0m
[ 32%] [34m[1mGenerating C type support dispatch for ROS interfaces[0m
[ 35%] [32mBuilding CXX object CMakeFiles/person_msg__rosidl_typesupport_cpp.dir/rosidl_typesupport_cpp/person_msg/msg/person__type_support.cpp.o[0m
[ 38%] [32mBuilding CXX object CMakeFiles/person_msg__rosidl_typesupport_introspection_cpp.dir/rosidl_typesupport_introspection_cpp/person_msg/msg/detail/person__type_support.cpp.o[0m
[ 41%] [32mBuilding CXX object CMakeFiles/person_msg__rosidl_typesupport_fastrtps_cpp.dir/rosidl_typesupport_fastrtps_cpp/person_msg/msg/detail/dds_fastrtps/person__type_support.cpp.o[0m
[ 45%] [32mBuilding CXX object CMakeFiles/person_msg__rosidl_typesupport_c.dir/rosidl_typesupport_c/person_msg/msg/person__type_support.cpp.o[0m
[ 48%] [32mBuilding C object CMakeFiles/person_msg__rosidl_typesupport_introspection_c.dir/rosidl_typesupport_introspection_c/person_msg/msg/detail/person__type_support.c.o[0m
[ 51%] [32m[1mLinking CXX shared library libperson_msg__rosidl_typesupport_c.so[0m
[ 54%] [32mBuilding CXX object CMakeFiles/person_msg__rosidl_typesupport_fastrtps_c.dir/rosidl_typesupport_fastrtps_c/person_msg/msg/detail/person__type_support_c.cpp.o[0m
[ 58%] [32m[1mLinking C shared library libperson_msg__rosidl_typesupport_introspection_c.so[0m
[ 58%] Built target person_msg__rosidl_typesupport_c
[ 58%] Built target person_msg__rosidl_typesupport_introspection_c
[ 61%] [32m[1mLinking CXX shared library libperson_msg__rosidl_typesupport_cpp.so[0m
[ 61%] Built target person_msg__rosidl_typesupport_cpp
[ 64%] [32m[1mLinking CXX shared library libperson_msg__rosidl_typesupport_fastrtps_c.so[0m
[ 67%] [32m[1mLinking CXX shared library libperson_msg__rosidl_typesupport_introspection_cpp.so[0m
[ 70%] [32m[1mLinking CXX shared library libperson_msg__rosidl_typesupport_fastrtps_cpp.so[0m
[ 70%] Built target person_msg__rosidl_typesupport_fastrtps_c
[ 70%] Built target person_msg__rosidl_typesupport_introspection_cpp
[ 70%] Built target person_msg__rosidl_typesupport_fastrtps_cpp
[ 70%] Built target person_msg
[ 74%] [34m[1mGenerating Python code for ROS interfaces[0m
[ 74%] Built target person_msg__py
[ 77%] [32mBuilding C object CMakeFiles/person_msg__rosidl_generator_py.dir/rosidl_generator_py/person_msg/msg/_person_s.c.o[0m
[ 80%] [32m[1mLinking C shared library rosidl_generator_py/person_msg/libperson_msg__rosidl_generator_py.so[0m
[ 80%] Built target person_msg__rosidl_generator_py
[ 87%] [32mBuilding C object CMakeFiles/person_msg__rosidl_typesupport_fastrtps_c__pyext.dir/rosidl_generator_py/person_msg/_person_msg_s.ep.rosidl_typesupport_fastrtps_c.c.o[0m
[ 87%] [32mBuilding C object CMakeFiles/person_msg__rosidl_typesupport_introspection_c__pyext.dir/rosidl_generator_py/person_msg/_person_msg_s.ep.rosidl_typesupport_introspection_c.c.o[0m
[ 90%] [32mBuilding C object CMakeFiles/person_msg__rosidl_typesupport_c__pyext.dir/rosidl_generator_py/person_msg/_person_msg_s.ep.rosidl_typesupport_c.c.o[0m
[ 93%] [32m[1mLinking C shared library rosidl_generator_py/person_msg/person_msg_s__rosidl_typesupport_fastrtps_c.cpython-310-x86_64-linux-gnu.so[0m
[ 96%] [32m[1mLinking C shared library rosidl_generator_py/person_msg/person_msg_s__rosidl_typesupport_c.cpython-310-x86_64-linux-gnu.so[0m
[100%] [32m[1mLinking C shared library rosidl_generator_py/person_msg/person_msg_s__rosidl_typesupport_introspection_c.cpython-310-x86_64-linux-gnu.so[0m
[100%] Built target person_msg__rosidl_typesupport_fastrtps_c__pyext
[100%] Built target person_msg__rosidl_typesupport_c__pyext
[100%] Built target person_msg__rosidl_typesupport_introspection_c__pyext
-- Install configuration: ""
-- Installing: /home/ryo/ros2_ws/install/person_msg/share/ament_index/resource_index/rosidl_interfaces/person_msg
-- Installing: /home/ryo/ros2_ws/install/person_msg/include/person_msg/person_msg
-- Installing: /home/ryo/ros2_ws/install/person_msg/include/person_msg/person_msg/msg
-- Installing: /home/ryo/ros2_ws/install/person_msg/include/person_msg/person_msg/msg/person.h
-- Installing: /home/ryo/ros2_ws/install/person_msg/include/person_msg/person_msg/msg/rosidl_generator_c__visibility_control.h
-- Installing: /home/ryo/ros2_ws/install/person_msg/include/person_msg/person_msg/msg/detail
-- Installing: /home/ryo/ros2_ws/install/person_msg/include/person_msg/person_msg/msg/detail/person__functions.c
-- Installing: /home/ryo/ros2_ws/install/person_msg/include/person_msg/person_msg/msg/detail/person__type_support.h
-- Installing: /home/ryo/ros2_ws/install/person_msg/include/person_msg/person_msg/msg/detail/person__functions.h
-- Installing: /home/ryo/ros2_ws/install/person_msg/include/person_msg/person_msg/msg/detail/person__struct.h
-- Installing: /home/ryo/ros2_ws/install/person_msg/share/person_msg/environment/library_path.sh
-- Installing: /home/ryo/ros2_ws/install/person_msg/share/person_msg/environment/library_path.dsv
-- Installing: /home/ryo/ros2_ws/install/person_msg/lib/libperson_msg__rosidl_generator_c.so
-- Set runtime path of "/home/ryo/ros2_ws/install/person_msg/lib/libperson_msg__rosidl_generator_c.so" to ""
-- Up-to-date: /home/ryo/ros2_ws/install/person_msg/include/person_msg/person_msg
-- Up-to-date: /home/ryo/ros2_ws/install/person_msg/include/person_msg/person_msg/msg
-- Installing: /home/ryo/ros2_ws/install/person_msg/include/person_msg/person_msg/msg/rosidl_typesupport_fastrtps_c__visibility_control.h
-- Up-to-date: /home/ryo/ros2_ws/install/person_msg/include/person_msg/person_msg/msg/detail
-- Installing: /home/ryo/ros2_ws/install/person_msg/include/person_msg/person_msg/msg/detail/person__rosidl_typesupport_fastrtps_c.h
-- Installing: /home/ryo/ros2_ws/install/person_msg/lib/libperson_msg__rosidl_typesupport_fastrtps_c.so
-- Set runtime path of "/home/ryo/ros2_ws/install/person_msg/lib/libperson_msg__rosidl_typesupport_fastrtps_c.so" to ""
-- Up-to-date: /home/ryo/ros2_ws/install/person_msg/include/person_msg/person_msg
-- Up-to-date: /home/ryo/ros2_ws/install/person_msg/include/person_msg/person_msg/msg
-- Installing: /home/ryo/ros2_ws/install/person_msg/include/person_msg/person_msg/msg/rosidl_typesupport_introspection_c__visibility_control.h
-- Up-to-date: /home/ryo/ros2_ws/install/person_msg/include/person_msg/person_msg/msg/detail
-- Installing: /home/ryo/ros2_ws/install/person_msg/include/person_msg/person_msg/msg/detail/person__type_support.c
-- Installing: /home/ryo/ros2_ws/install/person_msg/include/person_msg/person_msg/msg/detail/person__rosidl_typesupport_introspection_c.h
-- Installing: /home/ryo/ros2_ws/install/person_msg/lib/libperson_msg__rosidl_typesupport_introspection_c.so
-- Set runtime path of "/home/ryo/ros2_ws/install/person_msg/lib/libperson_msg__rosidl_typesupport_introspection_c.so" to ""
-- Installing: /home/ryo/ros2_ws/install/person_msg/lib/libperson_msg__rosidl_typesupport_c.so
-- Set runtime path of "/home/ryo/ros2_ws/install/person_msg/lib/libperson_msg__rosidl_typesupport_c.so" to ""
-- Up-to-date: /home/ryo/ros2_ws/install/person_msg/include/person_msg/person_msg
-- Up-to-date: /home/ryo/ros2_ws/install/person_msg/include/person_msg/person_msg/msg
-- Installing: /home/ryo/ros2_ws/install/person_msg/include/person_msg/person_msg/msg/person.hpp
-- Up-to-date: /home/ryo/ros2_ws/install/person_msg/include/person_msg/person_msg/msg/detail
-- Installing: /home/ryo/ros2_ws/install/person_msg/include/person_msg/person_msg/msg/detail/person__builder.hpp
-- Installing: /home/ryo/ros2_ws/install/person_msg/include/person_msg/person_msg/msg/detail/person__traits.hpp
-- Installing: /home/ryo/ros2_ws/install/person_msg/include/person_msg/person_msg/msg/detail/person__struct.hpp
-- Up-to-date: /home/ryo/ros2_ws/install/person_msg/include/person_msg/person_msg
-- Up-to-date: /home/ryo/ros2_ws/install/person_msg/include/person_msg/person_msg/msg
-- Installing: /home/ryo/ros2_ws/install/person_msg/include/person_msg/person_msg/msg/rosidl_typesupport_fastrtps_cpp__visibility_control.h
-- Up-to-date: /home/ryo/ros2_ws/install/person_msg/include/person_msg/person_msg/msg/detail
-- Installing: /home/ryo/ros2_ws/install/person_msg/include/person_msg/person_msg/msg/detail/dds_fastrtps
-- Installing: /home/ryo/ros2_ws/install/person_msg/include/person_msg/person_msg/msg/detail/person__rosidl_typesupport_fastrtps_cpp.hpp
-- Installing: /home/ryo/ros2_ws/install/person_msg/lib/libperson_msg__rosidl_typesupport_fastrtps_cpp.so
-- Set runtime path of "/home/ryo/ros2_ws/install/person_msg/lib/libperson_msg__rosidl_typesupport_fastrtps_cpp.so" to ""
-- Up-to-date: /home/ryo/ros2_ws/install/person_msg/include/person_msg/person_msg
-- Up-to-date: /home/ryo/ros2_ws/install/person_msg/include/person_msg/person_msg/msg
-- Up-to-date: /home/ryo/ros2_ws/install/person_msg/include/person_msg/person_msg/msg/detail
-- Installing: /home/ryo/ros2_ws/install/person_msg/include/person_msg/person_msg/msg/detail/person__rosidl_typesupport_introspection_cpp.hpp
-- Installing: /home/ryo/ros2_ws/install/person_msg/include/person_msg/person_msg/msg/detail/person__type_support.cpp
-- Installing: /home/ryo/ros2_ws/install/person_msg/lib/libperson_msg__rosidl_typesupport_introspection_cpp.so
-- Set runtime path of "/home/ryo/ros2_ws/install/person_msg/lib/libperson_msg__rosidl_typesupport_introspection_cpp.so" to ""
-- Installing: /home/ryo/ros2_ws/install/person_msg/lib/libperson_msg__rosidl_typesupport_cpp.so
-- Set runtime path of "/home/ryo/ros2_ws/install/person_msg/lib/libperson_msg__rosidl_typesupport_cpp.so" to ""
-- Installing: /home/ryo/ros2_ws/install/person_msg/share/person_msg/environment/pythonpath.sh
-- Installing: /home/ryo/ros2_ws/install/person_msg/share/person_msg/environment/pythonpath.dsv
-- Installing: /home/ryo/ros2_ws/install/person_msg/local/lib/python3.10/dist-packages/person_msg-0.0.0-py3.10.egg-info
-- Installing: /home/ryo/ros2_ws/install/person_msg/local/lib/python3.10/dist-packages/person_msg-0.0.0-py3.10.egg-info/top_level.txt
-- Installing: /home/ryo/ros2_ws/install/person_msg/local/lib/python3.10/dist-packages/person_msg-0.0.0-py3.10.egg-info/dependency_links.txt
-- Installing: /home/ryo/ros2_ws/install/person_msg/local/lib/python3.10/dist-packages/person_msg-0.0.0-py3.10.egg-info/SOURCES.txt
-- Installing: /home/ryo/ros2_ws/install/person_msg/local/lib/python3.10/dist-packages/person_msg-0.0.0-py3.10.egg-info/PKG-INFO
-- Installing: /home/ryo/ros2_ws/install/person_msg/local/lib/python3.10/dist-packages/person_msg
-- Installing: /home/ryo/ros2_ws/install/person_msg/local/lib/python3.10/dist-packages/person_msg/_person_msg_s.ep.rosidl_typesupport_fastrtps_c.c
-- Installing: /home/ryo/ros2_ws/install/person_msg/local/lib/python3.10/dist-packages/person_msg/_person_msg_s.ep.rosidl_typesupport_introspection_c.c
-- Installing: /home/ryo/ros2_ws/install/person_msg/local/lib/python3.10/dist-packages/person_msg/_person_msg_s.ep.rosidl_typesupport_c.c
-- Installing: /home/ryo/ros2_ws/install/person_msg/local/lib/python3.10/dist-packages/person_msg/msg
-- Installing: /home/ryo/ros2_ws/install/person_msg/local/lib/python3.10/dist-packages/person_msg/msg/_person.py
-- Installing: /home/ryo/ros2_ws/install/person_msg/local/lib/python3.10/dist-packages/person_msg/msg/_person_s.c
-- Installing: /home/ryo/ros2_ws/install/person_msg/local/lib/python3.10/dist-packages/person_msg/msg/__init__.py
-- Installing: /home/ryo/ros2_ws/install/person_msg/local/lib/python3.10/dist-packages/person_msg/person_msg_s__rosidl_typesupport_c.cpython-310-x86_64-linux-gnu.so
-- Installing: /home/ryo/ros2_ws/install/person_msg/local/lib/python3.10/dist-packages/person_msg/person_msg_s__rosidl_typesupport_introspection_c.cpython-310-x86_64-linux-gnu.so
-- Installing: /home/ryo/ros2_ws/install/person_msg/local/lib/python3.10/dist-packages/person_msg/person_msg_s__rosidl_typesupport_fastrtps_c.cpython-310-x86_64-linux-gnu.so
-- Installing: /home/ryo/ros2_ws/install/person_msg/local/lib/python3.10/dist-packages/person_msg/libperson_msg__rosidl_generator_py.so
-- Installing: /home/ryo/ros2_ws/install/person_msg/local/lib/python3.10/dist-packages/person_msg/__init__.py
Listing '/home/ryo/ros2_ws/install/person_msg/local/lib/python3.10/dist-packages/person_msg'...
Compiling '/home/ryo/ros2_ws/install/person_msg/local/lib/python3.10/dist-packages/person_msg/__init__.py'...
Listing '/home/ryo/ros2_ws/install/person_msg/local/lib/python3.10/dist-packages/person_msg/msg'...
Compiling '/home/ryo/ros2_ws/install/person_msg/local/lib/python3.10/dist-packages/person_msg/msg/__init__.py'...
Compiling '/home/ryo/ros2_ws/install/person_msg/local/lib/python3.10/dist-packages/person_msg/msg/_person.py'...
-- Installing: /home/ryo/ros2_ws/install/person_msg/local/lib/python3.10/dist-packages/person_msg/person_msg_s__rosidl_typesupport_fastrtps_c.cpython-310-x86_64-linux-gnu.so
-- Set runtime path of "/home/ryo/ros2_ws/install/person_msg/local/lib/python3.10/dist-packages/person_msg/person_msg_s__rosidl_typesupport_fastrtps_c.cpython-310-x86_64-linux-gnu.so" to ""
-- Installing: /home/ryo/ros2_ws/install/person_msg/local/lib/python3.10/dist-packages/person_msg/person_msg_s__rosidl_typesupport_introspection_c.cpython-310-x86_64-linux-gnu.so
-- Set runtime path of "/home/ryo/ros2_ws/install/person_msg/local/lib/python3.10/dist-packages/person_msg/person_msg_s__rosidl_typesupport_introspection_c.cpython-310-x86_64-linux-gnu.so" to ""
-- Installing: /home/ryo/ros2_ws/install/person_msg/local/lib/python3.10/dist-packages/person_msg/person_msg_s__rosidl_typesupport_c.cpython-310-x86_64-linux-gnu.so
-- Set runtime path of "/home/ryo/ros2_ws/install/person_msg/local/lib/python3.10/dist-packages/person_msg/person_msg_s__rosidl_typesupport_c.cpython-310-x86_64-linux-gnu.so" to ""
-- Installing: /home/ryo/ros2_ws/install/person_msg/lib/libperson_msg__rosidl_generator_py.so
-- Set runtime path of "/home/ryo/ros2_ws/install/person_msg/lib/libperson_msg__rosidl_generator_py.so" to ""
-- Installing: /home/ryo/ros2_ws/install/person_msg/share/person_msg/msg/Person.idl
-- Installing: /home/ryo/ros2_ws/install/person_msg/share/person_msg/msg/Person.msg
-- Installing: /home/ryo/ros2_ws/install/person_msg/share/ament_index/resource_index/package_run_dependencies/person_msg
-- Installing: /home/ryo/ros2_ws/install/person_msg/share/ament_index/resource_index/parent_prefix_path/person_msg
-- Installing: /home/ryo/ros2_ws/install/person_msg/share/person_msg/environment/ament_prefix_path.sh
-- Installing: /home/ryo/ros2_ws/install/person_msg/share/person_msg/environment/ament_prefix_path.dsv
-- Installing: /home/ryo/ros2_ws/install/person_msg/share/person_msg/environment/path.sh
-- Installing: /home/ryo/ros2_ws/install/person_msg/share/person_msg/environment/path.dsv
-- Installing: /home/ryo/ros2_ws/install/person_msg/share/person_msg/local_setup.bash
-- Installing: /home/ryo/ros2_ws/install/person_msg/share/person_msg/local_setup.sh
-- Installing: /home/ryo/ros2_ws/install/person_msg/share/person_msg/local_setup.zsh
-- Installing: /home/ryo/ros2_ws/install/person_msg/share/person_msg/local_setup.dsv
-- Installing: /home/ryo/ros2_ws/install/person_msg/share/person_msg/package.dsv
-- Installing: /home/ryo/ros2_ws/install/person_msg/share/ament_index/resource_index/packages/person_msg
-- Installing: /home/ryo/ros2_ws/install/person_msg/share/person_msg/cmake/export_person_msg__rosidl_generator_cExport.cmake
-- Installing: /home/ryo/ros2_ws/install/person_msg/share/person_msg/cmake/export_person_msg__rosidl_generator_cExport-noconfig.cmake
-- Installing: /home/ryo/ros2_ws/install/person_msg/share/person_msg/cmake/export_person_msg__rosidl_typesupport_fastrtps_cExport.cmake
-- Installing: /home/ryo/ros2_ws/install/person_msg/share/person_msg/cmake/export_person_msg__rosidl_typesupport_fastrtps_cExport-noconfig.cmake
-- Installing: /home/ryo/ros2_ws/install/person_msg/share/person_msg/cmake/person_msg__rosidl_typesupport_introspection_cExport.cmake
-- Installing: /home/ryo/ros2_ws/install/person_msg/share/person_msg/cmake/person_msg__rosidl_typesupport_introspection_cExport-noconfig.cmake
-- Installing: /home/ryo/ros2_ws/install/person_msg/share/person_msg/cmake/person_msg__rosidl_typesupport_cExport.cmake
-- Installing: /home/ryo/ros2_ws/install/person_msg/share/person_msg/cmake/person_msg__rosidl_typesupport_cExport-noconfig.cmake
-- Installing: /home/ryo/ros2_ws/install/person_msg/share/person_msg/cmake/export_person_msg__rosidl_generator_cppExport.cmake
-- Installing: /home/ryo/ros2_ws/install/person_msg/share/person_msg/cmake/export_person_msg__rosidl_typesupport_fastrtps_cppExport.cmake
-- Installing: /home/ryo/ros2_ws/install/person_msg/share/person_msg/cmake/export_person_msg__rosidl_typesupport_fastrtps_cppExport-noconfig.cmake
-- Installing: /home/ryo/ros2_ws/install/person_msg/share/person_msg/cmake/person_msg__rosidl_typesupport_introspection_cppExport.cmake
-- Installing: /home/ryo/ros2_ws/install/person_msg/share/person_msg/cmake/person_msg__rosidl_typesupport_introspection_cppExport-noconfig.cmake
-- Installing: /home/ryo/ros2_ws/install/person_msg/share/person_msg/cmake/person_msg__rosidl_typesupport_cppExport.cmake
-- Installing: /home/ryo/ros2_ws/install/person_msg/share/person_msg/cmake/person_msg__rosidl_typesupport_cppExport-noconfig.cmake
-- Installing: /home/ryo/ros2_ws/install/person_msg/share/person_msg/cmake/export_person_msg__rosidl_generator_pyExport.cmake
-- Installing: /home/ryo/ros2_ws/install/person_msg/share/person_msg/cmake/export_person_msg__rosidl_generator_pyExport-noconfig.cmake
-- Installing: /home/ryo/ros2_ws/install/person_msg/share/person_msg/cmake/rosidl_cmake-extras.cmake
-- Installing: /home/ryo/ros2_ws/install/person_msg/share/person_msg/cmake/ament_cmake_export_include_directories-extras.cmake
-- Installing: /home/ryo/ros2_ws/install/person_msg/share/person_msg/cmake/ament_cmake_export_libraries-extras.cmake
-- Installing: /home/ryo/ros2_ws/install/person_msg/share/person_msg/cmake/ament_cmake_export_targets-extras.cmake
-- Installing: /home/ryo/ros2_ws/install/person_msg/share/person_msg/cmake/rosidl_cmake_export_typesupport_targets-extras.cmake
-- Installing: /home/ryo/ros2_ws/install/person_msg/share/person_msg/cmake/ament_cmake_export_dependencies-extras.cmake
-- Installing: /home/ryo/ros2_ws/install/person_msg/share/person_msg/cmake/rosidl_cmake_export_typesupport_libraries-extras.cmake
-- Installing: /home/ryo/ros2_ws/install/person_msg/share/person_msg/cmake/person_msgConfig.cmake
-- Installing: /home/ryo/ros2_ws/install/person_msg/share/person_msg/cmake/person_msgConfig-version.cmake
-- Installing: /home/ryo/ros2_ws/install/person_msg/share/person_msg/package.xml
