[0.270s] Invoking command in '/home/ryo/ros2_ws/build/person_msg': CMAKE_PREFIX_PATH=/home/ryo/ros2_ws/install/mypkg:/opt/ros/humble /usr/bin/cmake --build /home/ryo/ros2_ws/build/person_msg -- -j8 -l8
[0.320s] [  3%] [34m[1mGenerating C code for ROS interfaces[0m
[0.336s] [  6%] [34m[1mGenerating C++ code for ROS interfaces[0m
[0.354s] [  6%] Built target ament_cmake_python_copy_person_msg
[0.823s] running egg_info
[0.824s] creating person_msg.egg-info
[0.824s] writing person_msg.egg-info/PKG-INFO
[0.825s] writing dependency_links to person_msg.egg-info/dependency_links.txt
[0.825s] writing top-level names to person_msg.egg-info/top_level.txt
[0.826s] writing manifest file 'person_msg.egg-info/SOURCES.txt'
[0.829s] reading manifest file 'person_msg.egg-info/SOURCES.txt'
[0.831s] writing manifest file 'person_msg.egg-info/SOURCES.txt'
[0.840s] [  9%] [32mBuilding C object CMakeFiles/person_msg__rosidl_generator_c.dir/rosidl_generator_c/person_msg/msg/detail/person__functions.c.o[0m
[0.883s] [  9%] Built target ament_cmake_python_build_person_msg_egg
[0.929s] [  9%] Built target person_msg__cpp
[0.943s] [ 12%] [34m[1mGenerating C++ type support dispatch for ROS interfaces[0m
[0.944s] [ 16%] [34m[1mGenerating C++ type support for eProsima Fast-RTPS[0m
[0.947s] [ 22%] [32m[1mLinking C shared library libperson_msg__rosidl_generator_c.so[0m
[0.947s] [ 22%] [34m[1mGenerating C++ introspection for ROS interfaces[0m
[1.015s] [ 22%] Built target person_msg__rosidl_generator_c
[1.034s] [ 29%] [34m[1mGenerating C introspection for ROS interfaces[0m
[1.034s] [ 29%] [34m[1mGenerating C type support for eProsima Fast-RTPS[0m
[1.044s] [ 32%] [34m[1mGenerating C type support dispatch for ROS interfaces[0m
[1.649s] [ 35%] [32mBuilding CXX object CMakeFiles/person_msg__rosidl_typesupport_cpp.dir/rosidl_typesupport_cpp/person_msg/msg/person__type_support.cpp.o[0m
[1.676s] [ 38%] [32mBuilding CXX object CMakeFiles/person_msg__rosidl_typesupport_introspection_cpp.dir/rosidl_typesupport_introspection_cpp/person_msg/msg/detail/person__type_support.cpp.o[0m
[1.716s] [ 41%] [32mBuilding CXX object CMakeFiles/person_msg__rosidl_typesupport_fastrtps_cpp.dir/rosidl_typesupport_fastrtps_cpp/person_msg/msg/detail/dds_fastrtps/person__type_support.cpp.o[0m
[1.735s] [ 45%] [32mBuilding CXX object CMakeFiles/person_msg__rosidl_typesupport_c.dir/rosidl_typesupport_c/person_msg/msg/person__type_support.cpp.o[0m
[1.796s] [ 48%] [32mBuilding C object CMakeFiles/person_msg__rosidl_typesupport_introspection_c.dir/rosidl_typesupport_introspection_c/person_msg/msg/detail/person__type_support.c.o[0m
[1.823s] [ 51%] [32m[1mLinking CXX shared library libperson_msg__rosidl_typesupport_c.so[0m
[1.823s] [ 54%] [32mBuilding CXX object CMakeFiles/person_msg__rosidl_typesupport_fastrtps_c.dir/rosidl_typesupport_fastrtps_c/person_msg/msg/detail/person__type_support_c.cpp.o[0m
[1.884s] [ 58%] [32m[1mLinking C shared library libperson_msg__rosidl_typesupport_introspection_c.so[0m
[1.906s] [ 58%] Built target person_msg__rosidl_typesupport_c
[1.939s] [ 58%] Built target person_msg__rosidl_typesupport_introspection_c
[2.374s] [ 61%] [32m[1mLinking CXX shared library libperson_msg__rosidl_typesupport_cpp.so[0m
[2.437s] [ 61%] Built target person_msg__rosidl_typesupport_cpp
[2.572s] [ 64%] [32m[1mLinking CXX shared library libperson_msg__rosidl_typesupport_fastrtps_c.so[0m
[2.621s] [ 67%] [32m[1mLinking CXX shared library libperson_msg__rosidl_typesupport_introspection_cpp.so[0m
[2.712s] [ 70%] [32m[1mLinking CXX shared library libperson_msg__rosidl_typesupport_fastrtps_cpp.so[0m
[2.719s] [ 70%] Built target person_msg__rosidl_typesupport_fastrtps_c
[2.734s] [ 70%] Built target person_msg__rosidl_typesupport_introspection_cpp
[2.819s] [ 70%] Built target person_msg__rosidl_typesupport_fastrtps_cpp
[2.843s] [ 70%] Built target person_msg
[2.866s] [ 74%] [34m[1mGenerating Python code for ROS interfaces[0m
[3.760s] [ 74%] Built target person_msg__py
[3.794s] [ 77%] [32mBuilding C object CMakeFiles/person_msg__rosidl_generator_py.dir/rosidl_generator_py/person_msg/msg/_person_s.c.o[0m
[4.147s] [ 80%] [32m[1mLinking C shared library rosidl_generator_py/person_msg/libperson_msg__rosidl_generator_py.so[0m
[4.206s] [ 80%] Built target person_msg__rosidl_generator_py
[4.240s] [ 87%] [32mBuilding C object CMakeFiles/person_msg__rosidl_typesupport_fastrtps_c__pyext.dir/rosidl_generator_py/person_msg/_person_msg_s.ep.rosidl_typesupport_fastrtps_c.c.o[0m
[4.240s] [ 87%] [32mBuilding C object CMakeFiles/person_msg__rosidl_typesupport_introspection_c__pyext.dir/rosidl_generator_py/person_msg/_person_msg_s.ep.rosidl_typesupport_introspection_c.c.o[0m
[4.254s] [ 90%] [32mBuilding C object CMakeFiles/person_msg__rosidl_typesupport_c__pyext.dir/rosidl_generator_py/person_msg/_person_msg_s.ep.rosidl_typesupport_c.c.o[0m
[4.452s] [ 93%] [32m[1mLinking C shared library rosidl_generator_py/person_msg/person_msg_s__rosidl_typesupport_fastrtps_c.cpython-310-x86_64-linux-gnu.so[0m
[4.460s] [ 96%] [32m[1mLinking C shared library rosidl_generator_py/person_msg/person_msg_s__rosidl_typesupport_c.cpython-310-x86_64-linux-gnu.so[0m
[4.461s] [100%] [32m[1mLinking C shared library rosidl_generator_py/person_msg/person_msg_s__rosidl_typesupport_introspection_c.cpython-310-x86_64-linux-gnu.so[0m
[4.509s] [100%] Built target person_msg__rosidl_typesupport_fastrtps_c__pyext
[4.512s] [100%] Built target person_msg__rosidl_typesupport_c__pyext
[4.518s] [100%] Built target person_msg__rosidl_typesupport_introspection_c__pyext
[4.534s] Invoked command in '/home/ryo/ros2_ws/build/person_msg' returned '0': CMAKE_PREFIX_PATH=/home/ryo/ros2_ws/install/mypkg:/opt/ros/humble /usr/bin/cmake --build /home/ryo/ros2_ws/build/person_msg -- -j8 -l8
[4.620s] Invoking command in '/home/ryo/ros2_ws/build/person_msg': CMAKE_PREFIX_PATH=/home/ryo/ros2_ws/install/mypkg:/opt/ros/humble /usr/bin/cmake --install /home/ryo/ros2_ws/build/person_msg
[4.630s] -- Install configuration: ""
[4.631s] -- Installing: /home/ryo/ros2_ws/install/person_msg/share/ament_index/resource_index/rosidl_interfaces/person_msg
[4.632s] -- Installing: /home/ryo/ros2_ws/install/person_msg/include/person_msg/person_msg
[4.632s] -- Installing: /home/ryo/ros2_ws/install/person_msg/include/person_msg/person_msg/msg
[4.633s] -- Installing: /home/ryo/ros2_ws/install/person_msg/include/person_msg/person_msg/msg/person.h
[4.633s] -- Installing: /home/ryo/ros2_ws/install/person_msg/include/person_msg/person_msg/msg/rosidl_generator_c__visibility_control.h
[4.634s] -- Installing: /home/ryo/ros2_ws/install/person_msg/include/person_msg/person_msg/msg/detail
[4.634s] -- Installing: /home/ryo/ros2_ws/install/person_msg/include/person_msg/person_msg/msg/detail/person__functions.c
[4.634s] -- Installing: /home/ryo/ros2_ws/install/person_msg/include/person_msg/person_msg/msg/detail/person__type_support.h
[4.635s] -- Installing: /home/ryo/ros2_ws/install/person_msg/include/person_msg/person_msg/msg/detail/person__functions.h
[4.635s] -- Installing: /home/ryo/ros2_ws/install/person_msg/include/person_msg/person_msg/msg/detail/person__struct.h
[4.635s] -- Installing: /home/ryo/ros2_ws/install/person_msg/share/person_msg/environment/library_path.sh
[4.635s] -- Installing: /home/ryo/ros2_ws/install/person_msg/share/person_msg/environment/library_path.dsv
[4.636s] -- Installing: /home/ryo/ros2_ws/install/person_msg/lib/libperson_msg__rosidl_generator_c.so
[4.636s] -- Set runtime path of "/home/ryo/ros2_ws/install/person_msg/lib/libperson_msg__rosidl_generator_c.so" to ""
[4.636s] -- Up-to-date: /home/ryo/ros2_ws/install/person_msg/include/person_msg/person_msg
[4.637s] -- Up-to-date: /home/ryo/ros2_ws/install/person_msg/include/person_msg/person_msg/msg
[4.637s] -- Installing: /home/ryo/ros2_ws/install/person_msg/include/person_msg/person_msg/msg/rosidl_typesupport_fastrtps_c__visibility_control.h
[4.637s] -- Up-to-date: /home/ryo/ros2_ws/install/person_msg/include/person_msg/person_msg/msg/detail
[4.637s] -- Installing: /home/ryo/ros2_ws/install/person_msg/include/person_msg/person_msg/msg/detail/person__rosidl_typesupport_fastrtps_c.h
[4.638s] -- Installing: /home/ryo/ros2_ws/install/person_msg/lib/libperson_msg__rosidl_typesupport_fastrtps_c.so
[4.638s] -- Set runtime path of "/home/ryo/ros2_ws/install/person_msg/lib/libperson_msg__rosidl_typesupport_fastrtps_c.so" to ""
[4.638s] -- Up-to-date: /home/ryo/ros2_ws/install/person_msg/include/person_msg/person_msg
[4.638s] -- Up-to-date: /home/ryo/ros2_ws/install/person_msg/include/person_msg/person_msg/msg
[4.638s] -- Installing: /home/ryo/ros2_ws/install/person_msg/include/person_msg/person_msg/msg/rosidl_typesupport_introspection_c__visibility_control.h
[4.638s] -- Up-to-date: /home/ryo/ros2_ws/install/person_msg/include/person_msg/person_msg/msg/detail
[4.639s] -- Installing: /home/ryo/ros2_ws/install/person_msg/include/person_msg/person_msg/msg/detail/person__type_support.c
[4.639s] -- Installing: /home/ryo/ros2_ws/install/person_msg/include/person_msg/person_msg/msg/detail/person__rosidl_typesupport_introspection_c.h
[4.639s] -- Installing: /home/ryo/ros2_ws/install/person_msg/lib/libperson_msg__rosidl_typesupport_introspection_c.so
[4.640s] -- Set runtime path of "/home/ryo/ros2_ws/install/person_msg/lib/libperson_msg__rosidl_typesupport_introspection_c.so" to ""
[4.640s] -- Installing: /home/ryo/ros2_ws/install/person_msg/lib/libperson_msg__rosidl_typesupport_c.so
[4.640s] -- Set runtime path of "/home/ryo/ros2_ws/install/person_msg/lib/libperson_msg__rosidl_typesupport_c.so" to ""
[4.641s] -- Up-to-date: /home/ryo/ros2_ws/install/person_msg/include/person_msg/person_msg
[4.642s] -- Up-to-date: /home/ryo/ros2_ws/install/person_msg/include/person_msg/person_msg/msg
[4.643s] -- Installing: /home/ryo/ros2_ws/install/person_msg/include/person_msg/person_msg/msg/person.hpp
[4.644s] -- Up-to-date: /home/ryo/ros2_ws/install/person_msg/include/person_msg/person_msg/msg/detail
[4.644s] -- Installing: /home/ryo/ros2_ws/install/person_msg/include/person_msg/person_msg/msg/detail/person__builder.hpp
[4.644s] -- Installing: /home/ryo/ros2_ws/install/person_msg/include/person_msg/person_msg/msg/detail/person__traits.hpp
[4.645s] -- Installing: /home/ryo/ros2_ws/install/person_msg/include/person_msg/person_msg/msg/detail/person__struct.hpp
[4.645s] -- Up-to-date: /home/ryo/ros2_ws/install/person_msg/include/person_msg/person_msg
[4.645s] -- Up-to-date: /home/ryo/ros2_ws/install/person_msg/include/person_msg/person_msg/msg
[4.645s] -- Installing: /home/ryo/ros2_ws/install/person_msg/include/person_msg/person_msg/msg/rosidl_typesupport_fastrtps_cpp__visibility_control.h
[4.646s] -- Up-to-date: /home/ryo/ros2_ws/install/person_msg/include/person_msg/person_msg/msg/detail
[4.646s] -- Installing: /home/ryo/ros2_ws/install/person_msg/include/person_msg/person_msg/msg/detail/dds_fastrtps
[4.647s] -- Installing: /home/ryo/ros2_ws/install/person_msg/include/person_msg/person_msg/msg/detail/person__rosidl_typesupport_fastrtps_cpp.hpp
[4.647s] -- Installing: /home/ryo/ros2_ws/install/person_msg/lib/libperson_msg__rosidl_typesupport_fastrtps_cpp.so
[4.647s] -- Set runtime path of "/home/ryo/ros2_ws/install/person_msg/lib/libperson_msg__rosidl_typesupport_fastrtps_cpp.so" to ""
[4.648s] -- Up-to-date: /home/ryo/ros2_ws/install/person_msg/include/person_msg/person_msg
[4.648s] -- Up-to-date: /home/ryo/ros2_ws/install/person_msg/include/person_msg/person_msg/msg
[4.648s] -- Up-to-date: /home/ryo/ros2_ws/install/person_msg/include/person_msg/person_msg/msg/detail
[4.649s] -- Installing: /home/ryo/ros2_ws/install/person_msg/include/person_msg/person_msg/msg/detail/person__rosidl_typesupport_introspection_cpp.hpp
[4.649s] -- Installing: /home/ryo/ros2_ws/install/person_msg/include/person_msg/person_msg/msg/detail/person__type_support.cpp
[4.650s] -- Installing: /home/ryo/ros2_ws/install/person_msg/lib/libperson_msg__rosidl_typesupport_introspection_cpp.so
[4.650s] -- Set runtime path of "/home/ryo/ros2_ws/install/person_msg/lib/libperson_msg__rosidl_typesupport_introspection_cpp.so" to ""
[4.650s] -- Installing: /home/ryo/ros2_ws/install/person_msg/lib/libperson_msg__rosidl_typesupport_cpp.so
[4.651s] -- Set runtime path of "/home/ryo/ros2_ws/install/person_msg/lib/libperson_msg__rosidl_typesupport_cpp.so" to ""
[4.651s] -- Installing: /home/ryo/ros2_ws/install/person_msg/share/person_msg/environment/pythonpath.sh
[4.652s] -- Installing: /home/ryo/ros2_ws/install/person_msg/share/person_msg/environment/pythonpath.dsv
[4.652s] -- Installing: /home/ryo/ros2_ws/install/person_msg/local/lib/python3.10/dist-packages/person_msg-0.0.0-py3.10.egg-info
[4.652s] -- Installing: /home/ryo/ros2_ws/install/person_msg/local/lib/python3.10/dist-packages/person_msg-0.0.0-py3.10.egg-info/top_level.txt
[4.653s] -- Installing: /home/ryo/ros2_ws/install/person_msg/local/lib/python3.10/dist-packages/person_msg-0.0.0-py3.10.egg-info/dependency_links.txt
[4.653s] -- Installing: /home/ryo/ros2_ws/install/person_msg/local/lib/python3.10/dist-packages/person_msg-0.0.0-py3.10.egg-info/SOURCES.txt
[4.653s] -- Installing: /home/ryo/ros2_ws/install/person_msg/local/lib/python3.10/dist-packages/person_msg-0.0.0-py3.10.egg-info/PKG-INFO
[4.653s] -- Installing: /home/ryo/ros2_ws/install/person_msg/local/lib/python3.10/dist-packages/person_msg
[4.654s] -- Installing: /home/ryo/ros2_ws/install/person_msg/local/lib/python3.10/dist-packages/person_msg/_person_msg_s.ep.rosidl_typesupport_fastrtps_c.c
[4.654s] -- Installing: /home/ryo/ros2_ws/install/person_msg/local/lib/python3.10/dist-packages/person_msg/_person_msg_s.ep.rosidl_typesupport_introspection_c.c
[4.654s] -- Installing: /home/ryo/ros2_ws/install/person_msg/local/lib/python3.10/dist-packages/person_msg/_person_msg_s.ep.rosidl_typesupport_c.c
[4.654s] -- Installing: /home/ryo/ros2_ws/install/person_msg/local/lib/python3.10/dist-packages/person_msg/msg
[4.654s] -- Installing: /home/ryo/ros2_ws/install/person_msg/local/lib/python3.10/dist-packages/person_msg/msg/_person.py
[4.654s] -- Installing: /home/ryo/ros2_ws/install/person_msg/local/lib/python3.10/dist-packages/person_msg/msg/_person_s.c
[4.655s] -- Installing: /home/ryo/ros2_ws/install/person_msg/local/lib/python3.10/dist-packages/person_msg/msg/__init__.py
[4.655s] -- Installing: /home/ryo/ros2_ws/install/person_msg/local/lib/python3.10/dist-packages/person_msg/person_msg_s__rosidl_typesupport_c.cpython-310-x86_64-linux-gnu.so
[4.655s] -- Installing: /home/ryo/ros2_ws/install/person_msg/local/lib/python3.10/dist-packages/person_msg/person_msg_s__rosidl_typesupport_introspection_c.cpython-310-x86_64-linux-gnu.so
[4.655s] -- Installing: /home/ryo/ros2_ws/install/person_msg/local/lib/python3.10/dist-packages/person_msg/person_msg_s__rosidl_typesupport_fastrtps_c.cpython-310-x86_64-linux-gnu.so
[4.655s] -- Installing: /home/ryo/ros2_ws/install/person_msg/local/lib/python3.10/dist-packages/person_msg/libperson_msg__rosidl_generator_py.so
[4.655s] -- Installing: /home/ryo/ros2_ws/install/person_msg/local/lib/python3.10/dist-packages/person_msg/__init__.py
[4.712s] Listing '/home/ryo/ros2_ws/install/person_msg/local/lib/python3.10/dist-packages/person_msg'...
[4.712s] Compiling '/home/ryo/ros2_ws/install/person_msg/local/lib/python3.10/dist-packages/person_msg/__init__.py'...
[4.712s] Listing '/home/ryo/ros2_ws/install/person_msg/local/lib/python3.10/dist-packages/person_msg/msg'...
[4.712s] Compiling '/home/ryo/ros2_ws/install/person_msg/local/lib/python3.10/dist-packages/person_msg/msg/__init__.py'...
[4.712s] Compiling '/home/ryo/ros2_ws/install/person_msg/local/lib/python3.10/dist-packages/person_msg/msg/_person.py'...
[4.719s] -- Installing: /home/ryo/ros2_ws/install/person_msg/local/lib/python3.10/dist-packages/person_msg/person_msg_s__rosidl_typesupport_fastrtps_c.cpython-310-x86_64-linux-gnu.so
[4.720s] -- Set runtime path of "/home/ryo/ros2_ws/install/person_msg/local/lib/python3.10/dist-packages/person_msg/person_msg_s__rosidl_typesupport_fastrtps_c.cpython-310-x86_64-linux-gnu.so" to ""
[4.720s] -- Installing: /home/ryo/ros2_ws/install/person_msg/local/lib/python3.10/dist-packages/person_msg/person_msg_s__rosidl_typesupport_introspection_c.cpython-310-x86_64-linux-gnu.so
[4.721s] -- Set runtime path of "/home/ryo/ros2_ws/install/person_msg/local/lib/python3.10/dist-packages/person_msg/person_msg_s__rosidl_typesupport_introspection_c.cpython-310-x86_64-linux-gnu.so" to ""
[4.721s] -- Installing: /home/ryo/ros2_ws/install/person_msg/local/lib/python3.10/dist-packages/person_msg/person_msg_s__rosidl_typesupport_c.cpython-310-x86_64-linux-gnu.so
[4.722s] -- Set runtime path of "/home/ryo/ros2_ws/install/person_msg/local/lib/python3.10/dist-packages/person_msg/person_msg_s__rosidl_typesupport_c.cpython-310-x86_64-linux-gnu.so" to ""
[4.722s] -- Installing: /home/ryo/ros2_ws/install/person_msg/lib/libperson_msg__rosidl_generator_py.so
[4.723s] -- Set runtime path of "/home/ryo/ros2_ws/install/person_msg/lib/libperson_msg__rosidl_generator_py.so" to ""
[4.723s] -- Installing: /home/ryo/ros2_ws/install/person_msg/share/person_msg/msg/Person.idl
[4.724s] -- Installing: /home/ryo/ros2_ws/install/person_msg/share/person_msg/msg/Person.msg
[4.725s] -- Installing: /home/ryo/ros2_ws/install/person_msg/share/ament_index/resource_index/package_run_dependencies/person_msg
[4.725s] -- Installing: /home/ryo/ros2_ws/install/person_msg/share/ament_index/resource_index/parent_prefix_path/person_msg
[4.726s] -- Installing: /home/ryo/ros2_ws/install/person_msg/share/person_msg/environment/ament_prefix_path.sh
[4.726s] -- Installing: /home/ryo/ros2_ws/install/person_msg/share/person_msg/environment/ament_prefix_path.dsv
[4.727s] -- Installing: /home/ryo/ros2_ws/install/person_msg/share/person_msg/environment/path.sh
[4.727s] -- Installing: /home/ryo/ros2_ws/install/person_msg/share/person_msg/environment/path.dsv
[4.728s] -- Installing: /home/ryo/ros2_ws/install/person_msg/share/person_msg/local_setup.bash
[4.729s] -- Installing: /home/ryo/ros2_ws/install/person_msg/share/person_msg/local_setup.sh
[4.729s] -- Installing: /home/ryo/ros2_ws/install/person_msg/share/person_msg/local_setup.zsh
[4.730s] -- Installing: /home/ryo/ros2_ws/install/person_msg/share/person_msg/local_setup.dsv
[4.730s] -- Installing: /home/ryo/ros2_ws/install/person_msg/share/person_msg/package.dsv
[4.731s] -- Installing: /home/ryo/ros2_ws/install/person_msg/share/ament_index/resource_index/packages/person_msg
[4.731s] -- Installing: /home/ryo/ros2_ws/install/person_msg/share/person_msg/cmake/export_person_msg__rosidl_generator_cExport.cmake
[4.732s] -- Installing: /home/ryo/ros2_ws/install/person_msg/share/person_msg/cmake/export_person_msg__rosidl_generator_cExport-noconfig.cmake
[4.732s] -- Installing: /home/ryo/ros2_ws/install/person_msg/share/person_msg/cmake/export_person_msg__rosidl_typesupport_fastrtps_cExport.cmake
[4.732s] -- Installing: /home/ryo/ros2_ws/install/person_msg/share/person_msg/cmake/export_person_msg__rosidl_typesupport_fastrtps_cExport-noconfig.cmake
[4.732s] -- Installing: /home/ryo/ros2_ws/install/person_msg/share/person_msg/cmake/person_msg__rosidl_typesupport_introspection_cExport.cmake
[4.733s] -- Installing: /home/ryo/ros2_ws/install/person_msg/share/person_msg/cmake/person_msg__rosidl_typesupport_introspection_cExport-noconfig.cmake
[4.733s] -- Installing: /home/ryo/ros2_ws/install/person_msg/share/person_msg/cmake/person_msg__rosidl_typesupport_cExport.cmake
[4.734s] -- Installing: /home/ryo/ros2_ws/install/person_msg/share/person_msg/cmake/person_msg__rosidl_typesupport_cExport-noconfig.cmake
[4.734s] -- Installing: /home/ryo/ros2_ws/install/person_msg/share/person_msg/cmake/export_person_msg__rosidl_generator_cppExport.cmake
[4.734s] -- Installing: /home/ryo/ros2_ws/install/person_msg/share/person_msg/cmake/export_person_msg__rosidl_typesupport_fastrtps_cppExport.cmake
[4.735s] -- Installing: /home/ryo/ros2_ws/install/person_msg/share/person_msg/cmake/export_person_msg__rosidl_typesupport_fastrtps_cppExport-noconfig.cmake
[4.735s] -- Installing: /home/ryo/ros2_ws/install/person_msg/share/person_msg/cmake/person_msg__rosidl_typesupport_introspection_cppExport.cmake
[4.736s] -- Installing: /home/ryo/ros2_ws/install/person_msg/share/person_msg/cmake/person_msg__rosidl_typesupport_introspection_cppExport-noconfig.cmake
[4.736s] -- Installing: /home/ryo/ros2_ws/install/person_msg/share/person_msg/cmake/person_msg__rosidl_typesupport_cppExport.cmake
[4.737s] -- Installing: /home/ryo/ros2_ws/install/person_msg/share/person_msg/cmake/person_msg__rosidl_typesupport_cppExport-noconfig.cmake
[4.737s] -- Installing: /home/ryo/ros2_ws/install/person_msg/share/person_msg/cmake/export_person_msg__rosidl_generator_pyExport.cmake
[4.738s] -- Installing: /home/ryo/ros2_ws/install/person_msg/share/person_msg/cmake/export_person_msg__rosidl_generator_pyExport-noconfig.cmake
[4.738s] -- Installing: /home/ryo/ros2_ws/install/person_msg/share/person_msg/cmake/rosidl_cmake-extras.cmake
[4.738s] -- Installing: /home/ryo/ros2_ws/install/person_msg/share/person_msg/cmake/ament_cmake_export_include_directories-extras.cmake
[4.740s] -- Installing: /home/ryo/ros2_ws/install/person_msg/share/person_msg/cmake/ament_cmake_export_libraries-extras.cmake
[4.741s] -- Installing: /home/ryo/ros2_ws/install/person_msg/share/person_msg/cmake/ament_cmake_export_targets-extras.cmake
[4.741s] -- Installing: /home/ryo/ros2_ws/install/person_msg/share/person_msg/cmake/rosidl_cmake_export_typesupport_targets-extras.cmake
[4.742s] -- Installing: /home/ryo/ros2_ws/install/person_msg/share/person_msg/cmake/ament_cmake_export_dependencies-extras.cmake
[4.742s] -- Installing: /home/ryo/ros2_ws/install/person_msg/share/person_msg/cmake/rosidl_cmake_export_typesupport_libraries-extras.cmake
[4.743s] -- Installing: /home/ryo/ros2_ws/install/person_msg/share/person_msg/cmake/person_msgConfig.cmake
[4.743s] -- Installing: /home/ryo/ros2_ws/install/person_msg/share/person_msg/cmake/person_msgConfig-version.cmake
[4.743s] -- Installing: /home/ryo/ros2_ws/install/person_msg/share/person_msg/package.xml
[4.745s] Invoked command in '/home/ryo/ros2_ws/build/person_msg' returned '0': CMAKE_PREFIX_PATH=/home/ryo/ros2_ws/install/mypkg:/opt/ros/humble /usr/bin/cmake --install /home/ryo/ros2_ws/build/person_msg
