[1.679s] Invoking command in '/home/ryo/ros2_ws/src/mypkg': PYTHONPATH=/home/ryo/ros2_ws/install/mypkg/lib/python3.10/site-packages:${PYTHONPATH} /usr/bin/python3 setup.py egg_info --egg-base ../../build/mypkg build --build-base /home/ryo/ros2_ws/build/mypkg/build install --prefix /home/ryo/ros2_ws/install/mypkg --record /home/ryo/ros2_ws/build/mypkg/install.log --single-version-externally-managed
[2.240s] running egg_info
[2.241s] writing ../../build/mypkg/mypkg.egg-info/PKG-INFO
[2.242s] writing dependency_links to ../../build/mypkg/mypkg.egg-info/dependency_links.txt
[2.243s] writing entry points to ../../build/mypkg/mypkg.egg-info/entry_points.txt
[2.244s] writing requirements to ../../build/mypkg/mypkg.egg-info/requires.txt
[2.244s] writing top-level names to ../../build/mypkg/mypkg.egg-info/top_level.txt
[2.247s] reading manifest file '../../build/mypkg/mypkg.egg-info/SOURCES.txt'
[2.250s] writing manifest file '../../build/mypkg/mypkg.egg-info/SOURCES.txt'
[2.251s] running build
[2.252s] running build_py
[2.253s] copying mypkg/listener.py -> /home/ryo/ros2_ws/build/mypkg/build/lib/mypkg
[2.254s] running install
[2.254s] /usr/lib/python3/dist-packages/setuptools/command/install.py:34: SetuptoolsDeprecationWarning: setup.py install is deprecated. Use build and pip and other standards-based tools.
[2.255s]   warnings.warn(
[2.256s] running install_lib
[2.258s] copying /home/ryo/ros2_ws/build/mypkg/build/lib/mypkg/listener.py -> /home/ryo/ros2_ws/install/mypkg/lib/python3.10/site-packages/mypkg
[2.259s] byte-compiling /home/ryo/ros2_ws/install/mypkg/lib/python3.10/site-packages/mypkg/listener.py to listener.cpython-310.pyc
[2.259s] running install_data
[2.259s] Sorry: IndentationError: unexpected indent (listener.py, line 10)
[2.260s] running install_egg_info
[2.262s] removing '/home/ryo/ros2_ws/install/mypkg/lib/python3.10/site-packages/mypkg-0.0.0-py3.10.egg-info' (and everything under it)
[2.263s] Copying ../../build/mypkg/mypkg.egg-info to /home/ryo/ros2_ws/install/mypkg/lib/python3.10/site-packages/mypkg-0.0.0-py3.10.egg-info
[2.265s] running install_scripts
[2.308s] Installing listener script to /home/ryo/ros2_ws/install/mypkg/lib/mypkg
[2.308s] Installing talker script to /home/ryo/ros2_ws/install/mypkg/lib/mypkg
[2.309s] writing list of installed files to '/home/ryo/ros2_ws/build/mypkg/install.log'
