[0.651s] Invoking command in '/home/ryo/ros2_ws/src/mypkg': PYTHONPATH=/home/ryo/ros2_ws/install/mypkg/lib/python3.10/site-packages:${PYTHONPATH} /usr/bin/python3 setup.py egg_info --egg-base ../../build/mypkg build --build-base /home/ryo/ros2_ws/build/mypkg/build install --prefix /home/ryo/ros2_ws/install/mypkg --record /home/ryo/ros2_ws/build/mypkg/install.log --single-version-externally-managed
[0.961s] running egg_info
[0.962s] writing ../../build/mypkg/mypkg.egg-info/PKG-INFO
[0.962s] writing dependency_links to ../../build/mypkg/mypkg.egg-info/dependency_links.txt
[0.963s] writing entry points to ../../build/mypkg/mypkg.egg-info/entry_points.txt
[0.963s] writing requirements to ../../build/mypkg/mypkg.egg-info/requires.txt
[0.963s] writing top-level names to ../../build/mypkg/mypkg.egg-info/top_level.txt
[0.965s] reading manifest file '../../build/mypkg/mypkg.egg-info/SOURCES.txt'
[0.966s] writing manifest file '../../build/mypkg/mypkg.egg-info/SOURCES.txt'
[0.966s] running build
[0.966s] running build_py
[0.967s] copying mypkg/talker.py -> /home/ryo/ros2_ws/build/mypkg/build/lib/mypkg
[0.967s] running install
[0.967s] running install_lib
[0.968s] /usr/lib/python3/dist-packages/setuptools/command/install.py:34: SetuptoolsDeprecationWarning: setup.py install is deprecated. Use build and pip and other standards-based tools.
[0.968s]   warnings.warn(
[0.968s] copying /home/ryo/ros2_ws/build/mypkg/build/lib/mypkg/talker.py -> /home/ryo/ros2_ws/install/mypkg/lib/python3.10/site-packages/mypkg
[0.969s] byte-compiling /home/ryo/ros2_ws/install/mypkg/lib/python3.10/site-packages/mypkg/talker.py to talker.cpython-310.pyc
[0.970s] Sorry: IndentationError: unexpected indent (talker.py, line 2)
[0.970s] running install_data
[0.970s] running install_egg_info
[0.972s] removing '/home/ryo/ros2_ws/install/mypkg/lib/python3.10/site-packages/mypkg-0.0.0-py3.10.egg-info' (and everything under it)
[0.972s] Copying ../../build/mypkg/mypkg.egg-info to /home/ryo/ros2_ws/install/mypkg/lib/python3.10/site-packages/mypkg-0.0.0-py3.10.egg-info
[0.973s] running install_scripts
[0.996s] Installing talker script to /home/ryo/ros2_ws/install/mypkg/lib/mypkg
[0.996s] writing list of installed files to '/home/ryo/ros2_ws/build/mypkg/install.log'
[1.024s] Invoked command in '/home/ryo/ros2_ws/src/mypkg' returned '0': PYTHONPATH=/home/ryo/ros2_ws/install/mypkg/lib/python3.10/site-packages:${PYTHONPATH} /usr/bin/python3 setup.py egg_info --egg-base ../../build/mypkg build --build-base /home/ryo/ros2_ws/build/mypkg/build install --prefix /home/ryo/ros2_ws/install/mypkg --record /home/ryo/ros2_ws/build/mypkg/install.log --single-version-externally-managed
