[0.773s] Invoking command in '/home/ryo/ros2_ws/src/mypkg': PYTHONPATH=/home/ryo/ros2_ws/install/mypkg/lib/python3.10/site-packages:${PYTHONPATH} /usr/bin/python3 setup.py egg_info --egg-base ../../build/mypkg build --build-base /home/ryo/ros2_ws/build/mypkg/build install --prefix /home/ryo/ros2_ws/install/mypkg --record /home/ryo/ros2_ws/build/mypkg/install.log --single-version-externally-managed
[1.094s] running egg_info
[1.094s] writing ../../build/mypkg/mypkg.egg-info/PKG-INFO
[1.095s] writing dependency_links to ../../build/mypkg/mypkg.egg-info/dependency_links.txt
[1.095s] writing entry points to ../../build/mypkg/mypkg.egg-info/entry_points.txt
[1.095s] writing requirements to ../../build/mypkg/mypkg.egg-info/requires.txt
[1.095s] writing top-level names to ../../build/mypkg/mypkg.egg-info/top_level.txt
[1.097s] reading manifest file '../../build/mypkg/mypkg.egg-info/SOURCES.txt'
[1.098s] writing manifest file '../../build/mypkg/mypkg.egg-info/SOURCES.txt'
[1.098s] /usr/lib/python3/dist-packages/setuptools/command/install.py:34: SetuptoolsDeprecationWarning: setup.py install is deprecated. Use build and pip and other standards-based tools.
[1.098s]   warnings.warn(
[1.098s] running build
[1.098s] running build_py
[1.098s] running install
[1.099s] running install_lib
[1.100s] running install_data
[1.100s] running install_egg_info
[1.102s] removing '/home/ryo/ros2_ws/install/mypkg/lib/python3.10/site-packages/mypkg-0.0.0-py3.10.egg-info' (and everything under it)
[1.102s] Copying ../../build/mypkg/mypkg.egg-info to /home/ryo/ros2_ws/install/mypkg/lib/python3.10/site-packages/mypkg-0.0.0-py3.10.egg-info
[1.103s] running install_scripts
[1.125s] Installing listener script to /home/ryo/ros2_ws/install/mypkg/lib/mypkg
[1.126s] Installing talker script to /home/ryo/ros2_ws/install/mypkg/lib/mypkg
[1.126s] writing list of installed files to '/home/ryo/ros2_ws/build/mypkg/install.log'
