[0.272s] Invoking command in '/home/ryo/ros2_ws/build/person_msgs': CMAKE_PREFIX_PATH=/home/ryo/ros2_ws/install/mypkg:/opt/ros/humble /usr/bin/cmake --build /home/ryo/ros2_ws/build/person_msgs -- -j8 -l8
[0.301s] -- Found ament_cmake: 1.3.2 (/opt/ros/humble/share/ament_cmake/cmake)
[0.553s] -- Found rosidl_default_generators: 1.2.0 (/opt/ros/humble/share/rosidl_default_generators/cmake)
[0.556s] -- Using all available rosidl_typesupport_c: rosidl_typesupport_fastrtps_c;rosidl_typesupport_introspection_c
[0.562s] -- Found rosidl_adapter: 3.1.3 (/opt/ros/humble/share/rosidl_adapter/cmake)
[0.610s] -- Using all available rosidl_typesupport_cpp: rosidl_typesupport_fastrtps_cpp;rosidl_typesupport_introspection_cpp
[1.243s] -- Found ament_cmake_ros: 0.10.0 (/opt/ros/humble/share/ament_cmake_ros/cmake)
[1.749s] -- Using all available rosidl_typesupport_c: rosidl_typesupport_fastrtps_c;rosidl_typesupport_introspection_c
[2.225s] -- Using all available rosidl_typesupport_cpp: rosidl_typesupport_fastrtps_cpp;rosidl_typesupport_introspection_cpp
[2.265s] -- Found PythonInterp: /usr/bin/python3 (found suitable version "3.10.6", minimum required is "3.6") 
[2.268s] -- Found python_cmake_module: 0.10.0 (/opt/ros/humble/share/python_cmake_module/cmake)
[2.315s] -- Found PythonLibs: /usr/lib/x86_64-linux-gnu/libpython3.10.so (found suitable version "3.10.6", minimum required is "3.5") 
[2.315s] -- Using PYTHON_EXECUTABLE: /usr/bin/python3
[2.315s] -- Using PYTHON_INCLUDE_DIRS: /usr/include/python3.10
[2.315s] -- Using PYTHON_LIBRARIES: /usr/lib/x86_64-linux-gnu/libpython3.10.so
[2.363s] -- Found PythonExtra: .so  
[2.416s] -- Found ament_lint_auto: 0.12.4 (/opt/ros/humble/share/ament_lint_auto/cmake)
[2.432s] -- Added test 'lint_cmake' to check CMake code style
[2.433s] -- Added test 'xmllint' to check XML markup files
[2.436s] -- Configuring done
[2.485s] -- Generating done
[2.491s] -- Build files have been written to: /home/ryo/ros2_ws/build/person_msgs
[2.525s] [  3%] [34m[1mGenerating C code for ROS interfaces[0m
[2.540s] [  6%] [34m[1mGenerating C++ code for ROS interfaces[0m
[2.552s] [  6%] Built target ament_cmake_python_copy_person_msgs
[3.016s] [  6%] Built target person_msgs__cpp
[3.029s] [  9%] [34m[1mGenerating C++ type support dispatch for ROS interfaces[0m
[3.033s] [ 16%] [34m[1mGenerating C++ introspection for ROS interfaces[0m
[3.033s] [ 16%] [34m[1mGenerating C++ type support for eProsima Fast-RTPS[0m
[3.115s] running egg_info
[3.117s] creating person_msgs.egg-info
[3.118s] writing person_msgs.egg-info/PKG-INFO
[3.120s] writing dependency_links to person_msgs.egg-info/dependency_links.txt
[3.121s] writing top-level names to person_msgs.egg-info/top_level.txt
[3.122s] writing manifest file 'person_msgs.egg-info/SOURCES.txt'
[3.128s] reading manifest file 'person_msgs.egg-info/SOURCES.txt'
[3.129s] writing manifest file 'person_msgs.egg-info/SOURCES.txt'
[3.167s] [ 19%] [32mBuilding C object CMakeFiles/person_msgs__rosidl_generator_c.dir/rosidl_generator_c/person_msgs/msg/detail/person__functions.c.o[0m
[3.186s] [ 19%] Built target ament_cmake_python_build_person_msgs_egg
[3.251s] [ 22%] [32m[1mLinking C shared library libperson_msgs__rosidl_generator_c.so[0m
[3.305s] [ 22%] Built target person_msgs__rosidl_generator_c
[3.322s] [ 25%] [34m[1mGenerating C introspection for ROS interfaces[0m
[3.323s] [ 29%] [34m[1mGenerating C type support for eProsima Fast-RTPS[0m
[3.324s] [ 32%] [34m[1mGenerating C type support dispatch for ROS interfaces[0m
[3.580s] [ 35%] [32mBuilding CXX object CMakeFiles/person_msgs__rosidl_typesupport_cpp.dir/rosidl_typesupport_cpp/person_msgs/msg/person__type_support.cpp.o[0m
[3.619s] [ 38%] [32mBuilding CXX object CMakeFiles/person_msgs__rosidl_typesupport_introspection_cpp.dir/rosidl_typesupport_introspection_cpp/person_msgs/msg/detail/person__type_support.cpp.o[0m
[3.675s] [ 41%] [32mBuilding CXX object CMakeFiles/person_msgs__rosidl_typesupport_fastrtps_cpp.dir/rosidl_typesupport_fastrtps_cpp/person_msgs/msg/detail/dds_fastrtps/person__type_support.cpp.o[0m
[3.938s] [ 45%] [32mBuilding CXX object CMakeFiles/person_msgs__rosidl_typesupport_c.dir/rosidl_typesupport_c/person_msgs/msg/person__type_support.cpp.o[0m
[3.977s] [ 48%] [32mBuilding CXX object CMakeFiles/person_msgs__rosidl_typesupport_fastrtps_c.dir/rosidl_typesupport_fastrtps_c/person_msgs/msg/detail/person__type_support_c.cpp.o[0m
[4.001s] [ 51%] [32m[1mLinking CXX shared library libperson_msgs__rosidl_typesupport_c.so[0m
[4.004s] [ 54%] [32mBuilding C object CMakeFiles/person_msgs__rosidl_typesupport_introspection_c.dir/rosidl_typesupport_introspection_c/person_msgs/msg/detail/person__type_support.c.o[0m
[4.071s] [ 58%] [32m[1mLinking C shared library libperson_msgs__rosidl_typesupport_introspection_c.so[0m
[4.083s] [ 58%] Built target person_msgs__rosidl_typesupport_c
[4.119s] [ 58%] Built target person_msgs__rosidl_typesupport_introspection_c
[4.262s] [ 61%] [32m[1mLinking CXX shared library libperson_msgs__rosidl_typesupport_cpp.so[0m
[4.346s] [ 61%] Built target person_msgs__rosidl_typesupport_cpp
[4.566s] [ 64%] [32m[1mLinking CXX shared library libperson_msgs__rosidl_typesupport_introspection_cpp.so[0m
[4.657s] [ 64%] Built target person_msgs__rosidl_typesupport_introspection_cpp
[4.661s] [ 67%] [32m[1mLinking CXX shared library libperson_msgs__rosidl_typesupport_fastrtps_cpp.so[0m
[4.734s] [ 70%] [32m[1mLinking CXX shared library libperson_msgs__rosidl_typesupport_fastrtps_c.so[0m
[4.768s] [ 70%] Built target person_msgs__rosidl_typesupport_fastrtps_cpp
[4.846s] [ 70%] Built target person_msgs__rosidl_typesupport_fastrtps_c
[4.885s] [ 70%] Built target person_msgs
[4.913s] [ 74%] [34m[1mGenerating Python code for ROS interfaces[0m
[5.263s] [ 74%] Built target person_msgs__py
[5.284s] [ 77%] [32mBuilding C object CMakeFiles/person_msgs__rosidl_generator_py.dir/rosidl_generator_py/person_msgs/msg/_person_s.c.o[0m
[5.434s] [ 80%] [32m[1mLinking C shared library rosidl_generator_py/person_msgs/libperson_msgs__rosidl_generator_py.so[0m
[5.490s] [ 80%] Built target person_msgs__rosidl_generator_py
[5.513s] [ 83%] [32mBuilding C object CMakeFiles/person_msgs__rosidl_typesupport_introspection_c__pyext.dir/rosidl_generator_py/person_msgs/_person_msgs_s.ep.rosidl_typesupport_introspection_c.c.o[0m
[5.513s] [ 90%] [32mBuilding C object CMakeFiles/person_msgs__rosidl_typesupport_c__pyext.dir/rosidl_generator_py/person_msgs/_person_msgs_s.ep.rosidl_typesupport_c.c.o[0m
[5.513s] [ 90%] [32mBuilding C object CMakeFiles/person_msgs__rosidl_typesupport_fastrtps_c__pyext.dir/rosidl_generator_py/person_msgs/_person_msgs_s.ep.rosidl_typesupport_fastrtps_c.c.o[0m
[5.613s] [ 93%] [32m[1mLinking C shared library rosidl_generator_py/person_msgs/person_msgs_s__rosidl_typesupport_introspection_c.cpython-310-x86_64-linux-gnu.so[0m
[5.647s] [ 93%] Built target person_msgs__rosidl_typesupport_introspection_c__pyext
[5.658s] [ 96%] [32m[1mLinking C shared library rosidl_generator_py/person_msgs/person_msgs_s__rosidl_typesupport_c.cpython-310-x86_64-linux-gnu.so[0m
[5.661s] [100%] [32m[1mLinking C shared library rosidl_generator_py/person_msgs/person_msgs_s__rosidl_typesupport_fastrtps_c.cpython-310-x86_64-linux-gnu.so[0m
[5.690s] [100%] Built target person_msgs__rosidl_typesupport_c__pyext
[5.693s] [100%] Built target person_msgs__rosidl_typesupport_fastrtps_c__pyext
[5.704s] Invoked command in '/home/ryo/ros2_ws/build/person_msgs' returned '0': CMAKE_PREFIX_PATH=/home/ryo/ros2_ws/install/mypkg:/opt/ros/humble /usr/bin/cmake --build /home/ryo/ros2_ws/build/person_msgs -- -j8 -l8
[5.755s] Invoking command in '/home/ryo/ros2_ws/build/person_msgs': CMAKE_PREFIX_PATH=/home/ryo/ros2_ws/install/mypkg:/opt/ros/humble /usr/bin/cmake --install /home/ryo/ros2_ws/build/person_msgs
[5.761s] -- Install configuration: ""
[5.761s] -- Installing: /home/ryo/ros2_ws/install/person_msgs/share/ament_index/resource_index/rosidl_interfaces/person_msgs
[5.761s] -- Installing: /home/ryo/ros2_ws/install/person_msgs/include/person_msgs/person_msgs
[5.762s] -- Installing: /home/ryo/ros2_ws/install/person_msgs/include/person_msgs/person_msgs/msg
[5.762s] -- Installing: /home/ryo/ros2_ws/install/person_msgs/include/person_msgs/person_msgs/msg/person.h
[5.762s] -- Installing: /home/ryo/ros2_ws/install/person_msgs/include/person_msgs/person_msgs/msg/rosidl_generator_c__visibility_control.h
[5.763s] -- Installing: /home/ryo/ros2_ws/install/person_msgs/include/person_msgs/person_msgs/msg/detail
[5.763s] -- Installing: /home/ryo/ros2_ws/install/person_msgs/include/person_msgs/person_msgs/msg/detail/person__functions.c
[5.763s] -- Installing: /home/ryo/ros2_ws/install/person_msgs/include/person_msgs/person_msgs/msg/detail/person__type_support.h
[5.763s] -- Installing: /home/ryo/ros2_ws/install/person_msgs/include/person_msgs/person_msgs/msg/detail/person__functions.h
[5.763s] -- Installing: /home/ryo/ros2_ws/install/person_msgs/include/person_msgs/person_msgs/msg/detail/person__struct.h
[5.764s] -- Installing: /home/ryo/ros2_ws/install/person_msgs/share/person_msgs/environment/library_path.sh
[5.764s] -- Installing: /home/ryo/ros2_ws/install/person_msgs/share/person_msgs/environment/library_path.dsv
[5.764s] -- Installing: /home/ryo/ros2_ws/install/person_msgs/lib/libperson_msgs__rosidl_generator_c.so
[5.764s] -- Set runtime path of "/home/ryo/ros2_ws/install/person_msgs/lib/libperson_msgs__rosidl_generator_c.so" to ""
[5.765s] -- Up-to-date: /home/ryo/ros2_ws/install/person_msgs/include/person_msgs/person_msgs
[5.765s] -- Up-to-date: /home/ryo/ros2_ws/install/person_msgs/include/person_msgs/person_msgs/msg
[5.765s] -- Installing: /home/ryo/ros2_ws/install/person_msgs/include/person_msgs/person_msgs/msg/rosidl_typesupport_fastrtps_c__visibility_control.h
[5.765s] -- Up-to-date: /home/ryo/ros2_ws/install/person_msgs/include/person_msgs/person_msgs/msg/detail
[5.765s] -- Installing: /home/ryo/ros2_ws/install/person_msgs/include/person_msgs/person_msgs/msg/detail/person__rosidl_typesupport_fastrtps_c.h
[5.766s] -- Installing: /home/ryo/ros2_ws/install/person_msgs/lib/libperson_msgs__rosidl_typesupport_fastrtps_c.so
[5.766s] -- Set runtime path of "/home/ryo/ros2_ws/install/person_msgs/lib/libperson_msgs__rosidl_typesupport_fastrtps_c.so" to ""
[5.766s] -- Up-to-date: /home/ryo/ros2_ws/install/person_msgs/include/person_msgs/person_msgs
[5.766s] -- Up-to-date: /home/ryo/ros2_ws/install/person_msgs/include/person_msgs/person_msgs/msg
[5.767s] -- Installing: /home/ryo/ros2_ws/install/person_msgs/include/person_msgs/person_msgs/msg/rosidl_typesupport_introspection_c__visibility_control.h
[5.767s] -- Up-to-date: /home/ryo/ros2_ws/install/person_msgs/include/person_msgs/person_msgs/msg/detail
[5.767s] -- Installing: /home/ryo/ros2_ws/install/person_msgs/include/person_msgs/person_msgs/msg/detail/person__type_support.c
[5.767s] -- Installing: /home/ryo/ros2_ws/install/person_msgs/include/person_msgs/person_msgs/msg/detail/person__rosidl_typesupport_introspection_c.h
[5.768s] -- Installing: /home/ryo/ros2_ws/install/person_msgs/lib/libperson_msgs__rosidl_typesupport_introspection_c.so
[5.768s] -- Set runtime path of "/home/ryo/ros2_ws/install/person_msgs/lib/libperson_msgs__rosidl_typesupport_introspection_c.so" to ""
[5.768s] -- Installing: /home/ryo/ros2_ws/install/person_msgs/lib/libperson_msgs__rosidl_typesupport_c.so
[5.768s] -- Set runtime path of "/home/ryo/ros2_ws/install/person_msgs/lib/libperson_msgs__rosidl_typesupport_c.so" to ""
[5.768s] -- Up-to-date: /home/ryo/ros2_ws/install/person_msgs/include/person_msgs/person_msgs
[5.768s] -- Up-to-date: /home/ryo/ros2_ws/install/person_msgs/include/person_msgs/person_msgs/msg
[5.768s] -- Installing: /home/ryo/ros2_ws/install/person_msgs/include/person_msgs/person_msgs/msg/person.hpp
[5.768s] -- Up-to-date: /home/ryo/ros2_ws/install/person_msgs/include/person_msgs/person_msgs/msg/detail
[5.769s] -- Installing: /home/ryo/ros2_ws/install/person_msgs/include/person_msgs/person_msgs/msg/detail/person__builder.hpp
[5.769s] -- Installing: /home/ryo/ros2_ws/install/person_msgs/include/person_msgs/person_msgs/msg/detail/person__traits.hpp
[5.769s] -- Installing: /home/ryo/ros2_ws/install/person_msgs/include/person_msgs/person_msgs/msg/detail/person__struct.hpp
[5.769s] -- Up-to-date: /home/ryo/ros2_ws/install/person_msgs/include/person_msgs/person_msgs
[5.769s] -- Up-to-date: /home/ryo/ros2_ws/install/person_msgs/include/person_msgs/person_msgs/msg
[5.770s] -- Installing: /home/ryo/ros2_ws/install/person_msgs/include/person_msgs/person_msgs/msg/rosidl_typesupport_fastrtps_cpp__visibility_control.h
[5.770s] -- Up-to-date: /home/ryo/ros2_ws/install/person_msgs/include/person_msgs/person_msgs/msg/detail
[5.770s] -- Installing: /home/ryo/ros2_ws/install/person_msgs/include/person_msgs/person_msgs/msg/detail/dds_fastrtps
[5.770s] -- Installing: /home/ryo/ros2_ws/install/person_msgs/include/person_msgs/person_msgs/msg/detail/person__rosidl_typesupport_fastrtps_cpp.hpp
[5.770s] -- Installing: /home/ryo/ros2_ws/install/person_msgs/lib/libperson_msgs__rosidl_typesupport_fastrtps_cpp.so
[5.770s] -- Set runtime path of "/home/ryo/ros2_ws/install/person_msgs/lib/libperson_msgs__rosidl_typesupport_fastrtps_cpp.so" to ""
[5.770s] -- Up-to-date: /home/ryo/ros2_ws/install/person_msgs/include/person_msgs/person_msgs
[5.771s] -- Up-to-date: /home/ryo/ros2_ws/install/person_msgs/include/person_msgs/person_msgs/msg
[5.771s] -- Up-to-date: /home/ryo/ros2_ws/install/person_msgs/include/person_msgs/person_msgs/msg/detail
[5.771s] -- Installing: /home/ryo/ros2_ws/install/person_msgs/include/person_msgs/person_msgs/msg/detail/person__rosidl_typesupport_introspection_cpp.hpp
[5.771s] -- Installing: /home/ryo/ros2_ws/install/person_msgs/include/person_msgs/person_msgs/msg/detail/person__type_support.cpp
[5.771s] -- Installing: /home/ryo/ros2_ws/install/person_msgs/lib/libperson_msgs__rosidl_typesupport_introspection_cpp.so
[5.772s] -- Set runtime path of "/home/ryo/ros2_ws/install/person_msgs/lib/libperson_msgs__rosidl_typesupport_introspection_cpp.so" to ""
[5.772s] -- Installing: /home/ryo/ros2_ws/install/person_msgs/lib/libperson_msgs__rosidl_typesupport_cpp.so
[5.772s] -- Set runtime path of "/home/ryo/ros2_ws/install/person_msgs/lib/libperson_msgs__rosidl_typesupport_cpp.so" to ""
[5.772s] -- Installing: /home/ryo/ros2_ws/install/person_msgs/share/person_msgs/environment/pythonpath.sh
[5.772s] -- Installing: /home/ryo/ros2_ws/install/person_msgs/share/person_msgs/environment/pythonpath.dsv
[5.772s] -- Installing: /home/ryo/ros2_ws/install/person_msgs/local/lib/python3.10/dist-packages/person_msgs-0.0.0-py3.10.egg-info
[5.772s] -- Installing: /home/ryo/ros2_ws/install/person_msgs/local/lib/python3.10/dist-packages/person_msgs-0.0.0-py3.10.egg-info/top_level.txt
[5.772s] -- Installing: /home/ryo/ros2_ws/install/person_msgs/local/lib/python3.10/dist-packages/person_msgs-0.0.0-py3.10.egg-info/dependency_links.txt
[5.772s] -- Installing: /home/ryo/ros2_ws/install/person_msgs/local/lib/python3.10/dist-packages/person_msgs-0.0.0-py3.10.egg-info/SOURCES.txt
[5.772s] -- Installing: /home/ryo/ros2_ws/install/person_msgs/local/lib/python3.10/dist-packages/person_msgs-0.0.0-py3.10.egg-info/PKG-INFO
[5.773s] -- Installing: /home/ryo/ros2_ws/install/person_msgs/local/lib/python3.10/dist-packages/person_msgs
[5.773s] -- Installing: /home/ryo/ros2_ws/install/person_msgs/local/lib/python3.10/dist-packages/person_msgs/libperson_msgs__rosidl_generator_py.so
[5.773s] -- Installing: /home/ryo/ros2_ws/install/person_msgs/local/lib/python3.10/dist-packages/person_msgs/_person_msgs_s.ep.rosidl_typesupport_introspection_c.c
[5.773s] -- Installing: /home/ryo/ros2_ws/install/person_msgs/local/lib/python3.10/dist-packages/person_msgs/_person_msgs_s.ep.rosidl_typesupport_c.c
[5.773s] -- Installing: /home/ryo/ros2_ws/install/person_msgs/local/lib/python3.10/dist-packages/person_msgs/person_msgs_s__rosidl_typesupport_fastrtps_c.cpython-310-x86_64-linux-gnu.so
[5.773s] -- Installing: /home/ryo/ros2_ws/install/person_msgs/local/lib/python3.10/dist-packages/person_msgs/msg
[5.773s] -- Installing: /home/ryo/ros2_ws/install/person_msgs/local/lib/python3.10/dist-packages/person_msgs/msg/_person.py
[5.773s] -- Installing: /home/ryo/ros2_ws/install/person_msgs/local/lib/python3.10/dist-packages/person_msgs/msg/_person_s.c
[5.773s] -- Installing: /home/ryo/ros2_ws/install/person_msgs/local/lib/python3.10/dist-packages/person_msgs/msg/__init__.py
[5.773s] -- Installing: /home/ryo/ros2_ws/install/person_msgs/local/lib/python3.10/dist-packages/person_msgs/person_msgs_s__rosidl_typesupport_introspection_c.cpython-310-x86_64-linux-gnu.so
[5.773s] -- Installing: /home/ryo/ros2_ws/install/person_msgs/local/lib/python3.10/dist-packages/person_msgs/person_msgs_s__rosidl_typesupport_c.cpython-310-x86_64-linux-gnu.so
[5.773s] -- Installing: /home/ryo/ros2_ws/install/person_msgs/local/lib/python3.10/dist-packages/person_msgs/_person_msgs_s.ep.rosidl_typesupport_fastrtps_c.c
[5.774s] -- Installing: /home/ryo/ros2_ws/install/person_msgs/local/lib/python3.10/dist-packages/person_msgs/__init__.py
[5.801s] Listing '/home/ryo/ros2_ws/install/person_msgs/local/lib/python3.10/dist-packages/person_msgs'...
[5.801s] Compiling '/home/ryo/ros2_ws/install/person_msgs/local/lib/python3.10/dist-packages/person_msgs/__init__.py'...
[5.802s] Listing '/home/ryo/ros2_ws/install/person_msgs/local/lib/python3.10/dist-packages/person_msgs/msg'...
[5.802s] Compiling '/home/ryo/ros2_ws/install/person_msgs/local/lib/python3.10/dist-packages/person_msgs/msg/__init__.py'...
[5.802s] Compiling '/home/ryo/ros2_ws/install/person_msgs/local/lib/python3.10/dist-packages/person_msgs/msg/_person.py'...
[5.807s] -- Installing: /home/ryo/ros2_ws/install/person_msgs/local/lib/python3.10/dist-packages/person_msgs/person_msgs_s__rosidl_typesupport_fastrtps_c.cpython-310-x86_64-linux-gnu.so
[5.807s] -- Set runtime path of "/home/ryo/ros2_ws/install/person_msgs/local/lib/python3.10/dist-packages/person_msgs/person_msgs_s__rosidl_typesupport_fastrtps_c.cpython-310-x86_64-linux-gnu.so" to ""
[5.807s] -- Installing: /home/ryo/ros2_ws/install/person_msgs/local/lib/python3.10/dist-packages/person_msgs/person_msgs_s__rosidl_typesupport_introspection_c.cpython-310-x86_64-linux-gnu.so
[5.808s] -- Set runtime path of "/home/ryo/ros2_ws/install/person_msgs/local/lib/python3.10/dist-packages/person_msgs/person_msgs_s__rosidl_typesupport_introspection_c.cpython-310-x86_64-linux-gnu.so" to ""
[5.808s] -- Installing: /home/ryo/ros2_ws/install/person_msgs/local/lib/python3.10/dist-packages/person_msgs/person_msgs_s__rosidl_typesupport_c.cpython-310-x86_64-linux-gnu.so
[5.808s] -- Set runtime path of "/home/ryo/ros2_ws/install/person_msgs/local/lib/python3.10/dist-packages/person_msgs/person_msgs_s__rosidl_typesupport_c.cpython-310-x86_64-linux-gnu.so" to ""
[5.808s] -- Installing: /home/ryo/ros2_ws/install/person_msgs/lib/libperson_msgs__rosidl_generator_py.so
[5.809s] -- Set runtime path of "/home/ryo/ros2_ws/install/person_msgs/lib/libperson_msgs__rosidl_generator_py.so" to ""
[5.809s] -- Installing: /home/ryo/ros2_ws/install/person_msgs/share/person_msgs/msg/Person.idl
[5.809s] -- Installing: /home/ryo/ros2_ws/install/person_msgs/share/person_msgs/msg/Person.msg
[5.809s] -- Installing: /home/ryo/ros2_ws/install/person_msgs/share/ament_index/resource_index/package_run_dependencies/person_msgs
[5.810s] -- Up-to-date: /home/ryo/ros2_ws/install/person_msgs/share/ament_index/resource_index/parent_prefix_path/person_msgs
[5.810s] -- Up-to-date: /home/ryo/ros2_ws/install/person_msgs/share/person_msgs/environment/ament_prefix_path.sh
[5.810s] -- Installing: /home/ryo/ros2_ws/install/person_msgs/share/person_msgs/environment/ament_prefix_path.dsv
[5.810s] -- Up-to-date: /home/ryo/ros2_ws/install/person_msgs/share/person_msgs/environment/path.sh
[5.810s] -- Installing: /home/ryo/ros2_ws/install/person_msgs/share/person_msgs/environment/path.dsv
[5.810s] -- Up-to-date: /home/ryo/ros2_ws/install/person_msgs/share/person_msgs/local_setup.bash
[5.811s] -- Installing: /home/ryo/ros2_ws/install/person_msgs/share/person_msgs/local_setup.sh
[5.811s] -- Up-to-date: /home/ryo/ros2_ws/install/person_msgs/share/person_msgs/local_setup.zsh
[5.811s] -- Installing: /home/ryo/ros2_ws/install/person_msgs/share/person_msgs/local_setup.dsv
[5.811s] -- Installing: /home/ryo/ros2_ws/install/person_msgs/share/person_msgs/package.dsv
[5.811s] -- Up-to-date: /home/ryo/ros2_ws/install/person_msgs/share/ament_index/resource_index/packages/person_msgs
[5.812s] -- Installing: /home/ryo/ros2_ws/install/person_msgs/share/person_msgs/cmake/export_person_msgs__rosidl_generator_cExport.cmake
[5.812s] -- Installing: /home/ryo/ros2_ws/install/person_msgs/share/person_msgs/cmake/export_person_msgs__rosidl_generator_cExport-noconfig.cmake
[5.812s] -- Installing: /home/ryo/ros2_ws/install/person_msgs/share/person_msgs/cmake/export_person_msgs__rosidl_typesupport_fastrtps_cExport.cmake
[5.812s] -- Installing: /home/ryo/ros2_ws/install/person_msgs/share/person_msgs/cmake/export_person_msgs__rosidl_typesupport_fastrtps_cExport-noconfig.cmake
[5.812s] -- Installing: /home/ryo/ros2_ws/install/person_msgs/share/person_msgs/cmake/person_msgs__rosidl_typesupport_introspection_cExport.cmake
[5.813s] -- Installing: /home/ryo/ros2_ws/install/person_msgs/share/person_msgs/cmake/person_msgs__rosidl_typesupport_introspection_cExport-noconfig.cmake
[5.813s] -- Installing: /home/ryo/ros2_ws/install/person_msgs/share/person_msgs/cmake/person_msgs__rosidl_typesupport_cExport.cmake
[5.813s] -- Installing: /home/ryo/ros2_ws/install/person_msgs/share/person_msgs/cmake/person_msgs__rosidl_typesupport_cExport-noconfig.cmake
[5.813s] -- Installing: /home/ryo/ros2_ws/install/person_msgs/share/person_msgs/cmake/export_person_msgs__rosidl_generator_cppExport.cmake
[5.813s] -- Installing: /home/ryo/ros2_ws/install/person_msgs/share/person_msgs/cmake/export_person_msgs__rosidl_typesupport_fastrtps_cppExport.cmake
[5.814s] -- Installing: /home/ryo/ros2_ws/install/person_msgs/share/person_msgs/cmake/export_person_msgs__rosidl_typesupport_fastrtps_cppExport-noconfig.cmake
[5.814s] -- Installing: /home/ryo/ros2_ws/install/person_msgs/share/person_msgs/cmake/person_msgs__rosidl_typesupport_introspection_cppExport.cmake
[5.814s] -- Installing: /home/ryo/ros2_ws/install/person_msgs/share/person_msgs/cmake/person_msgs__rosidl_typesupport_introspection_cppExport-noconfig.cmake
[5.814s] -- Installing: /home/ryo/ros2_ws/install/person_msgs/share/person_msgs/cmake/person_msgs__rosidl_typesupport_cppExport.cmake
[5.814s] -- Installing: /home/ryo/ros2_ws/install/person_msgs/share/person_msgs/cmake/person_msgs__rosidl_typesupport_cppExport-noconfig.cmake
[5.815s] -- Installing: /home/ryo/ros2_ws/install/person_msgs/share/person_msgs/cmake/export_person_msgs__rosidl_generator_pyExport.cmake
[5.815s] -- Installing: /home/ryo/ros2_ws/install/person_msgs/share/person_msgs/cmake/export_person_msgs__rosidl_generator_pyExport-noconfig.cmake
[5.815s] -- Installing: /home/ryo/ros2_ws/install/person_msgs/share/person_msgs/cmake/rosidl_cmake-extras.cmake
[5.815s] -- Installing: /home/ryo/ros2_ws/install/person_msgs/share/person_msgs/cmake/ament_cmake_export_include_directories-extras.cmake
[5.815s] -- Installing: /home/ryo/ros2_ws/install/person_msgs/share/person_msgs/cmake/ament_cmake_export_libraries-extras.cmake
[5.816s] -- Installing: /home/ryo/ros2_ws/install/person_msgs/share/person_msgs/cmake/ament_cmake_export_targets-extras.cmake
[5.816s] -- Installing: /home/ryo/ros2_ws/install/person_msgs/share/person_msgs/cmake/rosidl_cmake_export_typesupport_targets-extras.cmake
[5.816s] -- Installing: /home/ryo/ros2_ws/install/person_msgs/share/person_msgs/cmake/ament_cmake_export_dependencies-extras.cmake
[5.816s] -- Installing: /home/ryo/ros2_ws/install/person_msgs/share/person_msgs/cmake/rosidl_cmake_export_typesupport_libraries-extras.cmake
[5.816s] -- Installing: /home/ryo/ros2_ws/install/person_msgs/share/person_msgs/cmake/person_msgsConfig.cmake
[5.816s] -- Up-to-date: /home/ryo/ros2_ws/install/person_msgs/share/person_msgs/cmake/person_msgsConfig-version.cmake
[5.816s] -- Installing: /home/ryo/ros2_ws/install/person_msgs/share/person_msgs/package.xml
[5.818s] Invoked command in '/home/ryo/ros2_ws/build/person_msgs' returned '0': CMAKE_PREFIX_PATH=/home/ryo/ros2_ws/install/mypkg:/opt/ros/humble /usr/bin/cmake --install /home/ryo/ros2_ws/build/person_msgs
