[0.636s] Invoking command in '/home/ryo/ros2_ws/src/mypkg': PYTHONPATH=/home/ryo/ros2_ws/install/mypkg/lib/python3.10/site-packages:${PYTHONPATH} /usr/bin/python3 setup.py egg_info --egg-base ../../build/mypkg build --build-base /home/ryo/ros2_ws/build/mypkg/build install --prefix /home/ryo/ros2_ws/install/mypkg --record /home/ryo/ros2_ws/build/mypkg/install.log --single-version-externally-managed
[0.871s] running egg_info
[0.872s] writing ../../build/mypkg/mypkg.egg-info/PKG-INFO
[0.872s] writing dependency_links to ../../build/mypkg/mypkg.egg-info/dependency_links.txt
[0.872s] writing entry points to ../../build/mypkg/mypkg.egg-info/entry_points.txt
[0.872s] writing requirements to ../../build/mypkg/mypkg.egg-info/requires.txt
[0.873s] writing top-level names to ../../build/mypkg/mypkg.egg-info/top_level.txt
[0.874s] reading manifest file '../../build/mypkg/mypkg.egg-info/SOURCES.txt'
[0.875s] writing manifest file '../../build/mypkg/mypkg.egg-info/SOURCES.txt'
[0.875s] running build
[0.876s] running build_py
[0.876s] running install
[0.877s] /usr/lib/python3/dist-packages/setuptools/command/install.py:34: SetuptoolsDeprecationWarning: setup.py install is deprecated. Use build and pip and other standards-based tools.
[0.877s]   warnings.warn(
[0.877s] running install_lib
[0.877s] running install_data
[0.878s] copying package.xml -> /home/ryo/ros2_ws/install/mypkg/share/mypkg
[0.878s] copying launch/talk_listen.launch.py -> /home/ryo/ros2_ws/install/mypkg/share/mypkg
[0.878s] running install_egg_info
[0.880s] removing '/home/ryo/ros2_ws/install/mypkg/lib/python3.10/site-packages/mypkg-0.0.0-py3.10.egg-info' (and everything under it)
[0.881s] Copying ../../build/mypkg/mypkg.egg-info to /home/ryo/ros2_ws/install/mypkg/lib/python3.10/site-packages/mypkg-0.0.0-py3.10.egg-info
[0.881s] running install_scripts
[0.900s] Installing listener script to /home/ryo/ros2_ws/install/mypkg/lib/mypkg
[0.900s] Installing talker script to /home/ryo/ros2_ws/install/mypkg/lib/mypkg
[0.900s] writing list of installed files to '/home/ryo/ros2_ws/build/mypkg/install.log'
[0.923s] Invoked command in '/home/ryo/ros2_ws/src/mypkg' returned '0': PYTHONPATH=/home/ryo/ros2_ws/install/mypkg/lib/python3.10/site-packages:${PYTHONPATH} /usr/bin/python3 setup.py egg_info --egg-base ../../build/mypkg build --build-base /home/ryo/ros2_ws/build/mypkg/build install --prefix /home/ryo/ros2_ws/install/mypkg --record /home/ryo/ros2_ws/build/mypkg/install.log --single-version-externally-managed
