[0.773s] Invoking command in '/home/ryo/ros2_ws/src/mypkg': PYTHONPATH=/home/ryo/ros2_ws/install/mypkg/lib/python3.10/site-packages:${PYTHONPATH} /usr/bin/python3 setup.py egg_info --egg-base ../../build/mypkg build --build-base /home/ryo/ros2_ws/build/mypkg/build install --prefix /home/ryo/ros2_ws/install/mypkg --record /home/ryo/ros2_ws/build/mypkg/install.log --single-version-externally-managed
[1.021s] running egg_info
[1.021s] writing ../../build/mypkg/mypkg.egg-info/PKG-INFO
[1.022s] writing dependency_links to ../../build/mypkg/mypkg.egg-info/dependency_links.txt
[1.022s] writing entry points to ../../build/mypkg/mypkg.egg-info/entry_points.txt
[1.022s] writing requirements to ../../build/mypkg/mypkg.egg-info/requires.txt
[1.022s] writing top-level names to ../../build/mypkg/mypkg.egg-info/top_level.txt
[1.024s] reading manifest file '../../build/mypkg/mypkg.egg-info/SOURCES.txt'
[1.025s] writing manifest file '../../build/mypkg/mypkg.egg-info/SOURCES.txt'
[1.025s] running build
[1.026s] running build_py
[1.026s] running install
[1.027s] running install_lib
[1.027s] /usr/lib/python3/dist-packages/setuptools/command/install.py:34: SetuptoolsDeprecationWarning: setup.py install is deprecated. Use build and pip and other standards-based tools.
[1.027s]   warnings.warn(
[1.028s] running install_data
[1.028s] running install_egg_info
[1.030s] removing '/home/ryo/ros2_ws/install/mypkg/lib/python3.10/site-packages/mypkg-0.0.0-py3.10.egg-info' (and everything under it)
[1.030s] Copying ../../build/mypkg/mypkg.egg-info to /home/ryo/ros2_ws/install/mypkg/lib/python3.10/site-packages/mypkg-0.0.0-py3.10.egg-info
[1.031s] running install_scripts
[1.061s] Installing listener script to /home/ryo/ros2_ws/install/mypkg/lib/mypkg
[1.062s] Installing talker script to /home/ryo/ros2_ws/install/mypkg/lib/mypkg
[1.062s] writing list of installed files to '/home/ryo/ros2_ws/build/mypkg/install.log'
