[1.536s] Invoking command in '/home/ryo/ros2_ws/src/mypkg': PYTHONPATH=/home/ryo/ros2_ws/install/mypkg/lib/python3.10/site-packages:${PYTHONPATH} /usr/bin/python3 setup.py egg_info --egg-base ../../build/mypkg build --build-base /home/ryo/ros2_ws/build/mypkg/build install --prefix /home/ryo/ros2_ws/install/mypkg --record /home/ryo/ros2_ws/build/mypkg/install.log --single-version-externally-managed
[2.200s] running egg_info
[2.201s] writing ../../build/mypkg/mypkg.egg-info/PKG-INFO
[2.202s] writing dependency_links to ../../build/mypkg/mypkg.egg-info/dependency_links.txt
[2.203s] writing entry points to ../../build/mypkg/mypkg.egg-info/entry_points.txt
[2.203s] writing requirements to ../../build/mypkg/mypkg.egg-info/requires.txt
[2.204s] writing top-level names to ../../build/mypkg/mypkg.egg-info/top_level.txt
[2.207s] reading manifest file '../../build/mypkg/mypkg.egg-info/SOURCES.txt'
[2.210s] writing manifest file '../../build/mypkg/mypkg.egg-info/SOURCES.txt'
[2.211s] running build
[2.212s] running build_py
[2.213s] running install
[2.214s] running install_lib
[2.216s] /usr/lib/python3/dist-packages/setuptools/command/install.py:34: SetuptoolsDeprecationWarning: setup.py install is deprecated. Use build and pip and other standards-based tools.
[2.216s]   warnings.warn(
[2.217s] Sorry: IndentationError: unexpected indent (listener.py, line 10)
[2.218s] byte-compiling /home/ryo/ros2_ws/install/mypkg/lib/python3.10/site-packages/mypkg/listener.py to listener.cpython-310.pyc
[2.219s] running install_data
[2.219s] running install_egg_info
[2.222s] removing '/home/ryo/ros2_ws/install/mypkg/lib/python3.10/site-packages/mypkg-0.0.0-py3.10.egg-info' (and everything under it)
[2.223s] Copying ../../build/mypkg/mypkg.egg-info to /home/ryo/ros2_ws/install/mypkg/lib/python3.10/site-packages/mypkg-0.0.0-py3.10.egg-info
[2.225s] running install_scripts
[2.276s] Installing listener script to /home/ryo/ros2_ws/install/mypkg/lib/mypkg
[2.277s] Installing talker script to /home/ryo/ros2_ws/install/mypkg/lib/mypkg
[2.278s] writing list of installed files to '/home/ryo/ros2_ws/build/mypkg/install.log'
[2.353s] Invoked command in '/home/ryo/ros2_ws/src/mypkg' returned '0': PYTHONPATH=/home/ryo/ros2_ws/install/mypkg/lib/python3.10/site-packages:${PYTHONPATH} /usr/bin/python3 setup.py egg_info --egg-base ../../build/mypkg build --build-base /home/ryo/ros2_ws/build/mypkg/build install --prefix /home/ryo/ros2_ws/install/mypkg --record /home/ryo/ros2_ws/build/mypkg/install.log --single-version-externally-managed
