[0.261s] Invoking command in '/home/ryo/ros2_ws/src/build/person_msgs': CMAKE_PREFIX_PATH=${CMAKE_PREFIX_PATH}:/opt/ros/humble /usr/bin/cmake /home/ryo/ros2_ws/src/person_msgs -DCMAKE_INSTALL_PREFIX=/home/ryo/ros2_ws/src/install/person_msgs
[0.277s] -- Found ament_cmake: 1.3.2 (/opt/ros/humble/share/ament_cmake/cmake)
[0.427s] -- Found rosidl_default_generators: 1.2.0 (/opt/ros/humble/share/rosidl_default_generators/cmake)
[0.429s] -- Using all available rosidl_typesupport_c: rosidl_typesupport_fastrtps_c;rosidl_typesupport_introspection_c
[0.431s] -- Found rosidl_adapter: 3.1.3 (/opt/ros/humble/share/rosidl_adapter/cmake)
[0.459s] -- Using all available rosidl_typesupport_cpp: rosidl_typesupport_fastrtps_cpp;rosidl_typesupport_introspection_cpp
[0.764s] -- Found ament_cmake_ros: 0.10.0 (/opt/ros/humble/share/ament_cmake_ros/cmake)
[0.980s] -- Using all available rosidl_typesupport_c: rosidl_typesupport_fastrtps_c;rosidl_typesupport_introspection_c
[1.275s] -- Using all available rosidl_typesupport_cpp: rosidl_typesupport_fastrtps_cpp;rosidl_typesupport_introspection_cpp
[1.315s] -- Found PythonInterp: /usr/bin/python3 (found suitable version "3.10.6", minimum required is "3.6") 
[1.318s] -- Found python_cmake_module: 0.10.0 (/opt/ros/humble/share/python_cmake_module/cmake)
[1.362s] -- Found PythonLibs: /usr/lib/x86_64-linux-gnu/libpython3.10.so (found suitable version "3.10.6", minimum required is "3.5") 
[1.362s] -- Using PYTHON_EXECUTABLE: /usr/bin/python3
[1.362s] -- Using PYTHON_INCLUDE_DIRS: /usr/include/python3.10
[1.362s] -- Using PYTHON_LIBRARIES: /usr/lib/x86_64-linux-gnu/libpython3.10.so
[1.406s] -- Found PythonExtra: .so  
[1.459s] -- Found ament_lint_auto: 0.12.4 (/opt/ros/humble/share/ament_lint_auto/cmake)
[1.477s] -- Added test 'lint_cmake' to check CMake code style
[1.478s] -- Added test 'xmllint' to check XML markup files
[1.482s] -- Configuring done
[1.510s] -- Generating done
[1.512s] -- Build files have been written to: /home/ryo/ros2_ws/src/build/person_msgs
[1.520s] Invoked command in '/home/ryo/ros2_ws/src/build/person_msgs' returned '0': CMAKE_PREFIX_PATH=${CMAKE_PREFIX_PATH}:/opt/ros/humble /usr/bin/cmake /home/ryo/ros2_ws/src/person_msgs -DCMAKE_INSTALL_PREFIX=/home/ryo/ros2_ws/src/install/person_msgs
[1.521s] Invoking command in '/home/ryo/ros2_ws/src/build/person_msgs': CMAKE_PREFIX_PATH=${CMAKE_PREFIX_PATH}:/opt/ros/humble /usr/bin/cmake --build /home/ryo/ros2_ws/src/build/person_msgs -- -j8 -l8
[1.562s] [  3%] [34m[1mGenerating C code for ROS interfaces[0m
[1.570s] [  6%] [34m[1mGenerating C++ code for ROS interfaces[0m
[1.577s] [  6%] Built target ament_cmake_python_copy_person_msgs
[1.802s] [  9%] [32mBuilding C object CMakeFiles/person_msgs__rosidl_generator_c.dir/rosidl_generator_c/person_msgs/msg/detail/person__functions.c.o[0m
[1.806s] [  9%] Built target person_msgs__cpp
[1.812s] running egg_info
[1.813s] [ 12%] [34m[1mGenerating C++ type support dispatch for ROS interfaces[0m
[1.814s] creating person_msgs.egg-info
[1.814s] writing person_msgs.egg-info/PKG-INFO
[1.814s] writing dependency_links to person_msgs.egg-info/dependency_links.txt
[1.815s] [ 16%] [34m[1mGenerating C++ introspection for ROS interfaces[0m
[1.815s] writing top-level names to person_msgs.egg-info/top_level.txt
[1.815s] writing manifest file 'person_msgs.egg-info/SOURCES.txt'
[1.819s] reading manifest file 'person_msgs.egg-info/SOURCES.txt'
[1.820s] writing manifest file 'person_msgs.egg-info/SOURCES.txt'
[1.820s] [ 19%] [34m[1mGenerating C++ type support for eProsima Fast-RTPS[0m
[1.845s] [ 22%] [32m[1mLinking C shared library libperson_msgs__rosidl_generator_c.so[0m
[1.858s] [ 22%] Built target ament_cmake_python_build_person_msgs_egg
[1.880s] [ 22%] Built target person_msgs__rosidl_generator_c
[1.889s] [ 25%] [34m[1mGenerating C type support dispatch for ROS interfaces[0m
[1.890s] [ 29%] [34m[1mGenerating C type support for eProsima Fast-RTPS[0m
[1.891s] [ 32%] [34m[1mGenerating C introspection for ROS interfaces[0m
[2.110s] [ 35%] [32mBuilding CXX object CMakeFiles/person_msgs__rosidl_typesupport_fastrtps_cpp.dir/rosidl_typesupport_fastrtps_cpp/person_msgs/msg/detail/dds_fastrtps/person__type_support.cpp.o[0m
[2.111s] [ 38%] [32mBuilding CXX object CMakeFiles/person_msgs__rosidl_typesupport_cpp.dir/rosidl_typesupport_cpp/person_msgs/msg/person__type_support.cpp.o[0m
[2.119s] [ 41%] [32mBuilding CXX object CMakeFiles/person_msgs__rosidl_typesupport_introspection_cpp.dir/rosidl_typesupport_introspection_cpp/person_msgs/msg/detail/person__type_support.cpp.o[0m
[2.175s] [ 45%] [32mBuilding C object CMakeFiles/person_msgs__rosidl_typesupport_introspection_c.dir/rosidl_typesupport_introspection_c/person_msgs/msg/detail/person__type_support.c.o[0m
[2.180s] [ 48%] [32mBuilding CXX object CMakeFiles/person_msgs__rosidl_typesupport_c.dir/rosidl_typesupport_c/person_msgs/msg/person__type_support.cpp.o[0m
[2.205s] [ 51%] [32m[1mLinking C shared library libperson_msgs__rosidl_typesupport_introspection_c.so[0m
[2.206s] [ 54%] [32mBuilding CXX object CMakeFiles/person_msgs__rosidl_typesupport_fastrtps_c.dir/rosidl_typesupport_fastrtps_c/person_msgs/msg/detail/person__type_support_c.cpp.o[0m
[2.209s] [ 58%] [32m[1mLinking CXX shared library libperson_msgs__rosidl_typesupport_c.so[0m
[2.231s] [ 58%] Built target person_msgs__rosidl_typesupport_introspection_c
[2.253s] [ 58%] Built target person_msgs__rosidl_typesupport_c
[2.421s] [ 61%] [32m[1mLinking CXX shared library libperson_msgs__rosidl_typesupport_cpp.so[0m
[2.457s] [ 61%] Built target person_msgs__rosidl_typesupport_cpp
[2.542s] [ 64%] [32m[1mLinking CXX shared library libperson_msgs__rosidl_typesupport_fastrtps_cpp.so[0m
[2.570s] [ 67%] [32m[1mLinking CXX shared library libperson_msgs__rosidl_typesupport_introspection_cpp.so[0m
[2.584s] [ 70%] [32m[1mLinking CXX shared library libperson_msgs__rosidl_typesupport_fastrtps_c.so[0m
[2.612s] [ 70%] Built target person_msgs__rosidl_typesupport_fastrtps_cpp
[2.634s] [ 70%] Built target person_msgs__rosidl_typesupport_introspection_cpp
[2.670s] [ 70%] Built target person_msgs__rosidl_typesupport_fastrtps_c
[2.704s] [ 70%] Built target person_msgs
[2.738s] [ 74%] [34m[1mGenerating Python code for ROS interfaces[0m
[3.115s] [ 74%] Built target person_msgs__py
[3.136s] [ 77%] [32mBuilding C object CMakeFiles/person_msgs__rosidl_generator_py.dir/rosidl_generator_py/person_msgs/msg/_person_s.c.o[0m
[3.259s] [ 80%] [32m[1mLinking C shared library rosidl_generator_py/person_msgs/libperson_msgs__rosidl_generator_py.so[0m
[3.327s] [ 80%] Built target person_msgs__rosidl_generator_py
[3.354s] [ 83%] [32mBuilding C object CMakeFiles/person_msgs__rosidl_typesupport_c__pyext.dir/rosidl_generator_py/person_msgs/_person_msgs_s.ep.rosidl_typesupport_c.c.o[0m
[3.354s] [ 87%] [32mBuilding C object CMakeFiles/person_msgs__rosidl_typesupport_introspection_c__pyext.dir/rosidl_generator_py/person_msgs/_person_msgs_s.ep.rosidl_typesupport_introspection_c.c.o[0m
[3.354s] [ 90%] [32mBuilding C object CMakeFiles/person_msgs__rosidl_typesupport_fastrtps_c__pyext.dir/rosidl_generator_py/person_msgs/_person_msgs_s.ep.rosidl_typesupport_fastrtps_c.c.o[0m
[3.434s] [ 93%] [32m[1mLinking C shared library rosidl_generator_py/person_msgs/person_msgs_s__rosidl_typesupport_fastrtps_c.cpython-310-x86_64-linux-gnu.so[0m
[3.444s] [ 96%] [32m[1mLinking C shared library rosidl_generator_py/person_msgs/person_msgs_s__rosidl_typesupport_introspection_c.cpython-310-x86_64-linux-gnu.so[0m
[3.448s] [100%] [32m[1mLinking C shared library rosidl_generator_py/person_msgs/person_msgs_s__rosidl_typesupport_c.cpython-310-x86_64-linux-gnu.so[0m
[3.461s] [100%] Built target person_msgs__rosidl_typesupport_fastrtps_c__pyext
[3.472s] [100%] Built target person_msgs__rosidl_typesupport_introspection_c__pyext
[3.477s] [100%] Built target person_msgs__rosidl_typesupport_c__pyext
[3.489s] Invoked command in '/home/ryo/ros2_ws/src/build/person_msgs' returned '0': CMAKE_PREFIX_PATH=${CMAKE_PREFIX_PATH}:/opt/ros/humble /usr/bin/cmake --build /home/ryo/ros2_ws/src/build/person_msgs -- -j8 -l8
[3.576s] Invoking command in '/home/ryo/ros2_ws/src/build/person_msgs': CMAKE_PREFIX_PATH=${CMAKE_PREFIX_PATH}:/opt/ros/humble /usr/bin/cmake --install /home/ryo/ros2_ws/src/build/person_msgs
[3.588s] -- Install configuration: ""
[3.590s] -- Installing: /home/ryo/ros2_ws/src/install/person_msgs/share/ament_index/resource_index/rosidl_interfaces/person_msgs
[3.590s] -- Installing: /home/ryo/ros2_ws/src/install/person_msgs/include/person_msgs/person_msgs
[3.591s] -- Installing: /home/ryo/ros2_ws/src/install/person_msgs/include/person_msgs/person_msgs/msg
[3.591s] -- Installing: /home/ryo/ros2_ws/src/install/person_msgs/include/person_msgs/person_msgs/msg/person.h
[3.592s] -- Installing: /home/ryo/ros2_ws/src/install/person_msgs/include/person_msgs/person_msgs/msg/rosidl_generator_c__visibility_control.h
[3.592s] -- Installing: /home/ryo/ros2_ws/src/install/person_msgs/include/person_msgs/person_msgs/msg/detail
[3.593s] -- Installing: /home/ryo/ros2_ws/src/install/person_msgs/include/person_msgs/person_msgs/msg/detail/person__functions.c
[3.593s] -- Installing: /home/ryo/ros2_ws/src/install/person_msgs/include/person_msgs/person_msgs/msg/detail/person__type_support.h
[3.594s] -- Installing: /home/ryo/ros2_ws/src/install/person_msgs/include/person_msgs/person_msgs/msg/detail/person__functions.h
[3.594s] -- Installing: /home/ryo/ros2_ws/src/install/person_msgs/include/person_msgs/person_msgs/msg/detail/person__struct.h
[3.595s] -- Installing: /home/ryo/ros2_ws/src/install/person_msgs/share/person_msgs/environment/library_path.sh
[3.595s] -- Installing: /home/ryo/ros2_ws/src/install/person_msgs/share/person_msgs/environment/library_path.dsv
[3.596s] -- Installing: /home/ryo/ros2_ws/src/install/person_msgs/lib/libperson_msgs__rosidl_generator_c.so
[3.596s] -- Set runtime path of "/home/ryo/ros2_ws/src/install/person_msgs/lib/libperson_msgs__rosidl_generator_c.so" to ""
[3.597s] -- Up-to-date: /home/ryo/ros2_ws/src/install/person_msgs/include/person_msgs/person_msgs
[3.597s] -- Up-to-date: /home/ryo/ros2_ws/src/install/person_msgs/include/person_msgs/person_msgs/msg
[3.598s] -- Installing: /home/ryo/ros2_ws/src/install/person_msgs/include/person_msgs/person_msgs/msg/rosidl_typesupport_fastrtps_c__visibility_control.h
[3.598s] -- Up-to-date: /home/ryo/ros2_ws/src/install/person_msgs/include/person_msgs/person_msgs/msg/detail
[3.599s] -- Installing: /home/ryo/ros2_ws/src/install/person_msgs/include/person_msgs/person_msgs/msg/detail/person__rosidl_typesupport_fastrtps_c.h
[3.599s] -- Installing: /home/ryo/ros2_ws/src/install/person_msgs/lib/libperson_msgs__rosidl_typesupport_fastrtps_c.so
[3.599s] -- Set runtime path of "/home/ryo/ros2_ws/src/install/person_msgs/lib/libperson_msgs__rosidl_typesupport_fastrtps_c.so" to ""
[3.600s] -- Up-to-date: /home/ryo/ros2_ws/src/install/person_msgs/include/person_msgs/person_msgs
[3.600s] -- Up-to-date: /home/ryo/ros2_ws/src/install/person_msgs/include/person_msgs/person_msgs/msg
[3.600s] -- Installing: /home/ryo/ros2_ws/src/install/person_msgs/include/person_msgs/person_msgs/msg/rosidl_typesupport_introspection_c__visibility_control.h
[3.601s] -- Up-to-date: /home/ryo/ros2_ws/src/install/person_msgs/include/person_msgs/person_msgs/msg/detail
[3.601s] -- Installing: /home/ryo/ros2_ws/src/install/person_msgs/include/person_msgs/person_msgs/msg/detail/person__type_support.c
[3.602s] -- Installing: /home/ryo/ros2_ws/src/install/person_msgs/include/person_msgs/person_msgs/msg/detail/person__rosidl_typesupport_introspection_c.h
[3.602s] -- Installing: /home/ryo/ros2_ws/src/install/person_msgs/lib/libperson_msgs__rosidl_typesupport_introspection_c.so
[3.602s] -- Set runtime path of "/home/ryo/ros2_ws/src/install/person_msgs/lib/libperson_msgs__rosidl_typesupport_introspection_c.so" to ""
[3.603s] -- Installing: /home/ryo/ros2_ws/src/install/person_msgs/lib/libperson_msgs__rosidl_typesupport_c.so
[3.603s] -- Set runtime path of "/home/ryo/ros2_ws/src/install/person_msgs/lib/libperson_msgs__rosidl_typesupport_c.so" to ""
[3.604s] -- Up-to-date: /home/ryo/ros2_ws/src/install/person_msgs/include/person_msgs/person_msgs
[3.604s] -- Up-to-date: /home/ryo/ros2_ws/src/install/person_msgs/include/person_msgs/person_msgs/msg
[3.605s] -- Installing: /home/ryo/ros2_ws/src/install/person_msgs/include/person_msgs/person_msgs/msg/person.hpp
[3.605s] -- Up-to-date: /home/ryo/ros2_ws/src/install/person_msgs/include/person_msgs/person_msgs/msg/detail
[3.606s] -- Installing: /home/ryo/ros2_ws/src/install/person_msgs/include/person_msgs/person_msgs/msg/detail/person__builder.hpp
[3.606s] -- Installing: /home/ryo/ros2_ws/src/install/person_msgs/include/person_msgs/person_msgs/msg/detail/person__traits.hpp
[3.606s] -- Installing: /home/ryo/ros2_ws/src/install/person_msgs/include/person_msgs/person_msgs/msg/detail/person__struct.hpp
[3.606s] -- Up-to-date: /home/ryo/ros2_ws/src/install/person_msgs/include/person_msgs/person_msgs
[3.607s] -- Up-to-date: /home/ryo/ros2_ws/src/install/person_msgs/include/person_msgs/person_msgs/msg
[3.607s] -- Installing: /home/ryo/ros2_ws/src/install/person_msgs/include/person_msgs/person_msgs/msg/rosidl_typesupport_fastrtps_cpp__visibility_control.h
[3.607s] -- Up-to-date: /home/ryo/ros2_ws/src/install/person_msgs/include/person_msgs/person_msgs/msg/detail
[3.607s] -- Installing: /home/ryo/ros2_ws/src/install/person_msgs/include/person_msgs/person_msgs/msg/detail/dds_fastrtps
[3.608s] -- Installing: /home/ryo/ros2_ws/src/install/person_msgs/include/person_msgs/person_msgs/msg/detail/person__rosidl_typesupport_fastrtps_cpp.hpp
[3.608s] -- Installing: /home/ryo/ros2_ws/src/install/person_msgs/lib/libperson_msgs__rosidl_typesupport_fastrtps_cpp.so
[3.608s] -- Set runtime path of "/home/ryo/ros2_ws/src/install/person_msgs/lib/libperson_msgs__rosidl_typesupport_fastrtps_cpp.so" to ""
[3.608s] -- Up-to-date: /home/ryo/ros2_ws/src/install/person_msgs/include/person_msgs/person_msgs
[3.608s] -- Up-to-date: /home/ryo/ros2_ws/src/install/person_msgs/include/person_msgs/person_msgs/msg
[3.608s] -- Up-to-date: /home/ryo/ros2_ws/src/install/person_msgs/include/person_msgs/person_msgs/msg/detail
[3.608s] -- Installing: /home/ryo/ros2_ws/src/install/person_msgs/include/person_msgs/person_msgs/msg/detail/person__rosidl_typesupport_introspection_cpp.hpp
[3.608s] -- Installing: /home/ryo/ros2_ws/src/install/person_msgs/include/person_msgs/person_msgs/msg/detail/person__type_support.cpp
[3.608s] -- Installing: /home/ryo/ros2_ws/src/install/person_msgs/lib/libperson_msgs__rosidl_typesupport_introspection_cpp.so
[3.608s] -- Set runtime path of "/home/ryo/ros2_ws/src/install/person_msgs/lib/libperson_msgs__rosidl_typesupport_introspection_cpp.so" to ""
[3.608s] -- Installing: /home/ryo/ros2_ws/src/install/person_msgs/lib/libperson_msgs__rosidl_typesupport_cpp.so
[3.608s] -- Set runtime path of "/home/ryo/ros2_ws/src/install/person_msgs/lib/libperson_msgs__rosidl_typesupport_cpp.so" to ""
[3.608s] -- Installing: /home/ryo/ros2_ws/src/install/person_msgs/share/person_msgs/environment/pythonpath.sh
[3.609s] -- Installing: /home/ryo/ros2_ws/src/install/person_msgs/share/person_msgs/environment/pythonpath.dsv
[3.609s] -- Installing: /home/ryo/ros2_ws/src/install/person_msgs/local/lib/python3.10/dist-packages/person_msgs-0.0.0-py3.10.egg-info
[3.609s] -- Installing: /home/ryo/ros2_ws/src/install/person_msgs/local/lib/python3.10/dist-packages/person_msgs-0.0.0-py3.10.egg-info/top_level.txt
[3.609s] -- Installing: /home/ryo/ros2_ws/src/install/person_msgs/local/lib/python3.10/dist-packages/person_msgs-0.0.0-py3.10.egg-info/dependency_links.txt
[3.609s] -- Installing: /home/ryo/ros2_ws/src/install/person_msgs/local/lib/python3.10/dist-packages/person_msgs-0.0.0-py3.10.egg-info/SOURCES.txt
[3.609s] -- Installing: /home/ryo/ros2_ws/src/install/person_msgs/local/lib/python3.10/dist-packages/person_msgs-0.0.0-py3.10.egg-info/PKG-INFO
[3.609s] -- Installing: /home/ryo/ros2_ws/src/install/person_msgs/local/lib/python3.10/dist-packages/person_msgs
[3.609s] -- Installing: /home/ryo/ros2_ws/src/install/person_msgs/local/lib/python3.10/dist-packages/person_msgs/libperson_msgs__rosidl_generator_py.so
[3.609s] -- Installing: /home/ryo/ros2_ws/src/install/person_msgs/local/lib/python3.10/dist-packages/person_msgs/_person_msgs_s.ep.rosidl_typesupport_introspection_c.c
[3.609s] -- Installing: /home/ryo/ros2_ws/src/install/person_msgs/local/lib/python3.10/dist-packages/person_msgs/_person_msgs_s.ep.rosidl_typesupport_c.c
[3.609s] -- Installing: /home/ryo/ros2_ws/src/install/person_msgs/local/lib/python3.10/dist-packages/person_msgs/person_msgs_s__rosidl_typesupport_fastrtps_c.cpython-310-x86_64-linux-gnu.so
[3.609s] -- Installing: /home/ryo/ros2_ws/src/install/person_msgs/local/lib/python3.10/dist-packages/person_msgs/msg
[3.609s] -- Installing: /home/ryo/ros2_ws/src/install/person_msgs/local/lib/python3.10/dist-packages/person_msgs/msg/_person.py
[3.609s] -- Installing: /home/ryo/ros2_ws/src/install/person_msgs/local/lib/python3.10/dist-packages/person_msgs/msg/_person_s.c
[3.609s] -- Installing: /home/ryo/ros2_ws/src/install/person_msgs/local/lib/python3.10/dist-packages/person_msgs/msg/__init__.py
[3.609s] -- Installing: /home/ryo/ros2_ws/src/install/person_msgs/local/lib/python3.10/dist-packages/person_msgs/person_msgs_s__rosidl_typesupport_introspection_c.cpython-310-x86_64-linux-gnu.so
[3.610s] -- Installing: /home/ryo/ros2_ws/src/install/person_msgs/local/lib/python3.10/dist-packages/person_msgs/person_msgs_s__rosidl_typesupport_c.cpython-310-x86_64-linux-gnu.so
[3.610s] -- Installing: /home/ryo/ros2_ws/src/install/person_msgs/local/lib/python3.10/dist-packages/person_msgs/_person_msgs_s.ep.rosidl_typesupport_fastrtps_c.c
[3.610s] -- Installing: /home/ryo/ros2_ws/src/install/person_msgs/local/lib/python3.10/dist-packages/person_msgs/__init__.py
[3.651s] Listing '/home/ryo/ros2_ws/src/install/person_msgs/local/lib/python3.10/dist-packages/person_msgs'...
[3.652s] Compiling '/home/ryo/ros2_ws/src/install/person_msgs/local/lib/python3.10/dist-packages/person_msgs/__init__.py'...
[3.652s] Listing '/home/ryo/ros2_ws/src/install/person_msgs/local/lib/python3.10/dist-packages/person_msgs/msg'...
[3.652s] Compiling '/home/ryo/ros2_ws/src/install/person_msgs/local/lib/python3.10/dist-packages/person_msgs/msg/__init__.py'...
[3.652s] Compiling '/home/ryo/ros2_ws/src/install/person_msgs/local/lib/python3.10/dist-packages/person_msgs/msg/_person.py'...
[3.657s] -- Installing: /home/ryo/ros2_ws/src/install/person_msgs/local/lib/python3.10/dist-packages/person_msgs/person_msgs_s__rosidl_typesupport_fastrtps_c.cpython-310-x86_64-linux-gnu.so
[3.658s] -- Set runtime path of "/home/ryo/ros2_ws/src/install/person_msgs/local/lib/python3.10/dist-packages/person_msgs/person_msgs_s__rosidl_typesupport_fastrtps_c.cpython-310-x86_64-linux-gnu.so" to ""
[3.658s] -- Installing: /home/ryo/ros2_ws/src/install/person_msgs/local/lib/python3.10/dist-packages/person_msgs/person_msgs_s__rosidl_typesupport_introspection_c.cpython-310-x86_64-linux-gnu.so
[3.658s] -- Set runtime path of "/home/ryo/ros2_ws/src/install/person_msgs/local/lib/python3.10/dist-packages/person_msgs/person_msgs_s__rosidl_typesupport_introspection_c.cpython-310-x86_64-linux-gnu.so" to ""
[3.658s] -- Installing: /home/ryo/ros2_ws/src/install/person_msgs/local/lib/python3.10/dist-packages/person_msgs/person_msgs_s__rosidl_typesupport_c.cpython-310-x86_64-linux-gnu.so
[3.658s] -- Set runtime path of "/home/ryo/ros2_ws/src/install/person_msgs/local/lib/python3.10/dist-packages/person_msgs/person_msgs_s__rosidl_typesupport_c.cpython-310-x86_64-linux-gnu.so" to ""
[3.658s] -- Installing: /home/ryo/ros2_ws/src/install/person_msgs/lib/libperson_msgs__rosidl_generator_py.so
[3.659s] -- Set runtime path of "/home/ryo/ros2_ws/src/install/person_msgs/lib/libperson_msgs__rosidl_generator_py.so" to ""
[3.659s] -- Installing: /home/ryo/ros2_ws/src/install/person_msgs/share/person_msgs/msg/Person.idl
[3.660s] -- Installing: /home/ryo/ros2_ws/src/install/person_msgs/share/person_msgs/msg/Person.msg
[3.660s] -- Installing: /home/ryo/ros2_ws/src/install/person_msgs/share/ament_index/resource_index/package_run_dependencies/person_msgs
[3.660s] -- Installing: /home/ryo/ros2_ws/src/install/person_msgs/share/ament_index/resource_index/parent_prefix_path/person_msgs
[3.660s] -- Installing: /home/ryo/ros2_ws/src/install/person_msgs/share/person_msgs/environment/ament_prefix_path.sh
[3.660s] -- Installing: /home/ryo/ros2_ws/src/install/person_msgs/share/person_msgs/environment/ament_prefix_path.dsv
[3.661s] -- Installing: /home/ryo/ros2_ws/src/install/person_msgs/share/person_msgs/environment/path.sh
[3.661s] -- Installing: /home/ryo/ros2_ws/src/install/person_msgs/share/person_msgs/environment/path.dsv
[3.661s] -- Installing: /home/ryo/ros2_ws/src/install/person_msgs/share/person_msgs/local_setup.bash
[3.661s] -- Installing: /home/ryo/ros2_ws/src/install/person_msgs/share/person_msgs/local_setup.sh
[3.662s] -- Installing: /home/ryo/ros2_ws/src/install/person_msgs/share/person_msgs/local_setup.zsh
[3.662s] -- Installing: /home/ryo/ros2_ws/src/install/person_msgs/share/person_msgs/local_setup.dsv
[3.662s] -- Installing: /home/ryo/ros2_ws/src/install/person_msgs/share/person_msgs/package.dsv
[3.662s] -- Installing: /home/ryo/ros2_ws/src/install/person_msgs/share/ament_index/resource_index/packages/person_msgs
[3.662s] -- Installing: /home/ryo/ros2_ws/src/install/person_msgs/share/person_msgs/cmake/export_person_msgs__rosidl_generator_cExport.cmake
[3.662s] -- Installing: /home/ryo/ros2_ws/src/install/person_msgs/share/person_msgs/cmake/export_person_msgs__rosidl_generator_cExport-noconfig.cmake
[3.662s] -- Installing: /home/ryo/ros2_ws/src/install/person_msgs/share/person_msgs/cmake/export_person_msgs__rosidl_typesupport_fastrtps_cExport.cmake
[3.663s] -- Installing: /home/ryo/ros2_ws/src/install/person_msgs/share/person_msgs/cmake/export_person_msgs__rosidl_typesupport_fastrtps_cExport-noconfig.cmake
[3.663s] -- Installing: /home/ryo/ros2_ws/src/install/person_msgs/share/person_msgs/cmake/person_msgs__rosidl_typesupport_introspection_cExport.cmake
[3.664s] -- Installing: /home/ryo/ros2_ws/src/install/person_msgs/share/person_msgs/cmake/person_msgs__rosidl_typesupport_introspection_cExport-noconfig.cmake
[3.664s] -- Installing: /home/ryo/ros2_ws/src/install/person_msgs/share/person_msgs/cmake/person_msgs__rosidl_typesupport_cExport.cmake
[3.665s] -- Installing: /home/ryo/ros2_ws/src/install/person_msgs/share/person_msgs/cmake/person_msgs__rosidl_typesupport_cExport-noconfig.cmake
[3.665s] -- Installing: /home/ryo/ros2_ws/src/install/person_msgs/share/person_msgs/cmake/export_person_msgs__rosidl_generator_cppExport.cmake
[3.665s] -- Installing: /home/ryo/ros2_ws/src/install/person_msgs/share/person_msgs/cmake/export_person_msgs__rosidl_typesupport_fastrtps_cppExport.cmake
[3.665s] -- Installing: /home/ryo/ros2_ws/src/install/person_msgs/share/person_msgs/cmake/export_person_msgs__rosidl_typesupport_fastrtps_cppExport-noconfig.cmake
[3.666s] -- Installing: /home/ryo/ros2_ws/src/install/person_msgs/share/person_msgs/cmake/person_msgs__rosidl_typesupport_introspection_cppExport.cmake
[3.666s] -- Installing: /home/ryo/ros2_ws/src/install/person_msgs/share/person_msgs/cmake/person_msgs__rosidl_typesupport_introspection_cppExport-noconfig.cmake
[3.666s] -- Installing: /home/ryo/ros2_ws/src/install/person_msgs/share/person_msgs/cmake/person_msgs__rosidl_typesupport_cppExport.cmake
[3.666s] -- Installing: /home/ryo/ros2_ws/src/install/person_msgs/share/person_msgs/cmake/person_msgs__rosidl_typesupport_cppExport-noconfig.cmake
[3.667s] -- Installing: /home/ryo/ros2_ws/src/install/person_msgs/share/person_msgs/cmake/export_person_msgs__rosidl_generator_pyExport.cmake
[3.667s] -- Installing: /home/ryo/ros2_ws/src/install/person_msgs/share/person_msgs/cmake/export_person_msgs__rosidl_generator_pyExport-noconfig.cmake
[3.667s] -- Installing: /home/ryo/ros2_ws/src/install/person_msgs/share/person_msgs/cmake/rosidl_cmake-extras.cmake
[3.667s] -- Installing: /home/ryo/ros2_ws/src/install/person_msgs/share/person_msgs/cmake/ament_cmake_export_include_directories-extras.cmake
[3.667s] -- Installing: /home/ryo/ros2_ws/src/install/person_msgs/share/person_msgs/cmake/ament_cmake_export_libraries-extras.cmake
[3.667s] -- Installing: /home/ryo/ros2_ws/src/install/person_msgs/share/person_msgs/cmake/ament_cmake_export_targets-extras.cmake
[3.667s] -- Installing: /home/ryo/ros2_ws/src/install/person_msgs/share/person_msgs/cmake/rosidl_cmake_export_typesupport_targets-extras.cmake
[3.668s] -- Installing: /home/ryo/ros2_ws/src/install/person_msgs/share/person_msgs/cmake/ament_cmake_export_dependencies-extras.cmake
[3.668s] -- Installing: /home/ryo/ros2_ws/src/install/person_msgs/share/person_msgs/cmake/rosidl_cmake_export_typesupport_libraries-extras.cmake
[3.668s] -- Installing: /home/ryo/ros2_ws/src/install/person_msgs/share/person_msgs/cmake/person_msgsConfig.cmake
[3.668s] -- Installing: /home/ryo/ros2_ws/src/install/person_msgs/share/person_msgs/cmake/person_msgsConfig-version.cmake
[3.668s] -- Installing: /home/ryo/ros2_ws/src/install/person_msgs/share/person_msgs/package.xml
[3.673s] Invoked command in '/home/ryo/ros2_ws/src/build/person_msgs' returned '0': CMAKE_PREFIX_PATH=${CMAKE_PREFIX_PATH}:/opt/ros/humble /usr/bin/cmake --install /home/ryo/ros2_ws/src/build/person_msgs
