[1.375s] Invoking command in '/home/ryo/ros2_ws/src/mypkg': PYTHONPATH=/home/ryo/ros2_ws/install/mypkg/lib/python3.10/site-packages:${PYTHONPATH} /usr/bin/python3 setup.py egg_info --egg-base ../../build/mypkg build --build-base /home/ryo/ros2_ws/build/mypkg/build install --prefix /home/ryo/ros2_ws/install/mypkg --record /home/ryo/ros2_ws/build/mypkg/install.log --single-version-externally-managed
[1.901s] running egg_info
[1.903s] writing ../../build/mypkg/mypkg.egg-info/PKG-INFO
[1.904s] writing dependency_links to ../../build/mypkg/mypkg.egg-info/dependency_links.txt
[1.905s] writing entry points to ../../build/mypkg/mypkg.egg-info/entry_points.txt
[1.905s] writing requirements to ../../build/mypkg/mypkg.egg-info/requires.txt
[1.906s] writing top-level names to ../../build/mypkg/mypkg.egg-info/top_level.txt
[1.909s] reading manifest file '../../build/mypkg/mypkg.egg-info/SOURCES.txt'
[1.911s] writing manifest file '../../build/mypkg/mypkg.egg-info/SOURCES.txt'
[1.913s] running build
[1.914s] running build_py
[1.915s] /usr/lib/python3/dist-packages/setuptools/command/install.py:34: SetuptoolsDeprecationWarning: setup.py install is deprecated. Use build and pip and other standards-based tools.
[1.915s]   warnings.warn(
[1.916s] copying mypkg/listener.py -> /home/ryo/ros2_ws/build/mypkg/build/lib/mypkg
[1.916s] running install
[1.917s] running install_lib
[1.917s] copying /home/ryo/ros2_ws/build/mypkg/build/lib/mypkg/listener.py -> /home/ryo/ros2_ws/install/mypkg/lib/python3.10/site-packages/mypkg
[1.918s] byte-compiling /home/ryo/ros2_ws/install/mypkg/lib/python3.10/site-packages/mypkg/listener.py to listener.cpython-310.pyc
[1.919s] running install_data
[1.920s] running install_egg_info
[1.925s] removing '/home/ryo/ros2_ws/install/mypkg/lib/python3.10/site-packages/mypkg-0.0.0-py3.10.egg-info' (and everything under it)
[1.926s] Copying ../../build/mypkg/mypkg.egg-info to /home/ryo/ros2_ws/install/mypkg/lib/python3.10/site-packages/mypkg-0.0.0-py3.10.egg-info
[1.928s] running install_scripts
[1.975s] Installing listener script to /home/ryo/ros2_ws/install/mypkg/lib/mypkg
[1.977s] Installing talker script to /home/ryo/ros2_ws/install/mypkg/lib/mypkg
[1.978s] writing list of installed files to '/home/ryo/ros2_ws/build/mypkg/install.log'
[2.030s] Invoked command in '/home/ryo/ros2_ws/src/mypkg' returned '0': PYTHONPATH=/home/ryo/ros2_ws/install/mypkg/lib/python3.10/site-packages:${PYTHONPATH} /usr/bin/python3 setup.py egg_info --egg-base ../../build/mypkg build --build-base /home/ryo/ros2_ws/build/mypkg/build install --prefix /home/ryo/ros2_ws/install/mypkg --record /home/ryo/ros2_ws/build/mypkg/install.log --single-version-externally-managed
