[0.275s] Invoking command in '/home/ryo/ros2_ws/src/build/person_msgs': CMAKE_PREFIX_PATH=/home/ryo/ros2_ws/install/mypkg:/opt/ros/humble /usr/bin/cmake /home/ryo/ros2_ws/src/person_msgs -DCMAKE_INSTALL_PREFIX=/home/ryo/ros2_ws/src/install/person_msgs
[0.350s] -- The C compiler identification is GNU 11.3.0
[0.439s] -- The CXX compiler identification is GNU 11.3.0
[0.450s] -- Detecting C compiler ABI info
[0.547s] -- Detecting C compiler ABI info - done
[0.559s] -- Check for working C compiler: /usr/bin/cc - skipped
[0.560s] -- Detecting C compile features
[0.560s] -- Detecting C compile features - done
[0.565s] -- Detecting CXX compiler ABI info
[0.675s] -- Detecting CXX compiler ABI info - done
[0.693s] -- Check for working CXX compiler: /usr/bin/c++ - skipped
[0.694s] -- Detecting CXX compile features
[0.695s] -- Detecting CXX compile features - done
[0.698s] -- Found ament_cmake: 1.3.2 (/opt/ros/humble/share/ament_cmake/cmake)
[0.971s] -- Found Python3: /usr/bin/python3.10 (found version "3.10.6") found components: Interpreter 
[1.102s] -- Found rosidl_default_generators: 1.2.0 (/opt/ros/humble/share/rosidl_default_generators/cmake)
[1.106s] -- Using all available rosidl_typesupport_c: rosidl_typesupport_fastrtps_c;rosidl_typesupport_introspection_c
[1.115s] -- Found rosidl_adapter: 3.1.3 (/opt/ros/humble/share/rosidl_adapter/cmake)
[1.189s] -- Using all available rosidl_typesupport_cpp: rosidl_typesupport_fastrtps_cpp;rosidl_typesupport_introspection_cpp
[1.586s] [31mCMake Error at /opt/ros/humble/share/rosidl_adapter/cmake/rosidl_adapt_interfaces.cmake:59 (message):
[1.586s]   execute_process(/usr/bin/python3.10 -m rosidl_adapter --package-name
[1.586s]   person_msgs --arguments-file
[1.587s]   /home/ryo/ros2_ws/src/build/person_msgs/rosidl_adapter__arguments__person_msgs.json
[1.587s]   --output-dir
[1.587s]   /home/ryo/ros2_ws/src/build/person_msgs/rosidl_adapter/person_msgs
[1.587s]   --output-file
[1.587s]   /home/ryo/ros2_ws/src/build/person_msgs/rosidl_adapter/person_msgs.idls)
[1.587s]   returned error code 1:
[1.587s] 
[1.587s]   Error processing 'unit8 age' of 'person_msgs/Person': ''unit8' is an
[1.587s]   invalid message name.  It should have the pattern '^[A-Z][A-Za-z0-9]*$''
[1.587s] 
[1.587s]   Traceback (most recent call last):
[1.588s] 
[1.588s]     File "/usr/lib/python3.10/runpy.py", line 196, in _run_module_as_main
[1.588s]       return _run_code(code, main_globals, None,
[1.588s]     File "/usr/lib/python3.10/runpy.py", line 86, in _run_code
[1.588s]       exec(code, run_globals)
[1.588s]     File "/opt/ros/humble/local/lib/python3.10/dist-packages/rosidl_adapter/__main__.py", line 19, in <module>
[1.588s]       sys.exit(main())
[1.588s]     File "/opt/ros/humble/local/lib/python3.10/dist-packages/rosidl_adapter/main.py", line 53, in main
[1.588s]       abs_idl_file = convert_to_idl(
[1.589s]     File "/opt/ros/humble/local/lib/python3.10/dist-packages/rosidl_adapter/__init__.py", line 19, in convert_to_idl
[1.589s]       return convert_msg_to_idl(
[1.589s]     File "/opt/ros/humble/local/lib/python3.10/dist-packages/rosidl_adapter/msg/__init__.py", line 28, in convert_msg_to_idl
[1.589s]       msg = parse_message_string(package_name, input_file.stem, content)
[1.589s]     File "/opt/ros/humble/local/lib/python3.10/dist-packages/rosidl_adapter/parser.py", line 520, in parse_message_string
[1.589s]       Type(type_string, context_package_name=pkg_name),
[1.589s]     File "/opt/ros/humble/local/lib/python3.10/dist-packages/rosidl_adapter/parser.py", line 277, in __init__
[1.589s]       super(Type, self).__init__(
[1.589s]     File "/opt/ros/humble/local/lib/python3.10/dist-packages/rosidl_adapter/parser.py", line 205, in __init__
[1.590s]       raise InvalidResourceName(
[1.590s] 
[1.590s]   rosidl_adapter.parser.InvalidResourceName: 'unit8' is an invalid message
[1.590s]   name.  It should have the pattern '^[A-Z][A-Za-z0-9]*$'
[1.590s] 
[1.590s] Call Stack (most recent call first):
[1.590s]   /opt/ros/humble/share/rosidl_cmake/cmake/rosidl_generate_interfaces.cmake:130 (rosidl_adapt_interfaces)
[1.590s]   CMakeLists.txt:11 (rosidl_generate_interfaces)
[1.590s] 
[1.591s] [0m
[1.591s] -- Configuring incomplete, errors occurred!
[1.591s] See also "/home/ryo/ros2_ws/src/build/person_msgs/CMakeFiles/CMakeOutput.log".
[1.597s] Invoked command in '/home/ryo/ros2_ws/src/build/person_msgs' returned '1': CMAKE_PREFIX_PATH=/home/ryo/ros2_ws/install/mypkg:/opt/ros/humble /usr/bin/cmake /home/ryo/ros2_ws/src/person_msgs -DCMAKE_INSTALL_PREFIX=/home/ryo/ros2_ws/src/install/person_msgs
