[0.311s] DEBUG:colcon:Command line arguments: ['/usr/bin/colcon', 'build']
[0.311s] DEBUG:colcon:Parsed command line arguments: Namespace(log_base=None, log_level=None, verb_name='build', build_base='build', install_base='install', merge_install=False, symlink_install=False, test_result_base=None, continue_on_error=False, executor='parallel', parallel_workers=8, event_handlers=None, ignore_user_meta=False, metas=['./colcon.meta'], base_paths=['.'], packages_ignore=None, packages_ignore_regex=None, paths=None, packages_up_to=None, packages_up_to_regex=None, packages_above=None, packages_above_and_dependencies=None, packages_above_depth=None, packages_select_by_dep=None, packages_skip_by_dep=None, packages_skip_up_to=None, packages_select_build_failed=False, packages_skip_build_finished=False, packages_select_test_failures=False, packages_skip_test_passed=False, packages_select=None, packages_skip=None, packages_select_regex=None, packages_skip_regex=None, packages_start=None, packages_end=None, allow_overriding=[], cmake_args=None, cmake_target=None, cmake_target_skip_unavailable=False, cmake_clean_cache=False, cmake_clean_first=False, cmake_force_configure=False, ament_cmake_args=None, catkin_cmake_args=None, catkin_skip_building_tests=False, verb_parser=<colcon_defaults.argument_parser.defaults.DefaultArgumentsDecorator object at 0x7f95252411b0>, verb_extension=<colcon_core.verb.build.BuildVerb object at 0x7f9525b67dc0>, main=<bound method BuildVerb.main of <colcon_core.verb.build.BuildVerb object at 0x7f9525b67dc0>>)
[0.333s] Level 1:colcon.colcon_core.package_discovery:discover_packages(colcon_meta) check parameters
[0.333s] Level 1:colcon.colcon_core.package_discovery:discover_packages(recursive) check parameters
[0.333s] Level 1:colcon.colcon_core.package_discovery:discover_packages(ignore) check parameters
[0.333s] Level 1:colcon.colcon_core.package_discovery:discover_packages(path) check parameters
[0.333s] Level 1:colcon.colcon_core.package_discovery:discover_packages(colcon_meta) discover
[0.333s] Level 1:colcon.colcon_core.package_discovery:discover_packages(recursive) discover
[0.333s] INFO:colcon.colcon_core.package_discovery:Crawling recursively for packages in '/home/ryo/ros2_ws'
[0.333s] Level 1:colcon.colcon_core.package_identification:_identify(.) by extensions ['ignore', 'ignore_ament_install']
[0.333s] Level 1:colcon.colcon_core.package_identification:_identify(.) by extension 'ignore'
[0.333s] Level 1:colcon.colcon_core.package_identification:_identify(.) by extension 'ignore_ament_install'
[0.333s] Level 1:colcon.colcon_core.package_identification:_identify(.) by extensions ['colcon_pkg']
[0.333s] Level 1:colcon.colcon_core.package_identification:_identify(.) by extension 'colcon_pkg'
[0.333s] Level 1:colcon.colcon_core.package_identification:_identify(.) by extensions ['colcon_meta']
[0.333s] Level 1:colcon.colcon_core.package_identification:_identify(.) by extension 'colcon_meta'
[0.333s] Level 1:colcon.colcon_core.package_identification:_identify(.) by extensions ['ros']
[0.333s] Level 1:colcon.colcon_core.package_identification:_identify(.) by extension 'ros'
[0.353s] Level 1:colcon.colcon_core.package_identification:_identify(.) by extensions ['cmake', 'python']
[0.353s] Level 1:colcon.colcon_core.package_identification:_identify(.) by extension 'cmake'
[0.353s] Level 1:colcon.colcon_core.package_identification:_identify(.) by extension 'python'
[0.353s] Level 1:colcon.colcon_core.package_identification:_identify(.) by extensions ['python_setup_py']
[0.353s] Level 1:colcon.colcon_core.package_identification:_identify(.) by extension 'python_setup_py'
[0.353s] Level 1:colcon.colcon_core.package_identification:_identify(build) by extensions ['ignore', 'ignore_ament_install']
[0.353s] Level 1:colcon.colcon_core.package_identification:_identify(build) by extension 'ignore'
[0.353s] Level 1:colcon.colcon_core.package_identification:_identify(build) ignored
[0.353s] Level 1:colcon.colcon_core.package_identification:_identify(install) by extensions ['ignore', 'ignore_ament_install']
[0.354s] Level 1:colcon.colcon_core.package_identification:_identify(install) by extension 'ignore'
[0.354s] Level 1:colcon.colcon_core.package_identification:_identify(install) ignored
[0.354s] Level 1:colcon.colcon_core.package_identification:_identify(log) by extensions ['ignore', 'ignore_ament_install']
[0.354s] Level 1:colcon.colcon_core.package_identification:_identify(log) by extension 'ignore'
[0.354s] Level 1:colcon.colcon_core.package_identification:_identify(log) ignored
[0.354s] Level 1:colcon.colcon_core.package_identification:_identify(src) by extensions ['ignore', 'ignore_ament_install']
[0.354s] Level 1:colcon.colcon_core.package_identification:_identify(src) by extension 'ignore'
[0.354s] Level 1:colcon.colcon_core.package_identification:_identify(src) by extension 'ignore_ament_install'
[0.354s] Level 1:colcon.colcon_core.package_identification:_identify(src) by extensions ['colcon_pkg']
[0.354s] Level 1:colcon.colcon_core.package_identification:_identify(src) by extension 'colcon_pkg'
[0.354s] Level 1:colcon.colcon_core.package_identification:_identify(src) by extensions ['colcon_meta']
[0.354s] Level 1:colcon.colcon_core.package_identification:_identify(src) by extension 'colcon_meta'
[0.354s] Level 1:colcon.colcon_core.package_identification:_identify(src) by extensions ['ros']
[0.354s] Level 1:colcon.colcon_core.package_identification:_identify(src) by extension 'ros'
[0.354s] Level 1:colcon.colcon_core.package_identification:_identify(src) by extensions ['cmake', 'python']
[0.354s] Level 1:colcon.colcon_core.package_identification:_identify(src) by extension 'cmake'
[0.354s] Level 1:colcon.colcon_core.package_identification:_identify(src) by extension 'python'
[0.354s] Level 1:colcon.colcon_core.package_identification:_identify(src) by extensions ['python_setup_py']
[0.354s] Level 1:colcon.colcon_core.package_identification:_identify(src) by extension 'python_setup_py'
[0.354s] Level 1:colcon.colcon_core.package_identification:_identify(src/build) by extensions ['ignore', 'ignore_ament_install']
[0.355s] Level 1:colcon.colcon_core.package_identification:_identify(src/build) by extension 'ignore'
[0.355s] Level 1:colcon.colcon_core.package_identification:_identify(src/build) ignored
[0.355s] Level 1:colcon.colcon_core.package_identification:_identify(src/install) by extensions ['ignore', 'ignore_ament_install']
[0.355s] Level 1:colcon.colcon_core.package_identification:_identify(src/install) by extension 'ignore'
[0.355s] Level 1:colcon.colcon_core.package_identification:_identify(src/install) ignored
[0.355s] Level 1:colcon.colcon_core.package_identification:_identify(src/log) by extensions ['ignore', 'ignore_ament_install']
[0.355s] Level 1:colcon.colcon_core.package_identification:_identify(src/log) by extension 'ignore'
[0.355s] Level 1:colcon.colcon_core.package_identification:_identify(src/log) ignored
[0.355s] Level 1:colcon.colcon_core.package_identification:_identify(src/mypkg) by extensions ['ignore', 'ignore_ament_install']
[0.355s] Level 1:colcon.colcon_core.package_identification:_identify(src/mypkg) by extension 'ignore'
[0.355s] Level 1:colcon.colcon_core.package_identification:_identify(src/mypkg) by extension 'ignore_ament_install'
[0.355s] Level 1:colcon.colcon_core.package_identification:_identify(src/mypkg) by extensions ['colcon_pkg']
[0.355s] Level 1:colcon.colcon_core.package_identification:_identify(src/mypkg) by extension 'colcon_pkg'
[0.355s] Level 1:colcon.colcon_core.package_identification:_identify(src/mypkg) by extensions ['colcon_meta']
[0.355s] Level 1:colcon.colcon_core.package_identification:_identify(src/mypkg) by extension 'colcon_meta'
[0.355s] Level 1:colcon.colcon_core.package_identification:_identify(src/mypkg) by extensions ['ros']
[0.355s] Level 1:colcon.colcon_core.package_identification:_identify(src/mypkg) by extension 'ros'
[0.356s] DEBUG:colcon.colcon_core.package_identification:Failed to parse potential ROS package manifest in'src/mypkg': Error(s) in package 'src/mypkg/package.xml':
The manifest contains invalid XML:
mismatched tag: line 11, column 27
[0.357s] Level 1:colcon.colcon_core.package_identification:_identify(src/mypkg) by extensions ['cmake', 'python']
[0.357s] Level 1:colcon.colcon_core.package_identification:_identify(src/mypkg) by extension 'cmake'
[0.357s] Level 1:colcon.colcon_core.package_identification:_identify(src/mypkg) by extension 'python'
[0.357s] DEBUG:colcon.colcon_core.package_identification:Python package in 'src/mypkg' passes arguments to the setup() function which requires a different identification extension than 'python'
[0.357s] Level 1:colcon.colcon_core.package_identification:_identify(src/mypkg) by extensions ['python_setup_py']
[0.357s] Level 1:colcon.colcon_core.package_identification:_identify(src/mypkg) by extension 'python_setup_py'
[0.604s] DEBUG:colcon.colcon_core.package_identification:Package 'src/mypkg' with type 'python' and name 'mypkg'
[0.604s] Level 1:colcon.colcon_core.package_identification:_identify(src/person_msg) by extensions ['ignore', 'ignore_ament_install']
[0.604s] Level 1:colcon.colcon_core.package_identification:_identify(src/person_msg) by extension 'ignore'
[0.604s] Level 1:colcon.colcon_core.package_identification:_identify(src/person_msg) by extension 'ignore_ament_install'
[0.604s] Level 1:colcon.colcon_core.package_identification:_identify(src/person_msg) by extensions ['colcon_pkg']
[0.604s] Level 1:colcon.colcon_core.package_identification:_identify(src/person_msg) by extension 'colcon_pkg'
[0.604s] Level 1:colcon.colcon_core.package_identification:_identify(src/person_msg) by extensions ['colcon_meta']
[0.604s] Level 1:colcon.colcon_core.package_identification:_identify(src/person_msg) by extension 'colcon_meta'
[0.604s] Level 1:colcon.colcon_core.package_identification:_identify(src/person_msg) by extensions ['ros']
[0.604s] Level 1:colcon.colcon_core.package_identification:_identify(src/person_msg) by extension 'ros'
[0.606s] DEBUG:colcon.colcon_core.package_identification:Package 'src/person_msg' with type 'ros.ament_cmake' and name 'person_msg'
[0.606s] Level 1:colcon.colcon_core.package_identification:_identify(src/person_msgs) by extensions ['ignore', 'ignore_ament_install']
[0.606s] Level 1:colcon.colcon_core.package_identification:_identify(src/person_msgs) by extension 'ignore'
[0.606s] Level 1:colcon.colcon_core.package_identification:_identify(src/person_msgs) by extension 'ignore_ament_install'
[0.606s] Level 1:colcon.colcon_core.package_identification:_identify(src/person_msgs) by extensions ['colcon_pkg']
[0.606s] Level 1:colcon.colcon_core.package_identification:_identify(src/person_msgs) by extension 'colcon_pkg'
[0.606s] Level 1:colcon.colcon_core.package_identification:_identify(src/person_msgs) by extensions ['colcon_meta']
[0.606s] Level 1:colcon.colcon_core.package_identification:_identify(src/person_msgs) by extension 'colcon_meta'
[0.606s] Level 1:colcon.colcon_core.package_identification:_identify(src/person_msgs) by extensions ['ros']
[0.606s] Level 1:colcon.colcon_core.package_identification:_identify(src/person_msgs) by extension 'ros'
[0.607s] DEBUG:colcon.colcon_core.package_identification:Package 'src/person_msgs' with type 'ros.ament_cmake' and name 'person_msgs'
[0.607s] Level 1:colcon.colcon_core.package_discovery:discover_packages(recursive) using defaults
[0.607s] Level 1:colcon.colcon_core.package_discovery:discover_packages(ignore) discover
[0.607s] Level 1:colcon.colcon_core.package_discovery:discover_packages(ignore) using defaults
[0.607s] Level 1:colcon.colcon_core.package_discovery:discover_packages(path) discover
[0.607s] Level 1:colcon.colcon_core.package_discovery:discover_packages(path) using defaults
[0.638s] Level 1:colcon.colcon_core.package_discovery:discover_packages(prefix_path) check parameters
[0.638s] Level 1:colcon.colcon_core.package_discovery:discover_packages(prefix_path) discover
[0.641s] DEBUG:colcon.colcon_installed_package_information.package_discovery:Found 3 installed packages in /home/ryo/ros2_ws/install
[0.642s] DEBUG:colcon.colcon_installed_package_information.package_discovery:Found 270 installed packages in /opt/ros/humble
[0.644s] Level 1:colcon.colcon_core.package_discovery:discover_packages(prefix_path) using defaults
[0.694s] Level 5:colcon.colcon_core.verb:set package 'mypkg' build argument 'cmake_args' from command line to 'None'
[0.694s] Level 5:colcon.colcon_core.verb:set package 'mypkg' build argument 'cmake_target' from command line to 'None'
[0.694s] Level 5:colcon.colcon_core.verb:set package 'mypkg' build argument 'cmake_target_skip_unavailable' from command line to 'False'
[0.694s] Level 5:colcon.colcon_core.verb:set package 'mypkg' build argument 'cmake_clean_cache' from command line to 'False'
[0.694s] Level 5:colcon.colcon_core.verb:set package 'mypkg' build argument 'cmake_clean_first' from command line to 'False'
[0.694s] Level 5:colcon.colcon_core.verb:set package 'mypkg' build argument 'cmake_force_configure' from command line to 'False'
[0.694s] Level 5:colcon.colcon_core.verb:set package 'mypkg' build argument 'ament_cmake_args' from command line to 'None'
[0.694s] Level 5:colcon.colcon_core.verb:set package 'mypkg' build argument 'catkin_cmake_args' from command line to 'None'
[0.694s] Level 5:colcon.colcon_core.verb:set package 'mypkg' build argument 'catkin_skip_building_tests' from command line to 'False'
[0.694s] DEBUG:colcon.colcon_core.verb:Building package 'mypkg' with the following arguments: {'ament_cmake_args': None, 'build_base': '/home/ryo/ros2_ws/build/mypkg', 'catkin_cmake_args': None, 'catkin_skip_building_tests': False, 'cmake_args': None, 'cmake_clean_cache': False, 'cmake_clean_first': False, 'cmake_force_configure': False, 'cmake_target': None, 'cmake_target_skip_unavailable': False, 'install_base': '/home/ryo/ros2_ws/install/mypkg', 'merge_install': False, 'path': '/home/ryo/ros2_ws/src/mypkg', 'symlink_install': False, 'test_result_base': None}
[0.695s] Level 5:colcon.colcon_core.verb:set package 'person_msg' build argument 'cmake_args' from command line to 'None'
[0.695s] Level 5:colcon.colcon_core.verb:set package 'person_msg' build argument 'cmake_target' from command line to 'None'
[0.695s] Level 5:colcon.colcon_core.verb:set package 'person_msg' build argument 'cmake_target_skip_unavailable' from command line to 'False'
[0.695s] Level 5:colcon.colcon_core.verb:set package 'person_msg' build argument 'cmake_clean_cache' from command line to 'False'
[0.695s] Level 5:colcon.colcon_core.verb:set package 'person_msg' build argument 'cmake_clean_first' from command line to 'False'
[0.695s] Level 5:colcon.colcon_core.verb:set package 'person_msg' build argument 'cmake_force_configure' from command line to 'False'
[0.695s] Level 5:colcon.colcon_core.verb:set package 'person_msg' build argument 'ament_cmake_args' from command line to 'None'
[0.695s] Level 5:colcon.colcon_core.verb:set package 'person_msg' build argument 'catkin_cmake_args' from command line to 'None'
[0.695s] Level 5:colcon.colcon_core.verb:set package 'person_msg' build argument 'catkin_skip_building_tests' from command line to 'False'
[0.695s] DEBUG:colcon.colcon_core.verb:Building package 'person_msg' with the following arguments: {'ament_cmake_args': None, 'build_base': '/home/ryo/ros2_ws/build/person_msg', 'catkin_cmake_args': None, 'catkin_skip_building_tests': False, 'cmake_args': None, 'cmake_clean_cache': False, 'cmake_clean_first': False, 'cmake_force_configure': False, 'cmake_target': None, 'cmake_target_skip_unavailable': False, 'install_base': '/home/ryo/ros2_ws/install/person_msg', 'merge_install': False, 'path': '/home/ryo/ros2_ws/src/person_msg', 'symlink_install': False, 'test_result_base': None}
[0.696s] Level 5:colcon.colcon_core.verb:set package 'person_msgs' build argument 'cmake_args' from command line to 'None'
[0.696s] Level 5:colcon.colcon_core.verb:set package 'person_msgs' build argument 'cmake_target' from command line to 'None'
[0.696s] Level 5:colcon.colcon_core.verb:set package 'person_msgs' build argument 'cmake_target_skip_unavailable' from command line to 'False'
[0.696s] Level 5:colcon.colcon_core.verb:set package 'person_msgs' build argument 'cmake_clean_cache' from command line to 'False'
[0.696s] Level 5:colcon.colcon_core.verb:set package 'person_msgs' build argument 'cmake_clean_first' from command line to 'False'
[0.696s] Level 5:colcon.colcon_core.verb:set package 'person_msgs' build argument 'cmake_force_configure' from command line to 'False'
[0.696s] Level 5:colcon.colcon_core.verb:set package 'person_msgs' build argument 'ament_cmake_args' from command line to 'None'
[0.696s] Level 5:colcon.colcon_core.verb:set package 'person_msgs' build argument 'catkin_cmake_args' from command line to 'None'
[0.696s] Level 5:colcon.colcon_core.verb:set package 'person_msgs' build argument 'catkin_skip_building_tests' from command line to 'False'
[0.696s] DEBUG:colcon.colcon_core.verb:Building package 'person_msgs' with the following arguments: {'ament_cmake_args': None, 'build_base': '/home/ryo/ros2_ws/build/person_msgs', 'catkin_cmake_args': None, 'catkin_skip_building_tests': False, 'cmake_args': None, 'cmake_clean_cache': False, 'cmake_clean_first': False, 'cmake_force_configure': False, 'cmake_target': None, 'cmake_target_skip_unavailable': False, 'install_base': '/home/ryo/ros2_ws/install/person_msgs', 'merge_install': False, 'path': '/home/ryo/ros2_ws/src/person_msgs', 'symlink_install': False, 'test_result_base': None}
[0.697s] INFO:colcon.colcon_core.executor:Executing jobs using 'parallel' executor
[0.701s] DEBUG:colcon.colcon_parallel_executor.executor.parallel:run_until_complete
[0.701s] INFO:colcon.colcon_core.task.python.build:Building Python package in '/home/ryo/ros2_ws/src/mypkg'
[0.706s] INFO:colcon.colcon_core.plugin_system:Skipping extension 'colcon_core.shell.bat': Not used on non-Windows systems
[0.707s] INFO:colcon.colcon_core.shell:Skip shell extension 'powershell' for command environment: Not usable outside of PowerShell
[0.707s] DEBUG:colcon.colcon_core.shell:Skip shell extension 'dsv' for command environment
[0.712s] INFO:colcon.colcon_ros.task.ament_cmake.build:Building ROS package in '/home/ryo/ros2_ws/src/person_msg' with build type 'ament_cmake'
[0.712s] INFO:colcon.colcon_cmake.task.cmake.build:Building CMake package in '/home/ryo/ros2_ws/src/person_msg'
[0.714s] INFO:colcon.colcon_core.shell:Skip shell extension 'powershell' for command environment: Not usable outside of PowerShell
[0.714s] DEBUG:colcon.colcon_core.shell:Skip shell extension 'dsv' for command environment
[0.721s] INFO:colcon.colcon_ros.task.ament_cmake.build:Building ROS package in '/home/ryo/ros2_ws/src/person_msgs' with build type 'ament_cmake'
[0.721s] INFO:colcon.colcon_cmake.task.cmake.build:Building CMake package in '/home/ryo/ros2_ws/src/person_msgs'
[0.723s] INFO:colcon.colcon_core.shell:Skip shell extension 'powershell' for command environment: Not usable outside of PowerShell
[0.723s] DEBUG:colcon.colcon_core.shell:Skip shell extension 'dsv' for command environment
[0.998s] DEBUG:colcon.colcon_core.event_handler.log_command:Invoking command in '/home/ryo/ros2_ws/build/person_msg': CMAKE_PREFIX_PATH=${CMAKE_PREFIX_PATH}:/home/ryo/ros2_ws/install/mypkg:/opt/ros/humble /usr/bin/cmake --build /home/ryo/ros2_ws/build/person_msg -- -j8 -l8
[1.006s] DEBUG:colcon.colcon_core.event_handler.log_command:Invoking command in '/home/ryo/ros2_ws/build/person_msgs': CMAKE_PREFIX_PATH=${CMAKE_PREFIX_PATH}:/home/ryo/ros2_ws/install/mypkg:/opt/ros/humble /usr/bin/cmake --build /home/ryo/ros2_ws/build/person_msgs -- -j8 -l8
[1.555s] DEBUG:colcon.colcon_core.event_handler.log_command:Invoked command in '/home/ryo/ros2_ws/build/person_msg' returned '0': CMAKE_PREFIX_PATH=${CMAKE_PREFIX_PATH}:/home/ryo/ros2_ws/install/mypkg:/opt/ros/humble /usr/bin/cmake --build /home/ryo/ros2_ws/build/person_msg -- -j8 -l8
[1.595s] DEBUG:colcon.colcon_core.event_handler.log_command:Invoking command in '/home/ryo/ros2_ws/src/mypkg': PYTHONPATH=/home/ryo/ros2_ws/install/mypkg/lib/python3.10/site-packages:${PYTHONPATH} /usr/bin/python3 setup.py egg_info --egg-base ../../build/mypkg build --build-base /home/ryo/ros2_ws/build/mypkg/build install --prefix /home/ryo/ros2_ws/install/mypkg --record /home/ryo/ros2_ws/build/mypkg/install.log --single-version-externally-managed
[1.646s] DEBUG:colcon.colcon_core.event_handler.log_command:Invoking command in '/home/ryo/ros2_ws/build/person_msg': CMAKE_PREFIX_PATH=${CMAKE_PREFIX_PATH}:/home/ryo/ros2_ws/install/mypkg:/opt/ros/humble /usr/bin/cmake --install /home/ryo/ros2_ws/build/person_msg
[1.744s] Level 1:colcon.colcon_core.environment:create_environment_scripts_only(person_msg)
[1.745s] DEBUG:colcon.colcon_core.event_handler.log_command:Invoked command in '/home/ryo/ros2_ws/build/person_msg' returned '0': CMAKE_PREFIX_PATH=${CMAKE_PREFIX_PATH}:/home/ryo/ros2_ws/install/mypkg:/opt/ros/humble /usr/bin/cmake --install /home/ryo/ros2_ws/build/person_msg
[1.752s] Level 1:colcon.colcon_core.environment:checking '/home/ryo/ros2_ws/install/person_msg' for CMake module files
[1.753s] Level 1:colcon.colcon_core.environment:checking '/home/ryo/ros2_ws/install/person_msg' for CMake config files
[1.754s] Level 1:colcon.colcon_core.shell:create_environment_hook('person_msg', 'cmake_prefix_path')
[1.756s] INFO:colcon.colcon_core.shell:Creating environment hook '/home/ryo/ros2_ws/install/person_msg/share/person_msg/hook/cmake_prefix_path.ps1'
[1.757s] INFO:colcon.colcon_core.shell:Creating environment descriptor '/home/ryo/ros2_ws/install/person_msg/share/person_msg/hook/cmake_prefix_path.dsv'
[1.758s] INFO:colcon.colcon_core.shell:Creating environment hook '/home/ryo/ros2_ws/install/person_msg/share/person_msg/hook/cmake_prefix_path.sh'
[1.760s] Level 1:colcon.colcon_core.environment:checking '/home/ryo/ros2_ws/install/person_msg/lib'
[1.760s] Level 1:colcon.colcon_core.shell:create_environment_hook('person_msg', 'ld_library_path_lib')
[1.763s] INFO:colcon.colcon_core.shell:Creating environment hook '/home/ryo/ros2_ws/install/person_msg/share/person_msg/hook/ld_library_path_lib.ps1'
[1.764s] INFO:colcon.colcon_core.shell:Creating environment descriptor '/home/ryo/ros2_ws/install/person_msg/share/person_msg/hook/ld_library_path_lib.dsv'
[1.764s] INFO:colcon.colcon_core.shell:Creating environment hook '/home/ryo/ros2_ws/install/person_msg/share/person_msg/hook/ld_library_path_lib.sh'
[1.765s] Level 1:colcon.colcon_core.environment:checking '/home/ryo/ros2_ws/install/person_msg/bin'
[1.765s] Level 1:colcon.colcon_core.environment:checking '/home/ryo/ros2_ws/install/person_msg/lib/pkgconfig/person_msg.pc'
[1.766s] Level 1:colcon.colcon_core.environment:checking '/home/ryo/ros2_ws/install/person_msg/lib/python3.10/site-packages'
[1.766s] Level 1:colcon.colcon_core.environment:checking '/home/ryo/ros2_ws/install/person_msg/bin'
[1.769s] INFO:colcon.colcon_core.shell:Creating package script '/home/ryo/ros2_ws/install/person_msg/share/person_msg/package.ps1'
[1.770s] INFO:colcon.colcon_core.shell:Creating package descriptor '/home/ryo/ros2_ws/install/person_msg/share/person_msg/package.dsv'
[1.771s] INFO:colcon.colcon_core.shell:Creating package script '/home/ryo/ros2_ws/install/person_msg/share/person_msg/package.sh'
[1.772s] INFO:colcon.colcon_core.shell:Creating package script '/home/ryo/ros2_ws/install/person_msg/share/person_msg/package.bash'
[1.773s] INFO:colcon.colcon_core.shell:Creating package script '/home/ryo/ros2_ws/install/person_msg/share/person_msg/package.zsh'
[1.774s] Level 1:colcon.colcon_core.environment:create_file_with_runtime_dependencies(/home/ryo/ros2_ws/install/person_msg/share/colcon-core/packages/person_msg)
[1.854s] Level 1:colcon.colcon_core.environment:create_environment_scripts_only(person_msg)
[1.858s] Level 1:colcon.colcon_core.environment:checking '/home/ryo/ros2_ws/install/person_msg' for CMake module files
[1.859s] Level 1:colcon.colcon_core.environment:checking '/home/ryo/ros2_ws/install/person_msg' for CMake config files
[1.860s] Level 1:colcon.colcon_core.shell:create_environment_hook('person_msg', 'cmake_prefix_path')
[1.862s] INFO:colcon.colcon_core.shell:Creating environment hook '/home/ryo/ros2_ws/install/person_msg/share/person_msg/hook/cmake_prefix_path.ps1'
[1.863s] INFO:colcon.colcon_core.shell:Creating environment descriptor '/home/ryo/ros2_ws/install/person_msg/share/person_msg/hook/cmake_prefix_path.dsv'
[1.864s] INFO:colcon.colcon_core.shell:Creating environment hook '/home/ryo/ros2_ws/install/person_msg/share/person_msg/hook/cmake_prefix_path.sh'
[1.864s] Level 1:colcon.colcon_core.environment:checking '/home/ryo/ros2_ws/install/person_msg/lib'
[1.865s] Level 1:colcon.colcon_core.shell:create_environment_hook('person_msg', 'ld_library_path_lib')
[1.867s] INFO:colcon.colcon_core.shell:Creating environment hook '/home/ryo/ros2_ws/install/person_msg/share/person_msg/hook/ld_library_path_lib.ps1'
[1.868s] INFO:colcon.colcon_core.shell:Creating environment descriptor '/home/ryo/ros2_ws/install/person_msg/share/person_msg/hook/ld_library_path_lib.dsv'
[1.868s] INFO:colcon.colcon_core.shell:Creating environment hook '/home/ryo/ros2_ws/install/person_msg/share/person_msg/hook/ld_library_path_lib.sh'
[1.869s] Level 1:colcon.colcon_core.environment:checking '/home/ryo/ros2_ws/install/person_msg/bin'
[1.869s] Level 1:colcon.colcon_core.environment:checking '/home/ryo/ros2_ws/install/person_msg/lib/pkgconfig/person_msg.pc'
[1.870s] Level 1:colcon.colcon_core.environment:checking '/home/ryo/ros2_ws/install/person_msg/lib/python3.10/site-packages'
[1.870s] Level 1:colcon.colcon_core.environment:checking '/home/ryo/ros2_ws/install/person_msg/bin'
[1.873s] INFO:colcon.colcon_core.shell:Creating package script '/home/ryo/ros2_ws/install/person_msg/share/person_msg/package.ps1'
[1.874s] INFO:colcon.colcon_core.shell:Creating package descriptor '/home/ryo/ros2_ws/install/person_msg/share/person_msg/package.dsv'
[1.875s] INFO:colcon.colcon_core.shell:Creating package script '/home/ryo/ros2_ws/install/person_msg/share/person_msg/package.sh'
[1.876s] INFO:colcon.colcon_core.shell:Creating package script '/home/ryo/ros2_ws/install/person_msg/share/person_msg/package.bash'
[1.876s] INFO:colcon.colcon_core.shell:Creating package script '/home/ryo/ros2_ws/install/person_msg/share/person_msg/package.zsh'
[1.877s] Level 1:colcon.colcon_core.environment:create_file_with_runtime_dependencies(/home/ryo/ros2_ws/install/person_msg/share/colcon-core/packages/person_msg)
[2.020s] Level 1:colcon.colcon_core.environment:checking '/home/ryo/ros2_ws/install/mypkg' for CMake module files
[2.021s] DEBUG:colcon.colcon_core.event_handler.log_command:Invoked command in '/home/ryo/ros2_ws/src/mypkg' returned '0': PYTHONPATH=/home/ryo/ros2_ws/install/mypkg/lib/python3.10/site-packages:${PYTHONPATH} /usr/bin/python3 setup.py egg_info --egg-base ../../build/mypkg build --build-base /home/ryo/ros2_ws/build/mypkg/build install --prefix /home/ryo/ros2_ws/install/mypkg --record /home/ryo/ros2_ws/build/mypkg/install.log --single-version-externally-managed
[2.021s] Level 1:colcon.colcon_core.environment:checking '/home/ryo/ros2_ws/install/mypkg' for CMake config files
[2.022s] Level 1:colcon.colcon_core.environment:checking '/home/ryo/ros2_ws/install/mypkg/lib'
[2.022s] Level 1:colcon.colcon_core.environment:checking '/home/ryo/ros2_ws/install/mypkg/bin'
[2.022s] Level 1:colcon.colcon_core.environment:checking '/home/ryo/ros2_ws/install/mypkg/lib/pkgconfig/mypkg.pc'
[2.022s] Level 1:colcon.colcon_core.environment:checking '/home/ryo/ros2_ws/install/mypkg/lib/python3.10/site-packages'
[2.023s] Level 1:colcon.colcon_core.shell:create_environment_hook('mypkg', 'pythonpath')
[2.024s] INFO:colcon.colcon_core.shell:Creating environment hook '/home/ryo/ros2_ws/install/mypkg/share/mypkg/hook/pythonpath.ps1'
[2.024s] INFO:colcon.colcon_core.shell:Creating environment descriptor '/home/ryo/ros2_ws/install/mypkg/share/mypkg/hook/pythonpath.dsv'
[2.025s] INFO:colcon.colcon_core.shell:Creating environment hook '/home/ryo/ros2_ws/install/mypkg/share/mypkg/hook/pythonpath.sh'
[2.026s] Level 1:colcon.colcon_core.environment:checking '/home/ryo/ros2_ws/install/mypkg/bin'
[2.026s] Level 1:colcon.colcon_core.environment:create_environment_scripts_only(mypkg)
[2.027s] INFO:colcon.colcon_core.shell:Creating package script '/home/ryo/ros2_ws/install/mypkg/share/mypkg/package.ps1'
[2.028s] INFO:colcon.colcon_core.shell:Creating package descriptor '/home/ryo/ros2_ws/install/mypkg/share/mypkg/package.dsv'
[2.028s] INFO:colcon.colcon_core.shell:Creating package script '/home/ryo/ros2_ws/install/mypkg/share/mypkg/package.sh'
[2.029s] INFO:colcon.colcon_core.shell:Creating package script '/home/ryo/ros2_ws/install/mypkg/share/mypkg/package.bash'
[2.029s] INFO:colcon.colcon_core.shell:Creating package script '/home/ryo/ros2_ws/install/mypkg/share/mypkg/package.zsh'
[2.030s] Level 1:colcon.colcon_core.environment:create_file_with_runtime_dependencies(/home/ryo/ros2_ws/install/mypkg/share/colcon-core/packages/mypkg)
[2.818s] DEBUG:colcon.colcon_core.event_handler.log_command:Invoked command in '/home/ryo/ros2_ws/build/person_msgs' returned '0': CMAKE_PREFIX_PATH=${CMAKE_PREFIX_PATH}:/home/ryo/ros2_ws/install/mypkg:/opt/ros/humble /usr/bin/cmake --build /home/ryo/ros2_ws/build/person_msgs -- -j8 -l8
[2.909s] DEBUG:colcon.colcon_core.event_handler.log_command:Invoking command in '/home/ryo/ros2_ws/build/person_msgs': CMAKE_PREFIX_PATH=${CMAKE_PREFIX_PATH}:/home/ryo/ros2_ws/install/mypkg:/opt/ros/humble /usr/bin/cmake --install /home/ryo/ros2_ws/build/person_msgs
[2.990s] Level 1:colcon.colcon_core.environment:create_environment_scripts_only(person_msgs)
[2.993s] Level 1:colcon.colcon_core.environment:checking '/home/ryo/ros2_ws/install/person_msgs' for CMake module files
[2.994s] DEBUG:colcon.colcon_core.event_handler.log_command:Invoked command in '/home/ryo/ros2_ws/build/person_msgs' returned '0': CMAKE_PREFIX_PATH=${CMAKE_PREFIX_PATH}:/home/ryo/ros2_ws/install/mypkg:/opt/ros/humble /usr/bin/cmake --install /home/ryo/ros2_ws/build/person_msgs
[2.995s] Level 1:colcon.colcon_core.environment:checking '/home/ryo/ros2_ws/install/person_msgs' for CMake config files
[2.995s] Level 1:colcon.colcon_core.shell:create_environment_hook('person_msgs', 'cmake_prefix_path')
[2.997s] INFO:colcon.colcon_core.shell:Creating environment hook '/home/ryo/ros2_ws/install/person_msgs/share/person_msgs/hook/cmake_prefix_path.ps1'
[2.998s] INFO:colcon.colcon_core.shell:Creating environment descriptor '/home/ryo/ros2_ws/install/person_msgs/share/person_msgs/hook/cmake_prefix_path.dsv'
[2.998s] INFO:colcon.colcon_core.shell:Creating environment hook '/home/ryo/ros2_ws/install/person_msgs/share/person_msgs/hook/cmake_prefix_path.sh'
[2.999s] Level 1:colcon.colcon_core.environment:checking '/home/ryo/ros2_ws/install/person_msgs/lib'
[2.999s] Level 1:colcon.colcon_core.shell:create_environment_hook('person_msgs', 'ld_library_path_lib')
[3.001s] INFO:colcon.colcon_core.shell:Creating environment hook '/home/ryo/ros2_ws/install/person_msgs/share/person_msgs/hook/ld_library_path_lib.ps1'
[3.001s] INFO:colcon.colcon_core.shell:Creating environment descriptor '/home/ryo/ros2_ws/install/person_msgs/share/person_msgs/hook/ld_library_path_lib.dsv'
[3.001s] INFO:colcon.colcon_core.shell:Creating environment hook '/home/ryo/ros2_ws/install/person_msgs/share/person_msgs/hook/ld_library_path_lib.sh'
[3.002s] Level 1:colcon.colcon_core.environment:checking '/home/ryo/ros2_ws/install/person_msgs/bin'
[3.002s] Level 1:colcon.colcon_core.environment:checking '/home/ryo/ros2_ws/install/person_msgs/lib/pkgconfig/person_msgs.pc'
[3.002s] Level 1:colcon.colcon_core.environment:checking '/home/ryo/ros2_ws/install/person_msgs/lib/python3.10/site-packages'
[3.002s] Level 1:colcon.colcon_core.environment:checking '/home/ryo/ros2_ws/install/person_msgs/bin'
[3.004s] INFO:colcon.colcon_core.shell:Creating package script '/home/ryo/ros2_ws/install/person_msgs/share/person_msgs/package.ps1'
[3.005s] INFO:colcon.colcon_core.shell:Creating package descriptor '/home/ryo/ros2_ws/install/person_msgs/share/person_msgs/package.dsv'
[3.006s] INFO:colcon.colcon_core.shell:Creating package script '/home/ryo/ros2_ws/install/person_msgs/share/person_msgs/package.sh'
[3.006s] INFO:colcon.colcon_core.shell:Creating package script '/home/ryo/ros2_ws/install/person_msgs/share/person_msgs/package.bash'
[3.007s] INFO:colcon.colcon_core.shell:Creating package script '/home/ryo/ros2_ws/install/person_msgs/share/person_msgs/package.zsh'
[3.007s] Level 1:colcon.colcon_core.environment:create_file_with_runtime_dependencies(/home/ryo/ros2_ws/install/person_msgs/share/colcon-core/packages/person_msgs)
[3.076s] Level 1:colcon.colcon_core.environment:create_environment_scripts_only(person_msgs)
[3.078s] Level 1:colcon.colcon_core.environment:checking '/home/ryo/ros2_ws/install/person_msgs' for CMake module files
[3.078s] Level 1:colcon.colcon_core.environment:checking '/home/ryo/ros2_ws/install/person_msgs' for CMake config files
[3.079s] Level 1:colcon.colcon_core.shell:create_environment_hook('person_msgs', 'cmake_prefix_path')
[3.080s] INFO:colcon.colcon_core.shell:Creating environment hook '/home/ryo/ros2_ws/install/person_msgs/share/person_msgs/hook/cmake_prefix_path.ps1'
[3.080s] INFO:colcon.colcon_core.shell:Creating environment descriptor '/home/ryo/ros2_ws/install/person_msgs/share/person_msgs/hook/cmake_prefix_path.dsv'
[3.081s] INFO:colcon.colcon_core.shell:Creating environment hook '/home/ryo/ros2_ws/install/person_msgs/share/person_msgs/hook/cmake_prefix_path.sh'
[3.081s] Level 1:colcon.colcon_core.environment:checking '/home/ryo/ros2_ws/install/person_msgs/lib'
[3.081s] Level 1:colcon.colcon_core.shell:create_environment_hook('person_msgs', 'ld_library_path_lib')
[3.082s] INFO:colcon.colcon_core.shell:Creating environment hook '/home/ryo/ros2_ws/install/person_msgs/share/person_msgs/hook/ld_library_path_lib.ps1'
[3.083s] INFO:colcon.colcon_core.shell:Creating environment descriptor '/home/ryo/ros2_ws/install/person_msgs/share/person_msgs/hook/ld_library_path_lib.dsv'
[3.083s] INFO:colcon.colcon_core.shell:Creating environment hook '/home/ryo/ros2_ws/install/person_msgs/share/person_msgs/hook/ld_library_path_lib.sh'
[3.083s] Level 1:colcon.colcon_core.environment:checking '/home/ryo/ros2_ws/install/person_msgs/bin'
[3.083s] Level 1:colcon.colcon_core.environment:checking '/home/ryo/ros2_ws/install/person_msgs/lib/pkgconfig/person_msgs.pc'
[3.083s] Level 1:colcon.colcon_core.environment:checking '/home/ryo/ros2_ws/install/person_msgs/lib/python3.10/site-packages'
[3.084s] Level 1:colcon.colcon_core.environment:checking '/home/ryo/ros2_ws/install/person_msgs/bin'
[3.085s] INFO:colcon.colcon_core.shell:Creating package script '/home/ryo/ros2_ws/install/person_msgs/share/person_msgs/package.ps1'
[3.085s] INFO:colcon.colcon_core.shell:Creating package descriptor '/home/ryo/ros2_ws/install/person_msgs/share/person_msgs/package.dsv'
[3.086s] INFO:colcon.colcon_core.shell:Creating package script '/home/ryo/ros2_ws/install/person_msgs/share/person_msgs/package.sh'
[3.086s] INFO:colcon.colcon_core.shell:Creating package script '/home/ryo/ros2_ws/install/person_msgs/share/person_msgs/package.bash'
[3.086s] INFO:colcon.colcon_core.shell:Creating package script '/home/ryo/ros2_ws/install/person_msgs/share/person_msgs/package.zsh'
[3.087s] Level 1:colcon.colcon_core.environment:create_file_with_runtime_dependencies(/home/ryo/ros2_ws/install/person_msgs/share/colcon-core/packages/person_msgs)
[3.087s] DEBUG:colcon.colcon_parallel_executor.executor.parallel:closing loop
[3.087s] DEBUG:colcon.colcon_parallel_executor.executor.parallel:loop closed
[3.087s] DEBUG:colcon.colcon_parallel_executor.executor.parallel:run_until_complete finished with '0'
[3.087s] DEBUG:colcon.colcon_core.event_reactor:joining thread
[3.096s] INFO:colcon.colcon_core.plugin_system:Skipping extension 'colcon_notification.desktop_notification.notify_send': Could not find 'notify-send'
[3.096s] INFO:colcon.colcon_core.plugin_system:Skipping extension 'colcon_notification.desktop_notification.terminal_notifier': Not used on non-Darwin systems
[3.096s] INFO:colcon.colcon_core.plugin_system:Skipping extension 'colcon_notification.desktop_notification.win32': Not used on non-Windows systems
[3.096s] INFO:colcon.colcon_notification.desktop_notification:Sending desktop notification using 'notify2'
[3.096s] DEBUG:colcon.colcon_notification.desktop_notification.notify2:Failed to initialize notify2: org.freedesktop.DBus.Error.NotSupported: Unable to autolaunch a dbus-daemon without a $DISPLAY for X11
[3.097s] DEBUG:colcon.colcon_core.event_reactor:joined thread
[3.098s] INFO:colcon.colcon_core.shell:Creating prefix script '/home/ryo/ros2_ws/install/local_setup.ps1'
[3.099s] INFO:colcon.colcon_core.shell:Creating prefix util module '/home/ryo/ros2_ws/install/_local_setup_util_ps1.py'
[3.100s] INFO:colcon.colcon_core.shell:Creating prefix chain script '/home/ryo/ros2_ws/install/setup.ps1'
[3.101s] INFO:colcon.colcon_core.shell:Creating prefix script '/home/ryo/ros2_ws/install/local_setup.sh'
[3.102s] INFO:colcon.colcon_core.shell:Creating prefix util module '/home/ryo/ros2_ws/install/_local_setup_util_sh.py'
[3.103s] INFO:colcon.colcon_core.shell:Creating prefix chain script '/home/ryo/ros2_ws/install/setup.sh'
[3.105s] INFO:colcon.colcon_core.shell:Creating prefix script '/home/ryo/ros2_ws/install/local_setup.bash'
[3.106s] INFO:colcon.colcon_core.shell:Creating prefix chain script '/home/ryo/ros2_ws/install/setup.bash'
[3.107s] INFO:colcon.colcon_core.shell:Creating prefix script '/home/ryo/ros2_ws/install/local_setup.zsh'
[3.108s] INFO:colcon.colcon_core.shell:Creating prefix chain script '/home/ryo/ros2_ws/install/setup.zsh'
