[0.844s] Invoking command in '/home/ryo/ros2_ws/src/mypkg': PYTHONPATH=/home/ryo/ros2_ws/src/install/mypkg/lib/python3.10/site-packages:${PYTHONPATH} /usr/bin/python3 setup.py egg_info --egg-base ../build/mypkg build --build-base /home/ryo/ros2_ws/src/build/mypkg/build install --prefix /home/ryo/ros2_ws/src/install/mypkg --record /home/ryo/ros2_ws/src/build/mypkg/install.log --single-version-externally-managed
[1.219s] running egg_info
[1.220s] writing ../build/mypkg/mypkg.egg-info/PKG-INFO
[1.221s] writing dependency_links to ../build/mypkg/mypkg.egg-info/dependency_links.txt
[1.222s] writing entry points to ../build/mypkg/mypkg.egg-info/entry_points.txt
[1.222s] writing requirements to ../build/mypkg/mypkg.egg-info/requires.txt
[1.222s] writing top-level names to ../build/mypkg/mypkg.egg-info/top_level.txt
[1.226s] reading manifest file '../build/mypkg/mypkg.egg-info/SOURCES.txt'
[1.229s] writing manifest file '../build/mypkg/mypkg.egg-info/SOURCES.txt'
[1.229s] running build
[1.229s] running build_py
[1.230s] copying mypkg/talker.py -> /home/ryo/ros2_ws/src/build/mypkg/build/lib/mypkg
[1.230s] copying mypkg/listener.py -> /home/ryo/ros2_ws/src/build/mypkg/build/lib/mypkg
[1.231s] running install
[1.232s] /usr/lib/python3/dist-packages/setuptools/command/install.py:34: SetuptoolsDeprecationWarning: setup.py install is deprecated. Use build and pip and other standards-based tools.
[1.232s]   warnings.warn(
[1.232s] running install_lib
[1.233s] copying /home/ryo/ros2_ws/src/build/mypkg/build/lib/mypkg/talker.py -> /home/ryo/ros2_ws/src/install/mypkg/lib/python3.10/site-packages/mypkg
[1.234s] copying /home/ryo/ros2_ws/src/build/mypkg/build/lib/mypkg/listener.py -> /home/ryo/ros2_ws/src/install/mypkg/lib/python3.10/site-packages/mypkg
[1.234s] byte-compiling /home/ryo/ros2_ws/src/install/mypkg/lib/python3.10/site-packages/mypkg/talker.py to talker.cpython-310.pyc
[1.235s] byte-compiling /home/ryo/ros2_ws/src/install/mypkg/lib/python3.10/site-packages/mypkg/listener.py to listener.cpython-310.pyc
[1.235s] running install_data
[1.236s] copying package.xml -> /home/ryo/ros2_ws/src/install/mypkg/share/mypkg
[1.237s] copying launch/talk_listen.launch.py -> /home/ryo/ros2_ws/src/install/mypkg/share/mypkg
[1.237s] running install_egg_info
[1.240s] removing '/home/ryo/ros2_ws/src/install/mypkg/lib/python3.10/site-packages/mypkg-0.0.0-py3.10.egg-info' (and everything under it)
[1.240s] Copying ../build/mypkg/mypkg.egg-info to /home/ryo/ros2_ws/src/install/mypkg/lib/python3.10/site-packages/mypkg-0.0.0-py3.10.egg-info
[1.242s] running install_scripts
[1.281s] Installing listener script to /home/ryo/ros2_ws/src/install/mypkg/lib/mypkg
[1.282s] Installing talker script to /home/ryo/ros2_ws/src/install/mypkg/lib/mypkg
[1.282s] writing list of installed files to '/home/ryo/ros2_ws/src/build/mypkg/install.log'
[1.322s] Invoked command in '/home/ryo/ros2_ws/src/mypkg' returned '0': PYTHONPATH=/home/ryo/ros2_ws/src/install/mypkg/lib/python3.10/site-packages:${PYTHONPATH} /usr/bin/python3 setup.py egg_info --egg-base ../build/mypkg build --build-base /home/ryo/ros2_ws/src/build/mypkg/build install --prefix /home/ryo/ros2_ws/src/install/mypkg --record /home/ryo/ros2_ws/src/build/mypkg/install.log --single-version-externally-managed
