[0.259s] Invoking command in '/home/ryo/ros2_ws/build/person_msgs': CMAKE_PREFIX_PATH=/home/ryo/ros2_ws/install/mypkg:/opt/ros/humble /usr/bin/cmake --build /home/ryo/ros2_ws/build/person_msgs -- -j8 -l8
[0.288s] -- Found ament_cmake: 1.3.2 (/opt/ros/humble/share/ament_cmake/cmake)
[0.512s] -- Found rosidl_default_generators: 1.2.0 (/opt/ros/humble/share/rosidl_default_generators/cmake)
[0.515s] -- Using all available rosidl_typesupport_c: rosidl_typesupport_fastrtps_c;rosidl_typesupport_introspection_c
[0.518s] -- Found rosidl_adapter: 3.1.3 (/opt/ros/humble/share/rosidl_adapter/cmake)
[0.567s] -- Using all available rosidl_typesupport_cpp: rosidl_typesupport_fastrtps_cpp;rosidl_typesupport_introspection_cpp
[0.847s] [31mCMake Error at /opt/ros/humble/share/rosidl_adapter/cmake/rosidl_adapt_interfaces.cmake:59 (message):
[0.848s]   execute_process(/usr/bin/python3.10 -m rosidl_adapter --package-name
[0.848s]   person_msgs --arguments-file
[0.848s]   /home/ryo/ros2_ws/build/person_msgs/rosidl_adapter__arguments__person_msgs.json
[0.848s]   --output-dir /home/ryo/ros2_ws/build/person_msgs/rosidl_adapter/person_msgs
[0.849s]   --output-file
[0.849s]   /home/ryo/ros2_ws/build/person_msgs/rosidl_adapter/person_msgs.idls)
[0.849s]   returned error code 1:
[0.849s] 
[0.850s]   Error processing 'unit8 age' of 'person_msgs/Person': ''unit8' is an
[0.850s]   invalid message name.  It should have the pattern '^[A-Z][A-Za-z0-9]*$''
[0.850s] 
[0.850s]   Traceback (most recent call last):
[0.850s] 
[0.850s]     File "/usr/lib/python3.10/runpy.py", line 196, in _run_module_as_main
[0.850s]       return _run_code(code, main_globals, None,
[0.850s]     File "/usr/lib/python3.10/runpy.py", line 86, in _run_code
[0.850s]       exec(code, run_globals)
[0.851s]     File "/opt/ros/humble/local/lib/python3.10/dist-packages/rosidl_adapter/__main__.py", line 19, in <module>
[0.851s]       sys.exit(main())
[0.851s]     File "/opt/ros/humble/local/lib/python3.10/dist-packages/rosidl_adapter/main.py", line 53, in main
[0.851s]       abs_idl_file = convert_to_idl(
[0.851s]     File "/opt/ros/humble/local/lib/python3.10/dist-packages/rosidl_adapter/__init__.py", line 19, in convert_to_idl
[0.851s]       return convert_msg_to_idl(
[0.851s]     File "/opt/ros/humble/local/lib/python3.10/dist-packages/rosidl_adapter/msg/__init__.py", line 28, in convert_msg_to_idl
[0.852s]       msg = parse_message_string(package_name, input_file.stem, content)
[0.852s]     File "/opt/ros/humble/local/lib/python3.10/dist-packages/rosidl_adapter/parser.py", line 520, in parse_message_string
[0.852s]       Type(type_string, context_package_name=pkg_name),
[0.852s]     File "/opt/ros/humble/local/lib/python3.10/dist-packages/rosidl_adapter/parser.py", line 277, in __init__
[0.852s]       super(Type, self).__init__(
[0.852s]     File "/opt/ros/humble/local/lib/python3.10/dist-packages/rosidl_adapter/parser.py", line 205, in __init__
[0.852s]       raise InvalidResourceName(
[0.852s] 
[0.852s]   rosidl_adapter.parser.InvalidResourceName: 'unit8' is an invalid message
[0.853s]   name.  It should have the pattern '^[A-Z][A-Za-z0-9]*$'
[0.853s] 
[0.853s] Call Stack (most recent call first):
[0.853s]   /opt/ros/humble/share/rosidl_cmake/cmake/rosidl_generate_interfaces.cmake:130 (rosidl_adapt_interfaces)
[0.853s]   CMakeLists.txt:11 (rosidl_generate_interfaces)
[0.854s] 
[0.854s] [0m
[0.854s] -- Configuring incomplete, errors occurred!
[0.854s] See also "/home/ryo/ros2_ws/build/person_msgs/CMakeFiles/CMakeOutput.log".
[0.855s] gmake: *** [Makefile:226: cmake_check_build_system] エラー 1
[0.857s] Invoked command in '/home/ryo/ros2_ws/build/person_msgs' returned '2': CMAKE_PREFIX_PATH=/home/ryo/ros2_ws/install/mypkg:/opt/ros/humble /usr/bin/cmake --build /home/ryo/ros2_ws/build/person_msgs -- -j8 -l8
