[0.752s] Invoking command in '/home/ryo/ros2_ws/src/mypkg': PYTHONPATH=/home/ryo/ros2_ws/install/mypkg/lib/python3.10/site-packages:${PYTHONPATH} /usr/bin/python3 setup.py egg_info --egg-base ../../build/mypkg build --build-base /home/ryo/ros2_ws/build/mypkg/build install --prefix /home/ryo/ros2_ws/install/mypkg --record /home/ryo/ros2_ws/build/mypkg/install.log --single-version-externally-managed
[1.050s] running egg_info
[1.050s] writing ../../build/mypkg/mypkg.egg-info/PKG-INFO
[1.051s] writing dependency_links to ../../build/mypkg/mypkg.egg-info/dependency_links.txt
[1.051s] writing entry points to ../../build/mypkg/mypkg.egg-info/entry_points.txt
[1.052s] writing requirements to ../../build/mypkg/mypkg.egg-info/requires.txt
[1.052s] writing top-level names to ../../build/mypkg/mypkg.egg-info/top_level.txt
[1.054s] reading manifest file '../../build/mypkg/mypkg.egg-info/SOURCES.txt'
[1.054s] writing manifest file '../../build/mypkg/mypkg.egg-info/SOURCES.txt'
[1.054s] running build
[1.055s] running build_py
[1.055s] running install
[1.055s] /usr/lib/python3/dist-packages/setuptools/command/install.py:34: SetuptoolsDeprecationWarning: setup.py install is deprecated. Use build and pip and other standards-based tools.
[1.056s]   warnings.warn(
[1.056s] running install_lib
[1.057s] byte-compiling /home/ryo/ros2_ws/install/mypkg/lib/python3.10/site-packages/mypkg/talker.py to talker.cpython-310.pyc
[1.057s] running install_data
[1.058s] running install_egg_info
[1.058s] Sorry: IndentationError: unexpected indent (talker.py, line 2)
[1.059s] removing '/home/ryo/ros2_ws/install/mypkg/lib/python3.10/site-packages/mypkg-0.0.0-py3.10.egg-info' (and everything under it)
[1.059s] Copying ../../build/mypkg/mypkg.egg-info to /home/ryo/ros2_ws/install/mypkg/lib/python3.10/site-packages/mypkg-0.0.0-py3.10.egg-info
[1.060s] running install_scripts
[1.080s] Installing talker script to /home/ryo/ros2_ws/install/mypkg/lib/mypkg
[1.081s] writing list of installed files to '/home/ryo/ros2_ws/build/mypkg/install.log'
[1.106s] Invoked command in '/home/ryo/ros2_ws/src/mypkg' returned '0': PYTHONPATH=/home/ryo/ros2_ws/install/mypkg/lib/python3.10/site-packages:${PYTHONPATH} /usr/bin/python3 setup.py egg_info --egg-base ../../build/mypkg build --build-base /home/ryo/ros2_ws/build/mypkg/build install --prefix /home/ryo/ros2_ws/install/mypkg --record /home/ryo/ros2_ws/build/mypkg/install.log --single-version-externally-managed
