[0.469s] DEBUG:colcon:Command line arguments: ['/usr/bin/colcon', 'build']
[0.469s] DEBUG:colcon:Parsed command line arguments: Namespace(log_base=None, log_level=None, verb_name='build', build_base='build', install_base='install', merge_install=False, symlink_install=False, test_result_base=None, continue_on_error=False, executor='parallel', parallel_workers=8, event_handlers=None, ignore_user_meta=False, metas=['./colcon.meta'], base_paths=['.'], packages_ignore=None, packages_ignore_regex=None, paths=None, packages_up_to=None, packages_up_to_regex=None, packages_above=None, packages_above_and_dependencies=None, packages_above_depth=None, packages_select_by_dep=None, packages_skip_by_dep=None, packages_skip_up_to=None, packages_select_build_failed=False, packages_skip_build_finished=False, packages_select_test_failures=False, packages_skip_test_passed=False, packages_select=None, packages_skip=None, packages_select_regex=None, packages_skip_regex=None, packages_start=None, packages_end=None, allow_overriding=[], cmake_args=None, cmake_target=None, cmake_target_skip_unavailable=False, cmake_clean_cache=False, cmake_clean_first=False, cmake_force_configure=False, ament_cmake_args=None, catkin_cmake_args=None, catkin_skip_building_tests=False, verb_parser=<colcon_defaults.argument_parser.defaults.DefaultArgumentsDecorator object at 0x7f8c2c791360>, verb_extension=<colcon_core.verb.build.BuildVerb object at 0x7f8c2d0b32e0>, main=<bound method BuildVerb.main of <colcon_core.verb.build.BuildVerb object at 0x7f8c2d0b32e0>>)
[0.504s] Level 1:colcon.colcon_core.package_discovery:discover_packages(colcon_meta) check parameters
[0.504s] Level 1:colcon.colcon_core.package_discovery:discover_packages(recursive) check parameters
[0.504s] Level 1:colcon.colcon_core.package_discovery:discover_packages(ignore) check parameters
[0.504s] Level 1:colcon.colcon_core.package_discovery:discover_packages(path) check parameters
[0.504s] Level 1:colcon.colcon_core.package_discovery:discover_packages(colcon_meta) discover
[0.505s] Level 1:colcon.colcon_core.package_discovery:discover_packages(recursive) discover
[0.505s] INFO:colcon.colcon_core.package_discovery:Crawling recursively for packages in '/home/ryo/ros2_ws'
[0.505s] Level 1:colcon.colcon_core.package_identification:_identify(.) by extensions ['ignore', 'ignore_ament_install']
[0.505s] Level 1:colcon.colcon_core.package_identification:_identify(.) by extension 'ignore'
[0.505s] Level 1:colcon.colcon_core.package_identification:_identify(.) by extension 'ignore_ament_install'
[0.505s] Level 1:colcon.colcon_core.package_identification:_identify(.) by extensions ['colcon_pkg']
[0.505s] Level 1:colcon.colcon_core.package_identification:_identify(.) by extension 'colcon_pkg'
[0.505s] Level 1:colcon.colcon_core.package_identification:_identify(.) by extensions ['colcon_meta']
[0.505s] Level 1:colcon.colcon_core.package_identification:_identify(.) by extension 'colcon_meta'
[0.505s] Level 1:colcon.colcon_core.package_identification:_identify(.) by extensions ['ros']
[0.505s] Level 1:colcon.colcon_core.package_identification:_identify(.) by extension 'ros'
[0.538s] Level 1:colcon.colcon_core.package_identification:_identify(.) by extensions ['cmake', 'python']
[0.538s] Level 1:colcon.colcon_core.package_identification:_identify(.) by extension 'cmake'
[0.538s] Level 1:colcon.colcon_core.package_identification:_identify(.) by extension 'python'
[0.538s] Level 1:colcon.colcon_core.package_identification:_identify(.) by extensions ['python_setup_py']
[0.538s] Level 1:colcon.colcon_core.package_identification:_identify(.) by extension 'python_setup_py'
[0.539s] Level 1:colcon.colcon_core.package_identification:_identify(build) by extensions ['ignore', 'ignore_ament_install']
[0.539s] Level 1:colcon.colcon_core.package_identification:_identify(build) by extension 'ignore'
[0.539s] Level 1:colcon.colcon_core.package_identification:_identify(build) ignored
[0.539s] Level 1:colcon.colcon_core.package_identification:_identify(install) by extensions ['ignore', 'ignore_ament_install']
[0.539s] Level 1:colcon.colcon_core.package_identification:_identify(install) by extension 'ignore'
[0.539s] Level 1:colcon.colcon_core.package_identification:_identify(install) ignored
[0.540s] Level 1:colcon.colcon_core.package_identification:_identify(log) by extensions ['ignore', 'ignore_ament_install']
[0.540s] Level 1:colcon.colcon_core.package_identification:_identify(log) by extension 'ignore'
[0.540s] Level 1:colcon.colcon_core.package_identification:_identify(log) ignored
[0.540s] Level 1:colcon.colcon_core.package_identification:_identify(src) by extensions ['ignore', 'ignore_ament_install']
[0.540s] Level 1:colcon.colcon_core.package_identification:_identify(src) by extension 'ignore'
[0.540s] Level 1:colcon.colcon_core.package_identification:_identify(src) by extension 'ignore_ament_install'
[0.540s] Level 1:colcon.colcon_core.package_identification:_identify(src) by extensions ['colcon_pkg']
[0.540s] Level 1:colcon.colcon_core.package_identification:_identify(src) by extension 'colcon_pkg'
[0.540s] Level 1:colcon.colcon_core.package_identification:_identify(src) by extensions ['colcon_meta']
[0.540s] Level 1:colcon.colcon_core.package_identification:_identify(src) by extension 'colcon_meta'
[0.540s] Level 1:colcon.colcon_core.package_identification:_identify(src) by extensions ['ros']
[0.540s] Level 1:colcon.colcon_core.package_identification:_identify(src) by extension 'ros'
[0.541s] Level 1:colcon.colcon_core.package_identification:_identify(src) by extensions ['cmake', 'python']
[0.541s] Level 1:colcon.colcon_core.package_identification:_identify(src) by extension 'cmake'
[0.541s] Level 1:colcon.colcon_core.package_identification:_identify(src) by extension 'python'
[0.541s] Level 1:colcon.colcon_core.package_identification:_identify(src) by extensions ['python_setup_py']
[0.541s] Level 1:colcon.colcon_core.package_identification:_identify(src) by extension 'python_setup_py'
[0.541s] Level 1:colcon.colcon_core.package_identification:_identify(src/build) by extensions ['ignore', 'ignore_ament_install']
[0.541s] Level 1:colcon.colcon_core.package_identification:_identify(src/build) by extension 'ignore'
[0.541s] Level 1:colcon.colcon_core.package_identification:_identify(src/build) ignored
[0.541s] Level 1:colcon.colcon_core.package_identification:_identify(src/install) by extensions ['ignore', 'ignore_ament_install']
[0.541s] Level 1:colcon.colcon_core.package_identification:_identify(src/install) by extension 'ignore'
[0.541s] Level 1:colcon.colcon_core.package_identification:_identify(src/install) ignored
[0.542s] Level 1:colcon.colcon_core.package_identification:_identify(src/log) by extensions ['ignore', 'ignore_ament_install']
[0.542s] Level 1:colcon.colcon_core.package_identification:_identify(src/log) by extension 'ignore'
[0.542s] Level 1:colcon.colcon_core.package_identification:_identify(src/log) ignored
[0.542s] Level 1:colcon.colcon_core.package_identification:_identify(src/mypkg) by extensions ['ignore', 'ignore_ament_install']
[0.542s] Level 1:colcon.colcon_core.package_identification:_identify(src/mypkg) by extension 'ignore'
[0.542s] Level 1:colcon.colcon_core.package_identification:_identify(src/mypkg) by extension 'ignore_ament_install'
[0.542s] Level 1:colcon.colcon_core.package_identification:_identify(src/mypkg) by extensions ['colcon_pkg']
[0.542s] Level 1:colcon.colcon_core.package_identification:_identify(src/mypkg) by extension 'colcon_pkg'
[0.542s] Level 1:colcon.colcon_core.package_identification:_identify(src/mypkg) by extensions ['colcon_meta']
[0.542s] Level 1:colcon.colcon_core.package_identification:_identify(src/mypkg) by extension 'colcon_meta'
[0.542s] Level 1:colcon.colcon_core.package_identification:_identify(src/mypkg) by extensions ['ros']
[0.542s] Level 1:colcon.colcon_core.package_identification:_identify(src/mypkg) by extension 'ros'
[0.544s] DEBUG:colcon.colcon_core.package_identification:Failed to parse potential ROS package manifest in'src/mypkg': Error(s) in package 'src/mypkg/package.xml':
The manifest contains invalid XML:
mismatched tag: line 11, column 27
[0.544s] Level 1:colcon.colcon_core.package_identification:_identify(src/mypkg) by extensions ['cmake', 'python']
[0.545s] Level 1:colcon.colcon_core.package_identification:_identify(src/mypkg) by extension 'cmake'
[0.545s] Level 1:colcon.colcon_core.package_identification:_identify(src/mypkg) by extension 'python'
[0.545s] DEBUG:colcon.colcon_core.package_identification:Python package in 'src/mypkg' passes arguments to the setup() function which requires a different identification extension than 'python'
[0.545s] Level 1:colcon.colcon_core.package_identification:_identify(src/mypkg) by extensions ['python_setup_py']
[0.545s] Level 1:colcon.colcon_core.package_identification:_identify(src/mypkg) by extension 'python_setup_py'
[0.925s] DEBUG:colcon.colcon_core.package_identification:Package 'src/mypkg' with type 'python' and name 'mypkg'
[0.926s] Level 1:colcon.colcon_core.package_identification:_identify(src/person_msgs) by extensions ['ignore', 'ignore_ament_install']
[0.926s] Level 1:colcon.colcon_core.package_identification:_identify(src/person_msgs) by extension 'ignore'
[0.926s] Level 1:colcon.colcon_core.package_identification:_identify(src/person_msgs) by extension 'ignore_ament_install'
[0.926s] Level 1:colcon.colcon_core.package_identification:_identify(src/person_msgs) by extensions ['colcon_pkg']
[0.926s] Level 1:colcon.colcon_core.package_identification:_identify(src/person_msgs) by extension 'colcon_pkg'
[0.926s] Level 1:colcon.colcon_core.package_identification:_identify(src/person_msgs) by extensions ['colcon_meta']
[0.926s] Level 1:colcon.colcon_core.package_identification:_identify(src/person_msgs) by extension 'colcon_meta'
[0.926s] Level 1:colcon.colcon_core.package_identification:_identify(src/person_msgs) by extensions ['ros']
[0.926s] Level 1:colcon.colcon_core.package_identification:_identify(src/person_msgs) by extension 'ros'
[0.929s] DEBUG:colcon.colcon_core.package_identification:Package 'src/person_msgs' with type 'ros.ament_cmake' and name 'person_msgs'
[0.929s] Level 1:colcon.colcon_core.package_discovery:discover_packages(recursive) using defaults
[0.929s] Level 1:colcon.colcon_core.package_discovery:discover_packages(ignore) discover
[0.929s] Level 1:colcon.colcon_core.package_discovery:discover_packages(ignore) using defaults
[0.929s] Level 1:colcon.colcon_core.package_discovery:discover_packages(path) discover
[0.929s] Level 1:colcon.colcon_core.package_discovery:discover_packages(path) using defaults
[0.983s] Level 1:colcon.colcon_core.package_discovery:discover_packages(prefix_path) check parameters
[0.983s] Level 1:colcon.colcon_core.package_discovery:discover_packages(prefix_path) discover
[0.988s] DEBUG:colcon.colcon_installed_package_information.package_discovery:Found 3 installed packages in /home/ryo/ros2_ws/install
[0.991s] DEBUG:colcon.colcon_installed_package_information.package_discovery:Found 270 installed packages in /opt/ros/humble
[0.994s] Level 1:colcon.colcon_core.package_discovery:discover_packages(prefix_path) using defaults
[1.091s] Level 5:colcon.colcon_core.verb:set package 'mypkg' build argument 'cmake_args' from command line to 'None'
[1.091s] Level 5:colcon.colcon_core.verb:set package 'mypkg' build argument 'cmake_target' from command line to 'None'
[1.092s] Level 5:colcon.colcon_core.verb:set package 'mypkg' build argument 'cmake_target_skip_unavailable' from command line to 'False'
[1.092s] Level 5:colcon.colcon_core.verb:set package 'mypkg' build argument 'cmake_clean_cache' from command line to 'False'
[1.092s] Level 5:colcon.colcon_core.verb:set package 'mypkg' build argument 'cmake_clean_first' from command line to 'False'
[1.092s] Level 5:colcon.colcon_core.verb:set package 'mypkg' build argument 'cmake_force_configure' from command line to 'False'
[1.092s] Level 5:colcon.colcon_core.verb:set package 'mypkg' build argument 'ament_cmake_args' from command line to 'None'
[1.092s] Level 5:colcon.colcon_core.verb:set package 'mypkg' build argument 'catkin_cmake_args' from command line to 'None'
[1.092s] Level 5:colcon.colcon_core.verb:set package 'mypkg' build argument 'catkin_skip_building_tests' from command line to 'False'
[1.092s] DEBUG:colcon.colcon_core.verb:Building package 'mypkg' with the following arguments: {'ament_cmake_args': None, 'build_base': '/home/ryo/ros2_ws/build/mypkg', 'catkin_cmake_args': None, 'catkin_skip_building_tests': False, 'cmake_args': None, 'cmake_clean_cache': False, 'cmake_clean_first': False, 'cmake_force_configure': False, 'cmake_target': None, 'cmake_target_skip_unavailable': False, 'install_base': '/home/ryo/ros2_ws/install/mypkg', 'merge_install': False, 'path': '/home/ryo/ros2_ws/src/mypkg', 'symlink_install': False, 'test_result_base': None}
[1.093s] Level 5:colcon.colcon_core.verb:set package 'person_msgs' build argument 'cmake_args' from command line to 'None'
[1.093s] Level 5:colcon.colcon_core.verb:set package 'person_msgs' build argument 'cmake_target' from command line to 'None'
[1.093s] Level 5:colcon.colcon_core.verb:set package 'person_msgs' build argument 'cmake_target_skip_unavailable' from command line to 'False'
[1.093s] Level 5:colcon.colcon_core.verb:set package 'person_msgs' build argument 'cmake_clean_cache' from command line to 'False'
[1.093s] Level 5:colcon.colcon_core.verb:set package 'person_msgs' build argument 'cmake_clean_first' from command line to 'False'
[1.093s] Level 5:colcon.colcon_core.verb:set package 'person_msgs' build argument 'cmake_force_configure' from command line to 'False'
[1.093s] Level 5:colcon.colcon_core.verb:set package 'person_msgs' build argument 'ament_cmake_args' from command line to 'None'
[1.093s] Level 5:colcon.colcon_core.verb:set package 'person_msgs' build argument 'catkin_cmake_args' from command line to 'None'
[1.093s] Level 5:colcon.colcon_core.verb:set package 'person_msgs' build argument 'catkin_skip_building_tests' from command line to 'False'
[1.093s] DEBUG:colcon.colcon_core.verb:Building package 'person_msgs' with the following arguments: {'ament_cmake_args': None, 'build_base': '/home/ryo/ros2_ws/build/person_msgs', 'catkin_cmake_args': None, 'catkin_skip_building_tests': False, 'cmake_args': None, 'cmake_clean_cache': False, 'cmake_clean_first': False, 'cmake_force_configure': False, 'cmake_target': None, 'cmake_target_skip_unavailable': False, 'install_base': '/home/ryo/ros2_ws/install/person_msgs', 'merge_install': False, 'path': '/home/ryo/ros2_ws/src/person_msgs', 'symlink_install': False, 'test_result_base': None}
[1.094s] INFO:colcon.colcon_core.executor:Executing jobs using 'parallel' executor
[1.104s] DEBUG:colcon.colcon_parallel_executor.executor.parallel:run_until_complete
[1.104s] INFO:colcon.colcon_core.task.python.build:Building Python package in '/home/ryo/ros2_ws/src/mypkg'
[1.119s] INFO:colcon.colcon_core.plugin_system:Skipping extension 'colcon_core.shell.bat': Not used on non-Windows systems
[1.120s] INFO:colcon.colcon_core.shell:Skip shell extension 'powershell' for command environment: Not usable outside of PowerShell
[1.120s] DEBUG:colcon.colcon_core.shell:Skip shell extension 'dsv' for command environment
[1.129s] INFO:colcon.colcon_ros.task.ament_cmake.build:Building ROS package in '/home/ryo/ros2_ws/src/person_msgs' with build type 'ament_cmake'
[1.130s] INFO:colcon.colcon_cmake.task.cmake.build:Building CMake package in '/home/ryo/ros2_ws/src/person_msgs'
[1.141s] INFO:colcon.colcon_core.shell:Skip shell extension 'powershell' for command environment: Not usable outside of PowerShell
[1.141s] DEBUG:colcon.colcon_core.shell:Skip shell extension 'dsv' for command environment
[1.588s] DEBUG:colcon.colcon_core.event_handler.log_command:Invoking command in '/home/ryo/ros2_ws/build/person_msgs': CMAKE_PREFIX_PATH=${CMAKE_PREFIX_PATH}:/opt/ros/humble /usr/bin/cmake --build /home/ryo/ros2_ws/build/person_msgs -- -j8 -l8
[2.395s] DEBUG:colcon.colcon_core.event_handler.log_command:Invoked command in '/home/ryo/ros2_ws/build/person_msgs' returned '0': CMAKE_PREFIX_PATH=${CMAKE_PREFIX_PATH}:/opt/ros/humble /usr/bin/cmake --build /home/ryo/ros2_ws/build/person_msgs -- -j8 -l8
[2.406s] DEBUG:colcon.colcon_core.event_handler.log_command:Invoking command in '/home/ryo/ros2_ws/src/mypkg': PYTHONPATH=/home/ryo/ros2_ws/install/mypkg/lib/python3.10/site-packages:${PYTHONPATH} /usr/bin/python3 setup.py egg_info --egg-base ../../build/mypkg build --build-base /home/ryo/ros2_ws/build/mypkg/build install --prefix /home/ryo/ros2_ws/install/mypkg --record /home/ryo/ros2_ws/build/mypkg/install.log --single-version-externally-managed
[2.599s] DEBUG:colcon.colcon_core.event_handler.log_command:Invoking command in '/home/ryo/ros2_ws/build/person_msgs': CMAKE_PREFIX_PATH=${CMAKE_PREFIX_PATH}:/opt/ros/humble /usr/bin/cmake --install /home/ryo/ros2_ws/build/person_msgs
[2.747s] Level 1:colcon.colcon_core.environment:create_environment_scripts_only(person_msgs)
[2.759s] DEBUG:colcon.colcon_core.event_handler.log_command:Invoked command in '/home/ryo/ros2_ws/build/person_msgs' returned '0': CMAKE_PREFIX_PATH=${CMAKE_PREFIX_PATH}:/opt/ros/humble /usr/bin/cmake --install /home/ryo/ros2_ws/build/person_msgs
[2.764s] Level 1:colcon.colcon_core.environment:checking '/home/ryo/ros2_ws/install/person_msgs' for CMake module files
[2.766s] Level 1:colcon.colcon_core.environment:checking '/home/ryo/ros2_ws/install/person_msgs' for CMake config files
[2.767s] Level 1:colcon.colcon_core.shell:create_environment_hook('person_msgs', 'cmake_prefix_path')
[2.771s] INFO:colcon.colcon_core.shell:Creating environment hook '/home/ryo/ros2_ws/install/person_msgs/share/person_msgs/hook/cmake_prefix_path.ps1'
[2.772s] INFO:colcon.colcon_core.shell:Creating environment descriptor '/home/ryo/ros2_ws/install/person_msgs/share/person_msgs/hook/cmake_prefix_path.dsv'
[2.773s] INFO:colcon.colcon_core.shell:Creating environment hook '/home/ryo/ros2_ws/install/person_msgs/share/person_msgs/hook/cmake_prefix_path.sh'
[2.775s] Level 1:colcon.colcon_core.environment:checking '/home/ryo/ros2_ws/install/person_msgs/lib'
[2.776s] Level 1:colcon.colcon_core.shell:create_environment_hook('person_msgs', 'ld_library_path_lib')
[2.779s] INFO:colcon.colcon_core.shell:Creating environment hook '/home/ryo/ros2_ws/install/person_msgs/share/person_msgs/hook/ld_library_path_lib.ps1'
[2.780s] INFO:colcon.colcon_core.shell:Creating environment descriptor '/home/ryo/ros2_ws/install/person_msgs/share/person_msgs/hook/ld_library_path_lib.dsv'
[2.781s] INFO:colcon.colcon_core.shell:Creating environment hook '/home/ryo/ros2_ws/install/person_msgs/share/person_msgs/hook/ld_library_path_lib.sh'
[2.782s] Level 1:colcon.colcon_core.environment:checking '/home/ryo/ros2_ws/install/person_msgs/bin'
[2.782s] Level 1:colcon.colcon_core.environment:checking '/home/ryo/ros2_ws/install/person_msgs/lib/pkgconfig/person_msgs.pc'
[2.783s] Level 1:colcon.colcon_core.environment:checking '/home/ryo/ros2_ws/install/person_msgs/lib/python3.10/site-packages'
[2.784s] Level 1:colcon.colcon_core.environment:checking '/home/ryo/ros2_ws/install/person_msgs/bin'
[2.788s] INFO:colcon.colcon_core.shell:Creating package script '/home/ryo/ros2_ws/install/person_msgs/share/person_msgs/package.ps1'
[2.791s] INFO:colcon.colcon_core.shell:Creating package descriptor '/home/ryo/ros2_ws/install/person_msgs/share/person_msgs/package.dsv'
[2.792s] INFO:colcon.colcon_core.shell:Creating package script '/home/ryo/ros2_ws/install/person_msgs/share/person_msgs/package.sh'
[2.794s] INFO:colcon.colcon_core.shell:Creating package script '/home/ryo/ros2_ws/install/person_msgs/share/person_msgs/package.bash'
[2.797s] INFO:colcon.colcon_core.shell:Creating package script '/home/ryo/ros2_ws/install/person_msgs/share/person_msgs/package.zsh'
[2.799s] Level 1:colcon.colcon_core.environment:create_file_with_runtime_dependencies(/home/ryo/ros2_ws/install/person_msgs/share/colcon-core/packages/person_msgs)
[2.994s] Level 1:colcon.colcon_core.environment:create_environment_scripts_only(person_msgs)
[2.999s] Level 1:colcon.colcon_core.environment:checking '/home/ryo/ros2_ws/install/person_msgs' for CMake module files
[3.001s] Level 1:colcon.colcon_core.environment:checking '/home/ryo/ros2_ws/install/person_msgs' for CMake config files
[3.001s] Level 1:colcon.colcon_core.shell:create_environment_hook('person_msgs', 'cmake_prefix_path')
[3.004s] INFO:colcon.colcon_core.shell:Creating environment hook '/home/ryo/ros2_ws/install/person_msgs/share/person_msgs/hook/cmake_prefix_path.ps1'
[3.006s] INFO:colcon.colcon_core.shell:Creating environment descriptor '/home/ryo/ros2_ws/install/person_msgs/share/person_msgs/hook/cmake_prefix_path.dsv'
[3.006s] INFO:colcon.colcon_core.shell:Creating environment hook '/home/ryo/ros2_ws/install/person_msgs/share/person_msgs/hook/cmake_prefix_path.sh'
[3.008s] Level 1:colcon.colcon_core.environment:checking '/home/ryo/ros2_ws/install/person_msgs/lib'
[3.008s] Level 1:colcon.colcon_core.shell:create_environment_hook('person_msgs', 'ld_library_path_lib')
[3.011s] INFO:colcon.colcon_core.shell:Creating environment hook '/home/ryo/ros2_ws/install/person_msgs/share/person_msgs/hook/ld_library_path_lib.ps1'
[3.014s] INFO:colcon.colcon_core.shell:Creating environment descriptor '/home/ryo/ros2_ws/install/person_msgs/share/person_msgs/hook/ld_library_path_lib.dsv'
[3.015s] INFO:colcon.colcon_core.shell:Creating environment hook '/home/ryo/ros2_ws/install/person_msgs/share/person_msgs/hook/ld_library_path_lib.sh'
[3.017s] Level 1:colcon.colcon_core.environment:checking '/home/ryo/ros2_ws/install/person_msgs/bin'
[3.017s] Level 1:colcon.colcon_core.environment:checking '/home/ryo/ros2_ws/install/person_msgs/lib/pkgconfig/person_msgs.pc'
[3.018s] Level 1:colcon.colcon_core.environment:checking '/home/ryo/ros2_ws/install/person_msgs/lib/python3.10/site-packages'
[3.018s] Level 1:colcon.colcon_core.environment:checking '/home/ryo/ros2_ws/install/person_msgs/bin'
[3.021s] INFO:colcon.colcon_core.shell:Creating package script '/home/ryo/ros2_ws/install/person_msgs/share/person_msgs/package.ps1'
[3.023s] INFO:colcon.colcon_core.shell:Creating package descriptor '/home/ryo/ros2_ws/install/person_msgs/share/person_msgs/package.dsv'
[3.024s] INFO:colcon.colcon_core.shell:Creating package script '/home/ryo/ros2_ws/install/person_msgs/share/person_msgs/package.sh'
[3.025s] INFO:colcon.colcon_core.shell:Creating package script '/home/ryo/ros2_ws/install/person_msgs/share/person_msgs/package.bash'
[3.026s] INFO:colcon.colcon_core.shell:Creating package script '/home/ryo/ros2_ws/install/person_msgs/share/person_msgs/package.zsh'
[3.027s] Level 1:colcon.colcon_core.environment:create_file_with_runtime_dependencies(/home/ryo/ros2_ws/install/person_msgs/share/colcon-core/packages/person_msgs)
[3.041s] Level 1:colcon.colcon_core.environment:checking '/home/ryo/ros2_ws/install/mypkg' for CMake module files
[3.043s] DEBUG:colcon.colcon_core.event_handler.log_command:Invoked command in '/home/ryo/ros2_ws/src/mypkg' returned '0': PYTHONPATH=/home/ryo/ros2_ws/install/mypkg/lib/python3.10/site-packages:${PYTHONPATH} /usr/bin/python3 setup.py egg_info --egg-base ../../build/mypkg build --build-base /home/ryo/ros2_ws/build/mypkg/build install --prefix /home/ryo/ros2_ws/install/mypkg --record /home/ryo/ros2_ws/build/mypkg/install.log --single-version-externally-managed
[3.044s] Level 1:colcon.colcon_core.environment:checking '/home/ryo/ros2_ws/install/mypkg' for CMake config files
[3.045s] Level 1:colcon.colcon_core.environment:checking '/home/ryo/ros2_ws/install/mypkg/lib'
[3.045s] Level 1:colcon.colcon_core.environment:checking '/home/ryo/ros2_ws/install/mypkg/bin'
[3.045s] Level 1:colcon.colcon_core.environment:checking '/home/ryo/ros2_ws/install/mypkg/lib/pkgconfig/mypkg.pc'
[3.046s] Level 1:colcon.colcon_core.environment:checking '/home/ryo/ros2_ws/install/mypkg/lib/python3.10/site-packages'
[3.046s] Level 1:colcon.colcon_core.shell:create_environment_hook('mypkg', 'pythonpath')
[3.054s] INFO:colcon.colcon_core.shell:Creating environment hook '/home/ryo/ros2_ws/install/mypkg/share/mypkg/hook/pythonpath.ps1'
[3.056s] INFO:colcon.colcon_core.shell:Creating environment descriptor '/home/ryo/ros2_ws/install/mypkg/share/mypkg/hook/pythonpath.dsv'
[3.058s] INFO:colcon.colcon_core.shell:Creating environment hook '/home/ryo/ros2_ws/install/mypkg/share/mypkg/hook/pythonpath.sh'
[3.059s] Level 1:colcon.colcon_core.environment:checking '/home/ryo/ros2_ws/install/mypkg/bin'
[3.059s] Level 1:colcon.colcon_core.environment:create_environment_scripts_only(mypkg)
[3.062s] INFO:colcon.colcon_core.shell:Creating package script '/home/ryo/ros2_ws/install/mypkg/share/mypkg/package.ps1'
[3.063s] INFO:colcon.colcon_core.shell:Creating package descriptor '/home/ryo/ros2_ws/install/mypkg/share/mypkg/package.dsv'
[3.063s] INFO:colcon.colcon_core.shell:Creating package script '/home/ryo/ros2_ws/install/mypkg/share/mypkg/package.sh'
[3.064s] INFO:colcon.colcon_core.shell:Creating package script '/home/ryo/ros2_ws/install/mypkg/share/mypkg/package.bash'
[3.065s] INFO:colcon.colcon_core.shell:Creating package script '/home/ryo/ros2_ws/install/mypkg/share/mypkg/package.zsh'
[3.066s] Level 1:colcon.colcon_core.environment:create_file_with_runtime_dependencies(/home/ryo/ros2_ws/install/mypkg/share/colcon-core/packages/mypkg)
[3.068s] DEBUG:colcon.colcon_parallel_executor.executor.parallel:closing loop
[3.071s] DEBUG:colcon.colcon_parallel_executor.executor.parallel:loop closed
[3.072s] DEBUG:colcon.colcon_parallel_executor.executor.parallel:run_until_complete finished with '0'
[3.072s] DEBUG:colcon.colcon_core.event_reactor:joining thread
[3.095s] INFO:colcon.colcon_core.plugin_system:Skipping extension 'colcon_notification.desktop_notification.notify_send': Could not find 'notify-send'
[3.095s] INFO:colcon.colcon_core.plugin_system:Skipping extension 'colcon_notification.desktop_notification.terminal_notifier': Not used on non-Darwin systems
[3.096s] INFO:colcon.colcon_core.plugin_system:Skipping extension 'colcon_notification.desktop_notification.win32': Not used on non-Windows systems
[3.096s] INFO:colcon.colcon_notification.desktop_notification:Sending desktop notification using 'notify2'
[3.096s] DEBUG:colcon.colcon_notification.desktop_notification.notify2:Failed to initialize notify2: org.freedesktop.DBus.Error.NotSupported: Unable to autolaunch a dbus-daemon without a $DISPLAY for X11
[3.096s] DEBUG:colcon.colcon_core.event_reactor:joined thread
[3.105s] INFO:colcon.colcon_core.shell:Creating prefix script '/home/ryo/ros2_ws/install/local_setup.ps1'
[3.111s] INFO:colcon.colcon_core.shell:Creating prefix util module '/home/ryo/ros2_ws/install/_local_setup_util_ps1.py'
[3.114s] INFO:colcon.colcon_core.shell:Creating prefix chain script '/home/ryo/ros2_ws/install/setup.ps1'
[3.121s] INFO:colcon.colcon_core.shell:Creating prefix script '/home/ryo/ros2_ws/install/local_setup.sh'
[3.123s] INFO:colcon.colcon_core.shell:Creating prefix util module '/home/ryo/ros2_ws/install/_local_setup_util_sh.py'
[3.124s] INFO:colcon.colcon_core.shell:Creating prefix chain script '/home/ryo/ros2_ws/install/setup.sh'
[3.127s] INFO:colcon.colcon_core.shell:Creating prefix script '/home/ryo/ros2_ws/install/local_setup.bash'
[3.128s] INFO:colcon.colcon_core.shell:Creating prefix chain script '/home/ryo/ros2_ws/install/setup.bash'
[3.131s] INFO:colcon.colcon_core.shell:Creating prefix script '/home/ryo/ros2_ws/install/local_setup.zsh'
[3.132s] INFO:colcon.colcon_core.shell:Creating prefix chain script '/home/ryo/ros2_ws/install/setup.zsh'
